--- Job SDG Egypt Model v4 moz.gms Start 08/13/22 11:07:55 37.1.0 r07954d5 WEX-WEI x86 64bit/MS Windows
--- Applying:
    D:\Program\37GAMS\gmsprmNT.txt
--- GAMS Parameters defined
    Input "C:\Users\Yunjie\Desktop\Wi2050\SDG Financing Simplified model (Egypt)\v4_commented and cleaned - for calibration\SDG Egypt Model v4 moz.gms"
    PageSize 0
    ScrDir "C:\Users\Yunjie\Desktop\Wi2050\SDG Financing Simplified model (Egypt)\v4_commented and cleaned - for calibration\225a\"
    SysDir D:\Program\37GAMS\
    LogOption 3
    ErrMsg 1
    ErrorLog 99
    IDE 1
    LstTitleLeftAligned 1
Licensee: Large MUD - 20 User License                    G211208|0002AR-WIN
          Columbia University, Earth Institute                       DC4533
          C:\Users\Yunjie\Documents\GAMS\gamslice.txt
          License Admin: Jeffrey Sachs, sachs@columbia.edu                 
Processor information: 1 socket(s), 4 core(s), and 8 thread(s) available
GAMS 37.1.0   Copyright (C) 1987-2021 GAMS Development. All rights reserved
--- Starting compilation
--- SDG Egypt Model v4 moz.gms(90) 3 Mb
--- call GDXXRW .\input\paraminput_moz.xlsx output=.\auxiliary\paraminput_moz.gdx Index=Index!a1 trace=3

GDXXRW           37.1.0 r07954d5 Released Nov 11, 2021 WEI x86 64bit/MS Window
Excel version 12.0
Input file : C:\Users\Yunjie\Desktop\Wi2050\SDG Financing Simplified model (Egypt)\v4_commented and cleaned - for calibration\input\paraminput_moz.xlsx
Output file: C:\Users\Yunjie\Desktop\Wi2050\SDG Financing Simplified model (Egypt)\v4_commented and cleaned - for calibration\auxiliary\paraminput_moz.gdx
Substituting Index
Loading sheet Index
Reading data from Excel; Rng = A1:E101
Reading Slice: A1:E101
par=continuation Rng=Continuation!A1 Dim=2 Rdim=1
par=costff Rng=Hardcode!B1 Dim=0 Rdim=0
par=costre Rng=Hardcode!B2 Dim=0 Rdim=0
par=dep Rng=Hardcode!B3 Dim=0 Rdim=0
par=r Rng=Hardcode!B4 Dim=0 Rdim=0
par=kff0 Rng=Hardcode!B5 Dim=0 Rdim=0
par=kre0 Rng=Hardcode!B6 Dim=0 Rdim=0
par=aff Rng=Hardcode!B7 Dim=0 Rdim=0
par=taxlim Rng=Hardcode!B8 Dim=0 Rdim=0
par=tfp1 Rng=Hardcode!B9 Dim=0 Rdim=0
par=phi Rng=Hardcode!B10 Dim=0 Rdim=0
par=fertsh Rng=Hardcode!B11 Dim=0 Rdim=0
par=bk Rng=Hardcode!B12 Dim=0 Rdim=0
par=bkf Rng=Hardcode!B13 Dim=0 Rdim=0
par=ben Rng=Hardcode!B14 Dim=0 Rdim=0
par=k0 Rng=Hardcode!B15 Dim=0 Rdim=0
par=kf0 Rng=Hardcode!B16 Dim=0 Rdim=0
par=debtqlim Rng=Hardcode!B17 Dim=0 Rdim=0
par=gcostsh Rng=Hardcode!B18 Dim=0 Rdim=0
par=pubgdpsh Rng=Hardcode!B19 Dim=0 Rdim=0
par=lowerbound Rng=Hardcode!B20 Dim=0 Rdim=0
Type Symbol       Dim      Sheet                Data          RowHeader     ColHeader     
Loading sheet Continuation
Reading data from Excel; Rng = A1:B19
Reading Slice: A1:B19
Par  continuation   2      Continuation         B2:B19        A2:A19        B1:B1         
Loading sheet Hardcode
Reading data from Excel; Rng = A1:B20
Reading Slice: A1:B20
Par  costff         0      Hardcode             B1:B1         --:--         --:--         
Par  costre         0      Hardcode             B2:B2         --:--         --:--         
Par  dep            0      Hardcode             B3:B3         --:--         --:--         
Par  r              0      Hardcode             B4:B4         --:--         --:--         
Par  kff0           0      Hardcode             B5:B5         --:--         --:--         
Par  kre0           0      Hardcode             B6:B6         --:--         --:--         
Par  aff            0      Hardcode             B7:B7         --:--         --:--         
Par  taxlim         0      Hardcode             B8:B8         --:--         --:--         
Par  tfp1           0      Hardcode             B9:B9         --:--         --:--         
Par  phi            0      Hardcode             B10:B10       --:--         --:--         
Par  fertsh         0      Hardcode             B11:B11       --:--         --:--         
Par  bk             0      Hardcode             B12:B12       --:--         --:--         
Par  bkf            0      Hardcode             B13:B13       --:--         --:--         
Par  ben            0      Hardcode             B14:B14       --:--         --:--         
Par  k0             0      Hardcode             B15:B15       --:--         --:--         
Par  kf0            0      Hardcode             B16:B16       --:--         --:--         
Par  debtqlim       0      Hardcode             B17:B17       --:--         --:--         
Par  gcostsh        0      Hardcode             B18:B18       --:--         --:--         
Par  pubgdpsh       0      Hardcode             B19:B19       --:--         --:--         
Par  lowerbound     0      Hardcode             B20:B20       --:--         --:--         
Total time = 2875 Ms
--- SDG Egypt Model v4 moz.gms(91) 3 Mb
--- GDXin=C:\Users\Yunjie\Desktop\Wi2050\SDG Financing Simplified model (Egypt)\v4_commented and cleaned - for calibration\auxiliary\paraminput_moz.gdx
--- GDX File ($gdxIn) C:\Users\Yunjie\Desktop\Wi2050\SDG Financing Simplified model (Egypt)\v4_commented and cleaned - for calibration\auxiliary\paraminput_moz.gdx
--- SDG Egypt Model v4 moz.gms(119) 3 Mb
--- call GDXXRW .\auxiliary\datainput_moz.xlsx output=.\auxiliary\datainput_moz.gdx Index=index!a1 trace=3

GDXXRW           37.1.0 r07954d5 Released Nov 11, 2021 WEI x86 64bit/MS Window
Excel version 12.0
Input file : C:\Users\Yunjie\Desktop\Wi2050\SDG Financing Simplified model (Egypt)\v4_commented and cleaned - for calibration\auxiliary\datainput_moz.xlsx
Output file: C:\Users\Yunjie\Desktop\Wi2050\SDG Financing Simplified model (Egypt)\v4_commented and cleaned - for calibration\auxiliary\datainput_moz.gdx
Substituting Index
Loading sheet index
Reading data from Excel; Rng = A1:E7
Reading Slice: A1:E7
par=D1 Rng=popg0!A1 Dim=2 Rdim=1
par=D2 Rng=fert0!A1 Dim=2 Rdim=1
par=D3 Rng=surv0!A1 Dim=2 Rdim=1
par=D4 Rng=w0!A1 Dim=3 Rdim=2
par=D5 Rng=s0!A1 Dim=2 Rdim=1
par=D6 Rng=ferthic0!A1 Dim=2 Rdim=1
Type Symbol       Dim      Sheet                Data          RowHeader     ColHeader     
Loading sheet popg0
Reading data from Excel; Rng = A1:C101
Reading Slice: A1:C101
Par  D1             2      popg0                B2:C101       A2:A101       B1:C1         
Loading sheet fert0
Reading data from Excel; Rng = A1:B36
Reading Slice: A1:B36
Par  D2             2      fert0                B2:B36        A2:A36        B1:B1         
Loading sheet surv0
Reading data from Excel; Rng = A1:E100
Reading Slice: A1:E100
Par  D3             2      surv0                B2:E100       A2:A100       B1:E1         
Loading sheet w0
Reading data from Excel; Rng = A1:D308
Reading Slice: A1:D308
Par  D4             3      w0                   C2:D308       A2:B308       C1:D1         
Loading sheet s0
Reading data from Excel; Rng = A1:C18
Reading Slice: A1:C18
Par  D5             2      s0                   B2:C18        A2:A18        B1:C1         
Loading sheet ferthic0
Reading data from Excel; Rng = A1:B36
Reading Slice: A1:B36
Par  D6             2      ferthic0             B2:B36        A2:A36        B1:B1         
Total time = 2750 Ms
--- SDG Egypt Model v4 moz.gms(120) 3 Mb
--- GDXin=C:\Users\Yunjie\Desktop\Wi2050\SDG Financing Simplified model (Egypt)\v4_commented and cleaned - for calibration\auxiliary\datainput_moz.gdx
--- GDX File ($gdxIn) C:\Users\Yunjie\Desktop\Wi2050\SDG Financing Simplified model (Egypt)\v4_commented and cleaned - for calibration\auxiliary\datainput_moz.gdx
--- SDG Egypt Model v4 moz.gms(475) 3 Mb
--- $echo File C:\Users\Yunjie\Desktop\Wi2050\SDG Financing Simplified model (Egypt)\v4_commented and cleaned - for calibration\auxiliary\outputsetting_moz.txt
--- SDG Egypt Model v4 moz.gms(478) 3 Mb
--- Starting execution: elapsed 0:00:05.902
--- SDG Egypt Model v4 moz.gms(454) 5 Mb
--- Generating DNLP model sdgfinance
--- SDG Egypt Model v4 moz.gms(457) 48 Mb
---   142,599 rows  144,914 columns  348,898 non-zeroes
---   98,092 nl-code  27,863 nl-non-zeroes
--- SDG Egypt Model v4 moz.gms(457) 46 Mb
--- Executing CONOPT (Solvelink=2): elapsed 0:00:06.790

CONOPT 3         37.1.0 r07954d5 Released Nov 11, 2021 WEI x86 64bit/MS Window

 
 
    C O N O P T 3   version 3.17K
    Copyright (C)   ARKI Consulting and Development A/S
                    Bagsvaerdvej 246 A
                    DK-2880 Bagsvaerd, Denmark
 
 
   Iter Phase Ninf   Infeasibility   RGmax    NSB   Step InItr MX OK
      0   0        1.4101116058E+03 (Input point)
 
                   Pre-triangular equations:   141574
                   Post-triangular equations:  259
                   Definitional equations:     563
 
      1   0        6.7356503634E+07 (After pre-processing)
      2   0        1.3957566629E+02 (After scaling)
      3   1   118  1.2042136612E+02 3.4E+07    28 3.4E-01    3 F  F
      4   1   118  1.0706681204E+02 1.8E+07    28 3.4E-01    1 F  F
      5   1   118  8.7989144960E+01 9.9E+06    28 1.8E-14      F  T
      6   1   118  7.8379216352E+01 2.5E+06    28 1.4E-13      F  T
      7   2   118  7.8379160658E+01 6.3E+05    28 3.5E-07      F  T
      8   2   118  7.5149093090E+01 6.3E+05    28 1.0E+00    3 T  T
      9   2   118  7.2995640383E+01 2.8E+05    28 1.0E+00    3 T  T
 
   Iter Phase Ninf   Infeasibility   RGmax    NSB   Step InItr MX OK
     10   2   118  7.1559753972E+01 1.2E+05    28 1.0E+00    4 T  T
     11   2   118  7.0602735157E+01 5.5E+04    28 1.0E+00    1 T  T
     12   2   118  6.9964611619E+01 2.4E+04    28 1.0E+00    3 T  T
     13   2   118  6.9539046700E+01 1.1E+04    28 1.0E+00    1 T  T
     14   2   118  6.9255098092E+01 4.8E+03    28 1.0E+00    3 T  T
     15   2   118  6.9065428595E+01 2.2E+03    28 1.0E+00    2 T  T
     16   2   118  6.8939217955E+01 9.6E+02    28 1.0E+00    1 T  T
     17   2   118  6.8854789172E+01 4.2E+02    28 1.0E+00    2 T  T
     18   2   118  6.8798056315E+01 1.9E+02    28 1.0E+00    1 T  T
     19   2   118  6.8759541125E+01 8.4E+01    28 1.0E+00    1 T  T
 
   Iter Phase Ninf   Infeasibility   RGmax    NSB   Step InItr MX OK
     20   2   118  6.8464013152E+01 3.7E+01    28 7.1E-01    8 F  F
     21   2   118  6.8392345339E+01 4.6E+01    22 7.8E-01    3 F  F
     22   2   118  6.8383703246E+01 1.6E+02    20 9.1E-02      F  T
     23   2   118  6.7651450342E+01 6.6E+02    20 7.5E-01    2 F  F
     24   2   118  6.7424235003E+01 9.6E+01    19 7.1E-01    2 F  F
     25   2   118  6.5993370910E+01 1.1E+03    18 7.5E-01    1 F  T
     26   2   118  6.5255734625E+01 9.3E+02    17 7.6E-01    2 F  T
     27   2   118  6.5208287330E+01 6.3E+01    24 5.1E-06      T  T
     28   1   118  5.1260171277E+01 8.2E+00    23 1.4E-02      T  T
     29   1   118  5.0844479867E+01 7.6E+00    22 4.7E-04      T  T
 
   Iter Phase Ninf   Infeasibility   RGmax    NSB   Step InItr MX OK
     30   1   118  5.0477394219E+01 7.4E+00    21 4.8E-04      T  T
     31   1   118  5.0158179712E+01 7.3E+00    20 4.9E-04      T  T
     32   1   118  4.9881546022E+01 7.1E+00    19 5.0E-04      T  T
     33   1   118  4.9872718941E+01 7.0E+00    45 3.4E-01    3 F  F
     34   1   118  4.9864110081E+01 7.0E+00    45 5.5E-01    1 F  F
     35   1   118  4.9862597438E+01 2.0E+01    45 1.6E-06      F  F
     36   1   118  4.9856480491E+01 7.0E+00    45 1.6E-05      F  F
     37   1   118  4.9849682981E+01 7.0E+00    45 1.8E-05      F  F
     38   1   118  4.9840501465E+01 7.0E+00    45 2.4E-05      F  F
     39   1   118  4.9834081291E+01 7.0E+00    45 1.4E-05      F  F
 
   Iter Phase Ninf   Infeasibility   RGmax    NSB   Step InItr MX OK
     40   1   118  4.9830648257E+01 1.2E+01    45 4.3E-06      F  F
     41   1   118  4.9828565726E+01 2.6E+01    45 1.3E-06      F  F
     42   1   118  4.9824417558E+01 1.1E+01    45 7.5E-06      F  F
     43   1   118  4.9816145708E+01 7.0E+00    45 2.2E-05      F  F
     44   1   118  4.9811875906E+01 1.3E+01    45 6.2E-06      F  F
     45   1   118  4.9741951045E+01 7.0E+00    45 2.5E-04      F  F
     46   1   117  4.9721737680E+01 7.1E+00    45 6.9E-05      T  T
     47   1   117  4.9636242172E+01 2.0E+01    47 1.0E-04      F  F
     48   1   117  4.9542748309E+01 1.9E+01    47 1.2E-04      F  F
     49   1   117  4.9431535701E+01 1.9E+01    47 1.5E-04      F  F
 
   Iter Phase Ninf   Infeasibility   RGmax    NSB   Step InItr MX OK
     50   1   116  4.8662148878E+01 1.9E+01    47 1.0E-03      T  T
     51   1   116  4.8556949633E+01 1.0E+01    46 2.7E-04      T  T
     52   1   116  4.8370612503E+01 1.0E+01    45 5.3E-04      F  F
     53   1   116  4.8184435852E+01 1.0E+01    45 5.3E-04      T  T
     54   1   116  4.8181316445E+01 6.5E+00    45 2.3E-02    3 F  F
     55   1   116  4.8181154894E+01 6.4E+00    45 2.3E-02    1 F  F
     56   1   116  4.8153215405E+01 6.4E+00    45 3.4E-04      F  F
     57   1   116  4.8135590099E+01 6.4E+00    45 2.2E-04      F  F
     58   1   116  4.7997024353E+01 6.4E+00    45 1.6E-03      T  T
     59   1   116  4.7964895685E+01 1.8E+00    44 8.3E-04      F  F
 
   Iter Phase Ninf   Infeasibility   RGmax    NSB   Step InItr MX OK
     60   1   116  4.7175228033E+01 6.2E+00    78 8.6E-04      F  F
     61   1   116  4.6681874541E+01 6.2E+00    78 5.6E-04      F  F
     62   1   116  4.6375803100E+01 6.2E+00    78 3.6E-04      F  F
     63   1   116  4.6192325687E+01 6.1E+00    78 2.3E-04      F  F
     64   1   116  4.6087708866E+01 6.1E+00    78 1.4E-04      F  F
     65   1   116  4.6020088550E+01 5.9E+00    78 9.1E-05      F  F
     66   1   116  3.2620382914E+01 5.9E+00    78 1.8E-02      T  T
     67   1   116  3.2350597069E+01 5.9E+00    77 4.0E-04      T  T
     68   1   116  3.2183091470E+01 5.9E+00    76 2.8E-04      T  T
     69   1   116  3.2070803819E+01 5.9E+00    75 2.1E-04      T  T
 
   Iter Phase Ninf   Infeasibility   RGmax    NSB   Step InItr MX OK
     70   1   116  3.1455525910E+01 5.9E+00    74 1.0E+00    3 T  T
     71   1   116  2.9441460464E+01 5.9E+00    71 1.0E+00    8 T  T
     72   1   116  2.6494685022E+01 1.8E+00    63 8.5E-01   13 F  F
     73   1   115  2.4980460023E+01 3.6E+05    55 7.6E-01   10 T  T
     74   1   114  2.4425775114E+01 1.0E+06    52 9.7E-01    9 T  T
     75   1    99  2.4039870736E+01 5.5E+05    48 1.0E+00   12 T  T
     76   1    99  2.2039801469E+01 2.0E+00    48 3.4E-01   17 F  F
     77   1    99  2.1948838172E+01 2.4E+06    55 3.4E-02    6 F  F
     78   1    99  2.1871765042E+01 5.7E+05    55 1.8E-13      F  F
     79   1    98  2.1829758490E+01 9.6E+05    55 3.9E-14      T  T
 
   Iter Phase Ninf   Infeasibility   RGmax    NSB   Step InItr MX OK
     80   1    98  2.1790071572E+01 1.0E+05    54 3.0E-12      F  F
     81   1    97  2.1789180768E+01 2.3E+00    54 2.7E-05      T  T
     82   1    97  2.1773566193E+01 2.3E+00    53 4.8E-04      T  T
     83   1    96  2.1762611832E+01 2.3E+00    52 3.5E-04      T  T
     84   1    95  2.1749304026E+01 2.3E+00    51 4.3E-04      T  T
     85   1    95  2.1677100469E+01 2.3E+00    50 2.4E-03      T  T
     86   1    92  2.1123156175E+01 2.3E+00    49 1.0E+00    3 T  T
     87   1    92  2.0797485933E+01 2.3E+00    46 3.4E-01    4 F  F
     88   1    91  2.0590834968E+01 2.3E+00    46 1.0E+00    1 T  T
     89   1    91  2.0005965673E+01 2.3E+00    45 3.4E-01    6 F  F
 
   Iter Phase Ninf   Infeasibility   RGmax    NSB   Step InItr MX OK
     90   1    91  1.9924793602E+01 2.3E+00    45 3.4E-01    4 F  F
     91   1    90  1.9884342487E+01 2.3E+00    45 1.5E-03      T  T
     92   1    90  1.9866037182E+01 2.3E+00    44 7.2E-04      F  F
     93   1    90  1.9846664916E+01 2.3E+00    44 7.9E-04      F  F
     94   1    90  1.9834431956E+01 2.3E+00    44 5.2E-04      F  F
     95   1    90  1.9826730871E+01 2.3E+00    44 3.4E-04      F  F
     96   1    90  1.9821896175E+01 2.3E+00    44 2.2E-04      F  F
     97   1    90  1.9818761235E+01 2.4E+00    44 1.4E-04      F  F
     98   1    90  1.9817329508E+01 7.5E+00    44 2.9E-05      F  T
     99   2    90  1.9181162419E+01 2.6E+00    44 4.8E+02      F  F
 
   Iter Phase Ninf   Infeasibility   RGmax    NSB   Step InItr MX OK
    100   2    89  1.8931180434E+01 7.7E+04    44 1.0E+00    1 T  T
    101   2    89  1.8856731578E+01 2.3E+00    44 7.6E-01    1 F  F
    102   2    89  1.8827631845E+01 2.3E+00    43 7.1E-01    1 F  F
    103   2    88  1.8792213660E+01 2.3E+00    42 6.8E+01      T  T
    104   1    87  1.8791197968E+01 2.3E+00    43 6.0E-05      T  T
    105   1    87  1.8788529545E+01 2.3E+00    42 1.7E-04      F  F
    106   1    87  1.8786011845E+01 2.4E+00    42 1.5E-04      F  F
    107   1    87  1.8784747868E+01 8.6E+00    42 2.4E-05      F  T
    108   2    87  1.8691573236E+01 2.9E+00    42 1.5E+02      F  F
    109   2    87  1.8655770937E+01 2.3E+00    42 7.6E+01      F  F
 
   Iter Phase Ninf   Infeasibility   RGmax    NSB   Step InItr MX OK
    110   2    87  1.8643647060E+01 2.3E+00    72 2.5E+01      F  F
    111   2    87  1.8502089007E+01 6.4E+03    76 7.8E-01    2 F  F
    112   2    87  1.8500260294E+01 9.5E+00    75 5.0E+00      F  T
    113   2    86  1.8290388632E+01 7.5E+04    77 9.8E-01    1 T  T
    114   1    86  1.8290435583E+01 3.1E+00    83 7.0E-08      T  T
    115   1    85  1.8254391928E+01 3.1E+00    82 4.1E-03      T  T
    116   1    84  1.8234551115E+01 1.6E+00    80 3.1E-03      T  T
    117   1    83  1.8139386747E+01 1.6E+00    78 1.5E-02      T  T
    118   1    83  1.7996738521E+01 1.6E+00    77 3.4E-01    3 F  F
    119   1    83  1.7851635619E+01 1.6E+00    77 7.8E-01    2 F  F
 
   Iter Phase Ninf   Infeasibility   RGmax    NSB   Step InItr MX OK
    120   1    82  1.7835021095E+01 1.6E+00    77 3.1E-03      T  T
    121   1    82  1.7775329658E+01 1.6E+00    76 1.4E-02      F  F
    122   1    82  1.7713353985E+01 1.6E+00    76 1.4E-02      F  F
    123   1    82  1.7672560624E+01 1.6E+00    76 9.4E-03      F  F
    124   1    82  1.7645711481E+01 1.6E+00    76 6.2E-03      F  F
    125   1    82  1.7628039493E+01 1.6E+00    76 4.1E-03      F  F
    126   1    82  1.7616406255E+01 1.6E+00    76 2.7E-03      F  F
    127   1    82  1.7608746381E+01 1.6E+00    76 1.8E-03      F  F
    128   1    82  1.7602433835E+01 1.6E+00    76 1.4E-03      F  F
    129   1    82  1.7598184139E+01 1.6E+00    76 9.6E-04      F  F
 
   Iter Phase Ninf   Infeasibility   RGmax    NSB   Step InItr MX OK
    130   1    82  1.7596755174E+01 2.2E+01    76 5.7E-06      F  T
    131   2    82  1.7595791782E+01 6.2E+00    76 5.0E+00      F  T
    132   2    82  1.7451326210E+01 2.9E+00    76 7.1E-01    2 F  F
    133   2    82  1.7444727643E+01 1.7E+01    76 2.0E+01      F  F
    134   2    82  1.7334455196E+01 3.2E+02    76 6.4E-01    2 T  T
    135   2    82  1.7285426456E+01 2.4E+03    74 7.3E-01    1 F  F
    136   2    81  1.7015948961E+01 2.5E+04    74 3.3E-04      T  T
    137   1    80  1.6995361712E+01 1.0E+00    74 1.2E-02      T  T
    138   1    79  1.6691860069E+01 5.0E-01    73 4.4E-01      T  T
    139   1    78  1.6682502640E+01 5.0E-01    72 1.4E-02      T  T
 
   Iter Phase Ninf   Infeasibility   RGmax    NSB   Step InItr MX OK
    140   1    77  1.6491483370E+01 5.0E-01    71 3.0E-01      T  T
    141   1    76  1.4972887077E+01 5.0E-01    69 2.6E+00      T  T
    142   1    75  1.2087823129E+01 1.0E+00    68 1.0E+00    3 T  T
    143   1    75  1.1969581066E+01 1.3E-01    93 5.1E-02    8 F  F
    144   1    74  1.1730823889E+01 5.1E-01    93 1.0E+00    2 T  T
    145   1    69  9.6282459739E+00 1.3E+00    91 1.0E+00    7 T  T
    146   1    69  9.5540156528E+00 1.1E-01    89 2.7E-02   12 F  F
    147   1    67  9.2315430123E+00 8.8E-01    89 1.0E+00    3 T  T
    148   1    59  8.7059542021E+00 1.3E+00    86 1.0E+00    8 T  T
    149   1    59  8.5338783162E+00 1.1E-01    80 3.7E-02   13 F  F
 
   Iter Phase Ninf   Infeasibility   RGmax    NSB   Step InItr MX OK
    150   1    58  6.8032964979E+00 1.3E+00    80 1.0E+00    2 T  T
    151   1    50  5.8149553850E+00 8.8E-01    78 1.0E+00    8 T  T
    152   1    50  5.7375663216E+00 1.3E+00    71 2.7E-02   13 F  F
    153   1    47  4.5799344571E+00 1.3E+00    71 1.0E+00    3 T  T
    154   1    47  4.5322252772E+00 1.3E+00    69 2.7E-02    8 F  F
    155   1    45  4.3880552740E+00 8.9E-01    68 1.0E+00    2 T  T
    156   1    44  2.8215708038E+00 1.3E+00    66 1.0E+00    6 T  T
    157   1    44  2.8136928015E+00 1.3E+00    63 2.8E-02   15 F  F
    158   1    44  2.7413378743E+00 6.2E-02    63 1.0E+00    5 T  T
    159   1    44  2.5418439030E+00 9.8E-02    58 1.0E+00    8 T  T
 
   Iter Phase Ninf   Infeasibility   RGmax    NSB   Step InItr MX OK
    160   1    44  2.0184957494E+00 2.5E-01    57 1.0E+00   13 T  T
    161   1    44  1.8883460612E+00 1.3E+00    77 9.8E-01   20 T  T
    162   1    44  1.8878730223E+00 6.3E-02    71 2.7E-02   27 F  F
    163   1    44  1.8863937978E+00 6.3E-02    71 1.0E+00    8 T  T
    164   1    44  1.8800863849E+00 5.7E-02    63 1.0E+00   10 T  T
    165   1    44  1.8759565748E+00 5.1E-02    61 1.0E+00   15 T  T
    166   1    44  1.8750708854E+00 4.9E+04    45 4.7E-02   20 F  F
    167   1    44  1.8738613240E+00 2.7E-02    45 1.0E+00    5 T  T
    168   1    44  1.8697898147E+00 2.7E-02    40 6.0E-01   10 F  F
    169   1    44  1.8681177197E+00 2.7E-02    40 1.0E+00    6 T  T
 
   Iter Phase Ninf   Infeasibility   RGmax    NSB   Step InItr MX OK
    170   1    44  1.8678082980E+00 2.2E-02    34 2.8E-02   10 F  F
    171   1    44  1.8676762673E+00 2.2E-02    34 1.0E+00    3 T  T
    172   1    44  1.8675675653E+00 9.9E-03    31 2.8E-02    7 F  F
    173   1    44  1.8672261199E+00 9.3E-03    31 5.4E-01    1 F  F
    174   1    44  1.8670853174E+00 9.3E-03    31 4.9E-01      F  F
    175   1    44  1.8669195674E+00 9.4E-03    31 8.1E-01      T  T
    176   1    44  1.8657734965E+00 7.1E-03    30 1.0E+01      T  T
    177   1    44  1.8650632078E+00 7.1E-03    29 6.9E+00      T  T
    178   1    44  1.8650153035E+00 6.7E-03    28 9.0E-01      T  T
    179   1    44  1.8633670119E+00 1.2E-02    27 1.9E-01    3 F  F
 
   Iter Phase Ninf   Infeasibility   RGmax    NSB   Step InItr MX OK
    180   1    44  1.8621788362E+00 1.1E-02    27 1.0E+00    1 T  T
    181   1    44  1.8612609966E+00 1.2E-02    26 9.4E-02    5 F  F
    182   1    44  1.8607740169E+00 1.2E-02    26 1.0E+00    1 T  T
    183   1    44  1.8594687889E+00 1.2E-02    25 8.9E-02    4 F  F
    184   1    44  1.8581781047E+00 1.3E-02    25 1.0E+00    1 T  T
    185   1    44  1.8553420536E+00 1.5E-02    24 4.7E-02    4 F  F
    186   1    44  1.8494020790E+00 1.3E-02    24 2.7E-01    1 F  F
    187   1    44  1.8221817009E+00 2.9E-02    24 6.7E+00      T  T
    188   1    44  1.7972816308E+00 1.9E-01    23 3.8E-01      F  F
    189   1    44  1.7603556543E+00 6.3E-02    23 9.2E+00      T  T
 
   Iter Phase Ninf   Infeasibility   RGmax    NSB   Step InItr MX OK
    190   1    43  1.6309155563E+00 6.3E-02    22 3.3E+01      T  T
    191   1    42  4.9144605915E-01 6.3E-02    21 2.9E+02      T  T
    192   1    42  4.9144605915E-01 6.3E-02    21
 
 ** Infeasible solution. A variable has reached 'Infinity'.
    Largest legal value (Rtmaxv) is 1.00E+10
 
--- Reading solution for model sdgfinance
--- SDG Egypt Model v4 moz.gms(457) 46 Mb  20 secs
--- Executing after solve: elapsed 0:00:27.137
--- SDG Egypt Model v4 moz.gms(473) 46 Mb
--- GDX File (execute_unload) C:\Users\Yunjie\Desktop\Wi2050\SDG Financing Simplified model (Egypt)\v4_commented and cleaned - for calibration\auxiliary\modeloutput_moz.gdx
--- SDG Egypt Model v4 moz.gms(478) 46 Mb

GDXXRW           37.1.0 r07954d5 Released Nov 11, 2021 WEI x86 64bit/MS Window
Input file : C:\Users\Yunjie\Desktop\Wi2050\SDG Financing Simplified model (Egypt)\v4_commented and cleaned - for calibration\auxiliary\modeloutput_moz.gdx
Output file: C:\Users\Yunjie\Desktop\Wi2050\SDG Financing Simplified model (Egypt)\v4_commented and cleaned - for calibration\output\modeloutput_moz.xlsx
Total time = 2219 Ms
*** Status: Normal completion
--- Job SDG Egypt Model v4 moz.gms Stop 08/13/22 11:08:24 elapsed 0:00:29.539
