--- Job SDG Egypt Model v4 sou.gms Start 08/13/22 11:11:12 37.1.0 r07954d5 WEX-WEI x86 64bit/MS Windows
--- Applying:
    D:\Program\37GAMS\gmsprmNT.txt
--- GAMS Parameters defined
    Input "C:\Users\Yunjie\Desktop\Wi2050\SDG Financing Simplified model (Egypt)\v4_commented and cleaned - for calibration\SDG Egypt Model v4 sou.gms"
    PageSize 0
    ScrDir "C:\Users\Yunjie\Desktop\Wi2050\SDG Financing Simplified model (Egypt)\v4_commented and cleaned - for calibration\225a\"
    SysDir D:\Program\37GAMS\
    LogOption 3
    ErrMsg 1
    ErrorLog 99
    IDE 1
    LstTitleLeftAligned 1
Licensee: Large MUD - 20 User License                    G211208|0002AR-WIN
          Columbia University, Earth Institute                       DC4533
          C:\Users\Yunjie\Documents\GAMS\gamslice.txt
          License Admin: Jeffrey Sachs, sachs@columbia.edu                 
Processor information: 1 socket(s), 4 core(s), and 8 thread(s) available
GAMS 37.1.0   Copyright (C) 1987-2021 GAMS Development. All rights reserved
--- Starting compilation
--- SDG Egypt Model v4 sou.gms(90) 3 Mb
--- call GDXXRW .\input\paraminput_sou.xlsx output=.\auxiliary\paraminput_sou.gdx Index=Index!a1 trace=3

GDXXRW           37.1.0 r07954d5 Released Nov 11, 2021 WEI x86 64bit/MS Window
Excel version 12.0
Input file : C:\Users\Yunjie\Desktop\Wi2050\SDG Financing Simplified model (Egypt)\v4_commented and cleaned - for calibration\input\paraminput_sou.xlsx
Output file: C:\Users\Yunjie\Desktop\Wi2050\SDG Financing Simplified model (Egypt)\v4_commented and cleaned - for calibration\auxiliary\paraminput_sou.gdx
Substituting Index
Loading sheet Index
Reading data from Excel; Rng = A1:E101
Reading Slice: A1:E101
par=continuation Rng=Continuation!A1 Dim=2 Rdim=1
par=costff Rng=Hardcode!B1 Dim=0 Rdim=0
par=costre Rng=Hardcode!B2 Dim=0 Rdim=0
par=dep Rng=Hardcode!B3 Dim=0 Rdim=0
par=r Rng=Hardcode!B4 Dim=0 Rdim=0
par=kff0 Rng=Hardcode!B5 Dim=0 Rdim=0
par=kre0 Rng=Hardcode!B6 Dim=0 Rdim=0
par=aff Rng=Hardcode!B7 Dim=0 Rdim=0
par=taxlim Rng=Hardcode!B8 Dim=0 Rdim=0
par=tfp1 Rng=Hardcode!B9 Dim=0 Rdim=0
par=phi Rng=Hardcode!B10 Dim=0 Rdim=0
par=fertsh Rng=Hardcode!B11 Dim=0 Rdim=0
par=bk Rng=Hardcode!B12 Dim=0 Rdim=0
par=bkf Rng=Hardcode!B13 Dim=0 Rdim=0
par=ben Rng=Hardcode!B14 Dim=0 Rdim=0
par=k0 Rng=Hardcode!B15 Dim=0 Rdim=0
par=kf0 Rng=Hardcode!B16 Dim=0 Rdim=0
par=debtqlim Rng=Hardcode!B17 Dim=0 Rdim=0
par=gcostsh Rng=Hardcode!B18 Dim=0 Rdim=0
par=pubgdpsh Rng=Hardcode!B19 Dim=0 Rdim=0
par=lowerbound Rng=Hardcode!B20 Dim=0 Rdim=0
Type Symbol       Dim      Sheet                Data          RowHeader     ColHeader     
Loading sheet Continuation
Reading data from Excel; Rng = A1:B19
Reading Slice: A1:B19
Par  continuation   2      Continuation         B2:B19        A2:A19        B1:B1         
Loading sheet Hardcode
Reading data from Excel; Rng = A1:B20
Reading Slice: A1:B20
Par  costff         0      Hardcode             B1:B1         --:--         --:--         
Par  costre         0      Hardcode             B2:B2         --:--         --:--         
Par  dep            0      Hardcode             B3:B3         --:--         --:--         
Par  r              0      Hardcode             B4:B4         --:--         --:--         
Par  kff0           0      Hardcode             B5:B5         --:--         --:--         
Par  kre0           0      Hardcode             B6:B6         --:--         --:--         
Par  aff            0      Hardcode             B7:B7         --:--         --:--         
Par  taxlim         0      Hardcode             B8:B8         --:--         --:--         
Par  tfp1           0      Hardcode             B9:B9         --:--         --:--         
Par  phi            0      Hardcode             B10:B10       --:--         --:--         
Par  fertsh         0      Hardcode             B11:B11       --:--         --:--         
Par  bk             0      Hardcode             B12:B12       --:--         --:--         
Par  bkf            0      Hardcode             B13:B13       --:--         --:--         
Par  ben            0      Hardcode             B14:B14       --:--         --:--         
Par  k0             0      Hardcode             B15:B15       --:--         --:--         
Par  kf0            0      Hardcode             B16:B16       --:--         --:--         
Par  debtqlim       0      Hardcode             B17:B17       --:--         --:--         
Par  gcostsh        0      Hardcode             B18:B18       --:--         --:--         
Par  pubgdpsh       0      Hardcode             B19:B19       --:--         --:--         
Par  lowerbound     0      Hardcode             B20:B20       --:--         --:--         
Total time = 2859 Ms
--- SDG Egypt Model v4 sou.gms(91) 3 Mb
--- GDXin=C:\Users\Yunjie\Desktop\Wi2050\SDG Financing Simplified model (Egypt)\v4_commented and cleaned - for calibration\auxiliary\paraminput_sou.gdx
--- GDX File ($gdxIn) C:\Users\Yunjie\Desktop\Wi2050\SDG Financing Simplified model (Egypt)\v4_commented and cleaned - for calibration\auxiliary\paraminput_sou.gdx
--- SDG Egypt Model v4 sou.gms(119) 3 Mb
--- call GDXXRW .\auxiliary\datainput_sou.xlsx output=.\auxiliary\datainput_sou.gdx Index=index!a1 trace=3

GDXXRW           37.1.0 r07954d5 Released Nov 11, 2021 WEI x86 64bit/MS Window
Excel version 12.0
Input file : C:\Users\Yunjie\Desktop\Wi2050\SDG Financing Simplified model (Egypt)\v4_commented and cleaned - for calibration\auxiliary\datainput_sou.xlsx
Output file: C:\Users\Yunjie\Desktop\Wi2050\SDG Financing Simplified model (Egypt)\v4_commented and cleaned - for calibration\auxiliary\datainput_sou.gdx
Substituting Index
Loading sheet index
Reading data from Excel; Rng = A1:E7
Reading Slice: A1:E7
par=D1 Rng=popg0!A1 Dim=2 Rdim=1
par=D2 Rng=fert0!A1 Dim=2 Rdim=1
par=D3 Rng=surv0!A1 Dim=2 Rdim=1
par=D4 Rng=w0!A1 Dim=3 Rdim=2
par=D5 Rng=s0!A1 Dim=2 Rdim=1
par=D6 Rng=ferthic0!A1 Dim=2 Rdim=1
Type Symbol       Dim      Sheet                Data          RowHeader     ColHeader     
Loading sheet popg0
Reading data from Excel; Rng = A1:C101
Reading Slice: A1:C101
Par  D1             2      popg0                B2:C101       A2:A101       B1:C1         
Loading sheet fert0
Reading data from Excel; Rng = A1:B36
Reading Slice: A1:B36
Par  D2             2      fert0                B2:B36        A2:A36        B1:B1         
Loading sheet surv0
Reading data from Excel; Rng = A1:E100
Reading Slice: A1:E100
Par  D3             2      surv0                B2:E100       A2:A100       B1:E1         
Loading sheet w0
Reading data from Excel; Rng = A1:D315
Reading Slice: A1:D315
Par  D4             3      w0                   C2:D315       A2:B315       C1:D1         
Loading sheet s0
Reading data from Excel; Rng = A1:C18
Reading Slice: A1:C18
Par  D5             2      s0                   B2:C18        A2:A18        B1:C1         
Loading sheet ferthic0
Reading data from Excel; Rng = A1:B36
Reading Slice: A1:B36
Par  D6             2      ferthic0             B2:B36        A2:A36        B1:B1         
Total time = 2484 Ms
--- SDG Egypt Model v4 sou.gms(120) 3 Mb
--- GDXin=C:\Users\Yunjie\Desktop\Wi2050\SDG Financing Simplified model (Egypt)\v4_commented and cleaned - for calibration\auxiliary\datainput_sou.gdx
--- GDX File ($gdxIn) C:\Users\Yunjie\Desktop\Wi2050\SDG Financing Simplified model (Egypt)\v4_commented and cleaned - for calibration\auxiliary\datainput_sou.gdx
--- SDG Egypt Model v4 sou.gms(475) 3 Mb
--- $echo File C:\Users\Yunjie\Desktop\Wi2050\SDG Financing Simplified model (Egypt)\v4_commented and cleaned - for calibration\auxiliary\outputsetting_sou.txt
--- SDG Egypt Model v4 sou.gms(478) 3 Mb
--- Starting execution: elapsed 0:00:05.625
--- SDG Egypt Model v4 sou.gms(454) 5 Mb
--- Generating DNLP model sdgfinance
--- SDG Egypt Model v4 sou.gms(457) 48 Mb
---   142,599 rows  144,914 columns  348,898 non-zeroes
---   98,092 nl-code  27,863 nl-non-zeroes
--- SDG Egypt Model v4 sou.gms(457) 46 Mb
--- Executing CONOPT (Solvelink=2): elapsed 0:00:06.205

CONOPT 3         37.1.0 r07954d5 Released Nov 11, 2021 WEI x86 64bit/MS Window

 
 
    C O N O P T 3   version 3.17K
    Copyright (C)   ARKI Consulting and Development A/S
                    Bagsvaerdvej 246 A
                    DK-2880 Bagsvaerd, Denmark
 
 
   Iter Phase Ninf   Infeasibility   RGmax    NSB   Step InItr MX OK
      0   0        4.2749295807E+03 (Input point)
 
                   Pre-triangular equations:   141574
                   Post-triangular equations:  259
                   Definitional equations:     563
 
      1   0        2.7205702142E+09 (After pre-processing)
      2   0        1.5944478258E+02 (After scaling)
      3   1   117  1.3940632437E+02 1.7E+08    28 3.4E-01    3 F  F
      4   1   117  1.2537304868E+02 9.2E+07    28 3.4E-01    1 F  F
      5   1   117  1.0532880188E+02 5.1E+07    28 6.9E-16      F  T
      6   1   117  9.5265045340E+01 1.3E+07    28 5.5E-15      F  T
      7   2   117  9.5264959211E+01 3.3E+06    28 2.2E-08      F  T
      8   2   117  9.1872707369E+01 3.2E+06    28 1.0E+00    4 T  T
      9   2   117  8.9611116145E+01 1.4E+06    28 1.0E+00    4 T  T
 
   Iter Phase Ninf   Infeasibility   RGmax    NSB   Step InItr MX OK
     10   2   117  8.8103052338E+01 6.4E+05    28 1.0E+00    4 T  T
     11   2   117  8.7098039197E+01 2.8E+05    28 1.0E+00    1 T  T
     12   2   117  8.6427865705E+01 1.3E+05    28 1.0E+00    3 T  T
     13   2   117  8.5980941157E+01 5.7E+04    28 1.0E+00    3 T  T
     14   2   117  8.5682717420E+01 2.5E+04    28 1.0E+00    4 T  T
     15   2   117  8.5483524512E+01 1.1E+04    28 1.0E+00    3 T  T
     16   2   117  8.5267415012E+01 5.0E+03    28 6.6E-01    9 F  F
     17   2   117  8.5144251926E+01 7.7E+03    25 6.0E-01    2 F  T
     18   2   117  8.5076511007E+01 1.8E+04    23 5.9E-01    1 F  T
     19   2   117  8.4941671643E+01 3.0E+04    22 6.6E-01    1 F  F
 
   Iter Phase Ninf   Infeasibility   RGmax    NSB   Step InItr MX OK
     20   2   117  8.4816011602E+01 5.3E+04    22 6.4E-01    1 F  T
     21   2   117  8.4663839645E+01 4.9E+04    21 6.6E-01    2 F  F
     22   2   117  8.4491033327E+01 2.7E+04    20 6.9E-01    1 F  T
     23   2   117  8.4266326328E+01 1.8E+04    19 7.0E-01    1 F  T
     24   2   117  8.3975819278E+01 3.1E+04    18 7.3E-01    1 F  T
     25   2   117  8.3754307083E+01 1.8E+05    17 7.1E-01    1 F  F
     26   2   117  8.3510904556E+01 2.8E+05    16 6.6E-01    2 F  F
     27   2   117  8.3182990350E+01 1.4E+03    15 6.0E-01    1 F  F
     28   2   117  8.2864932960E+01 2.8E+05    18 6.6E-01    2 F  F
     29   1   117  8.2807519678E+01 8.2E+01     3 4.2E-06      T  T
 
   Iter Phase Ninf   Infeasibility   RGmax    NSB   Step InItr MX OK
     30   1   117  8.2794259801E+01 1.8E+00    52 1.5E-04      F  F
     31   1   117  8.2785655049E+01 1.8E+00    52 9.7E-05      F  F
     32   1   117  8.2778701205E+01 1.9E+00    52 7.8E-05      F  F
     33   1   117  8.2773895873E+01 2.0E+00    52 5.3E-05      F  F
     34   1   117  8.2768828540E+01 1.9E+00    52 5.8E-05      F  F
     35   1   117  8.2765453267E+01 2.1E+00    52 3.8E-05      F  F
     36   1   117  8.2762380640E+01 2.2E+00    52 3.6E-05      F  F
     37   1   117  8.2759298271E+01 2.1E+00    52 3.7E-05      F  F
     38   1   117  8.2757648056E+01 2.7E+00    52 1.9E-05      F  F
     39   1   117  8.2753474581E+01 1.9E+00    52 5.7E-05      F  F
 
   Iter Phase Ninf   Infeasibility   RGmax    NSB   Step InItr MX OK
     40   1   117  8.2750730017E+01 2.1E+00    52 3.7E-05      F  F
     41   1   117  8.2746014105E+01 1.9E+00    52 6.8E-05      F  F
     42   1   117  8.2736417796E+01 1.8E+00    52 1.4E-04      F  F
     43   1   117  8.2733087369E+01 1.9E+00    52 5.0E-05      F  F
     44   1   117  8.2730451454E+01 2.0E+00    52 4.0E-05      F  F
     45   1   117  8.2722899508E+01 1.8E+00    52 1.2E-04      F  F
     46   1   117  8.2719764362E+01 1.8E+00    52 5.0E-05      F  F
     47   1   117  8.2717417610E+01 2.1E+00    52 3.7E-05      F  F
     48   1   117  8.2695950516E+01 1.8E+00    52 3.6E-04      F  F
     49   1   117  8.2687009921E+01 1.8E+00    52 1.5E-04      F  F
 
   Iter Phase Ninf   Infeasibility   RGmax    NSB   Step InItr MX OK
     50   1   117  8.2681256697E+01 1.8E+00    52 9.8E-05      F  F
     51   1   117  8.2677591170E+01 1.9E+00    52 6.1E-05      F  F
     52   1   117  8.2674709739E+01 2.0E+00    52 4.7E-05      F  F
     53   1   117  8.2672184814E+01 2.1E+00    52 4.1E-05      F  F
     54   1   117  8.2670742291E+01 2.6E+00    52 2.3E-05      F  F
     55   1   117  8.2668523982E+01 1.9E+00    52 4.2E-05      F  F
     56   1   117  8.2664259592E+01 1.9E+00    52 8.4E-05      F  F
     57   1   117  8.2661915330E+01 2.0E+00    52 4.6E-05      F  F
     58   1   117  8.2660141321E+01 2.0E+00    52 3.7E-05      F  F
     59   1   117  8.2651437705E+01 1.8E+00    52 2.0E-04      F  F
 
   Iter Phase Ninf   Infeasibility   RGmax    NSB   Step InItr MX OK
     60   1   117  8.2645835284E+01 1.8E+00    52 1.3E-04      F  F
     61   1   117  8.2642305754E+01 1.9E+00    52 8.4E-05      F  F
     62   1   117  8.2640089377E+01 1.9E+00    52 5.1E-05      F  F
     63   1   117  8.2638364507E+01 2.1E+00    52 3.8E-05      F  F
     64   1   117  8.2637028513E+01 2.2E+00    52 3.0E-05      F  F
     65   1   117  8.2636166711E+01 2.6E+00    52 2.0E-05      F  F
     66   1   117  8.2544491818E+01 1.8E+00    52 2.8E-03      F  F
     67   1   117  8.2517923101E+01 1.8E+00    52 8.4E-04      F  F
     68   1   117  8.2487512672E+01 1.8E+00    52 9.7E-04      F  F
     69   1   117  8.2467634967E+01 1.8E+00    52 6.3E-04      F  F
 
   Iter Phase Ninf   Infeasibility   RGmax    NSB   Step InItr MX OK
     70   1   117  8.2454638885E+01 1.8E+00    52 4.2E-04      F  F
     71   1   117  8.2446142922E+01 1.8E+00    52 2.7E-04      F  F
     72   1   117  8.2440595026E+01 1.8E+00    52 1.8E-04      F  F
     73   1   117  8.2440049419E+01 2.5E+01   102 1.8E-06      F  T
     74   2   117  8.2419850501E+01 6.3E+00   102 2.3E+02      F  F
     75   2   117  8.2316710041E+01 1.8E+00   102 6.6E-01    3 F  F
     76   2   117  8.2076344511E+01 1.8E+00    99 6.6E-01    1 F  F
     77   2   117  8.1899417502E+01 1.8E+00    98 6.6E-01    1 F  F
     78   2   117  7.8395695762E+01 1.8E+00    97 6.5E-01    1 F  F
     79   2   117  7.5657602980E+01 2.3E+00    96 6.1E-01    1 F  F
 
   Iter Phase Ninf   Infeasibility   RGmax    NSB   Step InItr MX OK
     80   2   117  7.4712027745E+01 1.8E+00    95 6.0E-01    1 F  F
     81   2   117  7.4394398532E+01 1.8E+00    94 6.0E-01    1 F  F
     82   2   117  7.4270614105E+01 2.3E+00    97 6.6E-01    4 F  F
     83   2   117  7.4007256981E+01 2.3E+00    94 3.3E+00    1 T  F
     84   2   117  7.3903660306E+01 2.3E+00    93 6.6E-01    1 F  F
     85   2   117  7.3865252682E+01 4.2E+00    96 6.6E-01    4 F  F
     86   2   114  6.9355771350E+01 2.3E+01    93 2.5E-01    2 T  T
     87   1   114  6.9369926593E+01 3.9E+01    99 3.3E-07      F  F
     88   1   114  6.9367424692E+01 2.3E+00    99 8.7E-05      F  F
     89   1   114  6.9367424741E+01 2.3E+00    99 0.0E+00      F  F
 
   Iter Phase Ninf   Infeasibility   RGmax    NSB   Step InItr MX OK
     90   1   114  6.9365439228E+01 2.3E+00    99 6.6E-05      F  F
     91   1   114  6.9360784156E+01 2.3E+00    99 1.8E-04      F  F
     92   1   114  6.9357950361E+01 2.3E+00    99 1.1E-04      F  F
     93   1   114  6.9335383414E+01 3.0E+00   112 9.5E-04      F  F
     94   1   114  6.9330519451E+01 2.3E+00   143 2.2E-04      F  F
     95   1   114  6.9330519454E+01 2.3E+00   164 0.0E+00      F  F
     96   1   114  6.9327798279E+01 2.3E+00   164 1.2E-04      F  F
     97   1   114  6.9326310718E+01 2.3E+00   164 6.5E-05      F  F
     98   1   114  6.9319402155E+01 2.3E+00   164 3.4E-04      F  F
     99   1   114  6.9317766500E+01 2.4E+00   164 7.9E-05      F  F
 
   Iter Phase Ninf   Infeasibility   RGmax    NSB   Step InItr MX OK
    100   1   114  6.9316856937E+01 2.7E+00   164 4.0E-05      F  F
    101   1   113  6.9312614632E+01 2.5E+00   164 2.4E-04      T  T
    102   1   113  6.9266805773E+01 5.4E+00   166 1.3E-03      F  F
    103   1   113  6.9266802497E+01 4.8E+01   167 7.7E-09      F  T
    104   2   113  6.9244033593E+01 4.0E+00   167 7.2E+02      F  F
    105   2   113  6.9231442193E+01 3.3E+01   167 4.3E-01    3 F  F
    106   2   113  6.9148228730E+01 5.3E+01   165 1.1E-01    2 F  F
    107   2   113  6.9148228730E+01 7.6E+00   166 0.0E+00    3 F  F
    108   2   113  6.9023563173E+01 1.8E+00   164 4.5E+03      F  F
    109   2   113  6.8803268840E+01 1.8E+00   164 7.8E+03      F  F
 
   Iter Phase Ninf   Infeasibility   RGmax    NSB   Step InItr MX OK
    110   1   113  6.8746865873E+01 1.8E+00   164 4.8E-03      F  F
    111   1   113  6.8721655176E+01 1.8E+00   164 2.1E-03      F  F
    112   1   113  6.8702374362E+01 1.8E+00   164 1.6E-03      F  F
    113   1   113  6.8687616903E+01 1.8E+00   164 1.3E-03      F  F
    114   1   113  6.8676321796E+01 1.8E+00   164 9.6E-04      F  F
    115   1   113  6.8667683778E+01 1.8E+00   164 7.4E-04      F  F
    116   1   113  6.8661072992E+01 1.8E+00   164 5.6E-04      F  F
    117   1   113  6.8656014179E+01 1.8E+00   164 4.3E-04      F  F
    118   1   113  6.8652146631E+01 1.8E+00   164 3.3E-04      F  F
    119   1   113  6.8649188352E+01 1.8E+00   164 2.5E-04      F  F
 
   Iter Phase Ninf   Infeasibility   RGmax    NSB   Step InItr MX OK
    120   1   113  6.8646926676E+01 1.8E+00   164 1.9E-04      F  F
    121   1   113  6.8645198585E+01 1.8E+00   164 1.5E-04      F  F
    122   1   113  6.8643880296E+01 1.8E+00   164 1.1E-04      F  F
    123   1   113  6.8642405003E+01 1.9E+00   164 1.2E-04      F  F
    124   1   113  6.8641951332E+01 7.5E+00   166 1.2E-05      F  T
    125   1   113  6.8640255795E+01 2.2E+00   166 1.1E-04      F  F
    126   1   113  6.8639735353E+01 3.7E+00   167 3.1E-05      F  T
    127   2   113  6.8639015505E+01 1.8E+00   167 6.4E-01      F  F
    128   2   113  6.8639011645E+01 1.8E+00   167 1.0E-05    3 F  F
    129   2   113  6.8639011645E+01 1.8E+00   167 0.0E+00      F  F
 
   Iter Phase Ninf   Infeasibility   RGmax    NSB   Step InItr MX OK
    130   2   113  6.8639008292E+01 1.8E+00   167 5.0E-05    1 F  F
    131   2   113  6.8638942719E+01 1.8E+00   167 3.7E-02      F  F
    132   1   113  6.8638942719E+01 8.5E+00   180 0.0E+00      T  T
    133   1   113  6.8626469076E+01 1.8E+00   167 1.2E-03      T  T
    134   1   113  6.8499585521E+01 1.8E+00   166 1.3E-02      F  F
    135   1   113  6.8443507984E+01 1.8E+00   166 5.9E-03      F  F
    136   1   113  6.8420341015E+01 1.8E+00   166 2.5E-03      F  F
    137   1   113  6.8406732298E+01 1.8E+00   166 1.4E-03      F  F
    138   1   113  6.8398738580E+01 1.8E+00   166 8.5E-04      F  F
    139   1   113  6.8394048411E+01 1.8E+00   166 5.0E-04      F  F
 
   Iter Phase Ninf   Infeasibility   RGmax    NSB   Step InItr MX OK
    140   1   113  6.8391297643E+01 1.8E+00   166 2.9E-04      F  F
    141   1   113  6.8389695723E+01 1.8E+00   166 1.7E-04      F  F
    142   1   113  6.8388763572E+01 1.9E+00   166 9.5E-05      F  F
    143   1   113  6.8341691180E+01 3.0E+00   166 5.7E-03      T  T
    144   1   113  6.8119661263E+01 1.8E+00   165 3.2E-02      F  F
    145   1   113  6.8045538439E+01 1.8E+00   165 1.1E-02      F  F
    146   1   113  6.8002392893E+01 1.8E+00   165 6.3E-03      F  F
    147   1   113  6.7977266670E+01 1.8E+00   165 3.7E-03      F  F
    148   1   113  6.7962639424E+01 1.8E+00   165 2.2E-03      F  F
    149   1   113  6.7954122150E+01 1.8E+00   165 1.3E-03      F  F
 
   Iter Phase Ninf   Infeasibility   RGmax    NSB   Step InItr MX OK
    150   1   113  6.7949161019E+01 1.8E+00   165 7.5E-04      F  F
    151   1   113  6.7946270384E+01 1.8E+00   165 4.4E-04      F  F
    152   1   113  6.7944583760E+01 1.8E+00   165 2.6E-04      F  F
    153   1   113  6.7943595933E+01 1.9E+00   165 1.5E-04      F  F
    154   1   113  6.7943004704E+01 2.0E+00   165 8.3E-05      F  F
    155   1   112  6.2938173425E+01 2.5E+00   165 9.8E-01      T  T
    156   1   111  6.2690049101E+01 5.0E-01   164 6.2E-02      T  T
    157   1   108  6.1072090581E+01 1.0E+00   163 1.0E+00    3 T  T
    158   1   100  5.8716731861E+01 5.0E-01   160 1.0E+00    8 T  T
    159   1   100  5.8040545420E+01 1.0E+00   152 7.3E-02   13 F  F
 
   Iter Phase Ninf   Infeasibility   RGmax    NSB   Step InItr MX OK
    160   1   100  5.6454461387E+01 9.2E+07    98 3.8E-01    3 F  F
    161   1   100  5.5552745530E+01 4.4E+07   151 1.1E-16      F  F
    162   1    99  5.4823184456E+01 8.0E+07   151 3.6E-17      T  T
    163   1    99  5.4429399300E+01 1.1E+08   150 1.7E-17      F  F
    164   1    98  5.3765010114E+01 7.6E+07   150 5.3E-17      T  T
    165   1    97  5.2845384583E+01 6.4E+07   149 9.0E-17      T  T
    166   1    96  5.2559111149E+01 1.0E+08   148 2.3E-17      T  T
    167   1    93  4.8778448413E+01 1.0E+00   147 1.0E+00    3 T  T
    168   1    93  4.7804615267E+01 1.0E+00   144 3.6E-01    8 F  F
    169   1    93  4.7543193681E+01 1.0E+00   144 3.5E-01    4 F  F
 
   Iter Phase Ninf   Infeasibility   RGmax    NSB   Step InItr MX OK
    170   1    93  4.7316791062E+01 2.7E+07   145 1.9E-16      F  F
    171   1    92  4.7252746528E+01 1.0E+00   145 1.1E-02      T  T
    172   1    91  4.7231628019E+01 1.0E+00   144 4.2E-03      T  T
    173   1    90  4.7142822363E+01 1.0E+00   143 2.2E-02      T  T
    174   1    89  4.6874901739E+01 1.0E+00   142 8.7E-02      T  T
    175   1    89  4.6141173665E+01 1.0E+00   141 7.5E-01    3 F  F
    176   1    89  4.6033480555E+01 1.0E+00   140 6.8E-02    4 F  F
    177   1    88  4.6014610361E+01 1.0E+00   141 6.2E-03      T  T
    178   1    88  4.5906661338E+01 9.7E-01   140 5.2E-02      T  T
    179   1    87  4.5365477110E+01 1.0E+00   139 2.8E-01      T  T
 
   Iter Phase Ninf   Infeasibility   RGmax    NSB   Step InItr MX OK
    180   1    87  4.4952866542E+01 8.0E-01   137 3.1E-01      F  F
    181   1    87  4.4430375858E+01 1.2E+00   137 1.9E-01      F  F
    182   1    79  4.4050007766E+01 9.9E-01   137 2.1E-01      T  T
    183   1    79  4.3073600388E+01 1.9E+01   135 3.4E-01    3 F  F
    184   1    77  4.2391898030E+01 8.0E-01   135 1.0E+00    2 T  T
    185   1    77  4.0930097052E+01 6.6E+00   133 3.4E-01    6 F  F
    186   0        4.3114979712E+01
    187   0    78  4.1146110528E+01               1.0E+00      F  T
    188   1    48  4.1146110171E+01 1.7E+01   128 0.0E+00      T  T
    189   1    48  4.1146110171E+01 1.2E+01   127 0.0E+00      T  T
 
   Iter Phase Ninf   Infeasibility   RGmax    NSB   Step InItr MX OK
    190   1    48  4.1146110171E+01 1.2E+01   126 0.0E+00      T  T
    191   1    48  4.1146110171E+01 1.2E+01   125 0.0E+00      T  T
    192   1    48  4.1146110171E+01 1.0E+00   124 0.0E+00      F  F
    193   0        4.1146110528E+01
    194   0    68  4.1146110528E+01               0.0E+00      F  F
    195   0    69  4.1146110528E+01               0.0E+00      F  T
    196   0    70  4.1146110528E+01               0.0E+00      F  T
    197   0    71  4.1146110528E+01               0.0E+00      F  T
    198   0    72  4.1146110528E+01               0.0E+00      F  T
    199   0    73  4.1146110528E+01               0.0E+00      F  T
 
   Iter Phase Ninf   Infeasibility   RGmax    NSB   Step InItr MX OK
    200   0    74  4.1146110528E+01               0.0E+00      F  T
    201   0    75  4.1146110528E+01               0.0E+00      F  T
    202   0    76  4.1146110528E+01               0.0E+00      F  T
    203   0    77  4.1146110528E+01               0.0E+00      F  T
    204   1    78  4.0939107494E+01 1.0E+00   128 9.2E-02      T  T
    205   1    78  4.0645363799E+01 4.6E-01   127 2.2E-01      T  T
    206   1    78  3.9987528052E+01 5.4E-01   126 4.6E-01      F  F
    207   1    78  3.8788779729E+01 4.8E-01   126 7.0E-01      F  F
    208   1    77  3.7712143358E+01 8.3E-01   126 3.3E-01      T  T
    209   1    76  3.7340026373E+01 9.8E-01   125 1.4E-01      T  T
 
   Iter Phase Ninf   Infeasibility   RGmax    NSB   Step InItr MX OK
    210   1    76  3.6268354826E+01 4.9E-01   124 3.8E-01    3 F  F
    211   1    74  3.5770770660E+01 9.8E-01   124 1.0E+00    2 T  T
    212   1    74  3.4561610409E+01 5.8E+00   122 3.4E-01    6 F  F
    213   1    72  3.3574490470E+01 9.8E-01   120 1.0E+00    2 T  T
    214   1    68  2.9886568359E+01 5.0E-01   118 1.0E+00    7 T  T
    215   1    68  2.8966121350E+01 7.1E+00   110 3.4E-01   12 F  F
    216   1    68  2.8226796819E+01 1.1E+00   100 1.0E+00    4 T  T
    217   1    60  2.7034147722E+01 1.0E+00    96 1.0E+00    9 T  T
    218   1    60  2.4289287950E+01 5.0E-01    82 2.4E-01   14 T  T
    219   1    60  2.3852732166E+01 5.3E+06    79 3.4E-01   14 F  F
   Elapsed time       30.3 seconds.
 
   Iter Phase Ninf   Infeasibility   RGmax    NSB   Step InItr MX OK
    220   1    49  2.3658958468E+01 2.5E+06    66 1.0E+00    5 T  T
    221   1    49  2.2469789353E+01 1.7E+00    67 3.4E-01    8 F  F
    222   1    49  2.1841676646E+01 1.8E+00    67 3.4E-01    5 F  F
    223   1    48  2.1836903033E+01 2.5E+06    67 7.5E-16      T  T
    224   1    47  2.1836888830E+01 3.9E+00    66 7.0E-07      T  T
    225   1    47  2.1734181577E+01 3.9E+00    65 4.7E-03      F  F
    226   1    47  2.1606447695E+01 6.8E+00    65 2.0E-03      F  F
    227   1    47  2.0892924927E+01 7.8E-01    65 5.7E-01      T  T
    228   1    46  2.0831070020E+01 7.8E-01    64 6.1E-02      T  T
    229   1    45  2.0066935813E+01 4.0E-01    63 1.9E+00      T  T
 
   Iter Phase Ninf   Infeasibility   RGmax    NSB   Step InItr MX OK
    230   1    45  1.9360999070E+01 2.1E+01    62 3.4E-01    3 F  F
    231   1    44  1.8984343892E+01 8.2E-01    62 1.0E+00    1 T  T
    232   1    42  1.5375083041E+01 1.4E+00    61 1.0E+00    6 T  T
    233   1    40  1.1909119825E+01 5.0E-01    55 1.0E+00   11 T  T
    234   1    29  9.8846276567E+00 1.5E-02    49 1.0E+00   16 T  T
    235   1     5  8.7694404989E+00 8.7E+04    50 1.0E+00   21 T  T
    236   1     5  8.7646101287E+00 3.1E-01    34 6.3E-02   33 F  F
    237   1     4  8.7625692678E+00 2.7E+02    28 1.0E+00    7 T  T
    238   1     4  8.7295347540E+00 5.6E+03    23 3.4E-01   11 F  F
    239   1     4  8.7266653311E+00 8.9E-02    24 5.2E-02    5 F  F
 
   Iter Phase Ninf   Infeasibility   RGmax    NSB   Step InItr MX OK
    240   0        1.3787451190E+01
    241   0    11  1.1296946430E+01               1.0E+00      F  T
    242   0    11  1.1296946430E+01               0.0E+00      T  T
    243   0    11  1.1296946430E+01               0.0E+00      T  T
    244   0    11  1.1296946430E+01               0.0E+00      T  T
    245   0    11  1.1296946430E+01               0.0E+00      T  T
    246   0    11  1.1296946430E+01               0.0E+00      T  T
    247   0    11  1.1296946330E+01               1.0E+00      F  T
    248   1    11  1.1217034491E+01 9.0E-02    28 2.0E+00      T  T
    249   1    11  1.1168738022E+01 1.0E-01    27 1.1E+00      T  T
 
   Iter Phase Ninf   Infeasibility   RGmax    NSB   Step InItr MX OK
    250   1    10  1.0774194082E+01 2.2E+01    27 8.1E-04      T  T
    251   1    10  1.0752171292E+01 7.4E-02    26 6.9E-01      F  F
    252   1    10  1.0738450391E+01 7.4E-02    26 4.2E-01      F  F
    253   1    10  1.0728809772E+01 7.4E-02    26 2.8E-01      F  F
    254   1    10  1.0679507145E+01 7.4E-02    26 1.5E+00      T  T
    255   1    10  1.0451812210E+01 7.4E-02    25 7.0E+00      F  F
    256   1     9  8.8282959237E+00 7.4E-02    25 5.0E+01      T  T
    257   1     7  8.7020669252E+00 7.4E-02    24 1.0E+00    3 T  T
    258   1     7  8.6887464502E+00 7.5E-02    22 4.1E-02    8 F  F
    259   1     5  8.5966391591E+00 1.0E+00    22 1.0E+00    2 T  T
 
   Iter Phase Ninf   Infeasibility   RGmax    NSB   Step InItr MX OK
    260   1     4  7.8349148064E+00 7.6E-02    20 1.0E+00    7 T  T
    261   1     4  7.7868622817E+00 7.4E-02    14 3.8E-02    8 F  F
    262   1     4  7.5775425577E+00 7.6E-02    14 1.0E+00    2 T  T
    263   1     4  7.5447142845E+00 6.4E-02    40 3.1E-02    6 F  F
    264   1     4  7.2246035952E+00 1.0E+00    40 1.0E+00    1 T  T
    265   1     4  7.1977600367E+00 7.5E+01    40 3.8E-02    6 F  F
    266   1     4  6.8374816170E+00 1.0E+00    40 1.0E+00    1 T  T
    267   1     4  6.8262524227E+00 4.0E+00    40 3.3E-02    6 F  F
    268   1     3  6.5470434534E+00 5.4E-03    40 1.0E+00    1 T  T
    269   1     3  6.5402662508E+00 5.0E-02    39 3.1E-02    6 F  F
 
   Iter Phase Ninf   Infeasibility   RGmax    NSB   Step InItr MX OK
    270   1     3  6.5142399907E+00 5.5E-03    39 1.0E+00    1 T  T
    271   1     3  6.3865233292E+00 1.1E-01    38 4.4E-01    5 F  F
    272   1     3  6.3841559509E+00 1.7E+00    39 2.9E-02    5 F  F
    273   0        6.3841560850E+00
    274   0     3  6.3841560850E+00               0.0E+00      T  T
    275   0     3  6.3841559523E+00               1.0E+00      F  T
    276   1     3  6.3812238735E+00 2.9E-02    39 1.9E+00      T  T
    277   1     3  6.3282535453E+00 1.7E-02    38 7.8E+01      F  F
    278   1     3  6.2695503037E+00 1.7E-02    38 8.4E+01      T  T
    279   1     3  6.1807710198E+00 1.8E-02    37 1.2E+02      T  T
 
   Iter Phase Ninf   Infeasibility   RGmax    NSB   Step InItr MX OK
    280   1     3  6.0587114222E+00 2.4E+00    38 1.5E-02      T  T
    281   1     3  5.9185916309E+00 2.8E+00    38 3.4E-01    3 F  F
    282   1     3  5.5502191109E+00 2.0E-01    38 1.0E+00    1 T  T
    283   1     3  5.3571527147E+00 9.5E+01    39 3.8E-01    6 F  F
    284   1     3  5.1359538709E+00 5.3E-01    39 1.0E+00    2 T  T
    285   1     2  4.6293626170E+00 1.9E+00    40 1.0E+00    7 T  T
    286   1     2  4.2798407579E+00 2.2E+01    37 1.0E+00    6 T  T
    287   1     2  4.2798407579E+00 8.0E+06    33 0.0E+00    3 F  F
    288   1     2  3.8170006901E+00 8.0E+06    33 3.3E-02    3 T  T
    289   1     2  3.5995732599E+00 5.6E-02    33 3.1E-01    3 T  T
 
   Iter Phase Ninf   Infeasibility   RGmax    NSB   Step InItr MX OK
    290   1     2  3.5355815692E+00 7.1E-02    33 1.1E-01    3 T  T
    291   1     2  3.4816134926E+00 6.9E-02    33 1.9E-01    2 T  T
    292   1     2  3.4577877428E+00 5.8E-02    32 1.4E-01    2 T  T
    293   1     2  3.2818289664E+00 2.3E-01    30 1.6E+00      T  T
    294   1     2  3.2448028567E+00 6.2E-02    29 4.8E+00      T  T
    295   1     2  3.1993551111E+00 5.0E-02    28 1.1E+01      T  T
    296   1     2  3.1791028233E+00 6.4E-02    28 2.5E+00      F  F
    297   1     2  3.1328388219E+00 6.3E-02    28 5.9E+00      T  T
    298   1     2  2.9212584474E+00 9.8E-02    28 1.0E+00    3 T  T
    299   1     2  2.7480894432E+00 3.7E-01    29 1.9E-01    8 F  F
 
   Iter Phase Ninf   Infeasibility   RGmax    NSB   Step InItr MX OK
    300   1     2  2.4366090643E+00 2.9E-01    29 1.0E+00    2 T  T
    301   1     2  2.3264794695E+00 3.9E+00    27 3.4E-01    7 F  F
    302   1     2  2.2393184696E+00 1.2E+02    28 1.0E+00    3 T  T
    303   1     2  2.2186859196E+00 4.6E+00    34 1.4E-01    7 T  T
    304   1     2  2.1489997848E+00 3.7E-01    33 1.0E+00    3 T  T
    305   1     2  2.1200042918E+00 4.4E-02    31 9.4E-02    7 F  F
    306   1     2  2.1200042918E+00 4.4E-02    31
 
 ** Infeasible solution. A variable has reached 'Infinity'.
    Largest legal value (Rtmaxv) is 1.00E+10
 
--- Reading solution for model sdgfinance
--- SDG Egypt Model v4 sou.gms(457) 46 Mb  37 secs
--- Executing after solve: elapsed 0:00:45.746
--- SDG Egypt Model v4 sou.gms(473) 46 Mb
--- GDX File (execute_unload) C:\Users\Yunjie\Desktop\Wi2050\SDG Financing Simplified model (Egypt)\v4_commented and cleaned - for calibration\auxiliary\modeloutput_sou.gdx
--- SDG Egypt Model v4 sou.gms(478) 46 Mb

GDXXRW           37.1.0 r07954d5 Released Nov 11, 2021 WEI x86 64bit/MS Window
Input file : C:\Users\Yunjie\Desktop\Wi2050\SDG Financing Simplified model (Egypt)\v4_commented and cleaned - for calibration\auxiliary\modeloutput_sou.gdx
Output file: C:\Users\Yunjie\Desktop\Wi2050\SDG Financing Simplified model (Egypt)\v4_commented and cleaned - for calibration\output\modeloutput_sou.xlsx
Total time = 2109 Ms
*** Status: Normal completion
--- Job SDG Egypt Model v4 sou.gms Stop 08/13/22 11:12:00 elapsed 0:00:48.013
