--- Job SDG Egypt Model v4 gha.gms Start 08/04/22 13:18:57 37.1.0 r07954d5 WEX-WEI x86 64bit/MS Windows
--- Applying:
    D:\Program\37GAMS\gmsprmNT.txt
--- GAMS Parameters defined
    Input "C:\Users\Yunjie\Desktop\Wi2050\SDG Financing Simplified model (Egypt)\v4_commented and cleaned - for calibration\SDG Egypt Model v4 gha.gms"
    PageSize 0
    ScrDir "C:\Users\Yunjie\Desktop\Wi2050\SDG Financing Simplified model (Egypt)\v4_commented and cleaned - for calibration\225c\"
    SysDir D:\Program\37GAMS\
    LogOption 3
    ErrMsg 1
    ErrorLog 99
    IDE 1
    LstTitleLeftAligned 1
Licensee: Large MUD - 20 User License                    G211208|0002AR-WIN
          Columbia University, Earth Institute                       DC4533
          C:\Users\Yunjie\Documents\GAMS\gamslice.txt
          License Admin: Jeffrey Sachs, sachs@columbia.edu                 
Processor information: 1 socket(s), 4 core(s), and 8 thread(s) available
GAMS 37.1.0   Copyright (C) 1987-2021 GAMS Development. All rights reserved
--- Starting compilation
--- SDG Egypt Model v4 gha.gms(90) 3 Mb
--- call GDXXRW .\input\paraminput_gha.xlsx output=.\auxiliary\paraminput_gha.gdx Index=Index!a1 trace=3

GDXXRW           37.1.0 r07954d5 Released Nov 11, 2021 WEI x86 64bit/MS Window
Excel version 12.0
Input file : C:\Users\Yunjie\Desktop\Wi2050\SDG Financing Simplified model (Egypt)\v4_commented and cleaned - for calibration\input\paraminput_gha.xlsx
Output file: C:\Users\Yunjie\Desktop\Wi2050\SDG Financing Simplified model (Egypt)\v4_commented and cleaned - for calibration\auxiliary\paraminput_gha.gdx
Substituting Index
Loading sheet Index
Reading data from Excel; Rng = A1:E101
Reading Slice: A1:E101
par=continuation Rng=Continuation!A1 Dim=2 Rdim=1
par=costff Rng=Hardcode!B1 Dim=0 Rdim=0
par=costre Rng=Hardcode!B2 Dim=0 Rdim=0
par=dep Rng=Hardcode!B3 Dim=0 Rdim=0
par=r Rng=Hardcode!B4 Dim=0 Rdim=0
par=kff0 Rng=Hardcode!B5 Dim=0 Rdim=0
par=kre0 Rng=Hardcode!B6 Dim=0 Rdim=0
par=aff Rng=Hardcode!B7 Dim=0 Rdim=0
par=taxlim Rng=Hardcode!B8 Dim=0 Rdim=0
par=tfp1 Rng=Hardcode!B9 Dim=0 Rdim=0
par=phi Rng=Hardcode!B10 Dim=0 Rdim=0
par=fertsh Rng=Hardcode!B11 Dim=0 Rdim=0
par=bk Rng=Hardcode!B12 Dim=0 Rdim=0
par=bkf Rng=Hardcode!B13 Dim=0 Rdim=0
par=ben Rng=Hardcode!B14 Dim=0 Rdim=0
par=k0 Rng=Hardcode!B15 Dim=0 Rdim=0
par=kf0 Rng=Hardcode!B16 Dim=0 Rdim=0
par=debtqlim Rng=Hardcode!B17 Dim=0 Rdim=0
par=gcostsh Rng=Hardcode!B18 Dim=0 Rdim=0
par=pubgdpsh Rng=Hardcode!B19 Dim=0 Rdim=0
par=lowerbound Rng=Hardcode!B20 Dim=0 Rdim=0
Type Symbol       Dim      Sheet                Data          RowHeader     ColHeader     
Loading sheet Continuation
Reading data from Excel; Rng = A1:B19
Reading Slice: A1:B19
Par  continuation   2      Continuation         B2:B19        A2:A19        B1:B1         
Loading sheet Hardcode
Reading data from Excel; Rng = A1:B20
Reading Slice: A1:B20
Par  costff         0      Hardcode             B1:B1         --:--         --:--         
Par  costre         0      Hardcode             B2:B2         --:--         --:--         
Par  dep            0      Hardcode             B3:B3         --:--         --:--         
Par  r              0      Hardcode             B4:B4         --:--         --:--         
Par  kff0           0      Hardcode             B5:B5         --:--         --:--         
Par  kre0           0      Hardcode             B6:B6         --:--         --:--         
Par  aff            0      Hardcode             B7:B7         --:--         --:--         
Par  taxlim         0      Hardcode             B8:B8         --:--         --:--         
Par  tfp1           0      Hardcode             B9:B9         --:--         --:--         
Par  phi            0      Hardcode             B10:B10       --:--         --:--         
Par  fertsh         0      Hardcode             B11:B11       --:--         --:--         
Par  bk             0      Hardcode             B12:B12       --:--         --:--         
Par  bkf            0      Hardcode             B13:B13       --:--         --:--         
Par  ben            0      Hardcode             B14:B14       --:--         --:--         
Par  k0             0      Hardcode             B15:B15       --:--         --:--         
Par  kf0            0      Hardcode             B16:B16       --:--         --:--         
Par  debtqlim       0      Hardcode             B17:B17       --:--         --:--         
Par  gcostsh        0      Hardcode             B18:B18       --:--         --:--         
Par  pubgdpsh       0      Hardcode             B19:B19       --:--         --:--         
Par  lowerbound     0      Hardcode             B20:B20       --:--         --:--         
Total time = 1328 Ms
--- SDG Egypt Model v4 gha.gms(91) 3 Mb
--- GDXin=C:\Users\Yunjie\Desktop\Wi2050\SDG Financing Simplified model (Egypt)\v4_commented and cleaned - for calibration\auxiliary\paraminput_gha.gdx
--- GDX File ($gdxIn) C:\Users\Yunjie\Desktop\Wi2050\SDG Financing Simplified model (Egypt)\v4_commented and cleaned - for calibration\auxiliary\paraminput_gha.gdx
--- SDG Egypt Model v4 gha.gms(119) 3 Mb
--- call GDXXRW .\auxiliary\datainput_gha.xlsx output=.\auxiliary\datainput_gha.gdx Index=index!a1 trace=3

GDXXRW           37.1.0 r07954d5 Released Nov 11, 2021 WEI x86 64bit/MS Window
Excel version 12.0
Input file : C:\Users\Yunjie\Desktop\Wi2050\SDG Financing Simplified model (Egypt)\v4_commented and cleaned - for calibration\auxiliary\datainput_gha.xlsx
Output file: C:\Users\Yunjie\Desktop\Wi2050\SDG Financing Simplified model (Egypt)\v4_commented and cleaned - for calibration\auxiliary\datainput_gha.gdx
Substituting Index
Loading sheet index
Reading data from Excel; Rng = A1:E7
Reading Slice: A1:E7
par=D1 Rng=popg0!A1 Dim=2 Rdim=1
par=D2 Rng=fert0!A1 Dim=2 Rdim=1
par=D3 Rng=surv0!A1 Dim=2 Rdim=1
par=D4 Rng=w0!A1 Dim=3 Rdim=2
par=D5 Rng=s0!A1 Dim=2 Rdim=1
par=D6 Rng=ferthic0!A1 Dim=2 Rdim=1
Type Symbol       Dim      Sheet                Data          RowHeader     ColHeader     
Loading sheet popg0
Reading data from Excel; Rng = A1:C101
Reading Slice: A1:C101
Par  D1             2      popg0                B2:C101       A2:A101       B1:C1         
Loading sheet fert0
Reading data from Excel; Rng = A1:B36
Reading Slice: A1:B36
Par  D2             2      fert0                B2:B36        A2:A36        B1:B1         
Loading sheet surv0
Reading data from Excel; Rng = A1:E100
Reading Slice: A1:E100
Par  D3             2      surv0                B2:E100       A2:A100       B1:E1         
Loading sheet w0
Reading data from Excel; Rng = A1:D319
Reading Slice: A1:D319
Par  D4             3      w0                   C2:D319       A2:B319       C1:D1         
Loading sheet s0
Reading data from Excel; Rng = A1:C18
Reading Slice: A1:C18
Par  D5             2      s0                   B2:C18        A2:A18        B1:C1         
Loading sheet ferthic0
Reading data from Excel; Rng = A1:B36
Reading Slice: A1:B36
Par  D6             2      ferthic0             B2:B36        A2:A36        B1:B1         
Total time = 1578 Ms
--- SDG Egypt Model v4 gha.gms(120) 3 Mb
--- GDXin=C:\Users\Yunjie\Desktop\Wi2050\SDG Financing Simplified model (Egypt)\v4_commented and cleaned - for calibration\auxiliary\datainput_gha.gdx
--- GDX File ($gdxIn) C:\Users\Yunjie\Desktop\Wi2050\SDG Financing Simplified model (Egypt)\v4_commented and cleaned - for calibration\auxiliary\datainput_gha.gdx
--- SDG Egypt Model v4 gha.gms(475) 3 Mb
--- $echo File C:\Users\Yunjie\Desktop\Wi2050\SDG Financing Simplified model (Egypt)\v4_commented and cleaned - for calibration\auxiliary\outputsetting_gha.txt
--- SDG Egypt Model v4 gha.gms(478) 3 Mb
--- Starting execution: elapsed 0:00:03.123
--- SDG Egypt Model v4 gha.gms(454) 5 Mb
--- Generating DNLP model sdgfinance
--- SDG Egypt Model v4 gha.gms(457) 48 Mb
---   142,599 rows  144,914 columns  348,898 non-zeroes
---   98,063 nl-code  27,863 nl-non-zeroes
--- SDG Egypt Model v4 gha.gms(457) 46 Mb
--- Executing CONOPT (Solvelink=2): elapsed 0:00:03.572

CONOPT 3         37.1.0 r07954d5 Released Nov 11, 2021 WEI x86 64bit/MS Window

 
 
    C O N O P T 3   version 3.17K
    Copyright (C)   ARKI Consulting and Development A/S
                    Bagsvaerdvej 246 A
                    DK-2880 Bagsvaerd, Denmark
 
 
   Iter Phase Ninf   Infeasibility   RGmax    NSB   Step InItr MX OK
      0   0        1.6375313570E+03 (Input point)
 
                   Pre-triangular equations:   141574
                   Post-triangular equations:  259
                   Definitional equations:     563
 
      1   0        1.2173928392E+08 (After pre-processing)
      2   0        1.5370366544E+02 (After scaling)
      3   1   117  1.3408059518E+02 3.5E+07    28 3.4E-01    3 F  F
      4   1   117  1.2040789444E+02 1.8E+07    28 3.4E-01    1 F  F
      5   1   117  1.0086816212E+02 1.0E+07    28 1.8E-14      F  T
      6   1   117  9.1041578044E+01 2.5E+06    28 1.4E-13      F  T
      7   2   117  9.1041503972E+01 6.4E+05    28 5.6E-07      F  T
      8   2   117  8.7734105578E+01 6.4E+05    28 1.0E+00    3 T  T
      9   2   117  8.5529054463E+01 2.8E+05    28 1.0E+00    4 T  T
 
   Iter Phase Ninf   Infeasibility   RGmax    NSB   Step InItr MX OK
     10   2   117  8.4058788423E+01 1.2E+05    28 1.0E+00    3 T  T
     11   2   117  8.3076463891E+01 5.6E+04    28 1.0E+00    9 T  T
     12   2   117  8.2400128116E+01 2.5E+04    28 1.0E+00   10 T  T
     13   2   117  8.1453199861E+01 1.2E+04    28 6.6E-01   11 F  F
     14   2   117  8.1071585382E+01 1.7E+04    23 6.0E-01    2 F  F
     15   2   117  8.0746175344E+01 1.8E+04    21 6.6E-01    1 F  F
     16   2   117  8.0242957265E+01 2.6E+04    20 6.6E-01    2 F  F
     17   1   117  8.0241643506E+01 5.1E+01     3 2.4E-07      T  T
     18   1   117  8.0221129337E+01 1.8E+00    52 1.6E-04      T  T
     19   1   117  8.0119412836E+01 1.8E+00    51 7.9E-04      F  F
 
   Iter Phase Ninf   Infeasibility   RGmax    NSB   Step InItr MX OK
     20   1   117  8.0045395049E+01 1.8E+00    51 5.8E-04      F  F
     21   1   117  7.9968831881E+01 1.8E+00    51 6.0E-04      F  F
     22   1   117  7.9919910649E+01 1.8E+00    51 3.9E-04      F  F
     23   1   117  7.9889501268E+01 1.9E+00    51 2.5E-04      F  F
     24   1   117  7.9867507995E+01 2.0E+00    51 1.8E-04      F  F
     25   1   117  7.9852857481E+01 2.3E+00    51 1.2E-04      F  F
     26   1   116  7.9845267554E+01 1.8E+00    51 6.5E-05      T  T
     27   1   116  7.9781896798E+01 1.8E+00    50 5.6E-04      F  F
     28   1   116  7.9723170487E+01 1.8E+00    50 5.3E-04      F  F
     29   1   116  7.9685701186E+01 1.8E+00    50 3.5E-04      F  F
 
   Iter Phase Ninf   Infeasibility   RGmax    NSB   Step InItr MX OK
     30   1   116  7.9662149946E+01 1.9E+00    50 2.2E-04      F  F
     31   1   116  7.9647777454E+01 2.0E+00    50 1.4E-04      F  F
     32   1   116  7.9637381074E+01 2.3E+00    50 9.9E-05      F  F
     33   1   116  7.9616323904E+01 2.2E+00    50 2.0E-04      F  F
     34   1   116  7.9605568500E+01 2.2E+00    50 1.1E-04      F  F
     35   1   116  7.9598198675E+01 2.7E+00    50 7.2E-05      F  F
     36   1   116  7.9574073730E+01 1.9E+00    50 2.5E-04      F  F
     37   1   116  7.9564670838E+01 2.3E+00    50 9.9E-05      F  F
     38   1   116  7.9551742553E+01 2.2E+00    50 1.4E-04      F  F
     39   1   116  7.9541364158E+01 2.3E+00    50 1.1E-04      F  F
 
   Iter Phase Ninf   Infeasibility   RGmax    NSB   Step InItr MX OK
     40   1   116  7.9521001986E+01 2.3E+00    50 2.3E-04      F  F
     41   1   116  7.9509004373E+01 2.1E+00    50 1.4E-04      F  F
     42   1   116  7.9492402620E+01 4.1E+00    50 1.8E-04      F  F
     43   1   116  7.9487634964E+01 2.6E+00    50 5.2E-05      F  F
     44   1   116  7.9484083721E+01 3.0E+00    50 3.8E-05      F  F
     45   1   116  7.9480220552E+01 2.8E+00    50 4.5E-05      F  F
     46   1   116  7.9459338630E+01 1.9E+00    50 2.7E-04      F  F
     47   1   116  7.9450303939E+01 2.0E+00    50 1.2E-04      F  F
     48   1   116  7.9445188872E+01 2.4E+00    50 6.9E-05      F  F
     49   1   116  7.9408360160E+01 2.4E+00    50 5.3E-04      F  F
 
   Iter Phase Ninf   Infeasibility   RGmax    NSB   Step InItr MX OK
     50   1   116  7.9398227648E+01 1.9E+00    50 1.5E-04      F  F
     51   1   116  7.9392308826E+01 2.1E+00    50 9.0E-05      F  F
     52   1   116  7.9389028034E+01 2.6E+00    50 4.9E-05      F  F
     53   1   116  7.9347262277E+01 2.0E+00    50 6.9E-04      F  F
     54   1   116  7.9333829697E+01 1.8E+00    50 2.3E-04      F  F
     55   1   116  7.9133148264E+01 9.7E+00    84 7.0E-04      F  F
     56   1   116  7.8988910090E+01 9.0E+00   115 5.4E-04      F  F
     57   1   116  7.8948464543E+01 9.0E+00   147 1.5E-04      F  F
     58   1   116  7.8780591914E+01 9.0E+00   147 6.3E-04      F  F
     59   1   116  7.8282043634E+01 9.0E+00   147 1.9E-03      F  F
 
   Iter Phase Ninf   Infeasibility   RGmax    NSB   Step InItr MX OK
     60   1   116  7.7996064998E+01 9.0E+00   147 1.1E-03      F  F
     61   1   116  7.7885324081E+01 9.0E+00   147 4.2E-04      F  F
     62   1   116  7.7846506216E+01 9.0E+00   147 1.5E-04      F  F
     63   1   116  7.7798702407E+01 9.0E+00   147 1.8E-04      F  F
     64   1   116  7.7731017907E+01 9.0E+00   147 2.6E-04      F  F
     65   1   116  7.7717510025E+01 9.0E+00   147 5.0E-05      F  F
     66   1   116  7.7673467178E+01 9.0E+00   147 1.7E-04      F  F
     67   1   116  7.7657522548E+01 9.0E+00   147 6.1E-05      F  F
     68   1   116  7.7200930745E+01 9.0E+00   147 1.8E-03      F  F
     69   1   116  7.7018370340E+01 9.0E+00   147 7.4E-04      F  F
 
   Iter Phase Ninf   Infeasibility   RGmax    NSB   Step InItr MX OK
     70   1   116  7.6937884859E+01 9.0E+00   147 3.3E-04      F  F
     71   1   116  7.6906832566E+01 9.0E+00   147 1.3E-04      F  F
     72   1   116  7.6692104819E+01 9.0E+00   147 8.8E-04      F  F
     73   1   116  7.6610431402E+01 9.0E+00   147 3.4E-04      F  F
     74   1   116  7.6578354532E+01 9.0E+00   147 1.3E-04      F  F
     75   1   115  7.6349363035E+01 9.0E+00   147 9.6E-04      T  T
     76   1   115  7.6253145751E+01 1.8E+00   146 3.4E-01    3 F  F
     77   1   115  7.6206692704E+01 1.8E+00   146 2.5E-01    2 F  F
     78   1   115  7.6185191079E+01 1.8E+00   146 1.6E-01    1 F  F
     79   1   115  7.6156843472E+01 1.8E+00   146 2.5E-01    1 F  F
 
   Iter Phase Ninf   Infeasibility   RGmax    NSB   Step InItr MX OK
     80   1   115  7.6136263252E+01 1.8E+00   146 2.5E-01    1 F  F
     81   1   115  7.6121268915E+01 1.8E+00   146 2.5E-01    1 F  F
     82   1   115  7.6110524968E+01 1.8E+00   146 2.5E-01    1 F  F
     83   1   115  7.6102851761E+01 1.8E+00   146 2.5E-01    1 F  F
     84   1   115  7.6097526779E+01 1.8E+00   146 2.5E-01    1 F  F
     85   1   115  7.6093900537E+01 1.8E+00   146 2.5E-01    1 F  F
     86   1   115  7.6092200853E+01 1.8E+00   146 2.5E-01    1 F  F
     87   1   115  7.6089279886E+01 1.8E+00   146 2.5E-01    1 F  F
     88   1   115  7.6084417346E+01 1.8E+00   146 2.5E-01    1 F  F
     89   1   115  7.6076761707E+01 1.8E+00   146 2.5E-01    1 F  F
 
   Iter Phase Ninf   Infeasibility   RGmax    NSB   Step InItr MX OK
     90   1   115  7.6058760341E+01 1.8E+00   146 3.9E-01    1 F  F
     91   1   115  7.6018874284E+01 1.8E+00   146 4.4E-01    1 F  F
     92   1   115  7.6005636212E+01 1.8E+00   146 1.6E-01    1 F  F
     93   1   115  7.5981768716E+01 1.8E+00   146 4.9E-04      F  F
     94   1   115  7.5963031416E+01 1.8E+00   146 3.9E-04      F  F
     95   1   115  7.5954981193E+01 1.8E+00   146 1.7E-04      F  F
     96   1   115  7.5950282804E+01 2.0E+00   146 9.9E-05      F  F
     97   1   115  7.5947689267E+01 2.5E+00   146 5.2E-05      F  F
     98   1   115  7.5877544863E+01 1.8E+00   146 1.6E-03      F  F
     99   1   115  7.5836035101E+01 1.8E+00   146 1.0E-03      F  F
 
   Iter Phase Ninf   Infeasibility   RGmax    NSB   Step InItr MX OK
    100   1   115  7.5808958825E+01 1.8E+00   146 6.8E-04      F  F
    101   1   115  7.5791317666E+01 1.8E+00   146 4.4E-04      F  F
    102   1   115  7.5779931843E+01 1.9E+00   146 2.9E-04      F  F
    103   1   115  7.5772686516E+01 1.9E+00   146 1.8E-04      F  F
    104   1   115  7.5768182659E+01 2.1E+00   146 1.1E-04      F  F
    105   1   115  6.7198942714E+01 3.9E+00   146 2.2E-01      F  F
    106   1   115  6.3437834056E+01 1.8E+00   146 1.0E-01      F  F
    107   1   115  6.1305336226E+01 1.8E+00   146 5.8E-02      F  F
    108   1   115  6.0241351020E+01 1.8E+00   146 2.9E-02      F  F
    109   1   115  5.9710463351E+01 1.8E+00   146 1.5E-02      F  F
 
   Iter Phase Ninf   Infeasibility   RGmax    NSB   Step InItr MX OK
    110   1   115  5.9444971889E+01 1.8E+00   146 7.3E-03      F  F
    111   1   115  5.9312438096E+01 1.8E+00   146 3.7E-03      F  F
    112   1   115  5.9241712394E+01 1.8E+00   146 2.0E-03      F  F
    113   1   115  5.9209211152E+01 1.8E+00   146 9.0E-04      F  F
    114   1   115  5.9194774760E+01 1.9E+00   146 4.0E-04      F  F
    115   1   115  5.9188404480E+01 2.5E+00   146 1.6E-04      F  F
    116   1   115  5.5413581708E+01 1.8E+00   146 1.1E-01      F  F
    117   1   114  5.3155303941E+01 1.8E+00   146 6.6E-02      T  T
    118   1   114  5.2527286157E+01 1.8E+00   145 1.9E-02      F  F
    119   1   114  5.2330799948E+01 1.8E+00   145 5.9E-03      F  F
 
   Iter Phase Ninf   Infeasibility   RGmax    NSB   Step InItr MX OK
    120   1   114  5.2110855069E+01 1.8E+00   145 6.7E-03      F  F
    121   1   114  5.2012823775E+01 1.8E+00   145 3.0E-03      F  F
    122   1   114  5.1903096815E+01 1.8E+00   145 3.4E-03      F  F
    123   1   114  5.1830461089E+01 1.8E+00   145 2.2E-03      F  F
    124   1   114  5.1783936382E+01 1.8E+00   145 1.4E-03      F  F
    125   1   114  5.1753581340E+01 1.8E+00   145 9.4E-04      F  F
    126   1   114  5.1753581360E+01 1.8E+00   145 0.0E+00      F  F
    127   1   114  5.1753581360E+01 1.8E+00   145 0.0E+00      F  F
    128   1   114  5.1753581360E+01 1.8E+00   145 0.0E+00      F  F
    129   1   114  5.1718690022E+01 1.8E+00   145 1.1E-03      F  F
 
   Iter Phase Ninf   Infeasibility   RGmax    NSB   Step InItr MX OK
    130   1   114  5.1717087748E+01 1.0E+01   145 1.8E-05      F  T
    131   1   113  5.1334252238E+01 3.3E+00   145 1.2E-02      T  T
    132   1   113  5.1027658003E+01 1.8E+00   144 1.0E-02      F  F
    133   1   113  5.0827501394E+01 1.8E+00   144 6.9E-03      F  F
    134   1   113  5.0699042587E+01 1.8E+00   144 4.4E-03      F  F
    135   1   113  5.0558471030E+01 1.8E+00   144 4.8E-03      F  F
    136   1   112  5.0484911062E+01 1.8E+00   145 2.5E-03      T  T
    137   1   112  5.0438551341E+01 1.8E+00   144 1.6E-03      F  F
    138   1   112  5.0438551343E+01 1.8E+00   145 0.0E+00      F  F
    139   1   112  5.0404472152E+01 1.8E+00   145 1.2E-03      F  F
 
   Iter Phase Ninf   Infeasibility   RGmax    NSB   Step InItr MX OK
    140   1   112  5.0404472153E+01 1.9E+00   145 0.0E+00      F  F
    141   1   112  5.0404472153E+01 1.9E+00   145 0.0E+00      F  F
    142   1   112  5.0404472152E+01 1.9E+00   145 0.0E+00      F  F
    143   1   112  5.0392816471E+01 1.9E+00   145 4.1E-04      F  F
    144   1   112  5.0390942151E+01 6.8E+00   145 3.6E-05      F  T
    145   1   112  5.0285353120E+01 2.5E+00   145 3.7E-03      F  F
    146   1   112  5.0252165323E+01 1.8E+00   145 1.2E-03      F  F
    147   1   112  5.0250656115E+01 1.3E+01   145 1.2E-05      F  T
    148   2   111  4.7937782971E+01 4.1E+00   145 3.6E+03      T  T
    149   1   110  4.7284618391E+01 1.0E+00   144 2.7E-02      T  T
 
   Iter Phase Ninf   Infeasibility   RGmax    NSB   Step InItr MX OK
    150   1   109  4.6498415751E+01 1.0E+00   144 3.4E-02      T  T
    151   1   108  4.5691426199E+01 1.0E+00   144 3.6E-02      T  T
    152   1   107  4.5629582048E+01 1.0E+00   143 2.9E-03      T  T
    153   1   106  4.4583746255E+01 1.0E+00   142 4.9E-02      T  T
    154   1   101  4.2461910314E+01 1.0E+00   144 1.0E+00    3 T  T
    155   1    99  3.8120476961E+01 1.0E+00   139 7.8E-01    8 T  T
    156   1    91  3.6989493896E+01 1.0E+00   138 1.0E+00    8 T  T
    157   1    72  3.3847500303E+01 1.0E+00   129 1.0E+00   10 T  T
    158   1    72  2.7636191823E+01 5.0E-01   110 3.0E-01   15 T  T
    159   1    60  2.6875369303E+01 1.4E+06    49 1.0E+00   11 T  T
 
   Iter Phase Ninf   Infeasibility   RGmax    NSB   Step InItr MX OK
    160   1    45  2.6624479295E+01 1.0E+06    70 1.0E+00   14 T  T
    161   1    32  2.3506253097E+01 4.5E+05    79 1.0E+00   17 T  T
    162   1    32  1.1439986789E+01 1.0E+00    61 1.0E+00   22 T  T
    163   1    32  1.1348007847E+01 1.0E+00    78 1.7E-02   28 F  F
    164   1    32  1.1341012685E+01 1.0E+00    73 2.2E-02    6 F  F
    165   1    32  1.1340105088E+01 1.7E+00    72 8.7E-05      F  F
    166   1    32  1.1226444715E+01 1.0E+00    72 1.5E-02      T  T
    167   1    32  1.1132812050E+01 1.0E+00    71 1.5E-02      T  T
    168   1    32  1.1082075673E+01 1.0E+00    70 9.4E-03      T  T
    169   1    32  1.1057966053E+01 1.0E+00    69 4.9E-03      T  T
 
   Iter Phase Ninf   Infeasibility   RGmax    NSB   Step InItr MX OK
    170   1    32  1.0946732791E+01 1.0E+00    68 2.9E-02      T  T
    171   1    31  1.0922143632E+01 5.1E-01    67 8.5E-03      T  T
    172   1    30  1.0853226405E+01 5.1E-01    66 2.6E-02      T  T
    173   1    29  1.0782196895E+01 5.1E-01    65 3.0E-02      T  T
    174   1    29  1.0775276514E+01 4.8E-01    59 5.3E-02    3 F  F
    175   1    28  1.0760048243E+01 4.8E-01    58 1.0E+00    1 T  T
    176   1    28  1.0612171233E+01 3.2E-02    57 1.9E-01    4 F  F
    177   1    28  1.0595978380E+01 1.4E+00    57 3.4E-01    3 F  F
    178   1    27  1.0589770359E+01 1.9E+00    57 1.4E-03      T  T
    179   1    26  1.0567805667E+01 5.1E-01    56 4.0E-02      T  T
 
   Iter Phase Ninf   Infeasibility   RGmax    NSB   Step InItr MX OK
    180   1    25  1.0509366310E+01 5.1E-01    55 2.1E-01      T  T
    181   1    24  1.0257413470E+01 6.4E-02    54 1.1E+01      T  T
    182   1    21  9.5507845337E+00 6.4E-02    56 1.0E+00    3 T  T
    183   1    21  9.0629468602E+00 3.9E-01    58 1.5E-01    8 F  F
    184   1    21  8.9035243417E+00 7.9E-01    59 5.9E-01    2 F  F
    185   1    21  8.8133371087E+00 1.3E+00    59 2.0E-02      F  F
    186   1    20  8.7668939415E+00 7.8E-01    59 2.2E-02      T  T
    187   1    19  8.7435729372E+00 7.8E-01    58 1.3E-02      T  T
    188   1    18  8.5763345977E+00 7.8E-01    57 1.4E-01      T  T
    189   1    17  8.5354028282E+00 7.7E-01    56 6.5E-02      T  T
 
   Iter Phase Ninf   Infeasibility   RGmax    NSB   Step InItr MX OK
    190   1    16  7.4466756032E+00 1.3E+00    55 1.0E+00    3 T  T
    191   1    15  5.3237914125E+00 5.2E-02    59 1.0E+00    8 T  T
    192   1     8  2.8092136731E+00 8.0E-01    57 1.0E+00   13 T  T
    193   1     7  1.3079226046E+00 1.3E-01    51 1.0E+00    9 T  T
    194   1     2  7.1718726131E-01 8.9E-01    49 1.0E+00   10 T  T
    195   1     1  2.8290149795E-02 6.2E+01    65 1.0E+00   10 T  T
    196   1     1  2.8290149796E-02 1.1E+07    56 0.0E+00    2 F  F
    197   0        2.8289997830E-02
    198   0     0  2.8289997830E-02               0.0E+00      F  F
    199   0     1  2.8289997830E-02               0.0E+00      T  T
 
   Iter Phase Ninf   Infeasibility   RGmax    NSB   Step InItr MX OK
    200   0     1  2.8289997830E-02               0.0E+00      T  T
    201   0     1  2.8289997830E-02               0.0E+00      T  T
    202   0     1  2.8289997830E-02               0.0E+00      T  T
    203   0     1  2.8289997830E-02               0.0E+00      T  T
    204   0     1  2.8289997830E-02               0.0E+00      T  T
    205   0     1  2.8289997830E-02               0.0E+00      T  T
    206   0     1  2.8289997830E-02               0.0E+00      F  F
    207   0     2  2.8289805457E-02               1.0E+00      F  T
    208   1     1  3.5267155666E-03 7.0E+00    57 3.8E-04      T  T
    209   1     1  1.5808709804E-03 3.0E-03    56 3.3E+01      T  T
 
 ** Feasible solution. Value of objective =   -5.74051111942
 
   Iter Phase Ninf     Objective     RGmax    NSB   Step InItr MX OK
    210   3       -4.5793807634E+00 2.5E+05    59 9.2E-07      F  T
    211   3       -4.5793807634E+00 1.8E+00    72 0.0E+00      T  T
    212   3       -4.4473822902E+00 1.7E+00    58 9.2E-03      F  T
    213   3       -4.4060170718E+00 1.5E+00    58 4.3E-03      F  T
    214   4       -4.3724110551E+00 1.1E+00    58 2.2E-01      F  T
    215   4       -3.9045245476E+00 4.3E+00    58 1.0E+00    1 T  T
    216   4       -3.6029552145E+00 1.4E+00    57 5.5E-01    6 F  T
    217   4       -3.5955381117E+00 1.1E+05    52 1.0E+00    1 F  T
    218   4       -3.5952435912E+00 4.8E+04    52 2.0E-03    8 F  T
    219   4       -3.5947087668E+00 3.5E+04    46 9.8E-02      F  T
 
   Iter Phase Ninf     Objective     RGmax    NSB   Step InItr MX OK
    220   4       -3.5764862789E+00 3.2E+04    46 4.1E+00    2 F  T
    221   4       -3.5592683182E+00 6.5E+03    46 4.0E+00    1 F  T
    222   4       -3.5341843054E+00 1.3E+03    46 1.6E+00   20 T  T
    223   4       -3.5218593082E+00 1.8E+03    45 1.0E+00    3 T  T
    224   3       -3.5218593082E+00 1.6E+03    57 0.0E+00      T  T
    225   3       -3.4572955476E+00 1.6E+03    56 2.6E-06      F  T
    226   3       -3.3998913894E+00 1.4E+00    56 6.9E-03      F  T
    227   4       -3.3613023160E+00 1.9E+00    56 1.9E-01      T  T
    228   4       -3.3489115338E+00 5.6E+00    55 4.6E-02      F  T
    229   4       -3.2777441632E+00 1.9E+00    55 6.1E-01      T  T
 
   Iter Phase Ninf     Objective     RGmax    NSB   Step InItr MX OK
    230   4       -3.2206045226E+00 1.8E+00    54 9.8E-01      T  T
    231   4       -3.2186404161E+00 2.7E+00    53 6.0E-02      T  T
    232   4       -3.1837415079E+00 2.7E+00    52 2.0E+00      T  T
    233   4       -3.1539390698E+00 6.4E-01    51 3.7E+00      T  T
    234   4       -3.1200097746E+00 3.9E-01    50 7.9E+00      T  T
    235   4       -3.0730935242E+00 2.5E-01    49 1.2E+01      T  T
    236   4       -3.0630064280E+00 1.8E+00    48 1.0E+00      F  T
    237   4       -3.0517572441E+00 7.0E-01    48 1.4E+00      T  T
    238   4       -3.0471033246E+00 3.5E-01    47 8.1E-01      T  T
    239   4       -3.0392053044E+00 2.8E-01    46 4.0E+00      F  T
 
   Iter Phase Ninf     Objective     RGmax    NSB   Step InItr MX OK
    240   4       -3.0366324005E+00 1.9E-01    46 1.0E+00      F  T
    241   4       -3.0318953603E+00 1.8E-01    46 1.0E+00    3 T  T
    242   4       -3.0209193974E+00 4.9E-01    45 1.0E+00    5 F  T
    243   4       -3.0146636808E+00 4.4E-01    44 1.0E+00    4 F  T
    244   4       -2.9921120139E+00 2.0E-01    44 1.0E+00    9 T  T
    245   4       -2.8781115144E+00 3.9E-01    44 6.8E-01   14 F  T
    246   4       -2.8781115144E+00 2.1E+02    41 0.0E+00    7 F  F
    247   4       -2.8774654903E+00 2.1E+02    40 1.0E+00    1 F  T
    248   4       -2.8766062114E+00 4.0E+01    40 1.0E+00      F  T
    249   4       -2.7990522131E+00 1.7E+01    40 1.0E+00   11 T  T
 
   Iter Phase Ninf     Objective     RGmax    NSB   Step InItr MX OK
    250   3       -2.7990522131E+00 7.4E+01    44 0.0E+00      T  T
    251   3       -2.7989052631E+00 7.4E+01    43 2.4E-08      F  T
    252   3       -2.7989041991E+00 6.7E+00    43 2.0E-08      F  T
    253   4       -2.7989040336E+00 1.2E+00    43 2.1E+00      F  T
    254   4       -2.7958020400E+00 1.4E+00    43 1.0E+00    3 T  T
    255   4       -2.7913901465E+00 4.3E-01    42 1.0E+00    7 F  T
    256   4       -2.7913865787E+00 1.3E+01    41 1.0E+00    1 F  T
    257   4       -2.7795722356E+00 1.7E-01    43 1.0E+00    6 F  T
    258   4       -2.7792914026E+00 2.8E+01    43 1.0E+00    3 F  T
    259   4       -2.7665135161E+00 8.1E+00    43 2.1E-01   17 F  T
 
   Iter Phase Ninf     Objective     RGmax    NSB   Step InItr MX OK
    260   4       -2.6981521786E+00 4.6E-01    39 1.0E+00   10 T  T
    261   4       -2.6822570200E+00 7.5E+03    39 1.0E+00   11 T  T
    262   3       -2.6735702972E+00 1.0E+00    41 1.3E-02      F  T
    263   4       -2.6640991554E+00 5.8E-01    41 1.5E+00      T  T
    264   4       -2.6588414802E+00 1.3E+01    40 2.5E-03      F  T
    265   3       -2.6583349114E+00 4.0E+00    40 4.7E-05      F  T
    266   3       -2.6583319601E+00 1.9E-01    40 1.5E-04      F  T
    267   3       -2.6583272205E+00 3.0E-01    40 3.6E-05      F  T
    268   4       -2.6583238678E+00 1.7E-01    40 2.0E+00      F  T
    269   4       -2.6573413998E+00 2.8E-01    40 1.0E+00    2 T  T
 
   Iter Phase Ninf     Objective     RGmax    NSB   Step InItr MX OK
    270   4       -2.6493260514E+00 1.4E+00    39 1.0E+00    7 T  T
    271   4       -2.6316862104E+00 5.9E-01    37 1.0E+00    7 T  T
    272   4       -2.6174399949E+00 1.4E+00    35 1.0E+00    9 T  T
    273   4       -2.6157859680E+00 2.8E+00    34 1.0E+00    9 F  T
    274   4       -2.6113304603E+00 7.2E-02    36 1.0E+00   14 F  T
    275   4       -2.6085592055E+00 6.6E+02    35 1.0E+00    7 T  T
    276   3       -2.6084887764E+00 1.7E+00    34 3.9E-05      F  T
    277   4       -2.6084713466E+00 1.5E-01    35 2.5E+01      F  T
    278   4       -2.6081453557E+00 8.4E-01    35 1.0E+00    1 F  T
    279   4       -2.6064596051E+00 1.3E-01    35 1.0E+00    7 T  T
 
   Iter Phase Ninf     Objective     RGmax    NSB   Step InItr MX OK
    280   4       -2.6064596051E+00 5.3E+04    34 0.0E+00    8 F  F
 
 ** Loss of feasibility while tightening tolerances - Return to phase 0.
 
   Iter Phase Ninf   Infeasibility   RGmax    NSB   Step InItr MX OK
    281   0        2.2636562574E-08
 
 ** Feasible solution. Value of objective =   -2.60645960449
 
   Iter Phase Ninf     Objective     RGmax    NSB   Step InItr MX OK
    282   3       -2.6064596051E+00 2.0E-02    48 0.0E+00      T  T
    283   3       -2.6063583528E+00 2.0E-02    34 2.1E-01      F  T
    284   3       -2.6062723176E+00 8.6E-03    34 5.4E-01      F  T
    285   4       -2.6060648758E+00 2.3E-02    34 1.0E+00      F  T
    286   4       -2.6053306779E+00 1.3E-02    34 1.0E+00    2 F  T
    287   4       -2.6051421944E+00 1.3E+04    34 1.0E+00    2 T  T
    288   3       -2.6051035885E+00 6.0E-02    33 1.6E-02      F  T
    289   4       -2.6049630493E+00 2.0E-02    33 1.3E+01      F  T
    290   4       -2.6045520477E+00 2.8E-02    33 1.0E+00    2 F  T
    291   4       -2.6030452016E+00 3.4E-02    33 1.0E+00    8 T  T
 
   Iter Phase Ninf     Objective     RGmax    NSB   Step InItr MX OK
    292   3       -2.6030452016E+00 2.6E-02    46 0.0E+00      T  T
    293   3       -2.6027344457E+00 2.6E-02    32 5.8E-01      F  T
    294   3       -2.6027030757E+00 6.2E-02    31 9.5E-03      F  T
    295   4       -2.6026967898E+00 1.6E-02    31 1.0E+00      F  T
    296   4       -2.6026151624E+00 8.6E-03    31 1.0E+00    2 F  T
    297   4       -2.6014672298E+00 1.0E-02    31 1.0E+00    6 F  T
    298   4       -2.5916296744E+00 1.8E-02    31 1.0E+00    9 T  T
    299   3       -2.5916296744E+00 1.4E-02    47 0.0E+00      T  T
    300   3       -2.5916296701E+00 1.4E-02    30 1.1E-05      T  T
    301   3       -2.5916238915E+00 1.4E-02    29 3.0E-02      F  T
 
   Iter Phase Ninf     Objective     RGmax    NSB   Step InItr MX OK
    302   3       -2.5916186801E+00 1.8E-02    29 1.4E-02      F  T
    303   4       -2.5916023849E+00 1.3E-02    29 4.0E+00      F  T
    304   4       -2.5909275913E+00 4.1E-02    29 1.0E+00    2 F  T
    305   4       -2.5909275343E+00 3.6E+03    29 2.4E-04    7 F  F
    306   4       -2.5909262665E+00 3.6E+03    29 1.0E+00    1 F  T
    307   4       -2.5901176006E+00 1.4E+01    29 1.5E-01    4 F  F
    308   4       -2.5896789493E+00 1.7E+01    28 1.0E+00    3 F  T
    309   4       -2.5850251681E+00 1.8E+03    28 1.0E+00    3 T  T
    310   3       -2.5846526521E+00 1.1E-01    28 2.5E-02      T  T
    311   3       -2.5846117455E+00 7.6E-02    27 9.3E-03      F  T
 
   Iter Phase Ninf     Objective     RGmax    NSB   Step InItr MX OK
    312   3       -2.5845728672E+00 1.8E-02    27 6.9E-02      T  T
    313   3       -2.5845541776E+00 3.7E-02    26 1.2E-02      F  T
    314   3       -2.5845412540E+00 1.5E-02    26 3.1E-02      F  T
    315   4       -2.5844201020E+00 1.8E-02    26 3.6E+00      F  T
    316   4       -2.5840958189E+00 5.2E-02    26 1.0E+00    4 F  T
    317   4       -2.5814171241E+00 1.0E-02    26 1.0E+00    7 T  T
    318   3       -2.5814171241E+00 1.6E-01    26 0.0E+00      T  T
    319   3       -2.5813968389E+00 1.6E-01    25 7.4E-04      T  T
    320   3       -2.5811984870E+00 1.6E-01    24 1.2E-02      F  T
    321   3       -2.5811103884E+00 3.6E-02    24 4.1E-02      F  T
 
   Iter Phase Ninf     Objective     RGmax    NSB   Step InItr MX OK
    322   4       -2.5805874081E+00 4.7E-02    24 2.5E+00      F  T
    323   4       -2.5799978841E+00 4.9E-02    24 1.0E+00    5 F  T
    324   4       -2.5742769064E+00 7.0E-02    24 1.0E+00    7 T  T
    325   4       -2.5568468886E+00 3.1E-01    23 1.0E+00   10 T  T
    326   4       -2.5527755251E+00 1.0E+01    20 3.2E-01   14 F  T
    327   4       -2.5496210029E+00 8.5E+01    19 5.7E-06      F  T
    328   4       -2.5494746413E+00 2.3E+01    19 1.0E+00    1 F  T
    329   4       -2.5429269883E+00 2.9E+00    19 3.1E-01    7 F  T
    330   4       -2.5421444562E+00 1.0E+04    18 2.6E-01    3 F  T
    331   4       -2.5420843294E+00 2.3E+03    17 1.5E-10      F  T
 
   Iter Phase Ninf     Objective     RGmax    NSB   Step InItr MX OK
    332   4       -2.5419960040E+00 8.7E+01    17 1.0E+00      F  T
    333   4       -2.5406311920E+00 1.3E+00    17 1.0E+00    2 F  T
    334   4       -2.5303759325E+00 3.4E+02    17 3.9E-01    5 T  T
    335   4       -2.5295378740E+00 2.7E+03    16 1.0E+00    3 F  T
    336   4       -2.5295373156E+00 2.1E+02    16 1.0E+00    1 F  T
    337   4       -2.5287813830E+00 1.4E+00    16 1.0E+00   12 F  T
    338   4       -2.5287404151E+00 9.0E+02    16 1.0E+00    9 F  T
    339   4       -2.5287347412E+00 2.6E+01    16 1.0E+00    7 F  T
    340   4       -2.5287347404E+00 6.4E+00    16 1.0E+00    3 F  T
    341   4       -2.3404381056E+00 4.9E-02    18 7.1E-01    2 F  T
 
   Iter Phase Ninf     Objective     RGmax    NSB   Step InItr MX OK
    342   4       -2.3090600610E+00 1.1E+00    17 1.0E+00    4 F  T
    343   4       -2.2956824341E+00 5.7E-01    17 1.0E+00    2 F  T
    344   4       -2.2904847269E+00 2.5E-01    17 1.2E+00    4 T  T
    345   4       -2.2901593757E+00 6.1E-02    16 1.0E+00    3 F  T
    346   4       -2.2901532783E+00 6.5E-02    16 1.0E+00    1 F  T
    347   4       -2.2765032002E+00 8.4E-01    17 6.6E-01    4 F  T
    348   4       -2.2760395676E+00 7.5E-02    17 1.0E+00    4 F  T
    349   4       -2.2760337620E+00 1.7E-02    17 1.0E+00    3 F  T
    350   3       -2.2759938267E+00 4.2E-02    21 4.8E-02      F  T
    351   3       -2.2759543209E+00 1.3E+00    21 3.3E-05      F  T
 
   Iter Phase Ninf     Objective     RGmax    NSB   Step InItr MX OK
    352   4       -2.2759494003E+00 4.5E-01    21 1.0E+00      F  T
    353   4       -2.2709573655E+00 4.3E-02    21 1.0E+00    2 F  T
    354   4       -2.2685887248E+00 1.4E+00    21 1.0E+00    6 F  T
    355   4       -2.2684770047E+00 4.0E-01    21 1.0E+00    5 F  T
    356   4       -2.1970815593E+00 2.9E-03    38 1.2E-01   11 F  T
    357   4       -2.1909444013E+00 2.7E+01    36 4.0E-02      F  T
    358   4       -2.1513592393E+00 4.9E+01    36 5.2E-01    2 F  T
    359   4       -2.1143258952E+00 7.2E+01    36 1.0E+00    3 F  T
    360   4       -2.0880129211E+00 2.1E+02    36 1.0E+00    3 F  T
    361   4       -2.0769894970E+00 1.3E+02    36 1.0E+00    1 F  T
 
   Iter Phase Ninf     Objective     RGmax    NSB   Step InItr MX OK
    362   4       -2.0530163282E+00 5.8E+01    36 1.0E+00    3 F  T
    363   4       -2.0389921949E+00 3.2E+02    36 1.0E+00    1 F  T
    364   4       -2.0137184352E+00 1.5E+02    36 1.0E+00    3 F  T
    365   4       -1.9867924311E+00 1.0E+02    36 1.0E+00    2 F  T
    366   4       -1.9787777174E+00 8.3E+01    36 1.0E+00    1 F  T
    367   4       -1.9559756279E+00 3.4E+01    36 5.1E-01    4 F  T
    368   4       -1.9334838902E+00 4.9E+01    36 1.0E+00    2 F  T
    369   4       -1.9162390762E+00 9.8E+01    36 1.0E+00    2 F  T
    370   4       -1.9005576755E+00 5.8E+01    36 1.0E+00    2 F  T
    371   4       -1.8967918780E+00 4.4E+01    36 1.0E+00    1 F  T
 
   Iter Phase Ninf     Objective     RGmax    NSB   Step InItr MX OK
    372   4       -1.8865615211E+00 1.5E+01    36 6.5E-01    4 F  T
    373   4       -1.8796106910E+00 3.7E+01    36 1.0E+00    2 F  T
    374   4       -1.8760856696E+00 1.9E+01    36 1.0E+00    1 F  T
    375   4       -1.8733622738E+00 4.0E+01    36 2.5E-01    7 F  T
    376   4       -1.8700023304E+00 1.7E+02    35 1.0E+00    1 F  T
    377   4       -1.8671527218E+00 5.5E+01    35 1.0E+00    3 F  T
    378   4       -1.8371000811E+00 1.3E+01    35 1.0E+00    7 F  T
    379   4       -1.8333197417E+00 9.5E+01    35 1.0E+00    3 F  T
    380   4       -1.7777815958E+00 5.1E+00    35 8.2E-01   11 F  T
    381   4       -1.7678842186E+00 3.6E+00    33 4.7E-01      F  T
 
   Iter Phase Ninf     Objective     RGmax    NSB   Step InItr MX OK
    382   4       -1.7620673462E+00 5.2E+01    34 7.1E-01    2 F  T
    383   4       -1.7593950154E+00 1.1E+01    34 1.0E+00    7 F  T
    384   4       -1.7396674886E+00 1.3E+01    34 5.3E-01    6 F  T
    385   4       -1.7348766071E+00 8.4E+01    34 1.0E+00    1 F  T
    386   4       -1.7345884556E+00 3.7E+01    34 1.0E+00    1 F  T
    387   4       -1.7258226524E+00 4.7E+00    34 1.0E+00   16 F  T
    388   4       -1.7243855561E+00 9.7E+01    33 1.0E+00    2 F  T
    389   4       -1.7242486941E+00 2.4E+01    33 1.0E+00    1 F  T
    390   4       -1.7236698540E+00 2.4E+00    33 1.0E+00   14 F  T
    391   4       -1.7236641119E+00 4.8E+00    33 1.0E+00    1 F  T
 
   Iter Phase Ninf     Objective     RGmax    NSB   Step InItr MX OK
    392   4       -1.6965592242E+00 1.3E+00    35 1.0E+00    5 T  T
    393   4       -1.6953595240E+00 3.1E+01    33 1.0E+00    4 F  T
    394   4       -1.6953442096E+00 6.7E+00    33 1.0E+00    3 F  T
    395   4       -1.6947603063E+00 2.4E-01    33 1.0E+00   10 F  T
    396   4       -1.6947403919E+00 9.1E+00    33 1.0E+00    1 F  T
    397   4       -1.6947164182E+00 3.4E-01    33 1.0E+00    7 F  T
    398   4       -1.6947164072E+00 1.7E-01    33 1.0E+00    1 F  T
    399   4       -1.6946575503E+00 5.1E-04    33 1.0E+00    5 F  T
    400   4       -1.6937504311E+00 6.3E-01    33 1.0E+00   13 F  T
    401   4       -1.6937400608E+00 6.5E+00    33 1.0E+00    1 F  T
 
   Iter Phase Ninf     Objective     RGmax    NSB   Step InItr MX OK
    402   4       -1.6929363185E+00 1.8E-01    33 1.0E+00   12 F  T
    403   4       -1.6929260207E+00 4.2E+00    33 1.0E+00    3 F  T
    404   4       -1.6928122166E+00 8.6E-02    33 1.0E+00    7 F  T
    405   4       -1.6928119388E+00 8.1E-01    33 1.0E+00    1 F  T
    406   4       -1.6878163910E+00 2.1E-03    45 1.0E+00    5 F  T
    407   4       -1.6831528875E+00 2.9E+01    45 1.0E+00    9 T  T
    408   3       -1.6831528875E+00 2.5E+01    45 0.0E+00      T  T
    409   3       -1.6830181747E+00 2.5E+01    44 5.0E-07      F  T
    410   3       -1.6830163008E+00 2.7E+00    44 5.0E-07      F  T
    411   4       -1.6830163006E+00 2.6E-02    44 1.0E+00      F  T
 
   Iter Phase Ninf     Objective     RGmax    NSB   Step InItr MX OK
    412   4       -1.6828231380E+00 4.2E-03    44 1.0E+00    7 F  T
    413   4       -1.6828115581E+00 5.6E+00    44 1.0E+00    3 F  T
    414   4       -1.6822951547E+00 1.4E-01    44 1.0E+00   11 F  T
    415   4       -1.6820409378E+00 5.1E+01    44 1.0E+00    3 F  T
    416   4       -1.6820364424E+00 6.1E+00    44 1.0E+00    1 F  T
    417   4       -1.6814129697E+00 1.1E-01    44 3.4E-01   15 F  T
    418   4       -1.6812598233E+00 1.9E-03    46 1.0E+00    8 F  T
    419   4       -1.6810174273E+00 3.1E-03    46 1.0E+00    8 T  T
    420   4       -1.6795167492E+00 7.1E-02    45 1.0E+00   12 T  T
    421   4       -1.6781039137E+00 2.7E-03    45 1.0E+00   20 F  T
 
   Iter Phase Ninf     Objective     RGmax    NSB   Step InItr MX OK
    422   4       -1.6761843672E+00 3.5E-02    45 1.0E+00   24 F  T
    423   4       -1.6742577618E+00 1.4E-03    45 1.0E+00   42 T  T
    424   4       -1.6741729796E+00 1.7E-03    45 1.0E+00   35 F  T
    425   4       -1.6741723084E+00 5.7E-05    45 1.0E+00   41 F  T
    426   4       -1.6741723031E+00 1.2E-06    45 1.0E+00   34 F  T
    427   4       -1.6741723031E+00 5.3E-08    45
 
 ** Optimal solution. Reduced gradient less than tolerance.
 
--- Reading solution for model sdgfinance
--- SDG Egypt Model v4 gha.gms(457) 46 Mb  22 secs
--- Executing after solve: elapsed 0:00:25.764
--- SDG Egypt Model v4 gha.gms(473) 46 Mb
--- GDX File (execute_unload) C:\Users\Yunjie\Desktop\Wi2050\SDG Financing Simplified model (Egypt)\v4_commented and cleaned - for calibration\auxiliary\modeloutput_gha.gdx
--- SDG Egypt Model v4 gha.gms(478) 46 Mb

GDXXRW           37.1.0 r07954d5 Released Nov 11, 2021 WEI x86 64bit/MS Window
Input file : C:\Users\Yunjie\Desktop\Wi2050\SDG Financing Simplified model (Egypt)\v4_commented and cleaned - for calibration\auxiliary\modeloutput_gha.gdx
Output file: C:\Users\Yunjie\Desktop\Wi2050\SDG Financing Simplified model (Egypt)\v4_commented and cleaned - for calibration\output\modeloutput_gha.xlsx
Total time = 1453 Ms
*** Status: Normal completion
--- Job SDG Egypt Model v4 gha.gms Stop 08/04/22 13:19:24 elapsed 0:00:27.333
