--- Job SDG Egypt Model v4 nig.gms Start 08/13/22 11:09:58 37.1.0 r07954d5 WEX-WEI x86 64bit/MS Windows
--- Applying:
    D:\Program\37GAMS\gmsprmNT.txt
--- GAMS Parameters defined
    Input "C:\Users\Yunjie\Desktop\Wi2050\SDG Financing Simplified model (Egypt)\v4_commented and cleaned - for calibration\SDG Egypt Model v4 nig.gms"
    PageSize 0
    ScrDir "C:\Users\Yunjie\Desktop\Wi2050\SDG Financing Simplified model (Egypt)\v4_commented and cleaned - for calibration\225a\"
    SysDir D:\Program\37GAMS\
    LogOption 3
    ErrMsg 1
    ErrorLog 99
    IDE 1
    LstTitleLeftAligned 1
Licensee: Large MUD - 20 User License                    G211208|0002AR-WIN
          Columbia University, Earth Institute                       DC4533
          C:\Users\Yunjie\Documents\GAMS\gamslice.txt
          License Admin: Jeffrey Sachs, sachs@columbia.edu                 
Processor information: 1 socket(s), 4 core(s), and 8 thread(s) available
GAMS 37.1.0   Copyright (C) 1987-2021 GAMS Development. All rights reserved
--- Starting compilation
--- SDG Egypt Model v4 nig.gms(90) 3 Mb
--- call GDXXRW .\input\paraminput_nig.xlsx output=.\auxiliary\paraminput_nig.gdx Index=Index!a1 trace=3

GDXXRW           37.1.0 r07954d5 Released Nov 11, 2021 WEI x86 64bit/MS Window
Excel version 12.0
Input file : C:\Users\Yunjie\Desktop\Wi2050\SDG Financing Simplified model (Egypt)\v4_commented and cleaned - for calibration\input\paraminput_nig.xlsx
Output file: C:\Users\Yunjie\Desktop\Wi2050\SDG Financing Simplified model (Egypt)\v4_commented and cleaned - for calibration\auxiliary\paraminput_nig.gdx
Substituting Index
Loading sheet Index
Reading data from Excel; Rng = A1:E101
Reading Slice: A1:E101
par=continuation Rng=Continuation!A1 Dim=2 Rdim=1
par=costff Rng=Hardcode!B1 Dim=0 Rdim=0
par=costre Rng=Hardcode!B2 Dim=0 Rdim=0
par=dep Rng=Hardcode!B3 Dim=0 Rdim=0
par=r Rng=Hardcode!B4 Dim=0 Rdim=0
par=kff0 Rng=Hardcode!B5 Dim=0 Rdim=0
par=kre0 Rng=Hardcode!B6 Dim=0 Rdim=0
par=aff Rng=Hardcode!B7 Dim=0 Rdim=0
par=taxlim Rng=Hardcode!B8 Dim=0 Rdim=0
par=tfp1 Rng=Hardcode!B9 Dim=0 Rdim=0
par=phi Rng=Hardcode!B10 Dim=0 Rdim=0
par=fertsh Rng=Hardcode!B11 Dim=0 Rdim=0
par=bk Rng=Hardcode!B12 Dim=0 Rdim=0
par=bkf Rng=Hardcode!B13 Dim=0 Rdim=0
par=ben Rng=Hardcode!B14 Dim=0 Rdim=0
par=k0 Rng=Hardcode!B15 Dim=0 Rdim=0
par=kf0 Rng=Hardcode!B16 Dim=0 Rdim=0
par=debtqlim Rng=Hardcode!B17 Dim=0 Rdim=0
par=gcostsh Rng=Hardcode!B18 Dim=0 Rdim=0
par=pubgdpsh Rng=Hardcode!B19 Dim=0 Rdim=0
par=lowerbound Rng=Hardcode!B20 Dim=0 Rdim=0
Type Symbol       Dim      Sheet                Data          RowHeader     ColHeader     
Loading sheet Continuation
Reading data from Excel; Rng = A1:B19
Reading Slice: A1:B19
Par  continuation   2      Continuation         B2:B19        A2:A19        B1:B1         
Loading sheet Hardcode
Reading data from Excel; Rng = A1:B20
Reading Slice: A1:B20
Par  costff         0      Hardcode             B1:B1         --:--         --:--         
Par  costre         0      Hardcode             B2:B2         --:--         --:--         
Par  dep            0      Hardcode             B3:B3         --:--         --:--         
Par  r              0      Hardcode             B4:B4         --:--         --:--         
Par  kff0           0      Hardcode             B5:B5         --:--         --:--         
Par  kre0           0      Hardcode             B6:B6         --:--         --:--         
Par  aff            0      Hardcode             B7:B7         --:--         --:--         
Par  taxlim         0      Hardcode             B8:B8         --:--         --:--         
Par  tfp1           0      Hardcode             B9:B9         --:--         --:--         
Par  phi            0      Hardcode             B10:B10       --:--         --:--         
Par  fertsh         0      Hardcode             B11:B11       --:--         --:--         
Par  bk             0      Hardcode             B12:B12       --:--         --:--         
Par  bkf            0      Hardcode             B13:B13       --:--         --:--         
Par  ben            0      Hardcode             B14:B14       --:--         --:--         
Par  k0             0      Hardcode             B15:B15       --:--         --:--         
Par  kf0            0      Hardcode             B16:B16       --:--         --:--         
Par  debtqlim       0      Hardcode             B17:B17       --:--         --:--         
Par  gcostsh        0      Hardcode             B18:B18       --:--         --:--         
Par  pubgdpsh       0      Hardcode             B19:B19       --:--         --:--         
Par  lowerbound     0      Hardcode             B20:B20       --:--         --:--         
Total time = 2797 Ms
--- SDG Egypt Model v4 nig.gms(91) 3 Mb
--- GDXin=C:\Users\Yunjie\Desktop\Wi2050\SDG Financing Simplified model (Egypt)\v4_commented and cleaned - for calibration\auxiliary\paraminput_nig.gdx
--- GDX File ($gdxIn) C:\Users\Yunjie\Desktop\Wi2050\SDG Financing Simplified model (Egypt)\v4_commented and cleaned - for calibration\auxiliary\paraminput_nig.gdx
--- SDG Egypt Model v4 nig.gms(119) 3 Mb
--- call GDXXRW .\auxiliary\datainput_nig.xlsx output=.\auxiliary\datainput_nig.gdx Index=index!a1 trace=3

GDXXRW           37.1.0 r07954d5 Released Nov 11, 2021 WEI x86 64bit/MS Window
Excel version 12.0
Input file : C:\Users\Yunjie\Desktop\Wi2050\SDG Financing Simplified model (Egypt)\v4_commented and cleaned - for calibration\auxiliary\datainput_nig.xlsx
Output file: C:\Users\Yunjie\Desktop\Wi2050\SDG Financing Simplified model (Egypt)\v4_commented and cleaned - for calibration\auxiliary\datainput_nig.gdx
Substituting Index
Loading sheet index
Reading data from Excel; Rng = A1:E7
Reading Slice: A1:E7
par=D1 Rng=popg0!A1 Dim=2 Rdim=1
par=D2 Rng=fert0!A1 Dim=2 Rdim=1
par=D3 Rng=surv0!A1 Dim=2 Rdim=1
par=D4 Rng=w0!A1 Dim=3 Rdim=2
par=D5 Rng=s0!A1 Dim=2 Rdim=1
par=D6 Rng=ferthic0!A1 Dim=2 Rdim=1
Type Symbol       Dim      Sheet                Data          RowHeader     ColHeader     
Loading sheet popg0
Reading data from Excel; Rng = A1:C101
Reading Slice: A1:C101
Par  D1             2      popg0                B2:C101       A2:A101       B1:C1         
Loading sheet fert0
Reading data from Excel; Rng = A1:B36
Reading Slice: A1:B36
Par  D2             2      fert0                B2:B36        A2:A36        B1:B1         
Loading sheet surv0
Reading data from Excel; Rng = A1:E100
Reading Slice: A1:E100
Par  D3             2      surv0                B2:E100       A2:A100       B1:E1         
Loading sheet w0
Reading data from Excel; Rng = A1:D319
Reading Slice: A1:D319
Par  D4             3      w0                   C2:D319       A2:B319       C1:D1         
Loading sheet s0
Reading data from Excel; Rng = A1:C18
Reading Slice: A1:C18
Par  D5             2      s0                   B2:C18        A2:A18        B1:C1         
Loading sheet ferthic0
Reading data from Excel; Rng = A1:B36
Reading Slice: A1:B36
Par  D6             2      ferthic0             B2:B36        A2:A36        B1:B1         
Total time = 2797 Ms
--- SDG Egypt Model v4 nig.gms(120) 3 Mb
--- GDXin=C:\Users\Yunjie\Desktop\Wi2050\SDG Financing Simplified model (Egypt)\v4_commented and cleaned - for calibration\auxiliary\datainput_nig.gdx
--- GDX File ($gdxIn) C:\Users\Yunjie\Desktop\Wi2050\SDG Financing Simplified model (Egypt)\v4_commented and cleaned - for calibration\auxiliary\datainput_nig.gdx
--- SDG Egypt Model v4 nig.gms(475) 3 Mb
--- $echo File C:\Users\Yunjie\Desktop\Wi2050\SDG Financing Simplified model (Egypt)\v4_commented and cleaned - for calibration\auxiliary\outputsetting_nig.txt
--- SDG Egypt Model v4 nig.gms(478) 3 Mb
--- Starting execution: elapsed 0:00:05.864
--- SDG Egypt Model v4 nig.gms(454) 5 Mb
--- Generating DNLP model sdgfinance
--- SDG Egypt Model v4 nig.gms(457) 48 Mb
---   142,599 rows  144,914 columns  348,898 non-zeroes
---   98,092 nl-code  27,863 nl-non-zeroes
--- SDG Egypt Model v4 nig.gms(457) 46 Mb
--- Executing CONOPT (Solvelink=2): elapsed 0:00:06.535

CONOPT 3         37.1.0 r07954d5 Released Nov 11, 2021 WEI x86 64bit/MS Window

 
 
    C O N O P T 3   version 3.17K
    Copyright (C)   ARKI Consulting and Development A/S
                    Bagsvaerdvej 246 A
                    DK-2880 Bagsvaerd, Denmark
 
 
   Iter Phase Ninf   Infeasibility   RGmax    NSB   Step InItr MX OK
      0   0        4.6765420928E+03 (Input point)
 
                   Pre-triangular equations:   141574
                   Post-triangular equations:  259
                   Definitional equations:     563
 
      1   0        8.6299416104E+08 (After pre-processing)
      2   0        1.6208648484E+02 (After scaling)
      3   1   117  1.4237533472E+02 3.5E+07    28 3.4E-01    3 F  F
      4   1   117  1.2835548199E+02 1.9E+07    28 3.4E-01    1 F  F
      5   1   117  1.0828171915E+02 1.1E+07    28 1.7E-14      F  T
      6   1   117  9.8183006423E+01 2.6E+06    28 1.3E-13      F  T
      7   2   117  9.8182913897E+01 6.7E+05    28 5.3E-07      F  T
      8   2   117  9.4774729018E+01 6.6E+05    28 1.0E+00    3 T  T
      9   2   117  9.2502431848E+01 2.9E+05    28 1.0E+00    5 T  T
 
   Iter Phase Ninf   Infeasibility   RGmax    NSB   Step InItr MX OK
     10   2   117  9.0987247844E+01 1.3E+05    28 1.0E+00    3 T  T
     11   2   117  8.9974250924E+01 5.8E+04    28 1.0E+00    9 T  T
     12   2   117  8.9255464523E+01 2.5E+04    28 1.0E+00   10 T  T
     13   2   117  8.7802285419E+01 1.3E+04    28 6.6E-01   15 F  F
     14   2   117  8.7328673808E+01 1.0E+05    19 8.4E-01    3 F  T
     15   2   117  8.7012117672E+01 2.1E+05    17 6.1E-01    2 F  T
     16   2   117  8.6545539074E+01 7.2E+04    16 6.0E-01    2 F  F
     17   2   117  8.6219819747E+01 1.1E+05    15 5.3E-01    1 F  T
     18   2   117  8.5022295521E+01 8.3E+04    14 7.5E-01    1 F  T
     19   2   117  8.4406724624E+01 1.0E+06    18 1.0E+00    2 T  T
 
   Iter Phase Ninf   Infeasibility   RGmax    NSB   Step InItr MX OK
     20   2   117  8.3547003251E+01 4.6E+05    18 6.0E-01    3 F  F
     21   2   117  8.3122606222E+01 4.4E+05    16 1.0E+00    6 T  T
     22   2   117  8.2787287990E+01 2.0E+05    16 1.0E+00    3 T  T
     23   2   117  8.2564472903E+01 9.1E+04    16 6.6E-01    6 F  F
     24   2   117  8.2342948195E+01 3.6E+04    15 6.0E-01    2 F  F
     25   2   117  8.2198005713E+01 2.1E+04    14 6.6E-01    2 F  F
     26   2   117  8.2065583751E+01 1.4E+04    13 6.7E-01    2 F  T
     27   2   117  8.1844794404E+01 7.0E+03    12 7.1E-01    1 F  F
     28   2   117  8.1718659650E+01 1.2E+04    12 6.6E-01    2 F  F
     29   2   117  8.1658563969E+01 6.1E+03    11 1.0E+00    2 T  T
 
   Iter Phase Ninf   Infeasibility   RGmax    NSB   Step InItr MX OK
     30   2   117  8.1293586584E+01 6.4E+03    11 7.3E-01    5 F  F
     31   2   117  8.1176156597E+01 8.4E+03    10 6.6E-01    2 F  F
     32   2   117  8.0954474037E+01 8.6E+03     9 6.6E-01    1 F  F
     33   2   117  8.0364345588E+01 1.5E+04     8 7.6E-01    2 F  F
     34   1   117  7.8819041375E+01 1.7E+02     3 2.4E-05      T  T
     35   1   117  7.8802840302E+01 6.4E+00    38 1.8E-04      F  F
     36   1   117  7.8794651950E+01 2.0E+00    38 9.9E-05      F  F
     37   1   117  7.8784752634E+01 2.2E+00    38 1.2E-04      F  F
     38   1   117  7.8780371908E+01 3.1E+00    38 4.8E-05      F  F
     39   1   117  7.8775007134E+01 2.4E+00    38 6.5E-05      F  F
 
   Iter Phase Ninf   Infeasibility   RGmax    NSB   Step InItr MX OK
     40   1   117  7.8750957454E+01 1.8E+00    38 3.1E-04      F  F
     41   1   117  7.8738147176E+01 1.9E+00    38 1.7E-04      F  F
     42   1   117  7.8728424335E+01 1.9E+00    38 1.3E-04      F  F
     43   1   117  7.8720833482E+01 2.1E+00    38 1.0E-04      F  F
     44   1   117  7.8702527778E+01 1.8E+00    38 2.6E-04      F  F
     45   1   117  7.8691294444E+01 1.8E+00    38 1.6E-04      F  F
     46   1   117  7.8682815981E+01 1.9E+00    38 1.2E-04      F  F
     47   1   117  7.8664779681E+01 1.8E+00    38 2.6E-04      F  F
     48   1   117  7.8655536733E+01 1.9E+00    38 1.4E-04      F  F
     49   1   117  7.8647575331E+01 2.0E+00    38 1.2E-04      F  F
 
   Iter Phase Ninf   Infeasibility   RGmax    NSB   Step InItr MX OK
     50   1   117  7.8641632663E+01 2.2E+00    38 8.8E-05      F  F
     51   1   117  7.8635829677E+01 2.1E+00    38 8.9E-05      F  F
     52   1   117  7.8628551203E+01 1.9E+00    38 1.2E-04      F  F
     53   1   117  7.8621633147E+01 1.9E+00    38 1.2E-04      F  F
     54   1   117  7.8616656035E+01 2.1E+00    38 8.3E-05      F  F
     55   1   117  7.8585523926E+01 1.8E+00    38 5.7E-04      F  F
     56   1   117  7.8582959273E+01 9.9E+01    38 5.2E-07      F  T
     57   2   117  7.8581308799E+01 2.5E+01    38 5.8E+00      F  T
     58   2   117  7.8506499941E+01 6.6E+00    38 7.2E-01    2 F  F
     59   2   117  7.8503820481E+01 1.2E+01    37 8.1E-01    1 F  F
 
   Iter Phase Ninf   Infeasibility   RGmax    NSB   Step InItr MX OK
     60   2   117  7.8478527718E+01 1.9E+00    36 7.8E-01    1 F  F
     61   2   117  7.8473101163E+01 2.2E+00    35 8.1E-01    1 F  F
     62   1   117  7.8470627466E+01 3.6E+00    50 3.4E-05      F  F
     63   1   117  7.8464866592E+01 2.1E+00    50 1.1E-04      F  F
     64   1   117  7.8452719276E+01 1.9E+00    50 2.4E-04      F  F
     65   1   117  7.8447141863E+01 2.0E+00    50 1.1E-04      F  F
     66   1   117  7.8443595585E+01 2.3E+00    50 7.1E-05      F  F
     67   1   117  7.8435251574E+01 1.8E+00    50 1.9E-04      F  F
     68   1   117  7.8430320551E+01 1.9E+00    50 1.1E-04      F  F
     69   1   117  7.8426744654E+01 2.2E+00    50 7.9E-05      F  F
 
   Iter Phase Ninf   Infeasibility   RGmax    NSB   Step InItr MX OK
     70   1   117  7.8415548484E+01 1.8E+00    50 2.8E-04      F  F
     71   1   117  7.8410173118E+01 1.8E+00    50 1.3E-04      F  F
     72   1   117  7.8406112347E+01 2.1E+00    50 9.8E-05      F  F
     73   1   117  7.8403032158E+01 2.2E+00    50 7.7E-05      F  F
     74   1   116  7.8343925312E+01 1.8E+00    50 1.7E-03      T  T
     75   1   116  7.8343923224E+01 9.5E+00    61 1.7E-08      F  F
     76   1   116  7.8343910470E+01 9.5E+00    61 1.0E-07      F  F
     77   1   116  7.8343851016E+01 9.5E+00    61 4.7E-07      F  F
     78   1   116  7.8343837222E+01 7.5E+00    61 1.6E-07      T  T
     79   1   116  7.8291379425E+01 1.8E+00    60 1.7E-03      F  F
 
   Iter Phase Ninf   Infeasibility   RGmax    NSB   Step InItr MX OK
     80   1   116  7.8231917729E+01 1.8E+00    60 1.9E-03      F  F
     81   1   116  7.8193500280E+01 1.8E+00    60 1.3E-03      F  F
     82   1   116  7.8168760730E+01 1.8E+00    60 8.3E-04      F  F
     83   1   116  7.8152677143E+01 1.8E+00    60 5.4E-04      F  F
     84   1   116  7.8142264149E+01 1.8E+00    60 3.6E-04      F  F
     85   1   116  7.8135592226E+01 1.8E+00    60 2.3E-04      F  F
     86   1   116  7.8128750368E+01 5.8E+00    60 2.0E-04      F  F
     87   1   116  7.8125494826E+01 2.0E+00    60 1.2E-04      F  F
     88   1   116  7.8123486934E+01 2.2E+00    60 7.2E-05      F  F
     89   1   116  7.8019639273E+01 1.8E+00    60 4.4E-03      F  F
 
   Iter Phase Ninf   Infeasibility   RGmax    NSB   Step InItr MX OK
     90   1   116  7.7968296974E+01 1.8E+00    60 2.3E-03      F  F
     91   1   116  7.7934648860E+01 1.8E+00    60 1.5E-03      F  F
     92   1   116  7.7912892016E+01 1.8E+00    60 1.0E-03      F  F
     93   1   116  7.7898832628E+01 1.8E+00    60 6.5E-04      F  F
     94   1   116  7.7889750164E+01 1.8E+00    60 4.3E-04      F  F
     95   1   116  7.7883920611E+01 1.8E+00    60 2.8E-04      F  F
     96   1   116  7.7882858394E+01 9.8E+00   110 1.6E-05      F  T
     97   2   116  7.7831013336E+01 2.8E+00   110 6.4E+01      F  F
     98   2   116  7.7628576033E+01 1.7E+02   110 6.6E-01    3 F  F
     99   2   116  7.7560624334E+01 1.5E+03   108 8.6E-01    1 F  F
 
   Iter Phase Ninf   Infeasibility   RGmax    NSB   Step InItr MX OK
    100   2   116  7.7066494719E+01 7.0E+04   108 6.2E-07      F  F
    101   2   116  7.7004720394E+01 1.8E+00   110 7.1E-01    2 F  F
    102   2   116  7.6914275148E+01 1.8E+00   108 6.6E-01    1 F  F
    103   2   116  7.6797272445E+01 1.8E+00   107 6.6E-01    1 F  F
    104   2   116  7.6621162030E+01 1.8E+00   106 6.6E-01    1 F  F
    105   2   116  6.2950537880E+01 2.5E+00   106 5.9E-01    2 T  T
    106   2   115  6.2915177289E+01 1.8E+06   104 1.0E+00    1 T  T
    107   2   115  6.2861135166E+01 6.7E+00   109 6.6E-01    5 F  F
    108   2   115  6.0948795921E+01 4.7E+01   105 8.6E-01    2 F  F
    109   2   115  6.0789460506E+01 2.1E+03   104 9.5E-01    1 F  F
 
   Iter Phase Ninf   Infeasibility   RGmax    NSB   Step InItr MX OK
    110   2   114  6.0379767101E+01 3.5E+05   104 2.7E-08      T  T
    111   2   113  6.0235733046E+01 2.3E+00   108 2.5E-01    2 T  T
    112   1   113  6.0236960647E+01 2.4E+00   107 9.5E-05      F  F
    113   1   113  6.0235305558E+01 2.6E+00   107 6.1E-05      F  F
    114   1   113  6.0235305684E+01 3.1E+00   107 0.0E+00      F  F
    115   1   113  6.0233802754E+01 3.1E+00   107 4.8E-05      F  F
    116   1   113  6.0231295810E+01 2.4E+00   107 1.2E-04      F  F
    117   1   113  6.0218477371E+01 2.6E+00   107 7.9E-04      F  F
    118   1   113  6.0213012927E+01 1.9E+00   107 3.9E-04      F  F
    119   1   113  5.8642699277E+01 5.5E+00   109 1.1E-01      T  T
 
   Iter Phase Ninf   Infeasibility   RGmax    NSB   Step InItr MX OK
    120   1   112  5.8270523980E+01 1.0E+00   108 3.4E-02      T  T
    121   1   111  5.7827567515E+01 1.0E+00   107 4.0E-02      T  T
    122   1   111  5.6812714570E+01 1.1E+00   106 8.9E-02      F  F
    123   1   110  5.5903484562E+01 1.9E+00   106 6.0E-02      T  T
    124   1   107  5.4619190254E+01 5.0E-01   105 1.0E+00    3 T  T
    125   1   107  5.1040443031E+01 5.0E-01   102 9.0E-01    8 F  F
    126   1   101  4.8905950900E+01 1.7E+06   102 1.0E+00    9 T  T
    127   1   101  4.0290383297E+01 5.0E-01    92 8.4E-01   11 F  F
    128   1    90  3.9450421147E+01 2.6E+07    93 1.0E+00   14 T  T
    129   1    89  3.4176324704E+01 2.9E+00    79 7.9E-01   13 T  T
 
   Iter Phase Ninf   Infeasibility   RGmax    NSB   Step InItr MX OK
    130   1    83  3.3641242020E+01 2.6E+06    78 1.0E+00   11 T  T
    131   1    73  3.1780127274E+01 1.0E+00    67 1.0E+00   11 T  T
    132   1    73  3.1551306271E+01 9.6E-01    56 4.6E-02   16 F  F
    133   1    69  3.0956916574E+01 3.0E+06    21 1.0E+00    4 T  T
    134   1    69  3.0577224764E+01 1.2E+06    52 3.8E-01    9 F  F
    135   1    66  3.0099671829E+01 1.5E+06    16 1.0E+00    3 T  T
    136   1    58  2.9133479455E+01 1.0E+00    49 1.0E+00    8 T  T
    137   1    58  2.8970165903E+01 5.0E-01    41 1.1E-01    6 F  F
    138   1    57  2.8856387000E+01 5.0E-01    41 1.0E+00    1 T  T
    139   1    57  2.8717695737E+01 5.0E-01    40 1.2E-01    3 F  F
 
   Iter Phase Ninf   Infeasibility   RGmax    NSB   Step InItr MX OK
    140   1    57  2.8642626561E+01 1.9E-01    40 1.7E-01    1 F  F
    141   1    57  2.8439237610E+01 4.7E-01    40 5.1E-01      F  F
    142   1    56  2.8189521210E+01 3.7E-01    40 1.5E+00      T  T
    143   1    56  2.8107801489E+01 1.2E-01    39 4.9E+00      F  F
    144   1    56  2.7521530475E+01 2.5E-01    39 9.2E+00      T  T
    145   1    56  2.7502295876E+01 1.6E-02    38 2.0E+01      F  F
    146   1    56  2.7475557253E+01 1.9E-02    38 1.9E+01      F  F
    147   1    56  2.7435144459E+01 4.4E-02    38 1.0E+01      F  F
    148   1    56  2.7337021733E+01 1.0E-01    38 5.5E+00      F  F
    149   1    55  2.6174775796E+01 4.8E-01    38 5.1E+00      T  T
 
   Iter Phase Ninf   Infeasibility   RGmax    NSB   Step InItr MX OK
    150   1    55  2.6174608196E+01 2.0E+00    39 4.1E-05      F  F
    151   1    55  2.6174003465E+01 3.2E-01    39 5.3E-03      F  F
    152   1    55  2.6007033746E+01 1.0E-01    39 1.3E+01      F  F
    153   1    55  2.5758087090E+01 1.0E-01    39 2.0E+01      F  F
    154   1    55  2.5286527928E+01 4.0E-01    39 2.8E+00      F  F
    155   1    54  2.5068742171E+01 2.0E-01    39 4.5E+00      T  T
    156   1    54  2.3017183164E+01 6.2E-02    38 2.4E+02      T  T
    157   1    54  2.2955854919E+01 6.2E-02    37 1.4E+01      T  T
    158   1    54  2.2884690258E+01 7.8E-03    36 1.2E+02      F  F
    159   1    54  2.2822262819E+01 7.8E-03    36 1.0E+02      F  F
 
   Iter Phase Ninf   Infeasibility   RGmax    NSB   Step InItr MX OK
    160   1    52  2.2517209243E+01 3.1E-02    36 4.5E+01      T  T
    161   1    52  2.2276230269E+01 1.0E+00    34 5.4E-02    3 F  F
    162   1    52  2.2152893883E+01 1.6E+00    34 2.9E-02    2 F  F
    163   1    52  2.1275255424E+01 1.0E+00    35 8.7E-01      T  T
    164   1    52  2.1275255424E+01 1.0E+00    35
 
 ** Infeasible solution. A variable has reached 'Infinity'.
    Largest legal value (Rtmaxv) is 1.00E+10
 
--- Reading solution for model sdgfinance
--- SDG Egypt Model v4 nig.gms(457) 46 Mb  23 secs
--- Executing after solve: elapsed 0:00:30.297
--- SDG Egypt Model v4 nig.gms(473) 46 Mb
--- GDX File (execute_unload) C:\Users\Yunjie\Desktop\Wi2050\SDG Financing Simplified model (Egypt)\v4_commented and cleaned - for calibration\auxiliary\modeloutput_nig.gdx
--- SDG Egypt Model v4 nig.gms(478) 46 Mb

GDXXRW           37.1.0 r07954d5 Released Nov 11, 2021 WEI x86 64bit/MS Window
Input file : C:\Users\Yunjie\Desktop\Wi2050\SDG Financing Simplified model (Egypt)\v4_commented and cleaned - for calibration\auxiliary\modeloutput_nig.gdx
Output file: C:\Users\Yunjie\Desktop\Wi2050\SDG Financing Simplified model (Egypt)\v4_commented and cleaned - for calibration\output\modeloutput_nig.xlsx
Total time = 2906 Ms
*** Status: Normal completion
--- Job SDG Egypt Model v4 nig.gms Stop 08/13/22 11:10:31 elapsed 0:00:33.319
