--- Job SDG Egypt Model v4 bot.gms Start 08/13/22 10:57:56 37.1.0 r07954d5 WEX-WEI x86 64bit/MS Windows
--- Applying:
    D:\Program\37GAMS\gmsprmNT.txt
--- GAMS Parameters defined
    Input "C:\Users\Yunjie\Desktop\Wi2050\SDG Financing Simplified model (Egypt)\v4_commented and cleaned - for calibration\SDG Egypt Model v4 bot.gms"
    PageSize 0
    ScrDir "C:\Users\Yunjie\Desktop\Wi2050\SDG Financing Simplified model (Egypt)\v4_commented and cleaned - for calibration\225a\"
    SysDir D:\Program\37GAMS\
    LogOption 3
    ErrMsg 1
    ErrorLog 99
    IDE 1
    LstTitleLeftAligned 1
Licensee: Large MUD - 20 User License                    G211208|0002AR-WIN
          Columbia University, Earth Institute                       DC4533
          C:\Users\Yunjie\Documents\GAMS\gamslice.txt
          License Admin: Jeffrey Sachs, sachs@columbia.edu                 
Processor information: 1 socket(s), 4 core(s), and 8 thread(s) available
GAMS 37.1.0   Copyright (C) 1987-2021 GAMS Development. All rights reserved
--- Starting compilation
--- SDG Egypt Model v4 bot.gms(90) 3 Mb
--- call GDXXRW .\input\paraminput_bot.xlsx output=.\auxiliary\paraminput_bot.gdx Index=Index!a1 trace=3

GDXXRW           37.1.0 r07954d5 Released Nov 11, 2021 WEI x86 64bit/MS Window
Excel version 12.0
Input file : C:\Users\Yunjie\Desktop\Wi2050\SDG Financing Simplified model (Egypt)\v4_commented and cleaned - for calibration\input\paraminput_bot.xlsx
Output file: C:\Users\Yunjie\Desktop\Wi2050\SDG Financing Simplified model (Egypt)\v4_commented and cleaned - for calibration\auxiliary\paraminput_bot.gdx
Substituting Index
Loading sheet Index
Reading data from Excel; Rng = A1:E101
Reading Slice: A1:E101
par=continuation Rng=Continuation!A1 Dim=2 Rdim=1
par=costff Rng=Hardcode!B1 Dim=0 Rdim=0
par=costre Rng=Hardcode!B2 Dim=0 Rdim=0
par=dep Rng=Hardcode!B3 Dim=0 Rdim=0
par=r Rng=Hardcode!B4 Dim=0 Rdim=0
par=kff0 Rng=Hardcode!B5 Dim=0 Rdim=0
par=kre0 Rng=Hardcode!B6 Dim=0 Rdim=0
par=aff Rng=Hardcode!B7 Dim=0 Rdim=0
par=taxlim Rng=Hardcode!B8 Dim=0 Rdim=0
par=tfp1 Rng=Hardcode!B9 Dim=0 Rdim=0
par=phi Rng=Hardcode!B10 Dim=0 Rdim=0
par=fertsh Rng=Hardcode!B11 Dim=0 Rdim=0
par=bk Rng=Hardcode!B12 Dim=0 Rdim=0
par=bkf Rng=Hardcode!B13 Dim=0 Rdim=0
par=ben Rng=Hardcode!B14 Dim=0 Rdim=0
par=k0 Rng=Hardcode!B15 Dim=0 Rdim=0
par=kf0 Rng=Hardcode!B16 Dim=0 Rdim=0
par=debtqlim Rng=Hardcode!B17 Dim=0 Rdim=0
par=gcostsh Rng=Hardcode!B18 Dim=0 Rdim=0
par=pubgdpsh Rng=Hardcode!B19 Dim=0 Rdim=0
par=lowerbound Rng=Hardcode!B20 Dim=0 Rdim=0
Type Symbol       Dim      Sheet                Data          RowHeader     ColHeader     
Loading sheet Continuation
Reading data from Excel; Rng = A1:B19
Reading Slice: A1:B19
Par  continuation   2      Continuation         B2:B19        A2:A19        B1:B1         
Loading sheet Hardcode
Reading data from Excel; Rng = A1:B20
Reading Slice: A1:B20
Par  costff         0      Hardcode             B1:B1         --:--         --:--         
Par  costre         0      Hardcode             B2:B2         --:--         --:--         
Par  dep            0      Hardcode             B3:B3         --:--         --:--         
Par  r              0      Hardcode             B4:B4         --:--         --:--         
Par  kff0           0      Hardcode             B5:B5         --:--         --:--         
Par  kre0           0      Hardcode             B6:B6         --:--         --:--         
Par  aff            0      Hardcode             B7:B7         --:--         --:--         
Par  taxlim         0      Hardcode             B8:B8         --:--         --:--         
Par  tfp1           0      Hardcode             B9:B9         --:--         --:--         
Par  phi            0      Hardcode             B10:B10       --:--         --:--         
Par  fertsh         0      Hardcode             B11:B11       --:--         --:--         
Par  bk             0      Hardcode             B12:B12       --:--         --:--         
Par  bkf            0      Hardcode             B13:B13       --:--         --:--         
Par  ben            0      Hardcode             B14:B14       --:--         --:--         
Par  k0             0      Hardcode             B15:B15       --:--         --:--         
Par  kf0            0      Hardcode             B16:B16       --:--         --:--         
Par  debtqlim       0      Hardcode             B17:B17       --:--         --:--         
Par  gcostsh        0      Hardcode             B18:B18       --:--         --:--         
Par  pubgdpsh       0      Hardcode             B19:B19       --:--         --:--         
Par  lowerbound     0      Hardcode             B20:B20       --:--         --:--         
Total time = 2922 Ms
--- SDG Egypt Model v4 bot.gms(91) 3 Mb
--- GDXin=C:\Users\Yunjie\Desktop\Wi2050\SDG Financing Simplified model (Egypt)\v4_commented and cleaned - for calibration\auxiliary\paraminput_bot.gdx
--- GDX File ($gdxIn) C:\Users\Yunjie\Desktop\Wi2050\SDG Financing Simplified model (Egypt)\v4_commented and cleaned - for calibration\auxiliary\paraminput_bot.gdx
--- SDG Egypt Model v4 bot.gms(119) 3 Mb
--- call GDXXRW .\auxiliary\datainput_bot.xlsx output=.\auxiliary\datainput_bot.gdx Index=index!a1 trace=3

GDXXRW           37.1.0 r07954d5 Released Nov 11, 2021 WEI x86 64bit/MS Window
Excel version 12.0
Input file : C:\Users\Yunjie\Desktop\Wi2050\SDG Financing Simplified model (Egypt)\v4_commented and cleaned - for calibration\auxiliary\datainput_bot.xlsx
Output file: C:\Users\Yunjie\Desktop\Wi2050\SDG Financing Simplified model (Egypt)\v4_commented and cleaned - for calibration\auxiliary\datainput_bot.gdx
Substituting Index
Loading sheet index
Reading data from Excel; Rng = A1:E7
Reading Slice: A1:E7
par=D1 Rng=popg0!A1 Dim=2 Rdim=1
par=D2 Rng=fert0!A1 Dim=2 Rdim=1
par=D3 Rng=surv0!A1 Dim=2 Rdim=1
par=D4 Rng=w0!A1 Dim=3 Rdim=2
par=D5 Rng=s0!A1 Dim=2 Rdim=1
par=D6 Rng=ferthic0!A1 Dim=2 Rdim=1
Type Symbol       Dim      Sheet                Data          RowHeader     ColHeader     
Loading sheet popg0
Reading data from Excel; Rng = A1:C101
Reading Slice: A1:C101
Par  D1             2      popg0                B2:C101       A2:A101       B1:C1         
Loading sheet fert0
Reading data from Excel; Rng = A1:B36
Reading Slice: A1:B36
Par  D2             2      fert0                B2:B36        A2:A36        B1:B1         
Loading sheet surv0
Reading data from Excel; Rng = A1:E100
Reading Slice: A1:E100
Par  D3             2      surv0                B2:E100       A2:A100       B1:E1         
Loading sheet w0
Reading data from Excel; Rng = A1:D318
Reading Slice: A1:D318
Par  D4             3      w0                   C2:D318       A2:B318       C1:D1         
Loading sheet s0
Reading data from Excel; Rng = A1:C18
Reading Slice: A1:C18
Par  D5             2      s0                   B2:C18        A2:A18        B1:C1         
Loading sheet ferthic0
Reading data from Excel; Rng = A1:B36
Reading Slice: A1:B36
Par  D6             2      ferthic0             B2:B36        A2:A36        B1:B1         
Total time = 2672 Ms
--- SDG Egypt Model v4 bot.gms(120) 3 Mb
--- GDXin=C:\Users\Yunjie\Desktop\Wi2050\SDG Financing Simplified model (Egypt)\v4_commented and cleaned - for calibration\auxiliary\datainput_bot.gdx
--- GDX File ($gdxIn) C:\Users\Yunjie\Desktop\Wi2050\SDG Financing Simplified model (Egypt)\v4_commented and cleaned - for calibration\auxiliary\datainput_bot.gdx
--- SDG Egypt Model v4 bot.gms(475) 3 Mb
--- $echo File C:\Users\Yunjie\Desktop\Wi2050\SDG Financing Simplified model (Egypt)\v4_commented and cleaned - for calibration\auxiliary\outputsetting_bot.txt
--- SDG Egypt Model v4 bot.gms(478) 3 Mb
--- Starting execution: elapsed 0:00:05.862
--- SDG Egypt Model v4 bot.gms(454) 5 Mb
--- Generating DNLP model sdgfinance
--- SDG Egypt Model v4 bot.gms(457) 48 Mb
---   142,599 rows  144,914 columns  348,898 non-zeroes
---   98,092 nl-code  27,863 nl-non-zeroes
--- SDG Egypt Model v4 bot.gms(457) 46 Mb
--- Executing CONOPT (Solvelink=2): elapsed 0:00:06.693

CONOPT 3         37.1.0 r07954d5 Released Nov 11, 2021 WEI x86 64bit/MS Window

 
 
    C O N O P T 3   version 3.17K
    Copyright (C)   ARKI Consulting and Development A/S
                    Bagsvaerdvej 246 A
                    DK-2880 Bagsvaerd, Denmark
 
 
   Iter Phase Ninf   Infeasibility   RGmax    NSB   Step InItr MX OK
      0   0        1.3853782825E+03 (Input point)
 
                   Pre-triangular equations:   141574
                   Post-triangular equations:  259
                   Definitional equations:     563
 
      1   0        6.8335902679E+08 (After pre-processing)
      2   0        1.5881016150E+02 (After scaling)
      3   1   117  1.3900612859E+02 3.5E+07    28 3.4E-01    3 F  F
      4   1   117  1.2514510207E+02 1.8E+07    28 3.4E-01    1 F  F
      5   1   117  1.0529499442E+02 1.0E+07    28 1.7E-14      F  T
      6   1   117  9.5320896665E+01 2.6E+06    28 1.4E-13      F  T
      7   2   117  9.5320828054E+01 6.5E+05    28 5.5E-07      F  T
      8   2   117  9.1962098680E+01 6.4E+05    28 1.0E+00    3 T  T
      9   2   117  8.9722827433E+01 2.9E+05    28 1.0E+00    4 T  T
 
   Iter Phase Ninf   Infeasibility   RGmax    NSB   Step InItr MX OK
     10   2   117  8.8229710076E+01 1.3E+05    28 1.0E+00    3 T  T
     11   2   117  8.7231358987E+01 5.6E+04    28 1.0E+00    9 T  T
     12   2   117  8.6552798201E+01 2.5E+04    28 1.0E+00   10 T  T
     13   2   117  8.5678493750E+01 1.2E+04    28 6.6E-01   11 F  F
     14   2   117  8.5232084120E+01 1.7E+04    21 5.5E-01    3 F  T
     15   2   117  8.5019589458E+01 4.6E+04    18 5.7E-01    2 F  T
     16   2   117  8.4293328672E+01 6.9E+04    17 6.6E-01    2 F  F
     17   2   117  8.2870456140E+01 5.3E+04    16 7.1E-01    1 F  T
     18   2   117  8.2529859884E+01 8.5E+04    18 6.0E-01    1 F  F
     19   2   117  8.1336082931E+01 4.1E+04    17 7.9E-01    1 F  T
 
   Iter Phase Ninf   Infeasibility   RGmax    NSB   Step InItr MX OK
     20   2   117  8.1281770223E+01 3.6E+00    50 4.8E-04      T  T
     21   1   117  8.1234258197E+01 1.8E+00    49 5.4E-04      F  F
     22   1   117  8.1198555361E+01 1.8E+00    49 4.1E-04      F  F
     23   1   117  8.1161558150E+01 1.8E+00    49 4.2E-04      F  F
     24   1   117  8.1159802752E+01 2.4E+01    49 4.8E-06      F  T
     25   2   117  8.1086859974E+01 6.1E+00    49 1.0E+02      F  F
     26   2   117  8.1003206563E+01 6.8E+01    49 7.8E-01    3 F  F
     27   2   117  8.0983971195E+01 1.4E+03    47 7.2E-01    1 F  F
     28   2   117  8.0932119148E+01 1.7E+04    47 6.6E-01    1 F  F
     29   2   117  8.0791230880E+01 1.5E+05    46 6.4E-01    1 F  F
 
   Iter Phase Ninf   Infeasibility   RGmax    NSB   Step InItr MX OK
     30   2   117  8.0676573820E+01 4.3E+00    49 7.1E-01    3 F  F
     31   2   117  8.0635948174E+01 3.2E+01    48 7.8E-01    3 F  F
     32   2   117  8.0614861975E+01 6.4E+02    46 7.2E-01    2 F  F
     33   2   117  8.0580625880E+01 8.0E+03    45 2.7E-05      F  F
     34   2   117  8.0565545507E+01 5.6E+01    47 7.9E-01    3 F  F
     35   2   117  8.0546909409E+01 1.2E+03    46 5.7E-04      F  F
     36   2   117  8.0536910491E+01 1.4E+02    46 7.2E-01    2 F  F
     37   2   117  8.0520719294E+01 1.7E+03    45 6.5E-01    1 F  F
     38   2   117  8.0472709250E+01 1.4E+04    45 6.6E-01    1 F  F
     39   2   117  8.0436904584E+01 1.9E+01    48 7.9E-01    4 F  F
 
   Iter Phase Ninf   Infeasibility   RGmax    NSB   Step InItr MX OK
     40   2   117  8.0420925566E+01 3.8E+02    46 2.6E-03      F  F
     41   2   117  8.0400376954E+01 2.1E+03    46 7.2E-01    1 F  F
     42   2   117  8.0344976179E+01 2.5E+04    46 6.6E-01    1 F  F
     43   2   117  8.0294189452E+01 3.1E+01    48 7.8E-01    3 F  F
     44   2   117  8.0277119223E+01 6.2E+02    47 1.4E-03      F  F
     45   2   117  8.0245929335E+01 6.9E+01    47 7.9E-01    2 F  F
     46   2   117  8.0225107939E+01 1.5E+03    46 2.7E-04      F  F
     47   2   117  8.0216715352E+01 2.9E+00    52 8.1E-01    3 F  F
     48   2   117  8.0212273477E+01 4.0E+01    52 6.6E-02      F  F
     49   2   117  8.0190821705E+01 3.1E+01    52 7.9E-01    3 F  F
 
   Iter Phase Ninf   Infeasibility   RGmax    NSB   Step InItr MX OK
     50   2   117  8.0177131847E+01 6.4E+02    51 7.7E-04      F  F
     51   2   117  8.0121984240E+01 6.8E+02    51 7.8E-01    2 F  F
     52   2   117  8.0073601876E+01 1.5E+04    51 6.9E-06      F  F
     53   2   117  8.0065581115E+01 4.1E+00    52 8.1E-01    2 F  F
     54   2   116  8.0063148389E+01 5.4E+01    52 2.8E-02      T  T
     55   1   116  8.0061380359E+01 1.1E+02    51 8.0E-08      F  F
     56   1   116  8.0058215253E+01 3.6E+02    51 1.4E-08      F  F
     57   1   115  8.0053351469E+01 2.1E+01    54 5.1E-06      T  T
     58   1   114  8.0045650684E+01 1.9E+01    53 1.5E-05      T  T
     59   1   114  8.0032280552E+01 3.2E+00    52 2.0E-04      F  F
 
   Iter Phase Ninf   Infeasibility   RGmax    NSB   Step InItr MX OK
     60   1   114  8.0028100063E+01 2.0E+00    52 9.0E-05      F  F
     61   1   114  8.0011599108E+01 1.8E+00    52 3.8E-04      F  F
     62   1   114  8.0010146399E+01 2.1E+01    52 5.5E-06      F  T
     63   2   114  7.9877142004E+01 5.6E+00    52 3.6E+02      F  F
     64   2   114  7.9807640321E+01 1.8E+00    52 7.1E-01    3 F  F
     65   2   114  7.9700621663E+01 1.8E+00    49 6.6E-01    1 F  F
     66   2   114  7.9624757108E+01 1.8E+00    48 7.1E-01    1 F  F
     67   2   114  7.9534948303E+01 1.8E+00    47 6.6E-01    1 F  F
     68   2   114  7.9502776826E+01 1.8E+00    47 7.1E-01    1 F  F
     69   2   114  7.9373843493E+01 1.8E+00    46 6.6E-01    1 F  F
 
   Iter Phase Ninf   Infeasibility   RGmax    NSB   Step InItr MX OK
     70   2   114  7.9327425557E+01 1.8E+00    46 7.1E-01    1 F  F
     71   2   114  7.9296581200E+01 1.8E+00    45 1.4E+02      F  F
     72   1   114  7.9295133730E+01 1.2E+01    62 1.3E-05      F  T
     73   1   114  7.9288114995E+01 3.2E+00    62 1.7E-04      F  F
     74   1   114  7.9283134386E+01 2.1E+00   112 1.3E-04      F  F
     75   1   114  7.9280457678E+01 2.2E+00   162 7.2E-05      F  F
     76   1   114  7.9275731477E+01 1.9E+00   167 1.5E-04      F  F
     77   1   114  7.9271836756E+01 2.0E+00   167 1.3E-04      F  F
     78   1   114  7.9267144079E+01 2.0E+00   167 1.8E-04      F  F
     79   1   114  7.9258989544E+01 1.8E+00   167 3.8E-04      F  F
 
   Iter Phase Ninf   Infeasibility   RGmax    NSB   Step InItr MX OK
     80   1   114  7.9257680326E+01 5.8E+00   167 3.8E-05      F  T
     81   2   114  7.8628371419E+01 1.8E+00   167 3.7E+02      F  F
     82   2   114  7.6087899343E+01 2.3E+00   167 6.4E-01    3 F  F
     83   2   114  7.5203995517E+01 2.3E+00   167 6.0E-01    3 F  F
     84   2   114  7.4988003490E+01 2.3E+00   167 6.6E-01    2 F  F
     85   2   114  7.4916196404E+01 2.3E+00   167 6.6E-01    2 F  F
     86   2   114  7.4809156494E+01 2.3E+00   167 7.2E-01    3 F  F
     87   2   114  7.4729419762E+01 2.3E+00   167 7.8E-01    3 F  F
     88   2   114  7.4665999426E+01 7.0E+00   167 8.6E-01    3 F  F
     89   2   114  7.4624082301E+01 2.6E+02   167 7.1E-01    3 F  F
 
   Iter Phase Ninf   Infeasibility   RGmax    NSB   Step InItr MX OK
     90   2   114  7.4495195028E+01 3.1E+03   166 8.6E-01    2 F  F
     91   2   114  7.3970676984E+01 1.5E+05   166 6.5E-08      F  F
     92   2   114  7.3056477258E+01 1.6E+06   167 8.2E-01    1 F  F
     93   1   113  7.3021730604E+01 8.6E+05   167 2.9E-14      T  T
     94   1   112  7.3019771154E+01 8.3E+05   166 2.9E-15      T  T
     95   1   112  7.3017070444E+01 2.3E+00   165 1.8E-04      F  F
     96   1   112  7.3015870402E+01 5.0E+00   165 5.4E-05      F  T
     97   2   112  7.2890891772E+01 1.8E+00   165 1.0E+02      F  F
     98   2   112  7.2744640458E+01 1.8E+00   165 6.6E-01    3 F  F
     99   2   111  7.0261640945E+01 5.0E-01   162 2.8E+00    1 T  T
 
   Iter Phase Ninf   Infeasibility   RGmax    NSB   Step InItr MX OK
    100   1   111  7.0251787504E+01 1.8E+00   164 1.0E-03      F  F
    101   1   111  7.0241560559E+01 1.8E+00   164 1.1E-03      F  F
    102   1   111  7.0235101617E+01 1.8E+00   164 6.9E-04      F  F
    103   1   111  7.0233291910E+01 3.6E+01   164 2.7E-06      F  T
    104   2   111  7.0232067203E+01 9.2E+00   164 7.5E+00      F  T
    105   2   111  7.0222974842E+01 2.3E+00   164 7.1E-01    3 F  F
    106   2   111  7.0221822980E+01 2.5E+00   165 7.8E-01    2 F  F
    107   2   111  7.0221281584E+01 2.4E+00   164 2.0E-01    1 F  F
    108   2   111  7.0219452223E+01 8.1E+00   165 8.2E-01    1 F  F
    109   2   111  7.0219454794E+01 2.4E+00   164 0.0E+00    1 F  F
 
   Iter Phase Ninf   Infeasibility   RGmax    NSB   Step InItr MX OK
    110   2   111  7.0219454794E+01 2.4E+00   164 0.0E+00    1 F  F
    111   1   110  7.0186241832E+01 2.4E+00   164 6.7E-03      T  T
    112   1   110  7.0185231648E+01 1.9E+02   164 1.8E-08      F  F
    113   1   110  6.9883897480E+01 5.1E-01   164 9.1E-02      F  F
    114   1   110  6.9550614972E+01 5.1E-01   164 1.0E-01      F  F
    115   1   110  6.9191408884E+01 5.1E-01   164 1.1E-01      F  F
    116   1   110  6.8805919175E+01 5.1E-01   164 1.2E-01      F  F
    117   1   110  6.8436184853E+01 5.1E-01   164 1.1E-01      F  F
    118   1   110  6.8103152595E+01 5.1E-01   164 1.0E-01      F  F
    119   1   110  6.7799139074E+01 5.1E-01   164 9.5E-02      T  T
 
   Iter Phase Ninf   Infeasibility   RGmax    NSB   Step InItr MX OK
    120   1   108  6.3133927153E+01 5.1E-01   163 1.5E+00      T  T
    121   1   104  6.2116170349E+01 5.1E-01   161 3.2E-01      T  T
    122   1   103  6.1489145366E+01 5.1E-01   157 2.1E-01      T  T
    123   1    96  5.8238566600E+01 5.1E-01   156 1.1E+00      T  T
    124   0        5.8238566639E+01
    125   0    96  5.8219326733E+01               1.0E+00      F  T
    126   1    95  5.6981253936E+01 5.1E-01   149 4.4E-01      T  T
    127   1    94  5.6695618857E+01 1.0E+00   148 4.9E-02      T  T
    128   1    93  5.6653083229E+01 1.0E+00   147 7.3E-03      T  T
    129   1    92  5.6289778378E+01 9.4E-01   146 7.5E-02      T  T
 
   Iter Phase Ninf   Infeasibility   RGmax    NSB   Step InItr MX OK
    130   1    91  5.5197883148E+01 9.4E-01   145 2.3E-01      T  T
    131   1    87  5.4121375884E+01 9.6E-01   144 1.0E+00    3 T  T
    132   1    87  5.3831697099E+01 1.6E+01   141 4.3E-02    8 F  F
    133   1    83  5.3695410499E+01 1.5E+06   140 1.0E+00    3 T  T
    134   1    75  5.3183829954E+01 8.0E+05   136 1.0E+00    7 T  T
    135   1    68  5.2708881901E+01 3.9E+05   130 1.0E+00    7 T  T
    136   1    68  5.2218959823E+01 1.8E+01   123 4.8E-02   11 F  F
    137   1    68  5.1565538312E+01 4.5E+06   122 3.7E-01    2 F  F
    138   1    68  5.0925829818E+01 1.6E+07   123 1.0E-15      F  F
    139   1    68  5.0352849701E+01 1.5E+07   123 1.1E-15      F  F
 
   Iter Phase Ninf   Infeasibility   RGmax    NSB   Step InItr MX OK
    140   1    68  4.9814745266E+01 1.3E+07   123 1.3E-15      F  F
    141   1    68  4.9388387766E+01 1.4E+07   123 1.3E-15      F  F
    142   1    68  4.9146727563E+01 5.6E+06   123 4.6E-15      F  F
    143   1    67  4.9071292531E+01 7.5E+05   123 1.3E-14      T  T
    144   1    66  4.9064425724E+01 7.5E+05   122 1.3E-15      T  T
    145   1    65  4.9038137420E+01 7.5E+05   121 5.5E-15      T  T
    146   1    64  4.9030167745E+01 7.5E+05   120 1.9E-15      T  T
    147   1    63  4.8940755415E+01 7.5E+05   119 2.4E-14      T  T
    148   1    62  4.8926112598E+01 7.5E+05   118 4.6E-15      T  T
    149   1    61  4.8917493382E+01 7.4E+05   117 3.3E-15      T  T
 
   Iter Phase Ninf   Infeasibility   RGmax    NSB   Step InItr MX OK
    150   1    60  4.8894379450E+01 7.4E+05   116 1.1E-14      T  T
    151   1    59  4.8893028486E+01 7.3E+05   115 9.0E-16      T  T
    152   1    58  4.8885626098E+01 7.3E+05   114 7.1E-15      T  T
    153   1    57  4.8875302163E+01 7.0E+05   113 2.1E-14      T  T
    154   1    57  4.8634323641E+01 2.1E+01   112 4.1E-04      F  F
    155   1    56  4.6222478509E+01 9.7E-01   113 3.2E-01      T  T
    156   1    53  4.5440688154E+01 9.8E-01   112 1.0E+00    3 T  T
    157   1    53  4.5023896190E+01 2.7E+01   109 5.1E-02    8 F  F
    158   1    53  4.4557496231E+01 3.0E+01   109 3.4E-01    2 F  F
    159   1    52  4.4024404192E+01 7.2E+01   109 7.4E-05      T  T
 
   Iter Phase Ninf   Infeasibility   RGmax    NSB   Step InItr MX OK
    160   1    51  4.3529684714E+01 9.8E-01   108 1.1E-01      T  T
    161   1    50  4.3464667417E+01 9.8E-01   107 1.9E-02      T  T
    162   1    49  4.3003343704E+01 9.8E-01   106 1.8E-01      T  T
    163   1    49  4.2908683560E+01 1.4E+00   105 4.5E-02    3 F  F
    164   1    48  4.2472122045E+01 4.4E-01   103 1.0E+00    1 T  T
    165   1    47  3.9388369480E+01 8.3E-01   104 1.0E+00    2 T  T
    166   1    47  3.8799165927E+01 2.9E+01   103 5.6E-02    7 F  F
    167   1    47  3.8514966067E+01 1.5E+01   102 3.4E-01    1 F  F
    168   1    46  3.8113675945E+01 3.7E+01   102 2.0E-04      T  T
    169   1    45  3.6307299781E+01 9.6E-01   101 4.3E-01      T  T
 
   Iter Phase Ninf   Infeasibility   RGmax    NSB   Step InItr MX OK
    170   1    44  3.6004514713E+01 9.8E-01   100 8.9E-02      T  T
    171   1    44  3.5730093746E+01 5.0E-01    99 1.1E-01      T  T
    172   1    44  3.4290933544E+01 4.8E-01    98 6.3E-01      T  T
    173   1    44  3.4183475247E+01 4.8E-01    98 4.4E-02    3 F  F
    174   1    43  3.3264219486E+01 9.7E-01    98 1.0E+00    1 T  T
    175   1    43  3.3160472681E+01 8.3E-01    97 4.4E-02    5 F  F
    176   1    42  3.2646326817E+01 9.8E-01    97 1.0E+00    1 T  T
    177   1    38  3.0011835942E+01 8.3E-01    96 1.0E+00    5 T  T
    178   1    38  2.9719444136E+01 1.6E+00    92 5.0E-02   11 F  F
    179   1    38  2.9607641318E+01 1.0E+00    88 3.6E-01    2 F  F
 
   Iter Phase Ninf   Infeasibility   RGmax    NSB   Step InItr MX OK
    180   1    37  2.9520026656E+01 1.0E+00    88 1.3E-02      T  T
    181   1    36  2.9074941236E+01 1.0E+00    87 7.7E-02      T  T
    182   1    35  2.8666252390E+01 1.0E+00    86 8.4E-02      T  T
    183   1    35  2.8612584442E+01 1.0E+00    85 1.4E-02      T  T
    184   1    35  2.8599377903E+01 1.0E+00    84 4.6E-03      T  T
    185   1    35  2.8571171456E+01 1.0E+00    83 1.5E-02      T  T
    186   1    35  2.8530721152E+01 5.0E-01    82 4.5E-02      T  T
    187   1    35  2.8217980138E+01 5.0E-01    81 4.8E-01      T  T
    188   1    35  2.7878028525E+01 4.4E+00    80 6.4E-02    3 F  F
    189   1    35  2.7467510377E+01 8.3E-01    83 1.0E+00    1 T  T
 
   Iter Phase Ninf   Infeasibility   RGmax    NSB   Step InItr MX OK
    190   1    35  2.6144009784E+01 5.7E+00    83 1.4E-01    5 F  F
    191   1    35  2.5576746675E+01 7.9E+00    83 3.4E-01    3 F  F
    192   1    35  2.5537517115E+01 1.8E+01    83 1.1E-04      F  F
    193   1    35  2.5263884016E+01 1.1E+00    83 1.0E-01      F  F
    194   1    34  2.4420436949E+01 1.0E+00    83 3.2E-01      T  T
    195   1    34  2.3712369381E+01 8.3E-01    82 4.4E-01      T  T
    196   1    34  2.3712369383E+01 8.3E-01    81 0.0E+00      T  T
    197   1    34  2.3506171201E+01 8.3E-01    80 1.4E-01      F  F
    198   1    33  2.0062800975E+01 8.3E-01    81 1.8E+00      T  T
    199   1    31  1.9012461018E+01 1.7E+00    80 2.6E-01      T  T
 
   Iter Phase Ninf   Infeasibility   RGmax    NSB   Step InItr MX OK
    200   1    30  1.7793241187E+01 5.0E-01    78 7.6E-01      T  T
    201   1    28  1.6660316448E+01 2.0E+03    78 1.0E+00    3 T  T
    202   1    28  1.3638083360E+01 2.5E-01    69 5.7E-01    8 F  F
    203   1    25  1.2067306807E+01 1.8E+00    69 1.0E+00    4 T  T
    204   1    25  1.0525870887E+01 3.0E+00    65 3.4E-01    9 F  F
    205   1    25  1.0292382812E+01 6.9E+00    48 3.4E-01    6 F  F
    206   1    25  1.0292382812E+01 6.9E+00    48
 
 ** Infeasible solution. A variable has reached 'Infinity'.
    Largest legal value (Rtmaxv) is 1.00E+10
 
--- Reading solution for model sdgfinance
--- SDG Egypt Model v4 bot.gms(457) 46 Mb  27 secs
--- Executing after solve: elapsed 0:00:34.708
--- SDG Egypt Model v4 bot.gms(473) 46 Mb
--- GDX File (execute_unload) C:\Users\Yunjie\Desktop\Wi2050\SDG Financing Simplified model (Egypt)\v4_commented and cleaned - for calibration\auxiliary\modeloutput_bot.gdx
--- SDG Egypt Model v4 bot.gms(478) 46 Mb

GDXXRW           37.1.0 r07954d5 Released Nov 11, 2021 WEI x86 64bit/MS Window
Input file : C:\Users\Yunjie\Desktop\Wi2050\SDG Financing Simplified model (Egypt)\v4_commented and cleaned - for calibration\auxiliary\modeloutput_bot.gdx
Output file: C:\Users\Yunjie\Desktop\Wi2050\SDG Financing Simplified model (Egypt)\v4_commented and cleaned - for calibration\output\modeloutput_bot.xlsx
Total time = 2844 Ms
*** Status: Normal completion
--- Job SDG Egypt Model v4 bot.gms Stop 08/13/22 10:58:33 elapsed 0:00:37.698
