
--- Job SDG Egypt Model v4 arg.gms Start 08/13/22 13:52:05 37.1.0 r07954d5 WEX-WEI x86 64bit/MS Windows
--- Applying:
    C:\GAMS\37\gmsprmNT.txt
--- GAMS Parameters defined
    Input "D:\Github\Wi2050\SDG Financing Simplified model (Egypt)\v4_commented and cleaned - for calibration\SDG Egypt Model v4 arg.gms"
    PageSize 0
    ScrDir "D:\Github\Wi2050\SDG Financing Simplified model (Egypt)\v4_commented and cleaned - for calibration\225e\"
    SysDir C:\GAMS\37\
    LogOption 3
    ErrMsg 1
    ErrorLog 99
    IDE 1
    LstTitleLeftAligned 1
Licensee: Large MUD - 20 User License                    G211208|0002AR-WIN
          Columbia University, Earth Institute                       DC4533
          C:\Users\weiti\OneDrive\Documents\GAMS\gamslice.txt
          License Admin: Jeffrey Sachs, sachs@columbia.edu                 
Processor information: 1 socket(s), 6 core(s), and 12 thread(s) available
GAMS 37.1.0   Copyright (C) 1987-2021 GAMS Development. All rights reserved
--- Starting compilation
--- SDG Egypt Model v4 arg.gms(89) 3 Mb
--- call GDXXRW .\input\paraminput_arg.xlsx output=.\auxiliary\paraminput_arg.gdx Index=Index!a1 trace=3

GDXXRW           37.1.0 r07954d5 Released Nov 11, 2021 WEI x86 64bit/MS Window
Excel version 16.0
Input file : D:\Github\Wi2050\SDG Financing Simplified model (Egypt)\v4_commented and cleaned - for calibration\input\paraminput_arg.xlsx
Output file: D:\Github\Wi2050\SDG Financing Simplified model (Egypt)\v4_commented and cleaned - for calibration\auxiliary\paraminput_arg.gdx
Substituting Index
Loading sheet Index
Reading data from Excel; Rng = A1:E101
Reading Slice: A1:E101
par=continuation Rng=Continuation!A1 Dim=2 Rdim=1
par=costff Rng=Hardcode!B1 Dim=0 Rdim=0
par=costre Rng=Hardcode!B2 Dim=0 Rdim=0
par=dep Rng=Hardcode!B3 Dim=0 Rdim=0
par=r Rng=Hardcode!B4 Dim=0 Rdim=0
par=kff0 Rng=Hardcode!B5 Dim=0 Rdim=0
par=kre0 Rng=Hardcode!B6 Dim=0 Rdim=0
par=aff Rng=Hardcode!B7 Dim=0 Rdim=0
par=taxlim Rng=Hardcode!B8 Dim=0 Rdim=0
par=tfp1 Rng=Hardcode!B9 Dim=0 Rdim=0
par=phi Rng=Hardcode!B10 Dim=0 Rdim=0
par=fertsh Rng=Hardcode!B11 Dim=0 Rdim=0
par=bk Rng=Hardcode!B12 Dim=0 Rdim=0
par=bkf Rng=Hardcode!B13 Dim=0 Rdim=0
par=ben Rng=Hardcode!B14 Dim=0 Rdim=0
par=k0 Rng=Hardcode!B15 Dim=0 Rdim=0
par=kf0 Rng=Hardcode!B16 Dim=0 Rdim=0
par=debtqlim Rng=Hardcode!B17 Dim=0 Rdim=0
par=gcostsh Rng=Hardcode!B18 Dim=0 Rdim=0
par=pubgdpsh Rng=Hardcode!B19 Dim=0 Rdim=0
par=lowerbound Rng=Hardcode!B20 Dim=0 Rdim=0
Type Symbol       Dim      Sheet                Data          RowHeader     ColHeader     
Loading sheet Continuation
Reading data from Excel; Rng = A1:B19
Reading Slice: A1:B19
Par  continuation   2      Continuation         B2:B19        A2:A19        B1:B1         
Loading sheet Hardcode
Reading data from Excel; Rng = A1:B20
Reading Slice: A1:B20
Par  costff         0      Hardcode             B1:B1         --:--         --:--         
Par  costre         0      Hardcode             B2:B2         --:--         --:--         
Par  dep            0      Hardcode             B3:B3         --:--         --:--         
Par  r              0      Hardcode             B4:B4         --:--         --:--         
Par  kff0           0      Hardcode             B5:B5         --:--         --:--         
Par  kre0           0      Hardcode             B6:B6         --:--         --:--         
Par  aff            0      Hardcode             B7:B7         --:--         --:--         
Par  taxlim         0      Hardcode             B8:B8         --:--         --:--         
Par  tfp1           0      Hardcode             B9:B9         --:--         --:--         
Par  phi            0      Hardcode             B10:B10       --:--         --:--         
Par  fertsh         0      Hardcode             B11:B11       --:--         --:--         
Par  bk             0      Hardcode             B12:B12       --:--         --:--         
Par  bkf            0      Hardcode             B13:B13       --:--         --:--         
Par  ben            0      Hardcode             B14:B14       --:--         --:--         
Par  k0             0      Hardcode             B15:B15       --:--         --:--         
Par  kf0            0      Hardcode             B16:B16       --:--         --:--         
Par  debtqlim       0      Hardcode             B17:B17       --:--         --:--         
Par  gcostsh        0      Hardcode             B18:B18       --:--         --:--         
Par  pubgdpsh       0      Hardcode             B19:B19       --:--         --:--         
Par  lowerbound     0      Hardcode             B20:B20       --:--         --:--         
Total time = 469 Ms
--- SDG Egypt Model v4 arg.gms(90) 3 Mb
--- GDXin=D:\Github\Wi2050\SDG Financing Simplified model (Egypt)\v4_commented and cleaned - for calibration\auxiliary\paraminput_arg.gdx
--- GDX File ($gdxIn) D:\Github\Wi2050\SDG Financing Simplified model (Egypt)\v4_commented and cleaned - for calibration\auxiliary\paraminput_arg.gdx
--- SDG Egypt Model v4 arg.gms(118) 3 Mb
--- call GDXXRW .\auxiliary\datainput_arg.xlsx output=.\auxiliary\datainput_arg.gdx Index=index!a1 trace=3

GDXXRW           37.1.0 r07954d5 Released Nov 11, 2021 WEI x86 64bit/MS Window
Excel version 16.0
Input file : D:\Github\Wi2050\SDG Financing Simplified model (Egypt)\v4_commented and cleaned - for calibration\auxiliary\datainput_arg.xlsx

Substituting Index
Loading sheet index
Reading data from Excel; Rng = A1:E7
Reading Slice: A1:E7
par=D1 Rng=popg0!A1 Dim=2 Rdim=1
par=D2 Rng=fert0!A1 Dim=2 Rdim=1
par=D3 Rng=surv0!A1 Dim=2 Rdim=1
par=D4 Rng=w0!A1 Dim=3 Rdim=2
par=D5 Rng=s0!A1 Dim=2 Rdim=1
par=D6 Rng=ferthic0!A1 Dim=2 Rdim=1
Type Symbol       Dim      Sheet                Data          RowHeader     ColHeader     
Loading sheet popg0
Reading data from Excel; Rng = A1:C101
Reading Slice: A1:C101
Par  D1             2      popg0                B2:C101       A2:A101       B1:C1         
Loading sheet fert0
Reading data from Excel; Rng = A1:B36
Reading Slice: A1:B36
Par  D2             2      fert0                B2:B36        A2:A36        B1:B1         
Loading sheet surv0
Reading data from Excel; Rng = A1:E100
Reading Slice: A1:E100
Par  D3             2      surv0                B2:E100       A2:A100       B1:E1         
Loading sheet w0
Reading data from Excel; Rng = A1:D319
Reading Slice: A1:D319
Par  D4             3      w0                   C2:D319       A2:B319       C1:D1         
Loading sheet s0
Reading data from Excel; Rng = A1:C18
Reading Slice: A1:C18
Par  D5             2      s0                   B2:C18        A2:A18        B1:C1         
Loading sheet ferthic0
Reading data from Excel; Rng = A1:B36
Reading Slice: A1:B36
Par  D6             2      ferthic0             B2:B36        A2:A36        B1:B1         
Total time = 453 Ms
--- SDG Egypt Model v4 arg.gms(119) 3 Mb
--- GDXin=D:\Github\Wi2050\SDG Financing Simplified model (Egypt)\v4_commented and cleaned - for calibration\auxiliary\datainput_arg.gdx
--- GDX File ($gdxIn) D:\Github\Wi2050\SDG Financing Simplified model (Egypt)\v4_commented and cleaned - for calibration\auxiliary\datainput_arg.gdx
--- SDG Egypt Model v4 arg.gms(475) 3 Mb
--- $echo File D:\Github\Wi2050\SDG Financing Simplified model (Egypt)\v4_commented and cleaned - for calibration\auxiliary\outputsetting_arg.txt
--- SDG Egypt Model v4 arg.gms(478) 3 Mb
--- Starting execution: elapsed 0:00:01.041
--- SDG Egypt Model v4 arg.gms(455) 5 Mb
--- Generating DNLP model sdgfinance
--- SDG Egypt Model v4 arg.gms(457) 48 Mb
---   142,599 rows  144,914 columns  348,898 non-zeroes
---   97,947 nl-code  27,863 nl-non-zeroes
--- SDG Egypt Model v4 arg.gms(457) 46 Mb
--- Executing CONOPT (Solvelink=2): elapsed 0:00:01.548

CONOPT 3         37.1.0 r07954d5 Released Nov 11, 2021 WEI x86 64bit/MS Window

 
 
    C O N O P T 3   version 3.17K
    Copyright (C)   ARKI Consulting and Development A/S
                    Bagsvaerdvej 246 A
                    DK-2880 Bagsvaerd, Denmark
 
 
   Iter Phase Ninf   Infeasibility   RGmax    NSB   Step InItr MX OK
      0   0        4.7012147093E+03 (Input point)
 
                   Pre-triangular equations:   141574
                   Post-triangular equations:  259
                   Definitional equations:     563
 
      1   0        6.2716371871E+08 (After pre-processing)
      2   0        1.6286249253E+02 (After scaling)
      3   1   117  1.4342721402E+02 3.4E+07    28 3.4E-01    3 F  F
      4   1   117  1.2970493486E+02 1.8E+07    28 3.4E-01    1 F  F
      5   1   117  1.1010940635E+02 1.0E+07    28 1.8E-14      F  T
      6   1   117  1.0026957140E+02 2.5E+06    28 1.4E-13      F  T
      7   2   117  1.0026949449E+02 6.4E+05    28 5.6E-07      F  T
      8   2   117  9.6953460516E+01 6.4E+05    28 1.0E+00    3 T  T
      9   2   117  9.4742651780E+01 2.8E+05    28 1.0E+00    4 T  T
 
   Iter Phase Ninf   Infeasibility   RGmax    NSB   Step InItr MX OK
     10   2   117  9.3268481229E+01 1.2E+05    28 1.0E+00    4 T  T
     11   2   117  9.2284142495E+01 5.5E+04    28 1.0E+00    9 T  T
     12   2   117  9.1610736828E+01 2.5E+04    28 1.0E+00   10 T  T
     13   2   117  9.0693999985E+01 1.2E+04    28 6.6E-01   11 F  F
     14   2   117  9.0331332677E+01 3.3E+04    22 6.6E-01    2 F  F
     15   2   117  9.0157706309E+01 4.3E+04    20 6.6E-01    3 F  F
     16   2   117  8.9811256963E+01 6.7E+04    19 6.0E-01    2 F  T
     17   2   117  8.9547293357E+01 4.8E+04    18 5.9E-01    1 F  T
     18   2   117  8.9266239173E+01 7.9E+04    17 6.0E-01    1 F  F
     19   2   117  8.9147395245E+01 1.4E+05    16 5.6E-01    1 F  T
 
   Iter Phase Ninf   Infeasibility   RGmax    NSB   Step InItr MX OK
     20   2   117  8.8982417516E+01 6.1E+05    18 1.0E+00    1 T  T
     21   2   117  8.7832540244E+01 2.5E+05    18 6.0E-01    6 F  F
     22   2   117  8.7410956115E+01 1.3E+05    14 6.6E-01    1 F  T
     23   2   117  8.6752823443E+01 1.5E+05    13 6.0E-01    1 F  F
     24   2   117  8.5678415005E+01 6.3E+04    12 7.0E-01    1 F  F
     25   1   116  8.5624495785E+01 6.2E+01     3 6.8E-06      T  T
     26   1   116  8.5574791601E+01 1.8E+00    78 5.6E-04      F  F
     27   1   116  8.5551504114E+01 1.8E+00    78 2.6E-04      F  F
     28   1   116  8.5527462181E+01 1.8E+00    78 2.7E-04      F  F
     29   1   116  8.5512037826E+01 1.9E+00    78 1.7E-04      F  F
 
   Iter Phase Ninf   Infeasibility   RGmax    NSB   Step InItr MX OK
     30   1   116  8.5502445733E+01 2.0E+00    78 1.1E-04      F  F
     31   1   116  8.5495350836E+01 2.3E+00    78 7.8E-05      F  F
     32   1   116  8.5461869417E+01 1.8E+00    78 3.9E-04      F  F
     33   1   116  8.5443401462E+01 1.8E+00    78 2.1E-04      F  F
     34   1   116  8.5431513264E+01 1.9E+00    78 1.4E-04      F  F
     35   1   116  8.5422152341E+01 2.0E+00    78 1.1E-04      F  F
     36   1   116  8.5411092622E+01 2.0E+00    78 1.3E-04      F  F
     37   1   116  8.5402739919E+01 2.2E+00    78 9.8E-05      F  F
     38   1   116  8.5397423117E+01 2.1E+00    78 6.4E-05      F  F
     39   1   116  8.5374490951E+01 1.8E+00    78 2.9E-04      F  F
 
   Iter Phase Ninf   Infeasibility   RGmax    NSB   Step InItr MX OK
     40   1   116  8.5361731271E+01 1.9E+00    78 1.7E-04      F  F
     41   1   116  8.5351806713E+01 2.0E+00    78 1.3E-04      F  F
     42   1   116  8.5322169420E+01 1.8E+00    78 4.0E-04      F  F
     43   1   116  8.5300077257E+01 1.8E+00    78 3.0E-04      F  F
     44   1   116  8.5285703059E+01 1.8E+00    78 2.0E-04      F  F
     45   1   116  8.5276443613E+01 1.9E+00    78 1.3E-04      F  F
     46   1   116  8.5240420573E+01 3.1E+00    78 5.0E-04      F  F
     47   1   116  8.5218359565E+01 1.8E+00    78 3.2E-04      F  F
     48   1   116  8.5204159799E+01 1.9E+00    78 2.0E-04      F  F
     49   1   116  8.5195317554E+01 2.0E+00    78 1.2E-04      F  F
 
   Iter Phase Ninf   Infeasibility   RGmax    NSB   Step InItr MX OK
     50   1   116  8.5190098408E+01 2.3E+00    78 7.1E-05      F  F
     51   1   116  8.5185892004E+01 2.4E+00    78 5.8E-05      F  F
     52   1   116  8.5180499081E+01 2.2E+00    78 7.9E-05      F  F
     53   1   115  8.5174495063E+01 1.9E+00    78 9.5E-05      T  T
     54   1   115  8.5168999544E+01 2.0E+00    77 9.0E-05      F  F
     55   1   115  8.5148091888E+01 1.8E+00    77 3.7E-04      F  F
     56   1   115  8.5132921566E+01 1.8E+00    77 2.7E-04      F  F
     57   1   115  8.5123140226E+01 1.8E+00    77 1.7E-04      F  F
     58   1   115  8.5115362840E+01 1.8E+00    77 1.4E-04      F  F
     59   1   115  8.5111008682E+01 2.0E+00    77 7.7E-05      F  F
 
   Iter Phase Ninf   Infeasibility   RGmax    NSB   Step InItr MX OK
     60   1   115  8.5106563011E+01 2.0E+00    77 8.4E-05      F  F
     61   1   115  8.5092621392E+01 1.8E+00    77 2.9E-04      F  F
     62   1   115  8.5083674566E+01 1.8E+00    77 1.9E-04      F  F
     63   1   115  8.5077930611E+01 1.9E+00    77 1.2E-04      F  F
     64   1   115  8.5073429678E+01 2.0E+00    77 9.3E-05      F  F
     65   1   115  8.5034275493E+01 1.8E+00    77 8.8E-04      F  F
     66   1   115  8.5006033605E+01 1.8E+00    77 6.4E-04      F  F
     67   1   115  8.4987617135E+01 1.8E+00    77 4.2E-04      F  F
     68   1   115  8.4975550303E+01 1.8E+00    77 2.8E-04      F  F
     69   1   115  8.4967706494E+01 1.8E+00    77 1.8E-04      F  F
 
   Iter Phase Ninf   Infeasibility   RGmax    NSB   Step InItr MX OK
     70   1   115  8.4962664793E+01 1.9E+00    77 1.2E-04      F  F
     71   1   115  8.4958690142E+01 2.0E+00    77 8.9E-05      F  F
     72   1   115  8.4882514432E+01 1.8E+00    77 1.9E-03      F  F
     73   1   115  8.4808872341E+01 1.8E+00    77 1.8E-03      F  F
     74   1   115  8.4760539100E+01 1.8E+00    77 1.2E-03      F  F
     75   1   115  8.4728808180E+01 1.8E+00    77 8.0E-04      F  F
     76   1   115  8.4707992830E+01 1.8E+00    77 5.2E-04      F  F
     77   1   115  8.4694348425E+01 1.8E+00    77 3.4E-04      F  F
     78   1   115  8.4685480125E+01 1.8E+00    77 2.2E-04      F  F
     79   1   115  8.4679776978E+01 1.8E+00    77 1.4E-04      F  F
 
   Iter Phase Ninf   Infeasibility   RGmax    NSB   Step InItr MX OK
     80   1   115  8.4675296582E+01 1.8E+00    77 1.1E-04      F  F
     81   1   115  8.4615072688E+01 1.8E+00    77 1.6E-03      F  F
     82   1   115  8.4576218528E+01 1.8E+00    77 1.0E-03      F  F
     83   1   115  8.4552208587E+01 1.8E+00    77 6.5E-04      F  F
     84   1   115  8.4535074876E+01 1.8E+00    77 4.6E-04      F  F
     85   1   115  8.4523861739E+01 1.8E+00    77 3.0E-04      F  F
     86   1   115  8.4516602510E+01 1.9E+00    77 1.9E-04      F  F
     87   1   115  8.4511974021E+01 2.0E+00    77 1.2E-04      F  F
     88   1   115  8.4506265716E+01 2.9E+00    77 1.5E-04      F  F
     89   1   115  8.4462310098E+01 1.8E+00    77 1.4E-03      F  F
 
   Iter Phase Ninf   Infeasibility   RGmax    NSB   Step InItr MX OK
     90   1   115  8.4442982121E+01 1.8E+00    77 6.2E-04      F  F
     91   1   115  8.4429050334E+01 1.8E+00    77 4.5E-04      F  F
     92   1   115  8.4420370958E+01 1.8E+00    77 2.8E-04      F  F
     93   1   115  8.4414720625E+01 1.8E+00    77 1.8E-04      F  F
     94   1   115  8.4411063139E+01 1.9E+00    77 1.2E-04      F  F
     95   1   115  8.4408738907E+01 2.0E+00    77 7.3E-05      F  F
     96   1   115  8.4378447660E+01 1.8E+00    77 1.1E-03      F  F
     97   1   115  8.4346182565E+01 3.5E+00    81 8.0E-04      F  F
     98   1   115  8.4324045971E+01 2.5E+00   115 6.1E-04      F  F
     99   1   115  8.4311797362E+01 2.5E+00   152 3.3E-04      F  F
 
   Iter Phase Ninf   Infeasibility   RGmax    NSB   Step InItr MX OK
    100   1   115  8.4307804420E+01 2.5E+00   152 1.0E-04      F  F
    101   1   115  8.4248592180E+01 2.5E+00   152 1.8E-03      F  F
    102   1   115  8.4181196454E+01 2.1E+00   152 2.2E-03      F  F
    103   1   115  8.4156423970E+01 1.8E+00   152 9.4E-04      F  F
    104   1   115  8.4144930237E+01 1.8E+00   152 4.3E-04      F  F
    105   1   115  8.4139899194E+01 1.9E+00   152 1.9E-04      F  F
    106   1   115  8.4137707228E+01 2.2E+00   152 7.9E-05      F  F
    107   1   115  8.4080488242E+01 1.8E+00   152 2.5E-03      F  F
    108   1   115  8.4043190253E+01 1.8E+00   152 1.7E-03      F  F
    109   1   115  8.4023226913E+01 1.8E+00   152 9.2E-04      F  F
 
   Iter Phase Ninf   Infeasibility   RGmax    NSB   Step InItr MX OK
    110   1   115  8.4013968852E+01 1.8E+00   152 4.2E-04      F  F
    111   1   115  8.4009725613E+01 1.9E+00   152 1.9E-04      F  F
    112   1   115  8.3823787772E+01 1.8E+00   152 9.9E-03      F  F
    113   1   115  8.3744833545E+01 1.8E+00   152 4.3E-03      F  F
    114   1   115  8.3705197964E+01 1.8E+00   152 2.2E-03      F  F
    115   1   115  8.3685332360E+01 1.8E+00   152 1.1E-03      F  F
    116   1   115  8.3676987849E+01 1.8E+00   152 4.5E-04      F  F
    117   1   115  8.3672312019E+01 1.9E+00   152 2.5E-04      F  F
    118   1   115  8.3667958663E+01 1.9E+00   152 2.4E-04      F  F
    119   1   115  8.3666465236E+01 2.3E+00   152 7.2E-05      F  F
 
   Iter Phase Ninf   Infeasibility   RGmax    NSB   Step InItr MX OK
    120   1   115  8.3574929501E+01 1.8E+00   152 6.9E-03      F  F
    121   1   115  8.3535390356E+01 1.8E+00   152 3.1E-03      F  F
    122   1   115  8.3519170233E+01 1.8E+00   152 1.3E-03      F  F
    123   1   115  8.3506755698E+01 1.8E+00   152 9.6E-04      F  F
    124   1   115  8.3501546910E+01 1.8E+00   152 4.0E-04      F  F
    125   1   115  8.3498625811E+01 1.8E+00   152 2.2E-04      F  F
    126   1   115  8.2194784098E+01 1.8E+00   152 1.2E-01      F  F
    127   1   115  8.1674414161E+01 1.8E+00   152 5.1E-02      F  F
    128   1   115  8.1462600073E+01 1.8E+00   152 2.1E-02      F  F
    129   1   115  8.1338226416E+01 1.8E+00   152 1.2E-02      F  F
 
   Iter Phase Ninf   Infeasibility   RGmax    NSB   Step InItr MX OK
    130   1   115  8.1265152866E+01 1.8E+00   152 7.1E-03      F  F
    131   1   115  8.1222222529E+01 1.8E+00   152 4.2E-03      F  F
    132   1   115  8.1197001652E+01 1.8E+00   152 2.5E-03      F  F
    133   1   115  8.1182186317E+01 1.8E+00   152 1.4E-03      F  F
    134   1   115  8.1170843181E+01 1.8E+00   152 1.1E-03      F  F
    135   1   115  8.1166075779E+01 1.8E+00   152 4.6E-04      F  F
    136   1   115  8.1163387712E+01 1.9E+00   152 2.5E-04      F  F
    137   1   115  8.1047735910E+01 1.8E+00   152 1.4E-02      F  F
    138   1   115  8.1009152299E+01 1.8E+00   152 5.0E-03      F  F
    139   1   115  8.0986484725E+01 1.8E+00   152 2.9E-03      F  F
 
   Iter Phase Ninf   Infeasibility   RGmax    NSB   Step InItr MX OK
    140   1   115  8.0973167424E+01 1.8E+00   152 1.7E-03      F  F
    141   1   115  8.0963659210E+01 1.8E+00   152 1.2E-03      F  F
    142   1   115  8.0958563662E+01 1.8E+00   152 6.5E-04      F  F
    143   1   115  8.0956408191E+01 1.9E+00   152 2.7E-04      F  F
    144   1   115  8.0862346955E+01 2.4E+00   152 1.6E-02      F  F
    145   1   115  8.0827053324E+01 1.8E+00   152 6.7E-03      F  F
    146   1   115  8.0813051738E+01 1.8E+00   152 2.6E-03      F  F
    147   1   115  8.0807086061E+01 1.8E+00   152 1.1E-03      F  F
    148   1   115  8.0806163821E+01 7.0E+00   152 3.3E-05      F  T
    149   2   114  7.3928827294E+01 1.9E+00   152 4.2E+04      T  T
 
   Iter Phase Ninf   Infeasibility   RGmax    NSB   Step InItr MX OK
    150   1   113  6.1143689178E+01 5.0E-01   151 4.6E+00      T  T
    151   1   112  6.0801572557E+01 5.0E-01   150 1.4E-01      T  T
    152   1   111  6.0444436449E+01 5.0E-01   149 1.6E-01      T  T
    153   1   110  6.0062217389E+01 5.0E-01   148 1.9E-01      T  T
    154   1   109  5.9703010500E+01 5.0E-01   147 2.0E-01      T  T
    155   1   108  4.8508270368E+01 2.5E-01   146 5.4E-01    3 T  T
    156   1   107  4.7813571494E+01 4.9E+07    40 1.0E+00   12 T  T
    157   1   104  4.6666557300E+01 4.8E+07    28 1.0E+00   10 T  T
    158   1    89  4.1346855169E+01 5.7E+07    18 1.0E+00   15 T  T
    159   1    89  3.9189384908E+01 1.6E+04   118 9.3E-02   20 F  F
 
   Iter Phase Ninf   Infeasibility   RGmax    NSB   Step InItr MX OK
    160   1    68  3.8701354367E+01 9.9E+05    60 1.0E+00    8 T  T
    161   1    53  3.8544167725E+01 9.9E+05    74 1.0E+00   12 T  T
    162   1    43  3.8511003404E+01 2.5E+05    78 1.0E+00   10 T  T
    163   1    43  3.7241865013E+01 5.8E+03    67 7.6E-02   17 F  F
    164   1    43  3.7180962763E+01 1.5E+04    64 6.6E-02    3 F  F
    165   1    43  3.7102088425E+01 3.7E+04    64 3.2E-11      F  F
    166   1    42  3.5674217817E+01 1.6E+05    64 2.2E-11      T  T
    167   1    42  3.4878617893E+01 5.1E+05    63 1.7E-12      F  F
    168   1    41  3.4416715267E+01 1.6E+06    63 1.5E-13      T  T
    169   1    41  3.4416704578E+01 1.6E+00    62 1.0E-06      F  F
 
   Iter Phase Ninf   Infeasibility   RGmax    NSB   Step InItr MX OK
    170   1    40  3.4416661491E+01 2.2E+01    62 1.2E-07      T  T
    171   1    39  3.4270505469E+01 1.0E+00    61 1.9E-02      T  T
    172   1    39  2.7650598948E+01 1.0E+00    60 9.7E-01      T  T
    173   1    39  2.7575721434E+01 1.0E+00    59 1.0E+00    3 T  T
    174   1    39  2.4233047410E+01 1.6E+01    56 5.4E-01    8 F  F
    175   1    34  2.3147664192E+01 1.0E+00    57 1.0E+00    6 T  T
    176   1    27  1.9260480686E+01 5.2E-01    53 1.0E+00    9 T  T
    177   1    19  1.0677348979E+01 1.0E+00    78 1.0E+00   14 T  T
    178   1    19  1.0569774410E+01 2.1E+01   111 5.6E-02   22 F  F
    179   1    19  1.0462603560E+01 1.0E+00   100 4.3E-01    4 F  F
 
   Iter Phase Ninf   Infeasibility   RGmax    NSB   Step InItr MX OK
    180   1    19  1.0412580266E+01 1.0E+00   100 8.7E-03      T  T
    181   1    19  1.0393867195E+01 1.0E+00    99 3.9E-03      T  T
    182   1    19  1.0380636641E+01 1.0E+00    98 3.5E-03      T  T
    183   1    19  1.0365618940E+01 1.0E+00    97 5.4E-03      T  T
    184   1    19  1.0155598295E+01 5.0E-01    96 1.2E-01      T  T
    185   1    19  1.0140957577E+01 5.0E-01    95 9.7E-03      T  T
    186   1    19  1.0130407740E+01 5.0E-01    94 8.4E-03      T  T
    187   1    19  1.0125057218E+01 5.0E-01    93 5.3E-03      T  T
    188   1    19  1.0123197228E+01 5.0E-01    92 2.4E-03      T  T
    189   1    19  1.0123034216E+01 5.0E-01    91 3.2E-04      T  T
 
   Iter Phase Ninf   Infeasibility   RGmax    NSB   Step InItr MX OK
    190   1    19  1.0122402275E+01 5.0E-01    90 2.4E-03      T  T
    191   1    19  1.0109779393E+01 6.9E-02    89 1.2E+00      T  T
    192   1    19  9.8802051613E+00 5.8E-01    89 1.0E+00    3 T  T
    193   1    19  9.5177844916E+00 7.2E+00    91 1.6E-01    8 T  T
    194   1    18  9.2657756552E+00 1.1E+00    90 1.0E+00    3 T  T
    195   1    16  7.6412380923E+00 4.7E-02    88 1.0E+00    8 T  T
    196   1    13  5.8743724099E+00 8.5E-01    92 1.0E+00    6 T  T
    197   1     8  4.6507665280E+00 9.2E-01    95 1.0E+00   11 T  T
    198   1     8  3.4001614634E+00 9.0E-01    91 1.0E+00   16 T  T
    199   1     2  2.7072966696E+00 7.0E-01    89 1.0E+00   22 T  T
 
   Iter Phase Ninf   Infeasibility   RGmax    NSB   Step InItr MX OK
    200   0        2.7072976937E+00
    201   0     1  2.7072976937E+00               0.0E+00      T  T
    202   0     1  2.7072976937E+00               0.0E+00      T  T
    203   0     1  2.7072976937E+00               0.0E+00      T  T
    204   0     1  2.7072976937E+00               0.0E+00      T  T
    205   0     1  2.7072966378E+00               1.0E+00      F  T
    206   1     1  2.7072965966E+00 5.1E-01    77 1.4E-07      T  T
    207   1     1  2.7072905679E+00 1.1E-01    76 2.0E-04      T  T
    208   1     1  2.7072192554E+00 3.0E-01    76 6.1E-04      T  T
    209   1     1  2.7071427060E+00 3.0E-01    75 6.5E-04      T  T
 
   Iter Phase Ninf   Infeasibility   RGmax    NSB   Step InItr MX OK
    210   1     1  2.7068832455E+00 3.0E-01    74 2.2E-03      T  T
    211   1     1  2.7046138577E+00 1.8E-01    74 1.0E+00    3 T  T
    212   1     1  2.2124886778E+00 4.0E-01    72 1.0E+00    6 T  T
    213   1     1  1.8758514202E+00 2.0E-01    71 5.0E-01   13 F  F
    214   1     1  1.6094097955E+00 1.5E-01    73 7.4E-01    6 F  F
    215   1     1  1.5907114627E+00 1.5E-01    73 7.0E-01      T  T
    216   1     1  1.5906887106E+00 2.6E-02    72 4.9E-03      F  F
    217   1     1  1.5395034522E+00 2.7E-02    72 1.0E+01      T  T
    218   1     1  1.5395034522E+00 2.7E-02    71 0.0E+00      T  T
    219   1     1  1.5395075343E+00 1.3E+03    71 0.0E+00      F  F
 
   Iter Phase Ninf   Infeasibility   RGmax    NSB   Step InItr MX OK
    220   1     1  1.5247084245E+00 1.6E+00    71 5.8E-03      T  T
    221   1     1  1.5215359155E+00 2.6E-02    70 9.1E-01      T  T
    222   1     1  1.5215359159E+00 2.6E-02    69 0.0E+00      T  T
    223   1     1  1.4224343778E+00 1.8E-02    69 1.0E+00    3 T  T
    224   1     1  1.4196610703E+00 1.3E-01    78 1.1E-01   11 F  F
    225   1     1  1.4144493574E+00 1.4E-02    78 1.0E+00    3 T  T
    226   1     1  1.4009378572E+00 5.3E-01    75 1.0E+00    7 T  T
    227   1     1  1.3994790568E+00 1.5E-03    72 2.5E-01   13 F  F
    228   0        1.3994799635E+00
    229   0     1  1.3994799635E+00               0.0E+00      T  T
 
   Iter Phase Ninf   Infeasibility   RGmax    NSB   Step InItr MX OK
    230   0     1  1.3994799635E+00               0.0E+00      T  T
    231   0     1  1.3994799635E+00               0.0E+00      T  T
    232   0     1  1.3994790576E+00               1.0E+00      F  T
    233   1     1  1.3994258569E+00 1.3E-03    72 1.2E+01      T  T
    234   1     1  1.3994255717E+00 1.3E-03    71 7.2E-02      F  F
    235   1     1  1.3988155353E+00 1.3E-03    71 1.5E+02      T  T
    236   1     1  1.3978890711E+00 1.4E-03    70 2.3E+02      T  T
    237   1     1  1.3965268092E+00 9.4E-04    69 5.1E+02      T  T
    238   1     1  1.3909327284E+00 2.3E-03    68 1.9E-01    3 F  F
    239   1     1  1.3860635464E+00 5.2E-03    83 1.0E+00    1 T  T
 
   Iter Phase Ninf   Infeasibility   RGmax    NSB   Step InItr MX OK
    240   1     1  1.3643265456E+00 5.4E-03    83 5.0E-01    6 F  F
    241   1     1  1.3022277974E+00 1.1E-02    83 1.0E+00    3 T  T
    242   1     1  1.2285615641E+00 2.3E-02    80 1.0E+00    8 T  T
    243   1     1  1.0202176313E+00 1.1E+02    88 1.2E-01   13 F  F
 
 ** Feasible solution. Value of objective =   -5.79863964765
 
   Iter Phase Ninf     Objective     RGmax    NSB   Step InItr MX OK
    244   3       -3.5393846435E+00 4.7E+06    89 1.0E+00    1 F  T
    245   3        9.2999446435E-01 1.4E+01    88 1.0E+00    3 T  T
    246   3        1.4312924108E+00 2.2E+05    86 1.0E+00    5 T  T
    247   3        1.8265995222E+00 1.8E+00    81 1.0E+00    1 T  T
    248   3        2.0210130850E+00 9.5E+04    82 1.0E+00    2 T  T
    249   3        2.8227121289E+00 6.2E+04    81 9.8E-01    3 T  T
    250   3        2.8264345244E+00 2.7E+04    81 1.0E+00    1 F  T
    251   3        2.8306042554E+00 7.0E-02    80 3.5E-01      T  T
    252   3        2.8306042554E+00 4.7E-02    79 0.0E+00      T  T
    253   3        2.8353687193E+00 4.7E-02    78 7.1E-01      T  T
 
   Iter Phase Ninf     Objective     RGmax    NSB   Step InItr MX OK
    254   3        2.8353687193E+00 4.7E-02    77 0.0E+00      T  T
    255   3        2.8353700495E+00 1.1E+03    77 6.1E-13      F  F
    256   3        2.8513849436E+00 5.7E-01    79 3.5E-02      T  T
    257   3        2.8632170987E+00 4.3E-01    78 1.3E-01      F  T
    258   3        2.8733547018E+00 1.9E-01    78 3.2E-01      F  T
    259   3        2.8821619755E+00 2.7E-01    78 1.5E-01      F  T
    260   4        2.9508027580E+00 2.2E-01    78 1.3E+01      F  T
    261   4        3.0229764106E+00 6.6E-01    78 1.0E+00    2 T  T
    262   4        3.1708210001E+00 1.4E+00    77 6.9E-01    6 F  F
    263   4        3.2242402859E+00 3.9E-01    73 1.0E+00    3 T  T
 
   Iter Phase Ninf     Objective     RGmax    NSB   Step InItr MX OK
    264   4        3.3599089297E+00 6.4E-02    71 1.0E+00    5 T  T
    265   4        3.4672036727E+00 3.3E-02    68 1.0E+00    8 T  T
    266   4        3.5692030730E+00 1.6E-02    64 1.0E+00    9 T  T
    267   4        3.6444930746E+00 2.5E-01    60 1.0E+00    3 T  T
    268   4        3.6444941598E+00 2.0E-03    58 1.0E+00      F  T
    269   4        3.6472822674E+00 3.2E-02    58 1.0E+00   11 T  T
    270   4        3.6627061715E+00 7.8E-03    58 1.0E+00   14 T  T
    271   4        3.6631745645E+00 2.2E-04    52 1.0E+00   28 T  T
    272   4        3.6633325247E+00 6.1E-02    43 1.0E+00   27 T  T
    273   3        3.6633339706E+00 2.2E-01    36 3.2E-05      F  T
 
 ** Loss of feasibility while tightening tolerances - Return to phase 0.
 
   Iter Phase Ninf   Infeasibility   RGmax    NSB   Step InItr MX OK
    274   0        1.0719660333E-05
    275   0     0  1.0719660333E-05               0.0E+00      T  T
    276   0     0  1.0719660333E-05               0.0E+00      T  T
    277   0     0  1.0719660333E-05               0.0E+00      T  T
    278   0     0  1.0719660333E-05               0.0E+00      T  T
    279   0     0  1.0719660333E-05               0.0E+00      T  T
    280   0     0  1.0719660333E-05               0.0E+00      T  T
    281   0     0  1.3304453799E-10               1.0E+00      F  T
 
 ** Feasible solution. Value of objective =    3.66333397363
 
   Iter Phase Ninf     Objective     RGmax    NSB   Step InItr MX OK
    282   3        3.6633339759E+00 2.7E-04    36 2.6E-02      T  T
    283   3        3.6633389375E+00 9.5E-05    35 8.3E+02      F  T
    284   3        3.6633420904E+00 4.6E-04    35 3.2E+01      F  T
    285   4        3.6633432804E+00 9.5E-05    35 3.8E+00      F  T
    286   4        3.6633460060E+00 1.2E-04    35 1.0E+00    2 F  T
    287   4        3.6633730470E+00 1.9E-04    35 1.0E+00    7 F  T
    288   4        3.6633881547E+00 2.1E-05    34 1.0E+00   13 F  T
    289   4        3.6634090440E+00 3.5E-05    33 1.0E+00   16 T  T
    290   4        3.6635917029E+00 4.3E-04    37 3.8E-01   20 T  T
    291   4        3.6636063302E+00 9.1E+00    36 1.0E+00    2 T  T
 
   Iter Phase Ninf     Objective     RGmax    NSB   Step InItr MX OK
    292   3        3.6636901819E+00 2.2E-03    35 1.9E+01      F  F
    293   3        3.6638222765E+00 2.4E-04    35 2.6E+03      T  T
    294   3        3.6638235959E+00 1.9E-04    34 4.2E+01      F  T
    295   3        3.6638235959E+00 1.3E-04    34 0.0E+00      T  T
    296   3        3.6638238349E+00 4.9E-03    33 1.9E-02      F  T
    297   3        3.6638288334E+00 2.8E-02    33 1.3E-02      F  T
    298   4        3.6638288525E+00 8.7E-03    33 4.8E-02      F  T
    299   4        3.6638404642E+00 8.1E-03    33 2.9E-01    2 F  T
    300   4        3.6638429995E+00 1.6E-02    33 2.6E-01    2 F  T
    301   4        3.6638214793E+00 9.0E-03    33 1.0E+00      F  T
 
   Iter Phase Ninf     Objective     RGmax    NSB   Step InItr MX OK
    302   4        3.6638237392E+00 9.2E-04    34 2.0E+00      F  T
    303   4        3.6638242528E+00 1.3E-02    34 1.0E+00    2 T  T
    304   4        3.6638244085E+00 2.4E-04    33 4.7E-01    9 F  T
    305   4        3.6638342299E+00 2.4E-02    33 3.3E-01    2 F  T
    306   4        3.6638347579E+00 7.5E-03    33 1.8E-01    2 F  T
    307   4        3.6638363828E+00 6.1E-03    33 7.4E-01      F  T
    308   4        3.6638363845E+00 1.4E-03    33 1.2E-02      F  T
    309   4        3.6638423438E+00 3.0E-03    33 8.2E-01    4 F  T
    310   4        3.6638613908E+00 3.0E-02    33 3.4E-01      F  T
    311   4        3.6638659611E+00 4.4E-03    34 1.2E-01    2 F  T
 
   Iter Phase Ninf     Objective     RGmax    NSB   Step InItr MX OK
    312   4        3.6638688040E+00 2.9E-02    34 1.4E-01    1 F  T
    313   4        3.6638689072E+00 1.7E-02    34 5.6E-03      F  T
    314   4        3.6638690013E+00 1.7E-02    34 5.2E-03      F  T
    315   4        3.6638040023E+00 1.7E-02    34 1.3E-02      T  T
    316   4        3.6638040023E+00 6.5E-03    33 9.2E-19    3 F  F
    317   4        3.6638211056E+00 2.1E-03    33 1.0E+00    1 F  T
    318   4        3.6638242929E+00 3.7E-03    33 1.0E+00    5 F  T
    319   4        3.6638246849E+00 6.1E-04    33 2.9E-01   19 F  T
    320   4        3.6638251098E+00 3.1E-03    33 1.0E+00    3 F  T
    321   4        3.6638251891E+00 2.9E-03    33 1.0E+00    1 F  T
 
   Iter Phase Ninf     Objective     RGmax    NSB   Step InItr MX OK
    322   4        3.6638251891E+00 2.9E-05    33 1.0E-05   11 F  T
    323   4        3.6638252645E+00 3.5E-05    31 5.8E-02    3 F  T
    324   4        3.6638252891E+00 6.7E-04    31 5.8E-02      F  T
    325   4        3.6638253876E+00 2.0E-03    31 2.1E+00      F  T
    326   4        3.6638254125E+00 1.7E-03    31 1.0E+00    1 F  T
    327   4        3.6638255085E+00 7.7E-05    33 3.1E-02    6 F  T
    328   4        3.6638255970E+00 2.9E-03    32 1.0E+00    5 F  T
    329   4        3.6638255970E+00 1.0E-03    32 1.6E-06    5 F  F
    330   4        3.6638255970E+00 1.0E-03    32 1.8E-03    1 F  T
    331   4        3.6638255974E+00 4.0E-04    32 6.9E-01    1 F  T
 
   Iter Phase Ninf     Objective     RGmax    NSB   Step InItr MX OK
    332   4        3.6638256008E+00 5.4E-05    32 1.0E+00      F  T
    333   4        3.6638256010E+00 3.5E-05    32 1.0E+00      F  T
    334   4        3.6638256020E+00 1.5E-05    32 1.0E+00    4 F  T
    335   4        3.6638256879E+00 1.6E-05    32 3.0E-02    2 F  T
    336   4        3.6638258330E+00 1.7E-03    32 1.0E+00    3 F  T
    337   4        3.6638259496E+00 2.2E-03    32 1.0E+00    3 F  T
    338   4        3.6638260265E+00 1.2E-03    32 6.5E-01    2 F  T
    339   4        3.6638261310E+00 2.0E-03    32 1.0E+00    2 F  T
    340   4        3.6638262078E+00 1.3E-03    32 8.1E-01    2 F  T
    341   4        3.6638263442E+00 2.1E-03    32 2.0E+00    2 F  T
 
   Iter Phase Ninf     Objective     RGmax    NSB   Step InItr MX OK
    342   4        3.6638264857E+00 2.2E-03    32 1.9E+00    3 F  T
    343   4        3.6638265566E+00 1.4E-03    32 1.0E+00    3 F  T
    344   4        3.6638266372E+00 2.1E-03    32 1.0E+00    2 F  T
    345   4        3.6638266851E+00 9.4E-04    32 7.0E-01    3 F  T
    346   4        3.6638267631E+00 2.4E-03    32 1.0E+00    2 F  T
    347   4        3.6638268058E+00 7.1E-04    32 4.8E-01    3 F  T
    348   4        3.6638268721E+00 2.1E-03    32 1.0E+00    3 F  T
    349   4        3.6638269132E+00 1.0E-03    32 5.7E-01    2 F  T
    350   4        3.6638269703E+00 1.8E-03    32 1.0E+00    2 F  T
    351   4        3.6638270187E+00 1.5E-03    32 1.0E+00    2 F  T
 
   Iter Phase Ninf     Objective     RGmax    NSB   Step InItr MX OK
    352   4        3.6638270735E+00 2.1E-03    32 1.0E+00    3 F  T
    353   4        3.6638271064E+00 1.0E-03    32 5.3E-01    2 F  T
    354   4        3.6638271523E+00 1.7E-03    32 1.0E+00    2 F  T
    355   4        3.6638271952E+00 1.7E-03    32 1.0E+00    2 F  T
    356   4        3.6638272366E+00 1.8E-03    32 1.0E+00    2 F  T
    357   4        3.6638272741E+00 1.6E-03    32 1.0E+00    3 F  T
    358   4        3.6638273127E+00 2.0E-03    32 1.0E+00    2 F  T
    359   4        3.6638273392E+00 1.3E-03    32 1.0E+00    3 F  T
    360   4        3.6638273609E+00 2.9E-03    32 1.0E+00    1 F  T
    361   4        3.6638273965E+00 4.4E-05    32 9.7E-03   10 F  T
 
   Iter Phase Ninf     Objective     RGmax    NSB   Step InItr MX OK
    362   4        3.6638274642E+00 8.7E-04    31 5.0E+00    1 F  T
    363   4        3.6638277782E+00 2.7E-03    31 1.0E+00    2 F  T
    364   4        3.6638279184E+00 7.0E-03    31 1.0E+00    3 F  T
    365   4        3.6638279530E+00 3.2E-04    32 1.6E-01    4 F  T
    366   4        3.6638280017E+00 2.3E-03    32 1.0E+00    2 F  T
    367   4        3.6638280500E+00 2.5E-03    32 1.0E+00    3 F  T
    368   4        3.6638280917E+00 2.2E-03    32 1.0E+00    2 F  T
    369   4        3.6638281394E+00 3.1E-03    32 1.0E+00    2 F  T
    370   4        3.6638281681E+00 1.5E-03    32 5.2E-01    2 F  T
    371   4        3.6638281777E+00 2.5E-03    32 1.0E+00    1 F  T
 
   Iter Phase Ninf     Objective     RGmax    NSB   Step InItr MX OK
    372   4        3.6638282557E+00 1.4E-05    32 2.1E-02    8 F  T
    373   4        3.6638285041E+00 3.2E-03    31 1.0E+00    2 F  T
    374   4        3.6638285392E+00 3.3E-03    31 1.0E+00    2 F  T
    375   4        3.6638285725E+00 1.6E-03    31 1.0E+00    3 F  T
    376   4        3.6638285771E+00 1.7E-03    31 1.0E+00    1 F  T
    377   4        3.6638287977E+00 2.3E-06    33 2.1E-02    6 F  T
    378   4        3.6638291511E+00 4.5E-03    32 1.0E+00    4 T  T
    379   3        3.6638291511E+00 3.3E-03    37 0.0E+00      T  T
    380   3        3.6638291648E+00 3.1E-03    34 1.5E-03      F  T
    381   3        3.6638291648E+00 2.7E-05    34 2.0E-03      F  T
 
   Iter Phase Ninf     Objective     RGmax    NSB   Step InItr MX OK
    382   4        3.6638291654E+00 1.8E-05    34 1.1E+03      F  T
    383   4        3.6638291891E+00 5.0E-05    34 6.9E-01    4 F  T
    384   4        3.6638291950E+00 1.5E-03    34 1.0E+00    2 F  T
    385   4        3.6638292091E+00 1.5E-04    34 2.6E-02    8 F  T
    386   4        3.6638292181E+00 3.3E-04    34 1.0E+00    2 F  T
    387   4        3.6638292658E+00 6.9E-06    35 1.1E-01    7 F  T
    388   4        3.6638293328E+00 3.3E-03    35 1.5E+00    4 F  T
    389   4        3.6638293960E+00 4.0E-03    35 1.7E+00    2 F  T
    390   4        3.6638294517E+00 9.0E-04    35 2.7E-01    6 F  T
    391   4        3.6638294651E+00 3.6E-03    35 1.0E+00    1 F  T
 
   Iter Phase Ninf     Objective     RGmax    NSB   Step InItr MX OK
    392   4        3.6638295098E+00 1.4E-05    35 3.9E-02    6 F  T
    393   4        3.6638295999E+00 4.4E-03    35 1.0E+00    4 F  T
    394   4        3.6638296394E+00 2.4E-03    35 6.1E-01    3 F  T
    395   4        3.6638296941E+00 4.2E-03    35 1.0E+00    3 F  T
    396   4        3.6638297018E+00 3.0E-03    35 1.0E+00    1 F  T
    397   4        3.6638297452E+00 1.9E-05    35 3.2E-02   10 F  T
    398   4        3.6638298275E+00 4.2E-03    35 1.0E+00    4 F  T
    399   4        3.6638298770E+00 3.6E-03    35 1.0E+00    3 F  T
    400   4        3.6638299349E+00 5.5E-03    35 1.0E+00    3 F  T
    401   4        3.6638299390E+00 2.5E-03    35 1.0E+00    1 F  T
 
   Iter Phase Ninf     Objective     RGmax    NSB   Step InItr MX OK
    402   4        3.6638299829E+00 1.7E-05    35 2.8E-02    9 F  T
    403   4        3.6638301125E+00 4.3E-03    35 1.0E+00    4 F  T
    404   4        3.6638301422E+00 1.1E-03    35 1.7E-01    4 F  T
    405   4        3.6638301808E+00 2.7E-03    35 7.0E-01    3 F  T
    406   4        3.6638302087E+00 7.2E-03    35 1.0E+00    1 F  T
    407   4        3.6638302552E+00 2.6E-05    35 4.1E-02    9 F  T
    408   4        3.6638303981E+00 6.5E-03    35 9.3E-02    2 F  T
    409   4        3.6638304822E+00 7.1E-04    35 4.2E-01    2 F  T
    410   4        3.6638304989E+00 9.2E-03    35 1.5E-01      F  T
    411   4        3.6638305488E+00 2.7E-03    35 1.0E+00      F  T
 
   Iter Phase Ninf     Objective     RGmax    NSB   Step InItr MX OK
    412   4        3.6638306367E+00 4.6E-03    35 7.2E-02    2 F  T
    413   4        3.6638307857E+00 1.2E-02    35 4.1E-02    2 F  T
    414   4        3.6638307921E+00 7.6E-04    36 4.8E-03      F  T
    415   4        3.6638307925E+00 3.8E-03    36 4.5E-04      T  T
 
 ** Feasible solution. The tolerances are minimal and
    there is no change in objective although the reduced
    gradient is greater than the tolerance.
 
--- Reading solution for model sdgfinance
--- SDG Egypt Model v4 arg.gms(457) 46 Mb  85 secs
--- Executing after solve: elapsed 0:01:26.987
--- SDG Egypt Model v4 arg.gms(473) 46 Mb
--- GDX File (execute_unload) D:\Github\Wi2050\SDG Financing Simplified model (Egypt)\v4_commented and cleaned - for calibration\auxiliary\modeloutput_arg.gdx
--- SDG Egypt Model v4 arg.gms(478) 46 Mb

GDXXRW           37.1.0 r07954d5 Released Nov 11, 2021 WEI x86 64bit/MS Window
Input file : D:\Github\Wi2050\SDG Financing Simplified model (Egypt)\v4_commented and cleaned - for calibration\auxiliary\modeloutput_arg.gdx
Output file: D:\Github\Wi2050\SDG Financing Simplified model (Egypt)\v4_commented and cleaned - for calibration\output\modeloutput_arg.xlsx
Total time = 469 Ms
*** Status: Normal completion
--- Job SDG Egypt Model v4 arg.gms Stop 08/13/22 13:53:32 elapsed 0:01:27.534
