--- Job SDG Egypt Model v4 egy.gms Start 08/13/22 11:01:39 37.1.0 r07954d5 WEX-WEI x86 64bit/MS Windows
--- Applying:
    D:\Program\37GAMS\gmsprmNT.txt
--- GAMS Parameters defined
    Input "C:\Users\Yunjie\Desktop\Wi2050\SDG Financing Simplified model (Egypt)\v4_commented and cleaned - for calibration\SDG Egypt Model v4 egy.gms"
    PageSize 0
    ScrDir "C:\Users\Yunjie\Desktop\Wi2050\SDG Financing Simplified model (Egypt)\v4_commented and cleaned - for calibration\225a\"
    SysDir D:\Program\37GAMS\
    LogOption 3
    ErrMsg 1
    ErrorLog 99
    IDE 1
    LstTitleLeftAligned 1
Licensee: Large MUD - 20 User License                    G211208|0002AR-WIN
          Columbia University, Earth Institute                       DC4533
          C:\Users\Yunjie\Documents\GAMS\gamslice.txt
          License Admin: Jeffrey Sachs, sachs@columbia.edu                 
Processor information: 1 socket(s), 4 core(s), and 8 thread(s) available
GAMS 37.1.0   Copyright (C) 1987-2021 GAMS Development. All rights reserved
--- Starting compilation
--- SDG Egypt Model v4 egy.gms(90) 3 Mb
--- call GDXXRW .\input\paraminput_egy.xlsx output=.\auxiliary\paraminput_egy.gdx Index=Index!a1 trace=3

GDXXRW           37.1.0 r07954d5 Released Nov 11, 2021 WEI x86 64bit/MS Window
Excel version 12.0
Input file : C:\Users\Yunjie\Desktop\Wi2050\SDG Financing Simplified model (Egypt)\v4_commented and cleaned - for calibration\input\paraminput_egy.xlsx
Output file: C:\Users\Yunjie\Desktop\Wi2050\SDG Financing Simplified model (Egypt)\v4_commented and cleaned - for calibration\auxiliary\paraminput_egy.gdx
Substituting Index
Loading sheet Index
Reading data from Excel; Rng = A1:E101
Reading Slice: A1:E101
par=continuation Rng=Continuation!A1 Dim=2 Rdim=1
par=costff Rng=Hardcode!B1 Dim=0 Rdim=0
par=costre Rng=Hardcode!B2 Dim=0 Rdim=0
par=dep Rng=Hardcode!B3 Dim=0 Rdim=0
par=r Rng=Hardcode!B4 Dim=0 Rdim=0
par=kff0 Rng=Hardcode!B5 Dim=0 Rdim=0
par=kre0 Rng=Hardcode!B6 Dim=0 Rdim=0
par=aff Rng=Hardcode!B7 Dim=0 Rdim=0
par=taxlim Rng=Hardcode!B8 Dim=0 Rdim=0
par=tfp1 Rng=Hardcode!B9 Dim=0 Rdim=0
par=phi Rng=Hardcode!B10 Dim=0 Rdim=0
par=fertsh Rng=Hardcode!B11 Dim=0 Rdim=0
par=bk Rng=Hardcode!B12 Dim=0 Rdim=0
par=bkf Rng=Hardcode!B13 Dim=0 Rdim=0
par=ben Rng=Hardcode!B14 Dim=0 Rdim=0
par=k0 Rng=Hardcode!B15 Dim=0 Rdim=0
par=kf0 Rng=Hardcode!B16 Dim=0 Rdim=0
par=debtqlim Rng=Hardcode!B17 Dim=0 Rdim=0
par=gcostsh Rng=Hardcode!B18 Dim=0 Rdim=0
par=pubgdpsh Rng=Hardcode!B19 Dim=0 Rdim=0
par=lowerbound Rng=Hardcode!B20 Dim=0 Rdim=0
Type Symbol       Dim      Sheet                Data          RowHeader     ColHeader     
Loading sheet Continuation
Reading data from Excel; Rng = A1:B19
Reading Slice: A1:B19
Par  continuation   2      Continuation         B2:B19        A2:A19        B1:B1         
Loading sheet Hardcode
Reading data from Excel; Rng = A1:B20
Reading Slice: A1:B20
Par  costff         0      Hardcode             B1:B1         --:--         --:--         
Par  costre         0      Hardcode             B2:B2         --:--         --:--         
Par  dep            0      Hardcode             B3:B3         --:--         --:--         
Par  r              0      Hardcode             B4:B4         --:--         --:--         
Par  kff0           0      Hardcode             B5:B5         --:--         --:--         
Par  kre0           0      Hardcode             B6:B6         --:--         --:--         
Par  aff            0      Hardcode             B7:B7         --:--         --:--         
Par  taxlim         0      Hardcode             B8:B8         --:--         --:--         
Par  tfp1           0      Hardcode             B9:B9         --:--         --:--         
Par  phi            0      Hardcode             B10:B10       --:--         --:--         
Par  fertsh         0      Hardcode             B11:B11       --:--         --:--         
Par  bk             0      Hardcode             B12:B12       --:--         --:--         
Par  bkf            0      Hardcode             B13:B13       --:--         --:--         
Par  ben            0      Hardcode             B14:B14       --:--         --:--         
Par  k0             0      Hardcode             B15:B15       --:--         --:--         
Par  kf0            0      Hardcode             B16:B16       --:--         --:--         
Par  debtqlim       0      Hardcode             B17:B17       --:--         --:--         
Par  gcostsh        0      Hardcode             B18:B18       --:--         --:--         
Par  pubgdpsh       0      Hardcode             B19:B19       --:--         --:--         
Par  lowerbound     0      Hardcode             B20:B20       --:--         --:--         
Total time = 3219 Ms
--- SDG Egypt Model v4 egy.gms(91) 3 Mb
--- GDXin=C:\Users\Yunjie\Desktop\Wi2050\SDG Financing Simplified model (Egypt)\v4_commented and cleaned - for calibration\auxiliary\paraminput_egy.gdx
--- GDX File ($gdxIn) C:\Users\Yunjie\Desktop\Wi2050\SDG Financing Simplified model (Egypt)\v4_commented and cleaned - for calibration\auxiliary\paraminput_egy.gdx
--- SDG Egypt Model v4 egy.gms(119) 3 Mb
--- call GDXXRW .\auxiliary\datainput_egy.xlsx output=.\auxiliary\datainput_egy.gdx Index=index!a1 trace=3

GDXXRW           37.1.0 r07954d5 Released Nov 11, 2021 WEI x86 64bit/MS Window
Excel version 12.0
Input file : C:\Users\Yunjie\Desktop\Wi2050\SDG Financing Simplified model (Egypt)\v4_commented and cleaned - for calibration\auxiliary\datainput_egy.xlsx
Output file: C:\Users\Yunjie\Desktop\Wi2050\SDG Financing Simplified model (Egypt)\v4_commented and cleaned - for calibration\auxiliary\datainput_egy.gdx
Substituting Index
Loading sheet index
Reading data from Excel; Rng = A1:E7
Reading Slice: A1:E7
par=D1 Rng=popg0!A1 Dim=2 Rdim=1
par=D2 Rng=fert0!A1 Dim=2 Rdim=1
par=D3 Rng=surv0!A1 Dim=2 Rdim=1
par=D4 Rng=w0!A1 Dim=3 Rdim=2
par=D5 Rng=s0!A1 Dim=2 Rdim=1
par=D6 Rng=ferthic0!A1 Dim=2 Rdim=1
Type Symbol       Dim      Sheet                Data          RowHeader     ColHeader     
Loading sheet popg0
Reading data from Excel; Rng = A1:C101
Reading Slice: A1:C101
Par  D1             2      popg0                B2:C101       A2:A101       B1:C1         
Loading sheet fert0
Reading data from Excel; Rng = A1:B36
Reading Slice: A1:B36
Par  D2             2      fert0                B2:B36        A2:A36        B1:B1         
Loading sheet surv0
Reading data from Excel; Rng = A1:E100
Reading Slice: A1:E100
Par  D3             2      surv0                B2:E100       A2:A100       B1:E1         
Loading sheet w0
Reading data from Excel; Rng = A1:D319
Reading Slice: A1:D319
Par  D4             3      w0                   C2:D319       A2:B319       C1:D1         
Loading sheet s0
Reading data from Excel; Rng = A1:C18
Reading Slice: A1:C18
Par  D5             2      s0                   B2:C18        A2:A18        B1:C1         
Loading sheet ferthic0
Reading data from Excel; Rng = A1:B36
Reading Slice: A1:B36
Par  D6             2      ferthic0             B2:B36        A2:A36        B1:B1         
Total time = 2921 Ms
--- SDG Egypt Model v4 egy.gms(120) 3 Mb
--- GDXin=C:\Users\Yunjie\Desktop\Wi2050\SDG Financing Simplified model (Egypt)\v4_commented and cleaned - for calibration\auxiliary\datainput_egy.gdx
--- GDX File ($gdxIn) C:\Users\Yunjie\Desktop\Wi2050\SDG Financing Simplified model (Egypt)\v4_commented and cleaned - for calibration\auxiliary\datainput_egy.gdx
--- SDG Egypt Model v4 egy.gms(475) 3 Mb
--- $echo File C:\Users\Yunjie\Desktop\Wi2050\SDG Financing Simplified model (Egypt)\v4_commented and cleaned - for calibration\auxiliary\outputsetting_egy.txt
--- SDG Egypt Model v4 egy.gms(478) 3 Mb
--- Starting execution: elapsed 0:00:06.406
--- SDG Egypt Model v4 egy.gms(454) 5 Mb
--- Generating DNLP model sdgfinance
--- SDG Egypt Model v4 egy.gms(457) 48 Mb
---   142,599 rows  144,914 columns  348,898 non-zeroes
---   98,092 nl-code  27,863 nl-non-zeroes
--- SDG Egypt Model v4 egy.gms(457) 46 Mb
--- Executing CONOPT (Solvelink=2): elapsed 0:00:06.983

CONOPT 3         37.1.0 r07954d5 Released Nov 11, 2021 WEI x86 64bit/MS Window

 
 
    C O N O P T 3   version 3.17K
    Copyright (C)   ARKI Consulting and Development A/S
                    Bagsvaerdvej 246 A
                    DK-2880 Bagsvaerd, Denmark
 
 
   Iter Phase Ninf   Infeasibility   RGmax    NSB   Step InItr MX OK
      0   0        3.2074209020E+03 (Input point)
 
                   Pre-triangular equations:   141574
                   Post-triangular equations:  259
                   Definitional equations:     563
 
      1   0        3.5006351069E+08 (After pre-processing)
      2   0        1.6313348578E+02 (After scaling)
      3   1   117  1.4376080655E+02 3.6E+07    28 3.4E-01    3 F  F
      4   1   117  1.3001753912E+02 1.9E+07    28 3.4E-01    1 F  F
      5   1   117  1.1019098933E+02 1.0E+07    28 1.7E-14      F  T
      6   1   117  1.0020714686E+02 2.6E+06    28 1.3E-13      F  T
      7   2   117  1.0020705316E+02 6.7E+05    28 5.3E-07      F  T
      8   2   117  9.6840096733E+01 6.6E+05    28 1.0E+00    3 T  T
      9   2   117  9.4595371803E+01 2.9E+05    28 1.0E+00    4 T  T
 
   Iter Phase Ninf   Infeasibility   RGmax    NSB   Step InItr MX OK
     10   2   117  9.3098453646E+01 1.3E+05    28 1.0E+00    5 T  T
     11   2   117  9.2099719323E+01 5.8E+04    28 1.0E+00    9 T  T
     12   2   117  9.1415888878E+01 2.6E+04    28 1.0E+00   10 T  T
     13   2   117  9.0589709739E+01 1.2E+04    28 6.6E-01   11 F  F
     14   2   117  9.0321456754E+01 3.1E+04    21 6.6E-01    3 F  F
     15   2   117  9.0074553252E+01 3.7E+04    19 6.6E-01    2 F  F
     16   2   117  8.9640752404E+01 2.5E+04    18 6.6E-01    2 F  F
     17   1   117  8.9620963977E+01 1.6E+02     3 3.7E-07      T  T
     18   1   117  8.9549583580E+01 1.8E+00    52 7.8E-04      F  F
     19   1   117  8.9490334298E+01 1.8E+00    52 6.5E-04      F  F
 
   Iter Phase Ninf   Infeasibility   RGmax    NSB   Step InItr MX OK
     20   1   117  8.9431294958E+01 1.8E+00    52 6.5E-04      T  T
     21   1   117  8.9411175942E+01 1.8E+00    51 2.2E-04      F  F
     22   1   117  8.9390685248E+01 1.8E+00    51 2.2E-04      F  F
     23   1   117  8.9377908949E+01 1.8E+00    51 1.4E-04      F  F
     24   1   117  8.9368461405E+01 2.0E+00    51 1.0E-04      F  F
     25   1   117  8.9336286112E+01 1.8E+00    51 3.6E-04      F  F
     26   1   117  8.9322043751E+01 1.9E+00    51 1.6E-04      F  F
     27   1   117  8.9311014032E+01 2.0E+00    51 1.2E-04      F  F
     28   1   117  8.9242326080E+01 1.8E+00    51 8.0E-04      F  F
     29   1   117  8.9199799015E+01 1.8E+00    51 5.0E-04      F  F
 
   Iter Phase Ninf   Infeasibility   RGmax    NSB   Step InItr MX OK
     30   1   117  8.9172029777E+01 1.8E+00    51 3.3E-04      F  F
     31   1   117  8.9154054026E+01 1.9E+00    51 2.1E-04      F  F
     32   1   117  8.9142587468E+01 1.9E+00    51 1.4E-04      F  F
     33   1   117  8.9133731621E+01 2.1E+00    51 1.0E-04      F  F
     34   1   117  8.9125880528E+01 2.0E+00    51 9.2E-05      F  F
     35   1   117  8.9120494714E+01 2.3E+00    51 6.4E-05      F  F
     36   1   117  8.9113495406E+01 2.2E+00    51 8.7E-05      F  F
     37   1   117  8.9109748502E+01 2.4E+00    51 4.7E-05      F  F
     38   1   117  8.9106813342E+01 3.0E+00    51 3.7E-05      F  F
     39   1   117  8.9090610720E+01 1.8E+00    51 2.4E-04      F  F
 
   Iter Phase Ninf   Infeasibility   RGmax    NSB   Step InItr MX OK
     40   1   117  8.9080354764E+01 1.9E+00    51 1.6E-04      F  F
     41   1   117  8.9072383696E+01 2.0E+00    51 1.2E-04      F  F
     42   1   117  8.9049842792E+01 1.9E+00    51 3.6E-04      F  F
     43   1   117  8.9040138444E+01 1.8E+00    51 1.6E-04      F  F
     44   1   117  8.9034263994E+01 1.9E+00    51 9.5E-05      F  F
     45   1   117  8.8980936549E+01 1.8E+00    51 9.0E-04      F  F
     46   1   117  8.8945916449E+01 1.8E+00    51 6.1E-04      F  F
     47   1   117  8.8923175481E+01 1.8E+00    51 4.0E-04      F  F
     48   1   117  8.8908436524E+01 1.8E+00    51 2.6E-04      F  F
     49   1   117  8.8898938416E+01 1.8E+00    51 1.7E-04      F  F
 
   Iter Phase Ninf   Infeasibility   RGmax    NSB   Step InItr MX OK
     50   1   117  8.8880520233E+01 3.7E+00   101 2.9E-04      F  F
     51   1   117  8.8871592335E+01 2.1E+00   111 1.4E-04      F  F
     52   1   117  8.8853744847E+01 1.9E+00   138 3.1E-04      F  F
     53   1   117  8.8844226833E+01 2.1E+00   138 1.6E-04      F  F
     54   1   117  8.8811166382E+01 1.8E+00   138 6.0E-04      F  F
     55   1   117  8.8796537088E+01 1.9E+00   138 2.7E-04      F  F
     56   1   117  8.8788976995E+01 2.3E+00   138 1.3E-04      F  F
     57   1   117  8.8704279602E+01 1.8E+00   138 1.7E-03      F  F
     58   1   117  8.8643322381E+01 1.8E+00   138 1.2E-03      F  F
     59   1   117  8.8615665222E+01 1.8E+00   138 5.5E-04      F  F
 
   Iter Phase Ninf   Infeasibility   RGmax    NSB   Step InItr MX OK
     60   1   117  8.8603302201E+01 1.9E+00   138 2.4E-04      F  F
     61   1   117  8.8596857230E+01 2.3E+00   138 1.2E-04      F  F
     62   1   117  8.8572730039E+01 1.8E+00   138 5.1E-04      F  F
     63   1   117  8.8562154367E+01 1.9E+00   138 2.2E-04      F  F
     64   1   117  8.8556913419E+01 2.4E+00   138 9.7E-05      F  F
     65   1   117  8.8549825797E+01 2.1E+00   138 1.5E-04      F  F
     66   1   117  8.8543154192E+01 2.1E+00   138 1.5E-04      F  F
     67   1   117  8.8535859049E+01 1.8E+00   138 1.8E-04      F  F
     68   1   117  8.8518145324E+01 1.8E+00   138 4.9E-04      F  F
     69   1   117  8.8510418907E+01 1.9E+00   138 2.1E-04      F  F
 
   Iter Phase Ninf   Infeasibility   RGmax    NSB   Step InItr MX OK
     70   1   117  8.8506355295E+01 2.4E+00   138 9.8E-05      F  F
     71   1   117  8.8480445367E+01 1.8E+00   138 8.0E-04      F  F
     72   1   117  8.8469925911E+01 1.9E+00   138 3.2E-04      F  F
     73   1   117  8.8464876610E+01 2.1E+00   138 1.5E-04      F  F
     74   1   117  8.8455618558E+01 1.8E+00   138 3.1E-04      F  F
     75   1   117  8.8450701663E+01 2.0E+00   138 1.5E-04      F  F
     76   1   117  8.8445940544E+01 2.0E+00   138 1.7E-04      F  F
     77   1   117  8.8443355760E+01 2.6E+00   138 7.6E-05      F  F
     78   1   117  8.8415430649E+01 1.8E+00   138 1.2E-03      F  F
     79   1   117  8.8394953419E+01 1.8E+00   138 8.9E-04      F  F
 
   Iter Phase Ninf   Infeasibility   RGmax    NSB   Step InItr MX OK
     80   1   116  8.8391470170E+01 1.9E+00   138 1.5E-04      T  T
     81   1   115  8.8125546043E+01 7.3E+00   140 5.5E-03      T  T
     82   1   115  8.7996770862E+01 1.8E+00   139 6.2E-01    3 F  F
     83   1   115  8.7756233597E+01 6.6E+02   139 6.2E-01    3 F  F
     84   1   115  8.7742610665E+01 4.7E+03   139 3.1E-10      F  F
     85   1   115  8.7733942896E+01 4.2E+03   139 3.2E-10      F  F
     86   1   115  8.5685611711E+01 1.8E+00   139 1.2E-01      F  F
     87   1   115  8.3800862387E+01 1.8E+00   139 1.1E-01      F  F
     88   1   115  8.2390942912E+01 1.8E+00   139 8.3E-02      F  F
     89   1   115  8.1363579231E+01 1.8E+00   139 6.1E-02      F  F
 
   Iter Phase Ninf   Infeasibility   RGmax    NSB   Step InItr MX OK
     90   1   115  8.0688339125E+01 1.8E+00   139 4.0E-02      F  F
     91   1   115  8.0244343794E+01 1.8E+00   139 2.6E-02      F  F
     92   1   115  7.9952533366E+01 1.8E+00   139 1.7E-02      F  F
     93   1   115  7.9760673304E+01 1.8E+00   139 1.1E-02      F  F
     94   1   115  7.9634572270E+01 1.8E+00   139 7.5E-03      F  F
     95   1   115  7.9551654078E+01 1.8E+00   139 4.9E-03      F  F
     96   1   115  7.9497141269E+01 1.8E+00   139 3.3E-03      F  F
     97   1   115  7.9461304024E+01 1.8E+00   139 2.1E-03      F  F
     98   1   115  7.9438043986E+01 1.8E+00   139 1.4E-03      F  F
     99   1   115  7.9422755343E+01 1.8E+00   139 9.2E-04      F  F
 
   Iter Phase Ninf   Infeasibility   RGmax    NSB   Step InItr MX OK
    100   1   115  7.9412712126E+01 1.8E+00   139 6.1E-04      F  F
    101   1   115  7.9406121697E+01 1.8E+00   139 4.0E-04      F  F
    102   1   115  7.9401828220E+01 1.8E+00   139 2.6E-04      F  F
    103   1   115  7.9400380470E+01 5.0E+00   139 5.3E-05      F  T
    104   2   115  7.7396815686E+01 1.8E+00   139 9.6E+02      F  F
    105   2   115  7.6587817659E+01 1.8E+00   139 1.2E+01    1 T  F
    106   2   115  7.6145788371E+01 2.3E+00   138 6.1E-01    1 F  F
    107   2   115  7.5943572949E+01 1.8E+00   137 6.6E-01    1 F  F
    108   2   115  7.5912377836E+01 2.5E+04   137 1.0E+00    1 T  T
    109   2   113  7.3989697874E+01 1.1E+04   137 2.5E-01    2 T  T
 
   Iter Phase Ninf   Infeasibility   RGmax    NSB   Step InItr MX OK
    110   1   113  7.3988902455E+01 8.8E+03   137 7.1E-10      F  T
    111   1   113  7.3975137104E+01 2.2E+03   137 5.7E-09      F  T
    112   1   113  7.3968246674E+01 5.5E+02   137 4.6E-08      F  T
    113   2   113  7.3964456350E+01 1.4E+02   137 6.8E+00      F  T
    114   2   113  7.3865937104E+01 3.0E+01   137 6.7E-01    3 F  F
    115   2   113  7.3815704578E+01 2.1E+01   136 6.6E-01    2 F  F
    116   2   111  7.0710538728E+01 9.7E+00   135 2.5E+00    2 T  T
    117   1   111  7.0709559789E+01 2.3E+00   135 4.4E-04      F  F
    118   1   111  7.0700965585E+01 2.3E+00   135 6.4E-04      F  F
    119   1   111  7.0695322128E+01 2.3E+00   135 4.3E-04      F  F
 
   Iter Phase Ninf   Infeasibility   RGmax    NSB   Step InItr MX OK
    120   1   111  7.0695322224E+01 2.3E+00   135 0.0E+00      F  F
    121   1   111  7.0690651411E+01 2.3E+00   135 3.5E-04      F  F
    122   1   111  7.0688008972E+01 2.3E+00   135 2.0E-04      F  F
    123   1   111  7.0684589956E+01 5.1E+00   136 2.5E-04      F  T
    124   2   111  7.0679887360E+01 1.8E+00   136 1.3E+00      F  F
    125   2   111  7.0663929532E+01 2.3E+01   136 4.3E-01    3 F  F
    126   2   110  7.0354259230E+01 6.7E+01   135 6.2E-02    3 T  T
    127   1   110  7.0355198236E+01 7.7E+01   135 0.0E+00      F  F
    128   1   110  7.0355198236E+01 7.7E+01   135 0.0E+00      F  F
    129   1   110  7.0355198236E+01 2.9E+01   135 0.0E+00      F  F
 
   Iter Phase Ninf   Infeasibility   RGmax    NSB   Step InItr MX OK
    130   1   110  7.0353421002E+01 2.0E+00   135 2.0E-04      F  F
    131   1   108  6.9333613021E+01 1.5E+00   135 1.7E-01      T  T
    132   1   108  6.9333644588E+01 5.0E-01   134 0.0E+00      T  T
    133   1   108  6.7011321640E+01 5.0E-01   133 4.4E-01      F  F
    134   1   107  6.4199159822E+01 5.0E-01   133 5.2E-01      T  T
    135   1   107  6.0708108962E+01 5.0E-01   132 6.5E-01      F  F
    136   1   106  5.7569114721E+01 5.0E-01   132 5.7E-01      T  T
    137   1   104  5.6864370589E+01 5.0E-01   131 1.3E-01      T  T
    138   1   100  5.5025574357E+01 5.0E-01   129 1.0E+00    3 T  T
    139   1   100  5.1876573544E+01 5.0E-01   125 4.5E-01    8 F  F
 
   Iter Phase Ninf   Infeasibility   RGmax    NSB   Step InItr MX OK
    140   1    95  5.0564363549E+01 1.0E+00   125 1.0E+00    4 T  T
    141   1    88  4.7106788581E+01 1.0E+00   120 1.0E+00    8 T  T
    142   1    88  4.6012843456E+01 7.8E+01   112 4.6E-01    7 F  F
    143   1    85  4.5532000376E+01 1.0E+00   112 1.0E+00    3 T  T
    144   1    85  4.4580032942E+01 1.7E+02   109 5.0E-01    7 F  F
    145   1    85  4.3680885284E+01 4.1E+02   109 9.6E-01    5 F  F
    146   1    85  4.3678727546E+01 9.8E-01   109 3.2E-04      T  T
    147   1    85  4.3678445927E+01 9.8E-01   108 4.3E-05      T  T
    148   1    85  4.3672902623E+01 9.8E-01   107 9.8E-04      T  T
    149   1    84  4.3667195439E+01 9.8E-01   106 1.2E-03      T  T
 
   Iter Phase Ninf   Infeasibility   RGmax    NSB   Step InItr MX OK
    150   1    84  4.3585937780E+01 9.8E-01   105 2.2E-02      T  T
    151   1    81  4.2838569671E+01 9.8E-01   104 1.0E+00    3 T  T
    152   1    81  4.2113462081E+01 5.0E-01    99 3.4E-01    4 F  F
    153   1    80  4.1308193178E+01 1.8E+07     7 1.0E+00    1 T  T
    154   1    66  4.0677481507E+01 1.1E+06    98 1.0E+00    7 T  T
    155   0        4.0701767407E+01
    156   0    66  4.0674291954E+01               1.0E+00      F  T
    157   1    45  4.0674291123E+01 7.8E-03    84 0.0E+00      T  T
    158   1    45  4.0674291123E+01 7.8E-03    83 0.0E+00      T  T
    159   1    45  4.0674291123E+01 7.8E-03    82 0.0E+00      T  T
 
   Iter Phase Ninf   Infeasibility   RGmax    NSB   Step InItr MX OK
    160   1    45  4.0674291123E+01 7.8E-03    81 0.0E+00      T  T
    161   1    45  4.0674291123E+01 7.8E-03    80 0.0E+00      T  T
    162   1    45  4.0674291123E+01 7.8E-03    79 0.0E+00      T  T
    163   1    45  4.0674291123E+01 7.8E-03    78 0.0E+00      T  T
    164   1    45  4.0674291123E+01 7.8E-03    77 0.0E+00      T  T
    165   1    45  4.0674291123E+01 7.8E-03    76 0.0E+00      T  T
    166   1    45  4.0674291123E+01 7.8E-03    75 0.0E+00      T  T
    167   1    45  4.0674291123E+01 7.8E-03    74 0.0E+00      T  T
    168   1    45  4.0674291123E+01 7.8E-03    73 0.0E+00      T  T
    169   1    45  4.0674291123E+01 7.8E-03    72 0.0E+00      T  T
 
   Iter Phase Ninf   Infeasibility   RGmax    NSB   Step InItr MX OK
    170   1    45  4.0674291123E+01 7.8E-03    71 0.0E+00      T  T
    171   1    45  4.0674291123E+01 7.8E-03    70 0.0E+00      T  T
    172   1    45  4.0674291123E+01 7.8E-03    69 0.0E+00      T  T
    173   1    45  4.0674291123E+01 7.8E-03    68 0.0E+00      T  T
    174   1    45  4.0674291123E+01 7.8E-03    67 0.0E+00      T  T
    175   1    45  4.0674291123E+01 7.8E-03    66 0.0E+00      T  T
    176   1    45  4.0674291123E+01 7.8E-03    65 0.0E+00      T  T
    177   1    45  4.0674291123E+01 7.8E-03    64 0.0E+00      T  T
    178   1    45  3.5121633672E+01 7.8E-03    63 4.0E+03      F  F
    179   1    45  2.7856077003E+01 7.8E-03    63 5.8E+03      F  F
 
   Iter Phase Ninf   Infeasibility   RGmax    NSB   Step InItr MX OK
    180   1    45  2.0590495925E+01 7.8E-03    63 5.8E+03      T  T
    181   1    45  2.0248098274E+01 7.8E-03    61 2.9E+02      T  T
    182   1    45  1.9916492661E+01 7.8E-03    60 3.0E+02      T  T
    183   1    45  1.9587493072E+01 7.8E-03    59 3.1E+02      T  T
    184   1    45  1.8699103912E+01 1.0E+00    55 1.0E+00    3 T  T
    185   1    45  1.7418452052E+01 1.0E+00    49 1.0E+00    8 T  T
    186   1    45  1.7299156331E+01 1.0E+00    33 5.8E-02   13 F  F
    187   1    45  1.7278048402E+01 1.0E+00    27 1.5E-01    3 F  F
    188   1    45  1.7277318382E+01 2.1E+00    27 6.4E-05      F  F
    189   1    45  1.7277100446E+01 1.1E+03    28 4.6E-10      F  T
 
   Iter Phase Ninf   Infeasibility   RGmax    NSB   Step InItr MX OK
    190   2    45  1.7276828487E+01 2.0E+02    28 1.6E+01      F  T
    191   2    45  1.7187627272E+01 5.6E+01    49 1.0E+00    3 T  T
    192   2    45  1.7187543147E+01 1.1E+03    48 1.0E+00    1 T  T
    193   2    45  1.7124456661E+01 5.7E+02    48 1.0E+00    4 T  T
    194   2    44  1.6279198201E+01 3.4E+02    46 6.5E-01    8 T  T
    195   1    44  1.6267604512E+01 1.0E+00    24 4.2E-03      T  T
    196   1    44  1.6260350418E+01 1.0E+00    23 4.1E-03      T  T
    197   1    43  1.6181138888E+01 5.0E-01    22 1.0E-01      T  T
    198   1    43  1.5818520660E+01 5.0E-01    21 7.2E-01      T  T
    199   1    43  1.5759854896E+01 5.0E+03    20 5.5E-01    3 F  F
 
   Iter Phase Ninf   Infeasibility   RGmax    NSB   Step InItr MX OK
    200   1    42  1.5714320945E+01 5.0E-01    20 1.0E+00    2 T  T
    201   1    42  1.5673151992E+01 2.2E+04    18 6.3E-02    6 F  F
    202   1    42  1.5655114873E+01 4.8E+04    18 6.2E-01    2 F  F
    203   1    42  1.5648848784E+01 9.7E+04    18 4.9E-13      T  T
    204   1    42  1.5621156637E+01 8.3E-01    17 1.9E-02      F  F
    205   1    42  1.5571897888E+01 1.4E+00    17 1.6E-02      F  F
    206   1    42  1.5571897451E+01 1.3E-01    18 1.8E-05      F  F
    207   1    41  1.5401913497E+01 1.3E-01    18 8.1E+00      T  T
    208   1    40  1.5180870807E+01 1.3E-01    17 1.0E+01      T  T
    209   1    39  1.5174732401E+01 6.3E-02    16 9.8E-01      T  T
 
   Iter Phase Ninf   Infeasibility   RGmax    NSB   Step InItr MX OK
    210   1    39  1.4606538251E+01 8.8E-02    15 4.6E-01    3 F  F
    211   1    38  1.4272376452E+01 1.0E+00    15 1.0E+00    1 T  T
    212   1    38  1.4220274002E+01 3.2E+04    37 3.2E-02    6 F  F
    213   1    38  1.4194050593E+01 1.0E+00    37 1.0E+00    1 T  T
    214   1    34  1.2280711378E+01 1.4E+00    38 1.0E+00    6 T  T
    215   1    34  1.2254607814E+01 1.7E+00    38 4.7E-02    9 F  F
    216   1    33  1.2203030099E+01 1.7E+00    36 1.0E+00    2 T  T
    217   1    31  1.2082038120E+01 1.8E+00    37 1.0E+00    6 T  T
    218   1    30  1.1037572074E+01 9.7E-01    37 9.2E-01   11 T  T
    219   1    20  1.0701834443E+01 1.0E+00    38 1.0E+00   11 T  T
 
   Iter Phase Ninf   Infeasibility   RGmax    NSB   Step InItr MX OK
    220   1    20  1.0517668222E+01 2.9E+00    45 1.7E-01   12 F  F
    221   1    17  1.0322146736E+01 1.1E+00    45 1.0E+00    3 T  T
    222   1    17  1.0210149216E+01 4.4E+00    49 1.3E-01    8 F  F
    223   1    17  1.0128345108E+01 5.9E+00    17 2.5E-01    2 T  T
    224   1    15  1.0070644203E+01 1.1E+00    48 1.0E+00    2 T  T
    225   1    15  9.9843267318E+00 7.5E+00    46 9.4E-02    7 F  F
    226   1    14  9.9151970129E+00 1.1E+00    47 1.0E+00    2 T  T
    227   1    14  9.8075943288E+00 1.1E+00    45 1.5E-01    4 F  F
    228   1    12  9.7551128732E+00 1.1E+00    45 1.0E+00    2 T  T
    229   1    12  9.6914693092E+00 6.7E-02    43 7.5E-02    4 F  F
 
   Iter Phase Ninf   Infeasibility   RGmax    NSB   Step InItr MX OK
    230   1    12  9.5804127612E+00 6.3E-02    43 1.6E-01    2 F  F
    231   1    12  9.5110979553E+00 6.0E-02    43 1.4E+00      F  F
    232   1    12  9.3691499219E+00 5.9E-02    43 3.1E+00      F  F
    233   1    12  9.2120231219E+00 5.7E-02    43 3.9E+00      F  F
    234   1    12  9.0962384050E+00 5.6E-02    42 3.1E+00      T  T
    235   1    12  9.0649515706E+00 5.4E-02    41 9.7E-01      T  T
    236   1    12  9.0369133500E+00 5.1E-02    40 1.0E+00      T  T
    237   1    12  9.0102380164E+00 5.0E-02    39 1.0E+00      T  T
    238   1    12  8.9848097595E+00 4.8E-02    38 1.1E+00      T  T
    239   1    12  8.8933597550E+00 4.5E-02    37 1.0E+00    3 T  T
 
   Iter Phase Ninf   Infeasibility   RGmax    NSB   Step InItr MX OK
    240   1    12  8.7883780689E+00 4.9E-01    37 3.4E-01    8 F  F
    241   1    10  8.7018118530E+00 2.9E+04    37 1.0E+00    4 T  T
    242   1    10  8.6197832513E+00 6.5E-01    34 3.4E-01    8 F  F
    243   1    10  8.5242007488E+00 3.3E-01    34 3.4E-01    3 F  F
    244   1     9  8.5235742111E+00 7.6E-01    34 5.5E-04      T  T
    245   1     9  8.4463094842E+00 7.6E-01    33 1.0E-01      F  F
    246   1     9  8.3446289252E+00 1.4E+00    33 4.2E-02      F  F
    247   1     9  8.1314827709E+00 2.4E+00    33 2.4E-02      F  F
    248   1     8  7.7461706100E+00 2.5E-01    33 6.1E+00      T  T
    249   1     8  7.7190157547E+00 2.8E-02    32 2.3E+01      T  T
 
   Iter Phase Ninf   Infeasibility   RGmax    NSB   Step InItr MX OK
    250   1     8  7.6896254625E+00 2.4E-02    31 3.7E+01      F  F
    251   1     8  7.6514264424E+00 4.2E-02    31 1.6E+01      F  F
    252   1     8  7.5719634277E+00 7.5E-02    31 9.3E+00      F  F
    253   1     7  6.7612290302E+00 2.5E-01    31 1.3E+01      T  T
    254   1     7  6.7362369328E+00 4.3E-03    30 1.0E+00    3 T  T
    255   1     7  6.4649422743E+00 9.9E-01    29 3.4E-01    8 F  F
    256   1     7  6.2888509759E+00 7.7E-01    29 3.4E-01    2 F  F
    257   1     7  6.1662116695E+00 9.8E-01    29 5.5E-02      F  F
    258   1     7  6.0702195500E+00 1.3E+00    29 3.7E-02      F  F
    259   1     7  5.8290498735E+00 2.5E-01    29 1.4E+00      F  F
 
   Iter Phase Ninf   Infeasibility   RGmax    NSB   Step InItr MX OK
    260   1     7  5.2605094544E+00 2.5E-01    29 2.6E+00      F  F
    261   1     7  4.8752902033E+00 3.1E-01    29 1.0E+00      F  F
    262   1     7  4.5922144040E+00 2.5E-01    29 9.7E-01      T  T
    263   1     6  2.4384110322E+00 2.5E-01    28 8.6E+00      T  T
    264   1     5  2.4371521897E+00 2.5E-01    27 6.7E-03      T  T
    265   1     4  2.0549999731E+00 2.5E-01    26 3.0E+00      T  T
    266   1     3  1.9376544298E+00 2.5E-01    25 1.8E+00      T  T
    267   1     2  1.5295711686E+00 8.9E+00    26 1.0E+00    3 T  T
    268   1     2  1.5080341616E+00 1.0E+00    32 3.7E-01   12 F  F
    269   1     2  1.4912464539E+00 1.0E+00    32 1.0E+00    3 T  T
 
   Iter Phase Ninf   Infeasibility   RGmax    NSB   Step InItr MX OK
    270   1     2  1.4511822192E+00 4.0E-03    29 1.0E+00    8 T  T
    271   1     2  1.4362402056E+00 2.6E+00    27 5.6E-02   13 F  F
    272   1     1  1.2862025511E+00 1.5E-02    27 1.0E+00    2 T  T
    273   1     1  1.2111842162E+00 1.1E+01    25 1.0E+00   10 T  T
 
 ** Feasible solution. Value of objective =   -104.706202984
 
   Iter Phase Ninf     Objective     RGmax    NSB   Step InItr MX OK
    274   3       -5.6480495644E+00 2.6E+07    28 1.0E+00    1 F  T
    275   3        3.9171426604E+00 3.8E+08    41 1.0E+00    2 F  T
    276   3        4.0072386057E+00 2.6E-01    39 1.1E-01      F  T
    277   3        4.9430367319E+00 2.3E-01    39 2.2E+00      T  T
    278   3        5.0150377699E+00 2.2E-01    38 1.8E-01      F  T
    279   3        5.1799750110E+00 1.4E+05    39 2.6E-07      F  T
    280   4        5.2582350006E+00 2.6E-01    41 1.6E+05      T  T
    281   4        5.4161400711E+00 4.0E-01    40 5.7E+04      F  T
    282   4        5.4164183261E+00 1.7E+00    40 1.4E-01      F  T
    283   4        5.4903716321E+00 2.0E+00    40 1.0E+00    2 T  T
 
   Iter Phase Ninf     Objective     RGmax    NSB   Step InItr MX OK
    284   4        5.7898057928E+00 1.9E+00    39 1.0E+00    8 T  T
    285   4        6.1256844087E+00 3.9E+00    35 1.0E+00   10 F  T
    286   4        6.1720905486E+00 1.8E+00    33 1.0E+00    9 F  T
    287   4        6.1960585371E+00 8.6E-01    33 1.0E+00    9 T  T
    288   4        6.2137324733E+00 4.0E-01    32 1.0E+00   10 T  T
    289   4        6.2242908957E+00 1.1E+05    32 1.0E+00    2 F  T
    290   4        6.2326875308E+00 5.7E+04    32 1.0E+00    2 F  T
    291   4        6.2406308949E+00 2.9E+04    32 1.0E+00    1 F  T
    292   4        6.2485858820E+00 1.4E+04    32 1.0E+00    2 F  T
    293   4        6.2564650021E+00 7.2E+03    32 1.0E+00    1 F  T
 
   Iter Phase Ninf     Objective     RGmax    NSB   Step InItr MX OK
    294   4        6.2644360543E+00 3.6E+03    32 1.0E+00    2 F  T
    295   4        6.2723723199E+00 1.8E+03    32 1.0E+00    1 F  T
    296   4        6.2803118780E+00 9.0E+02    32 1.0E+00    1 F  T
    297   4        6.2882078404E+00 4.5E+02    32 1.0E+00    1 F  T
    298   4        6.2961498329E+00 2.3E+02    32 1.0E+00    2 F  T
    299   4        6.3040552671E+00 1.1E+02    32 1.0E+00    1 F  T
    300   4        6.3119031117E+00 5.7E+01    32 1.0E+00    1 F  T
    301   4        6.3197226282E+00 2.8E+01    32 1.0E+00    1 F  T
    302   4        6.3274315620E+00 1.4E+01    32 1.0E+00    2 F  T
    303   4        6.3348799756E+00 7.0E+00    32 1.0E+00    1 F  T
 
   Iter Phase Ninf     Objective     RGmax    NSB   Step InItr MX OK
    304   4        6.3434194210E+00 3.4E+00    32 1.0E+00    8 F  T
    305   4        6.3496480522E+00 1.7E+00    32 1.0E+00    2 F  T
    306   4        6.3549821324E+00 7.9E-01    32 1.0E+00    9 F  T
    307   4        6.3602144376E+00 3.5E-01    32 1.0E+00   10 F  T
    308   4        6.3732590070E+00 1.4E-01    32 1.0E+00   11 F  T
    309   4        6.3774770836E+00 7.5E+02    32 1.0E+00    9 T  T
    310   3        6.3777129346E+00 7.3E-01    31 8.8E-04      F  T
    311   4        6.3783971170E+00 5.6E-02    32 1.2E+02      F  T
    312   4        6.3807959016E+00 1.0E+00    32 1.0E+00    1 F  T
    313   4        6.3865784257E+00 3.3E-01    32 1.0E+00    6 F  T
 
   Iter Phase Ninf     Objective     RGmax    NSB   Step InItr MX OK
    314   4        6.4226570885E+00 3.4E-02    31 1.0E+00   12 F  T
    315   4        6.6123481542E+00 7.4E-02    31 1.0E+00   15 F  T
    316   4        6.7421080404E+00 7.7E-02    27 1.0E+00   16 T  T
    317   4        6.7661486956E+00 4.4E-02    24 1.0E+00   18 F  T
    318   4        6.7836711567E+00 1.1E+05    23 1.0E+00    3 F  T
    319   4        6.7926645812E+00 5.7E+04    23 1.0E+00    3 F  T
    320   4        6.8006210256E+00 2.9E+04    23 1.0E+00    2 F  T
    321   4        6.8085643922E+00 1.4E+04    23 1.0E+00    1 F  T
    322   4        6.8165122971E+00 7.2E+03    23 1.0E+00    2 F  T
    323   4        6.8244555397E+00 3.6E+03    23 1.0E+00    1 F  T
 
   Iter Phase Ninf     Objective     RGmax    NSB   Step InItr MX OK
    324   4        6.8323503871E+00 1.8E+03    23 1.0E+00    1 F  T
    325   4        6.8403285751E+00 9.0E+02    23 1.0E+00    2 F  T
    326   4        6.8482681790E+00 4.5E+02    23 1.0E+00    1 F  T
    327   4        6.8561325635E+00 2.2E+02    23 1.0E+00    1 F  T
    328   4        6.8640854494E+00 1.1E+02    23 1.0E+00    2 F  T
    329   4        6.8719169423E+00 5.6E+01    23 1.0E+00    1 F  T
    330   4        6.8798412559E+00 2.8E+01    23 1.0E+00    2 F  T
    331   4        6.8876625475E+00 1.4E+01    23 1.0E+00    1 F  T
    332   4        6.8953703743E+00 7.0E+00    23 1.0E+00    2 F  T
    333   4        6.9028332771E+00 3.5E+00    23 1.0E+00    1 F  T
   Elapsed time       30.4 seconds.
 
   Iter Phase Ninf     Objective     RGmax    NSB   Step InItr MX OK
    334   4        6.9098648905E+00 1.7E+00    23 1.0E+00    2 F  T
    335   4        6.9165106283E+00 8.4E-01    23 1.0E+00    5 F  T
    336   4        6.9213821294E+00 3.9E-01    23 1.0E+00    2 F  T
    337   4        6.9243590773E+00 1.8E-01    23 1.0E+00    1 F  T
    338   4        6.9254707172E+00 6.8E-02    23 1.0E+00    1 F  T
    339   4        6.9257291900E+00 1.9E-02    23 1.0E+00   10 T  T
    340   4        6.9260081119E+00 8.4E-01    22 1.0E+00    7 T  T
    341   3        6.9260084099E+00 7.1E-03    23 5.7E-03      F  T
    342   4        6.9261307627E+00 7.4E-03    23 4.0E+02      F  T
    343   4        6.9262154759E+00 4.8E-03    23 1.0E+00    2 F  T
 
   Iter Phase Ninf     Objective     RGmax    NSB   Step InItr MX OK
    344   4        6.9275122316E+00 1.1E-02    23 1.0E+00    9 F  T
    345   4        6.9315213393E+00 1.6E-01    23 1.0E+00   13 F  T
    346   4        6.9317282632E+00 3.9E-02    23 1.0E+00   13 F  T
    347   4        7.0836783842E+00 2.7E-01    49 1.0E+00   21 T  T
    348   4        7.1130210521E+00 4.4E+00    44 1.0E+00      F  T
    349   4        7.1743069421E+00 8.8E-01    44 1.0E+00   12 T  T
    350   4        7.2265347558E+00 1.2E+00    42 1.0E+00   11 T  T
    351   4        7.2335973061E+00 2.1E+00    41 1.0E+00    2 F  T
    352   4        7.2402656361E+00 6.2E-01    41 1.0E+00   11 T  T
    353   4        7.2553194275E+00 6.9E-02    40 1.0E+00   18 T  T
 
 ** Loss of feasibility while tightening tolerances - Return to phase 0.
 
   Iter Phase Ninf   Infeasibility   RGmax    NSB   Step InItr MX OK
    354   0        6.6229952099E-08
    355   0     0  4.5606345875E-14               1.0E+00      F  T
 
 ** Feasible solution. Value of objective =    7.25531942540
 
   Iter Phase Ninf     Objective     RGmax    NSB   Step InItr MX OK
    356   3        7.2554557111E+00 6.0E-01    36 7.7E-04      F  T
    357   3        7.2554603129E+00 1.0E-02    37 2.0E-02      F  T
    358   4        7.2558119454E+00 1.1E-01    37 3.0E+00      F  T
    359   4        7.2563980950E+00 8.6E-03    37 1.0E+00    2 F  T
    360   4        7.2640644992E+00 3.1E-02    37 1.0E+00    6 F  T
    361   4        7.2724501190E+00 3.2E-01    37 1.0E+00   10 F  T
    362   4        7.2738943580E+00 5.0E+02    37 1.0E+00    7 T  T
    363   3        7.2738947774E+00 1.3E-02    36 2.1E-03      F  T
    364   4        7.2742012311E+00 1.9E-02    36 3.5E+02      F  T
    365   4        7.2746476364E+00 1.0E-02    36 1.0E+00    4 F  T
 
   Iter Phase Ninf     Objective     RGmax    NSB   Step InItr MX OK
    366   4        7.2754586241E+00 4.6E-03    36 1.0E+00   19 F  T
    367   4        7.2754655646E+00 6.7E-02    36 1.0E+00    5 F  T
    368   4        7.2754948212E+00 5.7E-04    36 1.0E+00   25 F  T
    369   4        7.2754948445E+00 7.4E-03    36 1.0E+00    2 F  T
    370   4        7.2754954722E+00 2.9E-05    36 1.0E+00   13 F  T
    371   4        7.2754954726E+00 4.4E-06    36 1.0E+00    7 F  T
    372   4        7.2754954726E+00 8.0E-08    36
 
 ** Optimal solution. Reduced gradient less than tolerance.
 
--- Reading solution for model sdgfinance
--- SDG Egypt Model v4 egy.gms(457) 46 Mb  35 secs
--- Executing after solve: elapsed 0:00:44.192
--- SDG Egypt Model v4 egy.gms(473) 46 Mb
--- GDX File (execute_unload) C:\Users\Yunjie\Desktop\Wi2050\SDG Financing Simplified model (Egypt)\v4_commented and cleaned - for calibration\auxiliary\modeloutput_egy.gdx
--- SDG Egypt Model v4 egy.gms(478) 46 Mb

GDXXRW           37.1.0 r07954d5 Released Nov 11, 2021 WEI x86 64bit/MS Window
Input file : C:\Users\Yunjie\Desktop\Wi2050\SDG Financing Simplified model (Egypt)\v4_commented and cleaned - for calibration\auxiliary\modeloutput_egy.gdx
Output file: C:\Users\Yunjie\Desktop\Wi2050\SDG Financing Simplified model (Egypt)\v4_commented and cleaned - for calibration\output\modeloutput_egy.xlsx
Total time = 2906 Ms
*** Status: Normal completion
--- Job SDG Egypt Model v4 egy.gms Stop 08/13/22 11:02:26 elapsed 0:00:47.246
