--- Job SDG Egypt Model v4 bar.gms Start 08/13/22 10:55:41 37.1.0 r07954d5 WEX-WEI x86 64bit/MS Windows
--- Applying:
    D:\Program\37GAMS\gmsprmNT.txt
--- GAMS Parameters defined
    Input "C:\Users\Yunjie\Desktop\Wi2050\SDG Financing Simplified model (Egypt)\v4_commented and cleaned - for calibration\SDG Egypt Model v4 bar.gms"
    PageSize 0
    ScrDir "C:\Users\Yunjie\Desktop\Wi2050\SDG Financing Simplified model (Egypt)\v4_commented and cleaned - for calibration\225a\"
    SysDir D:\Program\37GAMS\
    LogOption 3
    ErrMsg 1
    ErrorLog 99
    IDE 1
    LstTitleLeftAligned 1
Licensee: Large MUD - 20 User License                    G211208|0002AR-WIN
          Columbia University, Earth Institute                       DC4533
          C:\Users\Yunjie\Documents\GAMS\gamslice.txt
          License Admin: Jeffrey Sachs, sachs@columbia.edu                 
Processor information: 1 socket(s), 4 core(s), and 8 thread(s) available
GAMS 37.1.0   Copyright (C) 1987-2021 GAMS Development. All rights reserved
--- Starting compilation
--- SDG Egypt Model v4 bar.gms(90) 3 Mb
--- call GDXXRW .\input\paraminput_bar.xlsx output=.\auxiliary\paraminput_bar.gdx Index=Index!a1 trace=3

GDXXRW           37.1.0 r07954d5 Released Nov 11, 2021 WEI x86 64bit/MS Window
Excel version 12.0
Input file : C:\Users\Yunjie\Desktop\Wi2050\SDG Financing Simplified model (Egypt)\v4_commented and cleaned - for calibration\input\paraminput_bar.xlsx
Output file: C:\Users\Yunjie\Desktop\Wi2050\SDG Financing Simplified model (Egypt)\v4_commented and cleaned - for calibration\auxiliary\paraminput_bar.gdx
Substituting Index
Loading sheet Index
Reading data from Excel; Rng = A1:E101
Reading Slice: A1:E101
par=continuation Rng=Continuation!A1 Dim=2 Rdim=1
par=costff Rng=Hardcode!B1 Dim=0 Rdim=0
par=costre Rng=Hardcode!B2 Dim=0 Rdim=0
par=dep Rng=Hardcode!B3 Dim=0 Rdim=0
par=r Rng=Hardcode!B4 Dim=0 Rdim=0
par=kff0 Rng=Hardcode!B5 Dim=0 Rdim=0
par=kre0 Rng=Hardcode!B6 Dim=0 Rdim=0
par=aff Rng=Hardcode!B7 Dim=0 Rdim=0
par=taxlim Rng=Hardcode!B8 Dim=0 Rdim=0
par=tfp1 Rng=Hardcode!B9 Dim=0 Rdim=0
par=phi Rng=Hardcode!B10 Dim=0 Rdim=0
par=fertsh Rng=Hardcode!B11 Dim=0 Rdim=0
par=bk Rng=Hardcode!B12 Dim=0 Rdim=0
par=bkf Rng=Hardcode!B13 Dim=0 Rdim=0
par=ben Rng=Hardcode!B14 Dim=0 Rdim=0
par=k0 Rng=Hardcode!B15 Dim=0 Rdim=0
par=kf0 Rng=Hardcode!B16 Dim=0 Rdim=0
par=debtqlim Rng=Hardcode!B17 Dim=0 Rdim=0
par=gcostsh Rng=Hardcode!B18 Dim=0 Rdim=0
par=pubgdpsh Rng=Hardcode!B19 Dim=0 Rdim=0
par=lowerbound Rng=Hardcode!B20 Dim=0 Rdim=0
Type Symbol       Dim      Sheet                Data          RowHeader     ColHeader     
Loading sheet Continuation
Reading data from Excel; Rng = A1:B19
Reading Slice: A1:B19
Par  continuation   2      Continuation         B2:B19        A2:A19        B1:B1         
Loading sheet Hardcode
Reading data from Excel; Rng = A1:B20
Reading Slice: A1:B20
Par  costff         0      Hardcode             B1:B1         --:--         --:--         
Par  costre         0      Hardcode             B2:B2         --:--         --:--         
Par  dep            0      Hardcode             B3:B3         --:--         --:--         
Par  r              0      Hardcode             B4:B4         --:--         --:--         
Par  kff0           0      Hardcode             B5:B5         --:--         --:--         
Par  kre0           0      Hardcode             B6:B6         --:--         --:--         
Par  aff            0      Hardcode             B7:B7         --:--         --:--         
Par  taxlim         0      Hardcode             B8:B8         --:--         --:--         
Par  tfp1           0      Hardcode             B9:B9         --:--         --:--         
Par  phi            0      Hardcode             B10:B10       --:--         --:--         
Par  fertsh         0      Hardcode             B11:B11       --:--         --:--         
Par  bk             0      Hardcode             B12:B12       --:--         --:--         
Par  bkf            0      Hardcode             B13:B13       --:--         --:--         
Par  ben            0      Hardcode             B14:B14       --:--         --:--         
Par  k0             0      Hardcode             B15:B15       --:--         --:--         
Par  kf0            0      Hardcode             B16:B16       --:--         --:--         
Par  debtqlim       0      Hardcode             B17:B17       --:--         --:--         
Par  gcostsh        0      Hardcode             B18:B18       --:--         --:--         
Par  pubgdpsh       0      Hardcode             B19:B19       --:--         --:--         
Par  lowerbound     0      Hardcode             B20:B20       --:--         --:--         
Total time = 2813 Ms
--- SDG Egypt Model v4 bar.gms(91) 3 Mb
--- GDXin=C:\Users\Yunjie\Desktop\Wi2050\SDG Financing Simplified model (Egypt)\v4_commented and cleaned - for calibration\auxiliary\paraminput_bar.gdx
--- GDX File ($gdxIn) C:\Users\Yunjie\Desktop\Wi2050\SDG Financing Simplified model (Egypt)\v4_commented and cleaned - for calibration\auxiliary\paraminput_bar.gdx
--- SDG Egypt Model v4 bar.gms(119) 3 Mb
--- call GDXXRW .\auxiliary\datainput_bar.xlsx output=.\auxiliary\datainput_bar.gdx Index=index!a1 trace=3

GDXXRW           37.1.0 r07954d5 Released Nov 11, 2021 WEI x86 64bit/MS Window
Excel version 12.0
Input file : C:\Users\Yunjie\Desktop\Wi2050\SDG Financing Simplified model (Egypt)\v4_commented and cleaned - for calibration\auxiliary\datainput_bar.xlsx
Output file: C:\Users\Yunjie\Desktop\Wi2050\SDG Financing Simplified model (Egypt)\v4_commented and cleaned - for calibration\auxiliary\datainput_bar.gdx
Substituting Index
Loading sheet index
Reading data from Excel; Rng = A1:E7
Reading Slice: A1:E7
par=D1 Rng=popg0!A1 Dim=2 Rdim=1
par=D2 Rng=fert0!A1 Dim=2 Rdim=1
par=D3 Rng=surv0!A1 Dim=2 Rdim=1
par=D4 Rng=w0!A1 Dim=3 Rdim=2
par=D5 Rng=s0!A1 Dim=2 Rdim=1
par=D6 Rng=ferthic0!A1 Dim=2 Rdim=1
Type Symbol       Dim      Sheet                Data          RowHeader     ColHeader     
Loading sheet popg0
Reading data from Excel; Rng = A1:C101
Reading Slice: A1:C101
Par  D1             2      popg0                B2:C101       A2:A101       B1:C1         
Loading sheet fert0
Reading data from Excel; Rng = A1:B36
Reading Slice: A1:B36
Par  D2             2      fert0                B2:B36        A2:A36        B1:B1         
Loading sheet surv0
Reading data from Excel; Rng = A1:E100
Reading Slice: A1:E100
Par  D3             2      surv0                B2:E100       A2:A100       B1:E1         
Loading sheet w0
Reading data from Excel; Rng = A1:D324
Reading Slice: A1:D324
Par  D4             3      w0                   C2:D324       A2:B324       C1:D1         
Loading sheet s0
Reading data from Excel; Rng = A1:C16
Reading Slice: A1:C16
Par  D5             2      s0                   B2:C16        A2:A16        B1:C1         
Loading sheet ferthic0
Reading data from Excel; Rng = A1:B36
Reading Slice: A1:B36
Par  D6             2      ferthic0             B2:B36        A2:A36        B1:B1         
Total time = 2609 Ms
--- SDG Egypt Model v4 bar.gms(120) 3 Mb
--- GDXin=C:\Users\Yunjie\Desktop\Wi2050\SDG Financing Simplified model (Egypt)\v4_commented and cleaned - for calibration\auxiliary\datainput_bar.gdx
--- GDX File ($gdxIn) C:\Users\Yunjie\Desktop\Wi2050\SDG Financing Simplified model (Egypt)\v4_commented and cleaned - for calibration\auxiliary\datainput_bar.gdx
--- SDG Egypt Model v4 bar.gms(475) 3 Mb
--- $echo File C:\Users\Yunjie\Desktop\Wi2050\SDG Financing Simplified model (Egypt)\v4_commented and cleaned - for calibration\auxiliary\outputsetting_bar.txt
--- SDG Egypt Model v4 bar.gms(478) 3 Mb
--- Starting execution: elapsed 0:00:05.731
--- SDG Egypt Model v4 bar.gms(454) 5 Mb
--- Generating DNLP model sdgfinance
--- SDG Egypt Model v4 bar.gms(457) 48 Mb
---   142,599 rows  144,914 columns  348,898 non-zeroes
---   98,092 nl-code  27,863 nl-non-zeroes
--- SDG Egypt Model v4 bar.gms(457) 46 Mb
--- Executing CONOPT (Solvelink=2): elapsed 0:00:06.378

CONOPT 3         37.1.0 r07954d5 Released Nov 11, 2021 WEI x86 64bit/MS Window

 
 
    C O N O P T 3   version 3.17K
    Copyright (C)   ARKI Consulting and Development A/S
                    Bagsvaerdvej 246 A
                    DK-2880 Bagsvaerd, Denmark
 
 
   Iter Phase Ninf   Infeasibility   RGmax    NSB   Step InItr MX OK
      0   0        1.2685926622E+03 (Input point)
 
                   Pre-triangular equations:   141574
                   Post-triangular equations:  259
                   Definitional equations:     591
 
      1   0        1.1743669479E+02 (After pre-processing)
      2   0        5.8291706132E+01 (After scaling)
      3   1    89  5.7891143723E+01 7.4E+04   103 1.7E-01    3 F  F
      4   1    89  5.7730864576E+01 1.9E+04    80 1.0E+00    3 T  T
      5   1    85  5.3319485955E+01 4.4E+00    77 1.0E+00    5 T  T
      6   1    68  5.3121780194E+01 1.1E+00    72 1.0E+00   17 T  T
      7   1    68  5.2300912335E+01 1.1E+00    84 7.3E-02   15 F  F
      8   1    63  5.2054711337E+01 1.5E+00    84 1.0E+00    5 T  T
      9   1    63  5.1353682296E+01 2.4E+01    81 7.1E-02    6 F  F
 
   Iter Phase Ninf   Infeasibility   RGmax    NSB   Step InItr MX OK
     10   1    63  5.1069944195E+01 1.0E+00    81 1.9E-01    2 F  F
     11   1    62  5.1041417086E+01 3.4E+00    81 6.5E-04      T  T
     12   1    62  5.0979374114E+01 3.4E+00    80 1.5E-03      F  F
     13   1    62  5.0668101957E+01 1.4E+00    80 9.5E-03      F  F
     14   1    62  5.0534875224E+01 1.4E+00    80 4.1E-03      T  T
     15   1    62  4.9202577833E+01 1.0E+00    79 4.3E-02      T  T
     16   1    61  4.2269905879E+01 1.0E+00    78 2.2E-01      T  T
     17   1    60  4.2177910997E+01 1.0E+00    77 3.1E-03      T  T
     18   1    59  4.2051497504E+01 1.0E+00    76 4.4E-03      T  T
     19   1    59  4.2002064407E+01 1.0E+00    78 2.9E-01    3 F  F
 
   Iter Phase Ninf   Infeasibility   RGmax    NSB   Step InItr MX OK
     20   1    58  4.1946656185E+01 1.0E+00    78 1.0E+00    1 T  T
     21   1    52  4.1666198599E+01 1.0E+00    77 1.0E+00    6 T  T
     22   1    41  4.1510762879E+01 1.0E+00    71 1.0E+00   11 T  T
     23   1    41  3.9306910599E+01 1.0E+00    60 9.4E-02   15 F  F
     24   1    32  3.8862439606E+01 1.0E+00    60 1.0E+00    9 T  T
     25   1    32  3.7562246769E+01 6.8E-01    51 9.4E-02    6 F  F
     26   1    32  3.7160748936E+01 7.0E-01    51 9.4E-02    1 F  F
     27   1    32  3.6971009124E+01 1.0E+00    51 3.6E-02      F  F
     28   1    32  3.5993035311E+01 1.0E+00    51 2.1E-01      F  F
     29   1    32  3.3313638759E+01 1.0E+00    51 6.1E-01      T  T
 
   Iter Phase Ninf   Infeasibility   RGmax    NSB   Step InItr MX OK
     30   1    31  3.0435886914E+01 7.1E-01    50 8.3E-01      T  T
     31   1    30  3.0317195996E+01 3.0E+06    52 6.8E-15      T  T
     32   1    30  3.0316795599E+01 5.3E-01    63 1.1E-04      T  T
     33   1    30  2.8902259795E+01 5.3E-01    62 3.8E-01      F  F
     34   1    29  2.6537348143E+01 5.3E-01    62 6.5E-01      T  T
     35   1    29  2.3710752213E+01 5.6E-01    61 6.0E-01    3 F  F
     36   1    27  2.2494980534E+01 7.0E-01    61 1.0E+00    2 T  T
     37   1    27  1.9027077701E+01 5.5E-01    59 5.9E-01    6 F  F
     38   1    22  1.7562440370E+01 5.7E-01    59 1.0E+00    5 T  T
     39   1    14  1.5753667229E+01 4.1E-01    54 1.0E+00    8 T  T
 
   Iter Phase Ninf   Infeasibility   RGmax    NSB   Step InItr MX OK
     40   1    14  1.5044060259E+01 1.1E+01    50 1.6E-01   13 F  F
     41   1    14  1.4867662421E+01 1.0E+00    51 3.6E-01    3 T  T
     42   1    14  1.4265562573E+01 3.7E+01    50 1.0E+00    2 T  T
     43   1    10  1.2242130620E+01 1.0E+00    48 1.0E+00    7 T  T
     44   1    10  8.5759221185E+00 5.7E-01    43 1.0E+00   12 T  T
     45   1     3  6.6042072788E+00 3.7E-01    43 1.0E+00   17 T  T
     46   1     3  6.3635673344E+00 1.1E+02    39 7.3E-02   22 F  F
     47   1     3  6.0528460271E+00 3.5E+02    39 3.2E-01    5 F  F
     48   1     3  6.0528457270E+00 4.8E-01    39 4.0E-07      T  T
     49   1     3  6.0528457075E+00 4.8E-01    38 2.8E-08      T  T
 
   Iter Phase Ninf   Infeasibility   RGmax    NSB   Step InItr MX OK
     50   1     3  6.0527735412E+00 4.8E-01    37 1.2E-04      T  T
     51   1     3  5.7044996972E+00 4.8E-01    36 7.0E-01      T  T
     52   1     3  4.6539040267E+00 2.6E-01    35 1.0E+00    3 T  T
     53   1     3  3.7637473702E+00 2.6E-01    32 1.0E+00    8 T  T
     54   1     2  3.7256404280E+00 3.3E+05    18 4.8E-02   14 T  T
     55   1     2  3.7180869276E+00 3.8E-01    42 2.7E-02    9 F  F
     56   1     1  3.4461614114E+00 3.8E-01    42 1.0E+00    8 T  T
     57   1     1  3.2096340263E+00 3.9E-01    34 1.9E-01    7 F  F
     58   1     1  3.1360866536E+00 3.7E-01    34 1.0E+00    3 T  T
     59   1     1  2.8452766965E+00 3.7E-01    31 3.5E-01    4 F  F
 
   Iter Phase Ninf   Infeasibility   RGmax    NSB   Step InItr MX OK
     60   1     1  2.7122314512E+00 3.9E-01    31 1.0E+00    3 T  T
     61   1     1  2.4207643496E+00 9.8E-02    28 3.8E-01    6 F  F
     62   1     1  2.1068834944E+00 9.8E-02    28 1.0E+00    1 T  T
     63   1     1  1.8729685642E+00 9.9E-02    27 1.0E+00    7 T  T
     64   1     1  1.8576487045E+00 1.2E-01    38 8.7E-02   12 F  F
     65   1     1  1.7249714515E+00 1.2E-01    38 1.0E+00    7 T  T
     66   1     1  1.7226356910E+00 6.5E-02    31 7.4E-02   11 F  F
     67   1     1  1.6954667833E+00 6.6E-02    31 1.0E+00    1 T  T
     68   1     1  1.6950251105E+00 9.4E-04    30 3.6E-02   10 F  F
     69   1     1  1.6943120178E+00 2.0E-03    30 9.4E-02    1 F  F
 
   Iter Phase Ninf   Infeasibility   RGmax    NSB   Step InItr MX OK
     70   1     1  1.6924410260E+00 3.8E-03    30 5.8E+01      F  F
     71   1     1  1.6875605231E+00 8.2E-03    30 3.1E+01      F  F
     72   1     1  1.6782215378E+00 2.0E-02    30 1.1E+01      F  F
 
 ** Feasible solution. Value of objective =    18.6192778618
 
   Iter Phase Ninf     Objective     RGmax    NSB   Step InItr MX OK
     73   3        1.8619277862E+01 2.0E+06    31 0.0E+00      T  T
     74   3        2.2248501312E+01 2.0E+06    30 2.8E-06      F  T
     75   3        2.3473635614E+01 7.5E+00    80 3.6E-03      T  T
     76   3        2.3616712682E+01 1.3E+00    79 1.5E-02      T  T
     77   3        2.3622635612E+01 1.3E+00    78 6.3E-04      T  T
     78   3        2.3632128299E+01 1.3E+00    77 1.0E-03      T  T
     79   3        2.3639288107E+01 1.3E+00    76 7.8E-04      T  T
     80   3        2.3649164428E+01 1.3E+00    75 1.1E-03      T  T
     81   3        2.3657783869E+01 1.3E+00    74 9.6E-04      T  T
     82   3        2.3667878923E+01 1.3E+00    73 1.1E-03      T  T
 
   Iter Phase Ninf     Objective     RGmax    NSB   Step InItr MX OK
     83   3        2.3678219431E+01 1.3E+00    72 1.2E-03      T  T
     84   3        2.3688933600E+01 1.3E+00    71 1.2E-03      T  T
     85   3        2.3701370483E+01 1.3E+00    70 1.5E-03      T  T
     86   3        2.3712824894E+01 1.3E+00    69 1.4E-03      T  T
     87   3        2.3753584546E+01 1.2E+00    68 1.0E+00    3 T  T
     88   3        2.3864155995E+01 9.5E-01    65 1.0E+00    8 T  T
     89   3        2.4438752907E+01 9.3E-01    57 1.0E+00   13 T  T
     90   3        2.7799050956E+01 1.1E+06    44 5.0E-01   16 F  F
     91   3        2.8132047542E+01 2.0E+05    44 1.0E+00   11 T  T
     92   3        2.8374719052E+01 5.8E+03    41 1.0E+00    9 T  T
 
   Iter Phase Ninf     Objective     RGmax    NSB   Step InItr MX OK
     93   3        3.1225831661E+01 2.3E+06    33 1.0E+00    9 T  T
     94   3        3.1230616677E+01 1.0E+00    24 1.4E-03   12 F  F
     95   3        3.2370370472E+01 1.0E+00    24 1.0E+00    5 T  T
     96   3        3.3199133415E+01 2.4E+04    19 1.0E+00    8 T  T
     97   3        3.3215301488E+01 6.7E-01    16 1.5E-02    6 T  T
     98   3        3.3463788565E+01 6.5E-01    16 1.0E+00    4 F  T
     99   3        3.3678980627E+01 1.0E-01    12 7.0E-01    1 F  T
    100   3        3.3706859718E+01 1.2E-01    14 3.0E+00      F  T
    101   3        3.3714108808E+01 4.0E-02    14 2.4E+00      T  T
    102   3        3.3719781619E+01 4.0E-02    13 3.5E+00      F  T
 
   Iter Phase Ninf     Objective     RGmax    NSB   Step InItr MX OK
    103   3        3.3727417698E+01 5.5E-02    13 2.2E+00      F  T
    104   4        3.3749534743E+01 3.8E-02    13 4.0E+00      F  T
    105   4        3.3809554923E+01 1.3E-01    13 1.0E+00    1 F  T
    106   4        3.3876009673E+01 2.4E-01    13 1.0E+00    8 T  T
    107   4        3.3881536173E+01 8.1E-02    12 1.0E+00    6 F  T
    108   4        3.3881703000E+01 1.3E-02    12 1.0E+00    3 F  T
    109   4        3.3881821511E+01 1.2E-03    14 1.0E+00    8 F  T
    110   4        3.3881821523E+01 1.9E-05    14 1.0E+00    4 F  T
    111   4        3.3881821523E+01 4.6E-09    14
 
 ** Optimal solution. Reduced gradient less than tolerance.
 
--- Reading solution for model sdgfinance
--- SDG Egypt Model v4 bar.gms(457) 46 Mb  11 secs
--- Executing after solve: elapsed 0:00:17.520
--- SDG Egypt Model v4 bar.gms(473) 46 Mb
--- GDX File (execute_unload) C:\Users\Yunjie\Desktop\Wi2050\SDG Financing Simplified model (Egypt)\v4_commented and cleaned - for calibration\auxiliary\modeloutput_bar.gdx
--- SDG Egypt Model v4 bar.gms(478) 46 Mb

GDXXRW           37.1.0 r07954d5 Released Nov 11, 2021 WEI x86 64bit/MS Window
Input file : C:\Users\Yunjie\Desktop\Wi2050\SDG Financing Simplified model (Egypt)\v4_commented and cleaned - for calibration\auxiliary\modeloutput_bar.gdx
Output file: C:\Users\Yunjie\Desktop\Wi2050\SDG Financing Simplified model (Egypt)\v4_commented and cleaned - for calibration\output\modeloutput_bar.xlsx
Total time = 2922 Ms
*** Status: Normal completion
--- Job SDG Egypt Model v4 bar.gms Stop 08/13/22 10:56:02 elapsed 0:00:20.576
