--- Job SDG Egypt Model v4 drc.gms Start 08/13/22 10:59:51 37.1.0 r07954d5 WEX-WEI x86 64bit/MS Windows
--- Applying:
    D:\Program\37GAMS\gmsprmNT.txt
--- GAMS Parameters defined
    Input "C:\Users\Yunjie\Desktop\Wi2050\SDG Financing Simplified model (Egypt)\v4_commented and cleaned - for calibration\SDG Egypt Model v4 drc.gms"
    PageSize 0
    ScrDir "C:\Users\Yunjie\Desktop\Wi2050\SDG Financing Simplified model (Egypt)\v4_commented and cleaned - for calibration\225a\"
    SysDir D:\Program\37GAMS\
    LogOption 3
    ErrMsg 1
    ErrorLog 99
    IDE 1
    LstTitleLeftAligned 1
Licensee: Large MUD - 20 User License                    G211208|0002AR-WIN
          Columbia University, Earth Institute                       DC4533
          C:\Users\Yunjie\Documents\GAMS\gamslice.txt
          License Admin: Jeffrey Sachs, sachs@columbia.edu                 
Processor information: 1 socket(s), 4 core(s), and 8 thread(s) available
GAMS 37.1.0   Copyright (C) 1987-2021 GAMS Development. All rights reserved
--- Starting compilation
--- SDG Egypt Model v4 drc.gms(90) 3 Mb
--- call GDXXRW .\input\paraminput_drc.xlsx output=.\auxiliary\paraminput_drc.gdx Index=Index!a1 trace=3

GDXXRW           37.1.0 r07954d5 Released Nov 11, 2021 WEI x86 64bit/MS Window
Excel version 12.0
Input file : C:\Users\Yunjie\Desktop\Wi2050\SDG Financing Simplified model (Egypt)\v4_commented and cleaned - for calibration\input\paraminput_drc.xlsx
Output file: C:\Users\Yunjie\Desktop\Wi2050\SDG Financing Simplified model (Egypt)\v4_commented and cleaned - for calibration\auxiliary\paraminput_drc.gdx
Substituting Index
Loading sheet Index
Reading data from Excel; Rng = A1:E101
Reading Slice: A1:E101
par=continuation Rng=Continuation!A1 Dim=2 Rdim=1
par=costff Rng=Hardcode!B1 Dim=0 Rdim=0
par=costre Rng=Hardcode!B2 Dim=0 Rdim=0
par=dep Rng=Hardcode!B3 Dim=0 Rdim=0
par=r Rng=Hardcode!B4 Dim=0 Rdim=0
par=kff0 Rng=Hardcode!B5 Dim=0 Rdim=0
par=kre0 Rng=Hardcode!B6 Dim=0 Rdim=0
par=aff Rng=Hardcode!B7 Dim=0 Rdim=0
par=taxlim Rng=Hardcode!B8 Dim=0 Rdim=0
par=tfp1 Rng=Hardcode!B9 Dim=0 Rdim=0
par=phi Rng=Hardcode!B10 Dim=0 Rdim=0
par=fertsh Rng=Hardcode!B11 Dim=0 Rdim=0
par=bk Rng=Hardcode!B12 Dim=0 Rdim=0
par=bkf Rng=Hardcode!B13 Dim=0 Rdim=0
par=ben Rng=Hardcode!B14 Dim=0 Rdim=0
par=k0 Rng=Hardcode!B15 Dim=0 Rdim=0
par=kf0 Rng=Hardcode!B16 Dim=0 Rdim=0
par=debtqlim Rng=Hardcode!B17 Dim=0 Rdim=0
par=gcostsh Rng=Hardcode!B18 Dim=0 Rdim=0
par=pubgdpsh Rng=Hardcode!B19 Dim=0 Rdim=0
par=lowerbound Rng=Hardcode!B20 Dim=0 Rdim=0
Type Symbol       Dim      Sheet                Data          RowHeader     ColHeader     
Loading sheet Continuation
Reading data from Excel; Rng = A1:B19
Reading Slice: A1:B19
Par  continuation   2      Continuation         B2:B19        A2:A19        B1:B1         
Loading sheet Hardcode
Reading data from Excel; Rng = A1:B20
Reading Slice: A1:B20
Par  costff         0      Hardcode             B1:B1         --:--         --:--         
Par  costre         0      Hardcode             B2:B2         --:--         --:--         
Par  dep            0      Hardcode             B3:B3         --:--         --:--         
Par  r              0      Hardcode             B4:B4         --:--         --:--         
Par  kff0           0      Hardcode             B5:B5         --:--         --:--         
Par  kre0           0      Hardcode             B6:B6         --:--         --:--         
Par  aff            0      Hardcode             B7:B7         --:--         --:--         
Par  taxlim         0      Hardcode             B8:B8         --:--         --:--         
Par  tfp1           0      Hardcode             B9:B9         --:--         --:--         
Par  phi            0      Hardcode             B10:B10       --:--         --:--         
Par  fertsh         0      Hardcode             B11:B11       --:--         --:--         
Par  bk             0      Hardcode             B12:B12       --:--         --:--         
Par  bkf            0      Hardcode             B13:B13       --:--         --:--         
Par  ben            0      Hardcode             B14:B14       --:--         --:--         
Par  k0             0      Hardcode             B15:B15       --:--         --:--         
Par  kf0            0      Hardcode             B16:B16       --:--         --:--         
Par  debtqlim       0      Hardcode             B17:B17       --:--         --:--         
Par  gcostsh        0      Hardcode             B18:B18       --:--         --:--         
Par  pubgdpsh       0      Hardcode             B19:B19       --:--         --:--         
Par  lowerbound     0      Hardcode             B20:B20       --:--         --:--         
Total time = 2782 Ms
--- SDG Egypt Model v4 drc.gms(91) 3 Mb
--- GDXin=C:\Users\Yunjie\Desktop\Wi2050\SDG Financing Simplified model (Egypt)\v4_commented and cleaned - for calibration\auxiliary\paraminput_drc.gdx
--- GDX File ($gdxIn) C:\Users\Yunjie\Desktop\Wi2050\SDG Financing Simplified model (Egypt)\v4_commented and cleaned - for calibration\auxiliary\paraminput_drc.gdx
--- SDG Egypt Model v4 drc.gms(119) 3 Mb
--- call GDXXRW .\auxiliary\datainput_drc.xlsx output=.\auxiliary\datainput_drc.gdx Index=index!a1 trace=3

GDXXRW           37.1.0 r07954d5 Released Nov 11, 2021 WEI x86 64bit/MS Window
Excel version 12.0
Input file : C:\Users\Yunjie\Desktop\Wi2050\SDG Financing Simplified model (Egypt)\v4_commented and cleaned - for calibration\auxiliary\datainput_drc.xlsx
Output file: C:\Users\Yunjie\Desktop\Wi2050\SDG Financing Simplified model (Egypt)\v4_commented and cleaned - for calibration\auxiliary\datainput_drc.gdx
Substituting Index
Loading sheet index
Reading data from Excel; Rng = A1:E7
Reading Slice: A1:E7
par=D1 Rng=popg0!A1 Dim=2 Rdim=1
par=D2 Rng=fert0!A1 Dim=2 Rdim=1
par=D3 Rng=surv0!A1 Dim=2 Rdim=1
par=D4 Rng=w0!A1 Dim=3 Rdim=2
par=D5 Rng=s0!A1 Dim=2 Rdim=1
par=D6 Rng=ferthic0!A1 Dim=2 Rdim=1
Type Symbol       Dim      Sheet                Data          RowHeader     ColHeader     
Loading sheet popg0
Reading data from Excel; Rng = A1:C101
Reading Slice: A1:C101
Par  D1             2      popg0                B2:C101       A2:A101       B1:C1         
Loading sheet fert0
Reading data from Excel; Rng = A1:B36
Reading Slice: A1:B36
Par  D2             2      fert0                B2:B36        A2:A36        B1:B1         
Loading sheet surv0
Reading data from Excel; Rng = A1:E100
Reading Slice: A1:E100
Par  D3             2      surv0                B2:E100       A2:A100       B1:E1         
Loading sheet w0
Reading data from Excel; Rng = A1:D320
Reading Slice: A1:D320
Par  D4             3      w0                   C2:D320       A2:B320       C1:D1         
Loading sheet s0
Reading data from Excel; Rng = A1:C18
Reading Slice: A1:C18
Par  D5             2      s0                   B2:C18        A2:A18        B1:C1         
Loading sheet ferthic0
Reading data from Excel; Rng = A1:B36
Reading Slice: A1:B36
Par  D6             2      ferthic0             B2:B36        A2:A36        B1:B1         
Total time = 2578 Ms
--- SDG Egypt Model v4 drc.gms(120) 3 Mb
--- GDXin=C:\Users\Yunjie\Desktop\Wi2050\SDG Financing Simplified model (Egypt)\v4_commented and cleaned - for calibration\auxiliary\datainput_drc.gdx
--- GDX File ($gdxIn) C:\Users\Yunjie\Desktop\Wi2050\SDG Financing Simplified model (Egypt)\v4_commented and cleaned - for calibration\auxiliary\datainput_drc.gdx
--- SDG Egypt Model v4 drc.gms(475) 3 Mb
--- $echo File C:\Users\Yunjie\Desktop\Wi2050\SDG Financing Simplified model (Egypt)\v4_commented and cleaned - for calibration\auxiliary\outputsetting_drc.txt
--- SDG Egypt Model v4 drc.gms(478) 3 Mb
--- Starting execution: elapsed 0:00:05.634
--- SDG Egypt Model v4 drc.gms(454) 5 Mb
--- Generating DNLP model sdgfinance
--- SDG Egypt Model v4 drc.gms(457) 48 Mb
---   142,599 rows  144,914 columns  348,898 non-zeroes
---   98,092 nl-code  27,863 nl-non-zeroes
--- SDG Egypt Model v4 drc.gms(457) 46 Mb
--- Executing CONOPT (Solvelink=2): elapsed 0:00:06.360

CONOPT 3         37.1.0 r07954d5 Released Nov 11, 2021 WEI x86 64bit/MS Window

 
 
    C O N O P T 3   version 3.17K
    Copyright (C)   ARKI Consulting and Development A/S
                    Bagsvaerdvej 246 A
                    DK-2880 Bagsvaerd, Denmark
 
 
   Iter Phase Ninf   Infeasibility   RGmax    NSB   Step InItr MX OK
      0   0        1.5929701713E+03 (Input point)
 
                   Pre-triangular equations:   141574
                   Post-triangular equations:  259
                   Definitional equations:     563
 
      1   0        5.6675463978E+07 (After pre-processing)
      2   0        1.3929437983E+02 (After scaling)
      3   1   117  1.2044875688E+02 3.4E+07    28 3.4E-01    3 F  F
      4   1   117  1.0703260406E+02 1.8E+07    28 3.4E-01    1 F  F
      5   1   117  8.7788078462E+01 1.0E+07    28 1.8E-14      F  T
      6   1   117  7.8097493484E+01 2.5E+06    28 1.4E-13      F  T
      7   2   117  7.8097414131E+01 6.4E+05    28 5.6E-07      F  T
      8   2   117  7.4835879659E+01 6.3E+05    28 1.0E+00    3 T  T
      9   2   117  7.2661402632E+01 2.8E+05    28 1.0E+00    4 T  T
 
   Iter Phase Ninf   Infeasibility   RGmax    NSB   Step InItr MX OK
     10   2   117  7.1211443394E+01 1.2E+05    28 1.0E+00    4 T  T
     11   2   117  7.0243021041E+01 5.5E+04    28 1.0E+00    9 T  T
     12   2   117  6.9579370094E+01 2.4E+04    28 1.0E+00   10 T  T
     13   2   117  6.8707238977E+01 1.4E+04    28 6.6E-01   11 F  F
     14   2   117  6.8310816826E+01 1.6E+04    22 6.0E-01    2 F  F
     15   2   117  6.7856863505E+01 1.5E+04    20 6.6E-01    1 F  F
     16   2   117  6.6974010972E+01 1.1E+04    19 6.6E-01    2 F  F
     17   1   117  6.6966174284E+01 1.8E+02     3 1.2E-07      T  T
     18   1   117  6.6481882148E+01 5.5E+00    52 5.4E-04      T  T
     19   1   117  5.0120614680E+01 5.5E+00    51 1.8E-02      T  T
 
   Iter Phase Ninf   Infeasibility   RGmax    NSB   Step InItr MX OK
     20   1   117  4.8835218834E+01 5.5E+00    50 1.4E-03      T  T
     21   1   117  4.7855574498E+01 5.4E+00    49 1.2E-03      T  T
     22   1   117  4.7120733130E+01 5.1E+00    76 3.5E-01    3 F  F
     23   1   117  4.6840982622E+01 5.1E+00    76 3.4E-01    1 F  F
     24   1   117  4.6656897373E+01 5.1E+00    76 4.2E-04      F  F
     25   1   117  4.6538769554E+01 5.1E+00    76 2.8E-04      F  F
     26   1   117  4.6464240640E+01 5.1E+00    76 1.8E-04      F  F
     27   1   117  4.6418037122E+01 5.1E+00    76 1.1E-04      F  F
     28   1   117  4.6369898517E+01 7.1E+00    76 1.2E-04      F  F
     29   1   117  4.6350869800E+01 5.1E+00    76 4.8E-05      F  F
 
   Iter Phase Ninf   Infeasibility   RGmax    NSB   Step InItr MX OK
     30   1   117  4.6154991187E+01 5.1E+00    76 5.0E-04      F  F
     31   1   117  4.6059864315E+01 5.0E+00    76 2.6E-04      F  F
     32   1   117  4.6002760607E+01 5.0E+00    76 1.7E-04      F  F
     33   1   117  4.5969346314E+01 5.0E+00    76 1.0E-04      F  F
     34   1   117  4.5813646782E+01 5.0E+00   106 3.8E-04      F  F
     35   1   117  4.5720054509E+01 5.0E+00   143 2.4E-04      F  F
     36   1   117  4.5678145962E+01 5.0E+00   149 1.1E-04      F  F
     37   1   117  4.5632722286E+01 5.0E+00   149 1.2E-04      F  F
     38   1   117  4.5624703372E+01 9.1E+00   149 1.2E-05      F  F
     39   1   117  4.5541978672E+01 5.0E+00   149 2.2E-04      F  F
 
   Iter Phase Ninf   Infeasibility   RGmax    NSB   Step InItr MX OK
     40   1   117  4.5264885476E+01 5.0E+00   149 7.5E-04      F  F
     41   1   117  4.5168871241E+01 5.0E+00   149 2.7E-04      F  F
     42   1   117  4.5135228179E+01 5.0E+00   149 9.6E-05      F  F
     43   1   117  4.5123326430E+01 5.0E+00   149 3.2E-05      F  F
     44   1   117  4.5072406585E+01 5.0E+00   149 1.5E-04      F  F
     45   1   117  4.4997840078E+01 5.0E+00   149 2.2E-04      F  F
     46   1   117  4.4969750483E+01 5.0E+00   149 8.4E-05      F  F
     47   1   117  4.4921664466E+01 5.0E+00   149 1.5E-04      F  F
     48   1   117  4.4829155307E+01 5.0E+00   149 2.8E-04      T  T
     49   1   117  4.4783601898E+01 4.9E+00   148 1.5E-04      F  F
 
   Iter Phase Ninf   Infeasibility   RGmax    NSB   Step InItr MX OK
     50   1   117  4.4766894109E+01 4.9E+00   148 5.9E-05      F  F
     51   1   117  4.4557116240E+01 4.9E+00   148 7.6E-04      F  F
     52   1   117  4.4461422740E+01 4.9E+00   148 3.6E-04      F  F
     53   1   117  4.4400327149E+01 4.9E+00   148 2.3E-04      F  F
     54   1   117  4.4362323961E+01 4.9E+00   148 1.4E-04      F  F
     55   1   117  4.4339765782E+01 4.9E+00   148 8.5E-05      F  F
     56   1   117  4.4310469455E+01 4.9E+00   148 1.1E-04      F  F
     57   1   117  4.4284704787E+01 4.9E+00   149 9.6E-05      F  F
     58   1   117  4.4248201334E+01 4.9E+00   149 1.4E-04      F  F
     59   1   117  4.4174672824E+01 4.9E+00   149 2.9E-04      F  F
 
   Iter Phase Ninf   Infeasibility   RGmax    NSB   Step InItr MX OK
     60   1   117  4.4146744635E+01 4.9E+00   149 1.1E-04      F  F
     61   1   117  4.4104480541E+01 4.9E+00   149 1.7E-04      T  T
     62   1   117  4.3927517821E+01 4.8E+00   148 8.0E-04      T  T
     63   1   117  4.3810391099E+01 4.8E+00   147 5.3E-04      F  F
     64   1   117  4.3629707845E+01 4.8E+00   147 8.2E-04      F  F
     65   1   117  4.3512668277E+01 4.8E+00   147 5.3E-04      F  F
     66   1   117  4.3462865120E+01 4.8E+00   147 2.4E-04      T  T
     67   1   117  4.3276350740E+01 4.0E+00   146 3.5E-01    3 F  F
     68   1   117  4.3251711367E+01 4.0E+00   146 3.4E-01    2 F  F
     69   1   117  4.3239556677E+01 4.0E+00   146 8.3E-05      F  F
 
   Iter Phase Ninf   Infeasibility   RGmax    NSB   Step InItr MX OK
     70   1   117  4.3230841324E+01 4.0E+00   146 5.8E-05      F  F
     71   1   116  4.3155310338E+01 4.0E+00   146 5.4E-04      T  T
     72   1   116  4.3155308046E+01 2.2E+01   148 3.0E-09      F  F
     73   1   116  4.3155307658E+01 2.2E+01   148 5.1E-10      F  F
     74   1   116  4.3155306590E+01 1.1E+01   148 3.7E-09      T  T
     75   1   116  4.3155306502E+01 5.0E+00   147 5.0E-10      T  T
     76   1   116  4.3155303038E+01 1.6E+02   148 6.1E-11      F  F
     77   1   116  4.3155299539E+01 2.0E+02   148 3.9E-11      F  F
     78   1   116  4.3155292296E+01 2.4E+02   148 5.5E-11      F  F
     79   1   116  4.3155236806E+01 3.9E+02   148 2.1E-10      F  F
 
   Iter Phase Ninf   Infeasibility   RGmax    NSB   Step InItr MX OK
     80   1   116  4.3154665174E+01 4.0E+00   148 4.2E-06      T  T
     81   1   116  4.3084972269E+01 4.0E+00   147 5.1E-04      T  T
     82   1   116  4.2993433355E+01 4.0E+00   146 3.4E-01    3 F  F
     83   1   116  4.2970699103E+01 4.0E+00   146 3.4E-01    1 F  F
     84   1   116  4.2957567705E+01 4.0E+00   146 9.5E-05      F  F
     85   1   116  4.2923890641E+01 4.0E+00   146 2.5E-04      F  F
     86   1   116  4.2914741072E+01 4.0E+00   146 6.7E-05      F  F
     87   1   116  4.2905845938E+01 4.0E+00   146 6.4E-05      F  F
     88   1   116  4.2873821796E+01 4.0E+00   146 2.4E-04      F  F
     89   1   116  4.2862099661E+01 4.0E+00   146 8.9E-05      F  F
 
   Iter Phase Ninf   Infeasibility   RGmax    NSB   Step InItr MX OK
     90   1   116  4.2849763094E+01 4.0E+00   146 9.3E-05      F  F
     91   1   116  4.2845051947E+01 4.0E+00   146 3.5E-05      F  F
     92   1   116  4.2082330998E+01 4.0E+00   146 5.9E-03      T  T
     93   1   116  4.0303786238E+01 4.0E+00   145 1.4E-02      T  T
     94   1   116  4.0059163090E+01 3.6E+00   144 2.2E-03      T  T
     95   1   116  3.8353695926E+01 3.6E+00   143 1.6E-02      T  T
     96   1   116  3.7336539413E+01 3.4E+00   141 1.0E+00    3 T  T
     97   1   109  3.5079440326E+01 3.3E+00   137 1.0E+00    8 T  T
     98   1   100  3.2000136363E+01 1.8E+00   128 1.0E+00    8 T  T
     99   1   100  3.0252815259E+01 1.8E+00   119 3.5E-01   13 F  F
 
   Iter Phase Ninf   Infeasibility   RGmax    NSB   Step InItr MX OK
    100   1   100  2.9397901868E+01 4.4E+05    98 5.4E-01    4 F  F
    101   1    99  2.8937597317E+01 2.0E+06   119 4.0E-14      T  T
    102   1    98  2.8397867890E+01 1.6E+06   118 4.5E-14      T  T
    103   1    97  2.8305632765E+01 2.9E+06   117 4.6E-15      T  T
    104   1    96  2.8224359504E+01 2.7E+06   116 6.7E-15      T  T
    105   1    96  2.7357110388E+01 1.8E+00   116 1.0E+00    3 T  T
    106   1    96  2.6326528426E+01 1.8E+00   113 3.4E-01    8 F  F
    107   1    96  2.6037374836E+01 4.5E+05   113 3.4E-01    3 F  F
    108   1    95  2.6018849291E+01 8.2E+05   113 2.6E-14      T  T
    109   1    95  2.5908159007E+01 2.3E+00   112 5.6E-03      F  F
 
   Iter Phase Ninf   Infeasibility   RGmax    NSB   Step InItr MX OK
    110   1    95  2.5794695077E+01 2.3E+00   112 5.7E-03      F  F
    111   1    95  2.5720922666E+01 2.3E+00   112 3.8E-03      F  F
    112   1    95  2.5672489717E+01 2.3E+00   112 2.5E-03      F  F
    113   1    95  2.5640758189E+01 2.3E+00   112 1.6E-03      F  F
    114   1    95  2.5619995971E+01 2.3E+00   112 1.1E-03      F  F
    115   1    95  2.5606361649E+01 2.3E+00   112 7.0E-04      F  F
    116   1    95  2.5597443935E+01 2.3E+00   112 4.6E-04      F  F
    117   1    95  2.5591631541E+01 2.3E+00   112 3.0E-04      F  F
    118   1    95  2.5587829670E+01 2.3E+00   112 1.9E-04      F  F
    119   1    95  2.5585369143E+01 2.4E+00   112 1.2E-04      F  F
 
   Iter Phase Ninf   Infeasibility   RGmax    NSB   Step InItr MX OK
    120   1    95  2.5583905813E+01 6.1E+00   112 4.1E-05      F  T
    121   2    95  2.5092401779E+01 2.3E+00   112 2.8E+02      T  T
    122   2    94  2.4889897477E+01 1.8E+00   111 3.7E+00      T  T
    123   2    93  2.4826595716E+01 1.8E+00   110 7.3E+00      T  T
    124   1    93  2.4658807701E+01 1.8E+00   109 1.3E-02      T  T
    125   1    93  2.4342931528E+01 1.8E+00   108 2.5E-02      F  F
    126   1    93  2.4105901332E+01 1.8E+00   108 1.9E-02      F  F
    127   1    93  2.3840911776E+01 1.8E+00   108 2.1E-02      F  F
    128   1    93  2.3631363543E+01 1.8E+00   108 1.7E-02      F  F
    129   1    92  2.3393789994E+01 1.8E+00   112 1.9E-02      T  T
 
   Iter Phase Ninf   Infeasibility   RGmax    NSB   Step InItr MX OK
    130   1    92  2.3327513479E+01 1.8E+00   111 5.7E-03      F  F
    131   1    92  2.3298216135E+01 1.8E+00   111 2.5E-03      F  F
    132   1    92  2.3265566435E+01 1.8E+00   111 2.8E-03      F  F
    133   1    92  2.3249287345E+01 1.8E+00   111 1.4E-03      F  F
    134   1    92  2.3242839988E+01 1.9E+00   110 5.4E-04      F  F
    135   1    92  2.3241520453E+01 5.2E+00   110 5.3E-05      F  T
    136   2    92  2.3120223676E+01 2.1E+00   110 8.5E+01      F  F
    137   2    92  2.3081551386E+01 1.8E+00   110 3.3E+01      F  F
    138   2    92  2.3066182721E+01 1.8E+00   110 1.3E+01      F  F
    139   2    92  2.3060002376E+01 1.9E+00   110 5.1E+00      F  F
 
   Iter Phase Ninf   Infeasibility   RGmax    NSB   Step InItr MX OK
    140   2    92  2.3048393445E+01 2.7E+00   110 6.0E-01    2 F  F
    141   2    92  2.3046230324E+01 5.3E+00   109 5.1E-01      F  F
    142   2    92  2.3012169366E+01 1.8E+00   113 1.0E+00    1 T  T
    143   2    92  2.2701294526E+01 8.7E+01   109 6.6E-01    3 T  T
    144   2    92  2.2658115211E+01 7.6E+02   108 7.8E-01    1 F  F
    145   2    91  2.2584438156E+01 1.6E+04   108 2.5E-03      T  T
    146   1    91  2.2561593828E+01 1.8E+00   107 4.6E-03      F  F
    147   1    91  2.2552501736E+01 1.8E+00   107 1.8E-03      F  F
    148   1    91  2.2548801387E+01 1.9E+00   107 6.9E-04      F  F
    149   1    91  2.2547762403E+01 5.1E+00   107 5.8E-05      F  T
 
   Iter Phase Ninf   Infeasibility   RGmax    NSB   Step InItr MX OK
    150   2    91  2.2421952542E+01 2.0E+00   107 2.4E+02      T  T
    151   2    91  2.2348999328E+01 1.0E+00   106 1.1E+01      T  T
    152   2    90  2.2339941995E+01 1.0E+00   105 2.3E+00      T  T
    153   1    90  2.2299809650E+01 1.0E+00   104 2.0E-02      T  T
    154   1    89  2.2240199544E+01 1.0E+00   103 3.0E-02      T  T
    155   1    89  2.2173858893E+01 5.0E-01   102 6.6E-02      T  T
    156   1    88  2.2141883708E+01 3.4E-01   101 4.3E-02      T  T
    157   1    87  2.2057222573E+01 3.4E-01   100 1.2E-01      T  T
    158   1    85  2.0940528087E+01 3.6E-01    99 1.0E+00    3 T  T
    159   1    78  2.0114883387E+01 2.3E-01    96 1.0E+00    4 T  T
 
   Iter Phase Ninf   Infeasibility   RGmax    NSB   Step InItr MX OK
    160   1    75  1.9345968949E+01 2.9E-01    87 9.1E-01    9 T  T
    161   1    74  1.9002046309E+01 1.0E+00    77 4.1E-01   10 F  F
    162   1    66  1.8975029809E+01 1.0E+00    77 1.0E+00    8 T  T
    163   1    66  1.8974977476E+01 3.2E+01    67 1.0E-03   10 F  F
    164   1    65  1.8884114724E+01 1.4E+00    59 1.0E+00    1 T  T
    165   1    65  1.8871311650E+01 2.1E+03    69 1.2E-02    5 F  F
    166   1    65  1.8871229366E+01 5.0E-01    69 2.0E-03    2 F  F
    167   1    65  1.8865501493E+01 5.0E-01    69 6.0E-03      F  F
    168   1    65  1.8860621393E+01 5.0E-01    70 6.4E-03      F  F
    169   1    65  1.8855208815E+01 5.0E-01    70 7.1E-03      T  T
 
   Iter Phase Ninf   Infeasibility   RGmax    NSB   Step InItr MX OK
    170   1    65  1.8855208816E+01 9.5E-01    70 0.0E+00      T  T
    171   1    64  1.8844140976E+01 5.0E-01    69 1.9E-02      T  T
    172   1    64  1.7728516175E+01 2.5E-01    68 3.4E+00      T  T
    173   1    64  1.7265330611E+01 2.5E-01    66 1.2E+00      T  T
    174   1    64  1.6731782049E+01 3.0E-01    64 8.1E-01    3 T  T
    175   1    61  1.5736589873E+01 1.0E+00    60 1.0E+00    4 T  T
    176   1    61  1.5709299085E+01 2.0E+02    56 1.1E-02    8 F  F
    177   1    61  1.5496386845E+01 4.2E+05    36 3.6E-01    2 F  F
    178   1    60  1.5281472794E+01 1.1E+06    52 7.9E-14      T  T
    179   1    59  1.5176055004E+01 1.4E+06    51 4.3E-14      T  T
 
   Iter Phase Ninf   Infeasibility   RGmax    NSB   Step InItr MX OK
    180   1    59  1.5113218413E+01 2.2E+05    50 9.8E-13      F  F
    181   1    59  1.5113176421E+01 1.1E+00    50 1.4E-05      F  F
    182   1    59  1.5054306322E+01 1.0E+00    50 3.0E-02      F  F
    183   1    59  1.5003877174E+01 1.0E+00    50 2.6E-02      T  T
    184   1    59  1.4980595072E+01 9.0E-01    48 2.4E-02      F  F
    185   1    59  1.4980595072E+01 4.5E-01    48 0.0E+00      T  T
    186   1    59  1.4980595072E+01 3.7E-01    47 0.0E+00      F  F
    187   0        1.4980595096E+01
    188   1    59  1.4971257671E+01 4.5E-01    50 3.2E-02      T  T
    189   1    58  1.4470735498E+01 3.7E-01    49 1.6E+00      T  T
 
   Iter Phase Ninf   Infeasibility   RGmax    NSB   Step InItr MX OK
    190   1    57  1.3329074614E+01 5.4E-01    48 2.5E+00      T  T
    191   1    57  1.3328877066E+01 5.0E+02    49 1.4E-09      F  T
    192   1    57  1.3328489116E+01 8.8E+01    49 9.1E-08      F  T
    193   1    57  1.3327505580E+01 1.6E+01    49 6.0E-06      F  F
    194   1    57  1.3327191583E+01 5.2E+00    49 6.2E-06      F  F
    195   1    57  1.3326154234E+01 2.7E-01    49 7.1E-03      F  F
    196   1    57  1.3323854548E+01 2.7E-01    47 1.6E-02      F  F
    197   1    57  1.3320025721E+01 2.8E-01    47 2.6E-02      F  F
    198   1    57  1.3308060897E+01 2.8E-01    47 7.8E-02      F  F
    199   1    56  1.3291781696E+01 2.9E-01    47 1.0E-01      T  T
 
   Iter Phase Ninf   Infeasibility   RGmax    NSB   Step InItr MX OK
    200   1    56  1.3268766668E+01 2.5E-01    46 3.1E-01      F  F
    201   1    56  1.3248387806E+01 2.5E-01    46 2.8E-01      T  T
    202   0        1.3248387809E+01
    203   1    56  1.3248387806E+01 2.0E+00    49 6.7E-10      T  T
    204   1    56  1.3247785353E+01 2.5E-01    48 8.0E-03      T  T
    205   1    56  1.3247538315E+01 9.8E+02    48 9.2E-10      F  T
    206   1    56  1.3247305451E+01 1.2E+02    48 4.8E-08      F  T
    207   2    56  1.3247098470E+01 2.1E+01    48 1.7E+01      F  T
    208   2    56  1.2859137736E+01 1.4E+03    48 8.2E-01    3 F  F
    209   2    55  1.1797950362E+01 6.4E+04    68 8.0E-01    1 T  T
 
   Iter Phase Ninf   Infeasibility   RGmax    NSB   Step InItr MX OK
    210   1    55  1.1797460839E+01 3.4E+02    46 8.3E-09      F  T
    211   2    55  1.1796489064E+01 1.0E+02    46 2.8E+01      F  T
    212   2    54  1.1671625143E+01 5.9E+00    68 1.0E+00    3 T  T
    213   2    54  1.1671525192E+01 1.3E+03    67 1.0E+00    1 T  T
    214   2    54  1.1671420230E+01 6.8E+02    67 1.0E+00    1 T  T
    215   2    54  1.1671309754E+01 3.4E+02    67 1.0E+00    1 T  T
    216   2    54  1.1671194023E+01 1.7E+02    67 1.0E+00    1 T  T
    217   2    54  1.1671071677E+01 8.9E+01    67 1.0E+00    1 T  T
    218   2    54  1.1670941198E+01 4.5E+01    67 1.0E+00    1 T  T
    219   2    53  1.1375533217E+01 2.3E+01    45 5.3E-01    2 T  T
 
   Iter Phase Ninf   Infeasibility   RGmax    NSB   Step InItr MX OK
    220   1    53  1.1375068093E+01 1.5E+01    43 5.9E-06      F  T
    221   2    53  1.1374428803E+01 2.7E+00    43 2.2E+01      F  T
    222   2    52  9.5097286077E+00 1.1E+00    66 8.1E-01    3 T  T
    223   1    51  9.5044650861E+00 1.0E+00    42 3.3E-03      T  T
    224   1    51  9.2480844923E+00 1.0E+00    41 2.6E-01      T  T
    225   1    51  9.2462935614E+00 2.8E-01    44 1.7E-02      F  F
    226   1    50  9.0645542046E+00 3.1E-02    44 2.8E+01      T  T
    227   1    50  8.8252373926E+00 3.3E-02    43 4.1E+01      F  F
    228   1    49  8.7271055885E+00 2.5E-01    43 6.3E-01      T  T
    229   1    47  7.9251480204E+00 2.5E-01    43 1.0E+00    3 T  T
 
   Iter Phase Ninf   Infeasibility   RGmax    NSB   Step InItr MX OK
    230   1    46  7.4806682589E+00 5.0E-01    42 1.0E+00    8 T  T
    231   1    43  6.5863388099E+00 1.4E+00    44 1.0E+00   13 T  T
    232   1    43  6.4353883728E+00 1.1E+00    72 6.7E-02   18 F  F
    233   1    39  6.3196117105E+00 1.5E+00    74 1.0E+00    9 T  T
    234   1    39  6.2132409362E+00 3.1E-01    66 6.4E-02    9 F  F
    235   1    39  6.1874069250E+00 6.7E-01    66 3.5E-01    3 F  F
    236   1    39  6.1865469114E+00 1.5E+00    65 3.6E-04      T  T
    237   1    39  6.1361940122E+00 1.5E+00    64 1.4E-02      T  T
    238   1    39  6.0806756180E+00 3.6E+00    63 3.2E-03      F  F
    239   1    39  6.0005116812E+00 6.1E+00    63 1.7E-03      F  F
 
   Iter Phase Ninf   Infeasibility   RGmax    NSB   Step InItr MX OK
    240   1    39  5.7511116707E+00 9.7E+00    63 1.7E-03      F  F
    241   1    38  5.7264684850E+00 1.6E-01    63 4.5E-01      T  T
    242   1    38  5.2985107255E+00 1.3E-01    62 1.5E+01      T  T
    243   1    38  3.7179800959E+00 1.3E-01    62 9.3E-01    3 T  T
    244   1    38  3.6698571035E+00 2.6E-01    61 2.8E-02    5 T  T
    245   1    36  3.5415030170E+00 1.0E+00    60 1.0E+00    3 T  T
    246   1    35  2.7771513601E+00 6.5E-02    57 1.1E-02    2 T  T
    247   1    35  2.7583145195E+00 6.2E-02    59 7.3E-04    2 T  T
    248   1    34  2.5273095994E+00 6.2E-02    58 9.1E-03    2 T  T
    249   1    33  2.4228647708E+00 6.2E-02    57 8.1E-03    2 T  T
 
   Iter Phase Ninf   Infeasibility   RGmax    NSB   Step InItr MX OK
    250   1    33  2.3864707277E+00 1.8E+02    57 1.0E+00    3 T  T
    251   1    30  1.8487111280E+00 1.3E+00    57 1.0E+00    6 T  T
    252   1    23  9.9616751312E-01 1.8E+00    56 1.0E+00   11 T  T
    253   1    22  2.6208129057E-04 4.7E+02    58 9.9E-01   11 T  T
    254   1    19  6.1430631558E-06 1.0E+00    21 1.0E+00    3 T  T
    255   1    15  5.6454013148E-06 1.7E-07    24 1.0E+00    4 T  T
    256   1    14  5.2765864323E-06 9.9E-08    20 1.0E+00    1 T  T
    257   1    11  4.3436508822E-06 1.5E-07    18 1.0E+00    3 T  T
    258   1    10  4.1473478683E-06 4.0E-08    15 1.0E+00    1 T  T
    259   1    10  4.1473478683E-06 8.0E-08    15
 
 ** Infeasible solution. Reduced gradient less than tolerance.
 
--- Reading solution for model sdgfinance
--- SDG Egypt Model v4 drc.gms(457) 46 Mb  30 secs
--- Executing after solve: elapsed 0:00:38.502
--- SDG Egypt Model v4 drc.gms(473) 46 Mb
--- GDX File (execute_unload) C:\Users\Yunjie\Desktop\Wi2050\SDG Financing Simplified model (Egypt)\v4_commented and cleaned - for calibration\auxiliary\modeloutput_drc.gdx
--- SDG Egypt Model v4 drc.gms(478) 46 Mb

GDXXRW           37.1.0 r07954d5 Released Nov 11, 2021 WEI x86 64bit/MS Window
Input file : C:\Users\Yunjie\Desktop\Wi2050\SDG Financing Simplified model (Egypt)\v4_commented and cleaned - for calibration\auxiliary\modeloutput_drc.gdx
Output file: C:\Users\Yunjie\Desktop\Wi2050\SDG Financing Simplified model (Egypt)\v4_commented and cleaned - for calibration\output\modeloutput_drc.xlsx
Total time = 2547 Ms
*** Status: Normal completion
--- Job SDG Egypt Model v4 drc.gms Stop 08/13/22 11:00:32 elapsed 0:00:41.238
