--- Job SDG Egypt Model v7 egy.gms Start 08/16/22 11:54:18 37.1.0 r07954d5 WEX-WEI x86 64bit/MS Windows
--- Applying:
    D:\Program\37GAMS\gmsprmNT.txt
--- GAMS Parameters defined
    Input "C:\Users\Yunjie\Desktop\Wi2050\SDG Financing Simplified model (Egypt)\v7\SDG Egypt Model v7 egy.gms"
    PageSize 0
    ScrDir "C:\Users\Yunjie\Desktop\Wi2050\SDG Financing Simplified model (Egypt)\v7\225a\"
    SysDir D:\Program\37GAMS\
    LogOption 3
    ErrMsg 1
    ErrorLog 99
    IDE 1
    LstTitleLeftAligned 1
Licensee: Large MUD - 20 User License                    G211208|0002AR-WIN
          Columbia University, Earth Institute                       DC4533
          C:\Users\Yunjie\Documents\GAMS\gamslice.txt
          License Admin: Jeffrey Sachs, sachs@columbia.edu                 
Processor information: 1 socket(s), 4 core(s), and 8 thread(s) available
GAMS 37.1.0   Copyright (C) 1987-2021 GAMS Development. All rights reserved
--- Starting compilation
--- SDG Egypt Model v7 egy.gms(95) 3 Mb
--- call GDXXRW .\input\paraminput\paraminput_egy.xlsx output=.\input\auxiliary\paraminput_egy.gdx Index=Index!a1 trace=3

GDXXRW           37.1.0 r07954d5 Released Nov 11, 2021 WEI x86 64bit/MS Window
Excel version 12.0
Input file : C:\Users\Yunjie\Desktop\Wi2050\SDG Financing Simplified model (Egypt)\v7\input\paraminput\paraminput_egy.xlsx
Output file: C:\Users\Yunjie\Desktop\Wi2050\SDG Financing Simplified model (Egypt)\v7\input\auxiliary\paraminput_egy.gdx
Substituting Index
Loading sheet Index
Reading data from Excel; Rng = A1:E100
Reading Slice: A1:E100
par=continuation Rng=Continuation!A1 Dim=2 Rdim=1
par=costff Rng=Hardcode!B1 Dim=0 Rdim=0
par=costre Rng=Hardcode!B2 Dim=0 Rdim=0
par=dep Rng=Hardcode!B3 Dim=0 Rdim=0
par=r Rng=Hardcode!B4 Dim=0 Rdim=0
par=kff0 Rng=Hardcode!B5 Dim=0 Rdim=0
par=kre0 Rng=Hardcode!B6 Dim=0 Rdim=0
par=aff Rng=Hardcode!B7 Dim=0 Rdim=0
par=taxlim Rng=Hardcode!B8 Dim=0 Rdim=0
par=tfp1 Rng=Hardcode!B9 Dim=0 Rdim=0
par=phi Rng=Hardcode!B10 Dim=0 Rdim=0
par=fertsh Rng=Hardcode!B11 Dim=0 Rdim=0
par=bk Rng=Hardcode!B12 Dim=0 Rdim=0
par=bkf Rng=Hardcode!B13 Dim=0 Rdim=0
par=ben Rng=Hardcode!B14 Dim=0 Rdim=0
par=k0 Rng=Hardcode!B15 Dim=0 Rdim=0
par=kf0 Rng=Hardcode!B16 Dim=0 Rdim=0
par=debtqlim Rng=Hardcode!B17 Dim=0 Rdim=0
par=pubgdpsh Rng=Hardcode!B18 Dim=0 Rdim=0
par=lowerbound Rng=Hardcode!B19 Dim=0 Rdim=0
par=discr Rng=Hardcode!B20 Dim=0 Rdim=0
par=stratio Rng=Hardcode!B21 Dim=0 Rdim=0
par=hwratio Rng=Hardcode!B22 Dim=0 Rdim=0
par=hcaccum Rng=Hardcode!B23 Dim=0 Rdim=0
Type Symbol       Dim      Sheet                Data          RowHeader     ColHeader     
Loading sheet Continuation
Reading data from Excel; Rng = A1:B19
Reading Slice: A1:B19
Par  continuation   2      Continuation         B2:B19        A2:A19        B1:B1         
Loading sheet Hardcode
Reading data from Excel; Rng = A1:B23
Reading Slice: A1:B23
Par  costff         0      Hardcode             B1:B1         --:--         --:--         
Par  costre         0      Hardcode             B2:B2         --:--         --:--         
Par  dep            0      Hardcode             B3:B3         --:--         --:--         
Par  r              0      Hardcode             B4:B4         --:--         --:--         
Par  kff0           0      Hardcode             B5:B5         --:--         --:--         
Par  kre0           0      Hardcode             B6:B6         --:--         --:--         
Par  aff            0      Hardcode             B7:B7         --:--         --:--         
Par  taxlim         0      Hardcode             B8:B8         --:--         --:--         
Par  tfp1           0      Hardcode             B9:B9         --:--         --:--         
Par  phi            0      Hardcode             B10:B10       --:--         --:--         
Par  fertsh         0      Hardcode             B11:B11       --:--         --:--         
Par  bk             0      Hardcode             B12:B12       --:--         --:--         
Par  bkf            0      Hardcode             B13:B13       --:--         --:--         
Par  ben            0      Hardcode             B14:B14       --:--         --:--         
Par  k0             0      Hardcode             B15:B15       --:--         --:--         
Par  kf0            0      Hardcode             B16:B16       --:--         --:--         
Par  debtqlim       0      Hardcode             B17:B17       --:--         --:--         
Par  pubgdpsh       0      Hardcode             B18:B18       --:--         --:--         
Par  lowerbound     0      Hardcode             B19:B19       --:--         --:--         
Par  discr          0      Hardcode             B20:B20       --:--         --:--         
Par  stratio        0      Hardcode             B21:B21       --:--         --:--         
Par  hwratio        0      Hardcode             B22:B22       --:--         --:--         
Par  hcaccum        0      Hardcode             B23:B23       --:--         --:--         
Total time = 1407 Ms
--- SDG Egypt Model v7 egy.gms(96) 3 Mb
--- GDXin=C:\Users\Yunjie\Desktop\Wi2050\SDG Financing Simplified model (Egypt)\v7\input\auxiliary\paraminput_egy.gdx
--- GDX File ($gdxIn) C:\Users\Yunjie\Desktop\Wi2050\SDG Financing Simplified model (Egypt)\v7\input\auxiliary\paraminput_egy.gdx
--- SDG Egypt Model v7 egy.gms(124) 3 Mb
--- call GDXXRW .\input\auxiliary\datainput_egy.xlsx output=.\input\auxiliary\datainput_egy.gdx Index=index!a1 trace=3

GDXXRW           37.1.0 r07954d5 Released Nov 11, 2021 WEI x86 64bit/MS Window
Excel version 12.0
Input file : C:\Users\Yunjie\Desktop\Wi2050\SDG Financing Simplified model (Egypt)\v7\input\auxiliary\datainput_egy.xlsx
Output file: C:\Users\Yunjie\Desktop\Wi2050\SDG Financing Simplified model (Egypt)\v7\input\auxiliary\datainput_egy.gdx
Substituting Index
Loading sheet index
Reading data from Excel; Rng = A1:E7
Reading Slice: A1:E7
par=D1 Rng=popg0!A1 Dim=2 Rdim=1
par=D2 Rng=fert0!A1 Dim=2 Rdim=1
par=D3 Rng=surv0!A1 Dim=2 Rdim=1
par=D4 Rng=w0!A1 Dim=3 Rdim=2
par=D5 Rng=s0!A1 Dim=2 Rdim=1
par=D6 Rng=ferthic0!A1 Dim=2 Rdim=1
Type Symbol       Dim      Sheet                Data          RowHeader     ColHeader     
Loading sheet popg0
Reading data from Excel; Rng = A1:C101
Reading Slice: A1:C101
Par  D1             2      popg0                B2:C101       A2:A101       B1:C1         
Loading sheet fert0
Reading data from Excel; Rng = A1:B36
Reading Slice: A1:B36
Par  D2             2      fert0                B2:B36        A2:A36        B1:B1         
Loading sheet surv0
Reading data from Excel; Rng = A1:E100
Reading Slice: A1:E100
Par  D3             2      surv0                B2:E100       A2:A100       B1:E1         
Loading sheet w0
Reading data from Excel; Rng = A1:D319
Reading Slice: A1:D319
Par  D4             3      w0                   C2:D319       A2:B319       C1:D1         
Loading sheet s0
Reading data from Excel; Rng = A1:C18
Reading Slice: A1:C18
Par  D5             2      s0                   B2:C18        A2:A18        B1:C1         
Loading sheet ferthic0
Reading data from Excel; Rng = A1:B36
Reading Slice: A1:B36
Par  D6             2      ferthic0             B2:B36        A2:A36        B1:B1         
Total time = 1781 Ms
--- SDG Egypt Model v7 egy.gms(125) 3 Mb
--- GDXin=C:\Users\Yunjie\Desktop\Wi2050\SDG Financing Simplified model (Egypt)\v7\input\auxiliary\datainput_egy.gdx
--- GDX File ($gdxIn) C:\Users\Yunjie\Desktop\Wi2050\SDG Financing Simplified model (Egypt)\v7\input\auxiliary\datainput_egy.gdx
--- SDG Egypt Model v7 egy.gms(504) 3 Mb
--- $echo File C:\Users\Yunjie\Desktop\Wi2050\SDG Financing Simplified model (Egypt)\v7\input\auxiliary\outputsetting_egy.txt
--- SDG Egypt Model v7 egy.gms(507) 3 Mb
--- Starting execution: elapsed 0:00:03.392
--- SDG Egypt Model v7 egy.gms(472) 5 Mb
--- Generating DNLP model sdgfinance
--- SDG Egypt Model v7 egy.gms(287) 7 Mb
--- Starting Equ eq1: elapsed 0:00:03.395
--- SDG Egypt Model v7 egy.gms(288) 7 Mb
--- Starting Equ eq2: elapsed 0:00:03.398
--- SDG Egypt Model v7 egy.gms(289) 7 Mb
--- Starting Equ eq3: elapsed 0:00:03.398
--- SDG Egypt Model v7 egy.gms(290) 9 Mb
--- Starting Equ eq4: elapsed 0:00:03.407
--- SDG Egypt Model v7 egy.gms(291) 16 Mb
--- Starting Equ eq5: elapsed 0:00:03.441
--- SDG Egypt Model v7 egy.gms(295) 17 Mb
--- Starting Equ eq6: elapsed 0:00:03.470
--- SDG Egypt Model v7 egy.gms(296) 17 Mb
--- Starting Equ eq7: elapsed 0:00:03.470
--- SDG Egypt Model v7 egy.gms(297) 17 Mb
--- Starting Equ eq8: elapsed 0:00:03.471
--- SDG Egypt Model v7 egy.gms(298) 17 Mb
--- Starting Equ eq9: elapsed 0:00:03.471
--- SDG Egypt Model v7 egy.gms(299) 17 Mb
--- Starting Equ eq10: elapsed 0:00:03.471
--- SDG Egypt Model v7 egy.gms(302) 17 Mb
--- Starting Equ eq11: elapsed 0:00:03.471
--- SDG Egypt Model v7 egy.gms(303) 17 Mb
--- Starting Equ eq12: elapsed 0:00:03.471
--- SDG Egypt Model v7 egy.gms(304) 17 Mb
--- Starting Equ eq13: elapsed 0:00:03.471
--- SDG Egypt Model v7 egy.gms(305) 17 Mb
--- Starting Equ eq14: elapsed 0:00:03.472
--- SDG Egypt Model v7 egy.gms(306) 17 Mb
--- Starting Equ eq15: elapsed 0:00:03.472
--- SDG Egypt Model v7 egy.gms(307) 29 Mb
--- Starting Equ eq16: elapsed 0:00:03.523
--- SDG Egypt Model v7 egy.gms(308) 45 Mb
--- Starting Equ eq17: elapsed 0:00:03.614
--- SDG Egypt Model v7 egy.gms(309) 45 Mb
--- Starting Equ eq19: elapsed 0:00:03.614
--- SDG Egypt Model v7 egy.gms(310) 45 Mb
--- Starting Equ eq19a: elapsed 0:00:03.663
--- SDG Egypt Model v7 egy.gms(311) 45 Mb
--- Starting Equ eq19b: elapsed 0:00:03.663
--- SDG Egypt Model v7 egy.gms(312) 45 Mb
--- Starting Equ eq19c: elapsed 0:00:03.663
--- SDG Egypt Model v7 egy.gms(313) 45 Mb
--- Starting Equ eq19d: elapsed 0:00:03.663
--- SDG Egypt Model v7 egy.gms(314) 45 Mb
--- Starting Equ eq19e: elapsed 0:00:03.663
--- SDG Egypt Model v7 egy.gms(315) 45 Mb
--- Starting Equ eq20: elapsed 0:00:03.663
--- SDG Egypt Model v7 egy.gms(317) 45 Mb
--- Starting Equ eq21: elapsed 0:00:03.664
--- SDG Egypt Model v7 egy.gms(316) 45 Mb
--- Starting Equ eq21a: elapsed 0:00:03.664
--- SDG Egypt Model v7 egy.gms(318) 45 Mb
--- Starting Equ eq22: elapsed 0:00:03.664
--- SDG Egypt Model v7 egy.gms(319) 45 Mb
--- Starting Equ eq23: elapsed 0:00:03.664
--- SDG Egypt Model v7 egy.gms(320) 45 Mb
--- Starting Equ eq24: elapsed 0:00:03.664
--- SDG Egypt Model v7 egy.gms(321) 45 Mb
--- Starting Equ eq25: elapsed 0:00:03.664
--- SDG Egypt Model v7 egy.gms(322) 45 Mb
--- Starting Equ eq26: elapsed 0:00:03.672
--- SDG Egypt Model v7 egy.gms(323) 45 Mb
--- Starting Equ eq27: elapsed 0:00:03.672
--- SDG Egypt Model v7 egy.gms(324) 45 Mb
--- Starting Equ eq28: elapsed 0:00:03.672
--- SDG Egypt Model v7 egy.gms(325) 45 Mb
--- Starting Equ eq29: elapsed 0:00:03.672
--- SDG Egypt Model v7 egy.gms(326) 45 Mb
--- Starting Equ eq30a: elapsed 0:00:03.672
--- SDG Egypt Model v7 egy.gms(327) 45 Mb
--- Starting Equ eq30: elapsed 0:00:03.672
--- SDG Egypt Model v7 egy.gms(328) 45 Mb
--- Starting Equ eq31: elapsed 0:00:03.672
--- SDG Egypt Model v7 egy.gms(329) 45 Mb
--- Starting Equ eq32: elapsed 0:00:03.672
--- SDG Egypt Model v7 egy.gms(330) 45 Mb
--- Starting Equ eq33: elapsed 0:00:03.672
--- SDG Egypt Model v7 egy.gms(331) 45 Mb
--- Starting Equ eq34: elapsed 0:00:03.672
--- SDG Egypt Model v7 egy.gms(332) 45 Mb
--- Starting Equ eq36: elapsed 0:00:03.673
--- SDG Egypt Model v7 egy.gms(333) 45 Mb
--- Starting Equ eq37: elapsed 0:00:03.673
--- SDG Egypt Model v7 egy.gms(334) 45 Mb
--- Starting Equ eq38: elapsed 0:00:03.673
--- SDG Egypt Model v7 egy.gms(335) 45 Mb
--- Starting Equ eq51: elapsed 0:00:03.675
--- SDG Egypt Model v7 egy.gms(336) 45 Mb
--- Starting Equ eq52: elapsed 0:00:03.679
--- SDG Egypt Model v7 egy.gms(337) 45 Mb
--- Starting Equ eq53: elapsed 0:00:03.680
--- SDG Egypt Model v7 egy.gms(338) 45 Mb
--- Starting Equ eq54: elapsed 0:00:03.680
--- SDG Egypt Model v7 egy.gms(300) 45 Mb
--- Starting Equ eq61: elapsed 0:00:03.680
--- SDG Egypt Model v7 egy.gms(301) 45 Mb
--- Starting Equ eq62: elapsed 0:00:03.681
--- SDG Egypt Model v7 egy.gms(292) 45 Mb
--- Starting Equ eq63: elapsed 0:00:03.681
--- SDG Egypt Model v7 egy.gms(293) 45 Mb
--- Starting Equ eq64: elapsed 0:00:03.681
--- SDG Egypt Model v7 egy.gms(294) 46 Mb
--- Starting Equ eq65: elapsed 0:00:03.695
--- SDG Egypt Model v7 egy.gms(339) 47 Mb
--- Starting Equ eq66: elapsed 0:00:03.732
--- SDG Egypt Model v7 egy.gms(340) 47 Mb
--- Starting Equ eq70: elapsed 0:00:03.732
--- SDG Egypt Model v7 egy.gms(341) 47 Mb
--- Starting Equ eq71: elapsed 0:00:03.732
--- SDG Egypt Model v7 egy.gms(342) 47 Mb
--- Starting Equ eq72: elapsed 0:00:03.732
--- SDG Egypt Model v7 egy.gms(441) 47 Mb
--- Starting Equ utilt: elapsed 0:00:03.732
--- SDG Egypt Model v7 egy.gms(442) 47 Mb
--- Starting Equ utility: elapsed 0:00:03.733
--- SDG Egypt Model v7 egy.gms(393) 47 Mb
--- Starting Equ output: elapsed 0:00:03.733
--- SDG Egypt Model v7 egy.gms(394) 47 Mb
--- Starting Equ outputpc: elapsed 0:00:03.733
--- SDG Egypt Model v7 egy.gms(395) 47 Mb
--- Starting Equ ewage: elapsed 0:00:03.733
--- SDG Egypt Model v7 egy.gms(397) 47 Mb
--- Starting Equ kstart: elapsed 0:00:03.734
--- SDG Egypt Model v7 egy.gms(401) 47 Mb
--- Starting Equ kfstart: elapsed 0:00:03.734
--- SDG Egypt Model v7 egy.gms(399) 47 Mb
--- Starting Equ kffstart: elapsed 0:00:03.734
--- SDG Egypt Model v7 egy.gms(400) 47 Mb
--- Starting Equ krestart: elapsed 0:00:03.734
--- SDG Egypt Model v7 egy.gms(402) 47 Mb
--- Starting Equ knext: elapsed 0:00:03.734
--- SDG Egypt Model v7 egy.gms(405) 47 Mb
--- Starting Equ kfnext: elapsed 0:00:03.734
--- SDG Egypt Model v7 egy.gms(403) 47 Mb
--- Starting Equ kffnext: elapsed 0:00:03.734
--- SDG Egypt Model v7 egy.gms(404) 47 Mb
--- Starting Equ krenext: elapsed 0:00:03.734
--- SDG Egypt Model v7 egy.gms(423) 47 Mb
--- Starting Equ kfend: elapsed 0:00:03.734
--- SDG Egypt Model v7 egy.gms(424) 47 Mb
--- Starting Equ ktotal: elapsed 0:00:03.734
--- SDG Egypt Model v7 egy.gms(406) 47 Mb
--- Starting Equ energy: elapsed 0:00:03.734
--- SDG Egypt Model v7 egy.gms(407) 47 Mb
--- Starting Equ ffuel: elapsed 0:00:03.735
--- SDG Egypt Model v7 egy.gms(418) 47 Mb
--- Starting Equ conlim: elapsed 0:00:03.735
--- SDG Egypt Model v7 egy.gms(432) 47 Mb
--- Starting Equ education: elapsed 0:00:03.735
--- SDG Egypt Model v7 egy.gms(435) 47 Mb
--- Starting Equ edugdp: elapsed 0:00:03.735
--- SDG Egypt Model v7 egy.gms(398) 47 Mb
--- Starting Equ dstart: elapsed 0:00:03.735
--- SDG Egypt Model v7 egy.gms(412) 47 Mb
--- Starting Equ tbalance: elapsed 0:00:03.735
--- SDG Egypt Model v7 egy.gms(413) 47 Mb
--- Starting Equ totdebt: elapsed 0:00:03.735
--- SDG Egypt Model v7 egy.gms(414) 47 Mb
--- Starting Equ debttogdp: elapsed 0:00:03.736
--- SDG Egypt Model v7 egy.gms(415) 47 Mb
--- Starting Equ debtlimit: elapsed 0:00:03.736
--- SDG Egypt Model v7 egy.gms(419) 47 Mb
--- Starting Equ conend: elapsed 0:00:03.736
--- SDG Egypt Model v7 egy.gms(425) 47 Mb
--- Starting Equ consumetrpc: elapsed 0:00:03.736
--- SDG Egypt Model v7 egy.gms(420) 47 Mb
--- Starting Equ kend: elapsed 0:00:03.736
--- SDG Egypt Model v7 egy.gms(421) 47 Mb
--- Starting Equ kffend: elapsed 0:00:03.736
--- SDG Egypt Model v7 egy.gms(422) 47 Mb
--- Starting Equ kreend: elapsed 0:00:03.736
--- SDG Egypt Model v7 egy.gms(411) 47 Mb
--- Starting Equ costk: elapsed 0:00:03.736
--- SDG Egypt Model v7 egy.gms(410) 47 Mb
--- Starting Equ costkf: elapsed 0:00:03.736
--- SDG Egypt Model v7 egy.gms(408) 47 Mb
--- Starting Equ costkff: elapsed 0:00:03.736
--- SDG Egypt Model v7 egy.gms(409) 47 Mb
--- Starting Equ costkre: elapsed 0:00:03.737
--- SDG Egypt Model v7 egy.gms(433) 47 Mb
--- Starting Equ health: elapsed 0:00:03.737
--- SDG Egypt Model v7 egy.gms(434) 47 Mb
--- Starting Equ govcost: elapsed 0:00:03.737
--- SDG Egypt Model v7 egy.gms(436) 47 Mb
--- Starting Equ hlgdp: elapsed 0:00:03.737
--- SDG Egypt Model v7 egy.gms(438) 47 Mb
--- Starting Equ pubadgdp: elapsed 0:00:03.737
--- SDG Egypt Model v7 egy.gms(439) 47 Mb
--- Starting Equ infgdp: elapsed 0:00:03.737
--- SDG Egypt Model v7 egy.gms(437) 47 Mb
--- Starting Equ poutlay: elapsed 0:00:03.737
--- SDG Egypt Model v7 egy.gms(429) 47 Mb
--- Starting Equ educationuc: elapsed 0:00:03.737
--- SDG Egypt Model v7 egy.gms(430) 47 Mb
--- Starting Equ healthuc: elapsed 0:00:03.737
--- SDG Egypt Model v7 egy.gms(396) 47 Mb
--- Starting Equ marginalpk: elapsed 0:00:03.737
--- SDG Egypt Model v7 egy.gms(440) 47 Mb
--- Starting Equ enktotratio: elapsed 0:00:03.738
--- SDG Egypt Model v7 egy.gms(426) 47 Mb
--- Starting Equ endconpclim: elapsed 0:00:03.738
--- SDG Egypt Model v7 egy.gms(416) 47 Mb
--- Starting Equ nodebtbyend: elapsed 0:00:03.738
--- SDG Egypt Model v7 egy.gms(474) 48 Mb
---   142,717 rows  144,943 columns  349,188 non-zeroes
---   98,236 nl-code  27,979 nl-non-zeroes
--- SDG Egypt Model v7 egy.gms(474) 46 Mb
--- Executing CONOPT (Solvelink=2): elapsed 0:00:03.836

CONOPT 3         37.1.0 r07954d5 Released Nov 11, 2021 WEI x86 64bit/MS Window

 
 
    C O N O P T 3   version 3.17K
    Copyright (C)   ARKI Consulting and Development A/S
                    Bagsvaerdvej 246 A
                    DK-2880 Bagsvaerd, Denmark
 
 
   Iter Phase Ninf   Infeasibility   RGmax    NSB   Step InItr MX OK
      0   0        3.0710207930E+03 (Input point)
 
                   Pre-triangular equations:   141579
                   Post-triangular equations:  203
                   Definitional equations:     563
 
      1   0        9.2594503591E+03 (After pre-processing)
      2   0        1.5596044223E+02 (After scaling)
      3   1   315  1.5034873241E+02 3.2E+04    51 3.4E-01    3 F  F
      4   1   315  1.4306116189E+02 3.1E+04    48 1.0E+00    1 T  T
      5   1   315  1.3628130752E+02 3.1E+04    46 1.0E+00    6 T  T
      6   1   315  1.3331119670E+02 1.4E+04    34 1.0E+00   12 T  T
      7   1   315  1.3330817310E+02 1.1E+04    52 2.1E-04   16 F  F
      8   1   315  1.3328991296E+02 6.8E+01    54 3.4E-03    4 F  F
      9   1   315  1.3326745134E+02 6.8E+01    53 1.2E-06      F  F
 
   Iter Phase Ninf   Infeasibility   RGmax    NSB   Step InItr MX OK
     10   1   315  1.3308306030E+02 6.8E+01    55 9.9E-06      F  F
     11   1   315  1.3253638053E+02 6.8E+01    55 3.8E-05      F  F
     12   1   314  1.3142185665E+02 5.0E+01    56 1.2E-04      T  T
     13   1   313  1.3138968256E+02 4.7E+01    56 4.5E-06      T  T
     14   1   312  1.3137775220E+02 4.6E+01    56 2.4E-06      T  T
     15   1   311  1.3137205545E+02 4.5E+01    55 2.0E-06      T  T
     16   1   310  1.3046223829E+02 1.7E+01    54 1.0E-03      T  T
     17   1   310  1.3039525579E+02 1.6E+01    55 7.5E-03    3 F  F
     18   1   310  1.3027442355E+02 2.0E+00    55 1.5E-02    1 F  F
     19   1   310  1.2974858702E+02 2.0E+00    55 1.0E-02      F  F
 
   Iter Phase Ninf   Infeasibility   RGmax    NSB   Step InItr MX OK
     20   1   310  1.2786595170E+02 2.0E+00    55 3.6E-02      F  F
     21   1   310  1.2454391423E+02 2.0E+00    55 6.4E-02      F  F
     22   1   309  1.2280995830E+02 1.1E+00    55 3.6E-02      T  T
     23   1   309  1.2203910135E+02 1.1E+00    54 1.6E-02      T  T
     24   1   308  1.2203744720E+02 2.5E+00    57 2.4E-05      T  T
     25   1   307  1.2203667914E+02 2.5E+00    55 1.2E-05      T  T
     26   1   307  1.2200034329E+02 2.5E+00    54 6.1E-04      F  F
     27   1   307  1.2184247966E+02 2.5E+00    54 2.6E-03      F  F
     28   1   307  1.2107120628E+02 2.5E+00    56 1.3E-02      F  F
     29   1   307  1.1941824006E+02 2.5E+00    55 2.9E-02      F  F
 
   Iter Phase Ninf   Infeasibility   RGmax    NSB   Step InItr MX OK
     30   1   306  1.1725516323E+02 1.2E+00    56 4.1E-02      T  T
     31   1   304  1.1161958314E+02 1.2E+00    55 1.0E+00    3 T  T
     32   1   296  1.0449231890E+02 1.2E+00    52 1.0E+00    8 T  T
     33   1   284  9.9149961713E+01 1.3E+00    44 1.0E+00   13 T  T
     34   1   266  9.2004613219E+01 1.3E+00    31 1.0E+00   18 T  T
     35   1   266  8.8901755925E+01 1.6E+04    64 3.5E-01   23 F  F
     36   1   258  8.4845792831E+01 1.3E+00    64 1.0E+00    8 T  T
     37   1   245  8.1866020294E+01 1.3E+00    56 1.0E+00   13 T  T
     38   1   227  7.9343886438E+01 1.3E+00    43 1.0E+00   18 T  T
     39   1   227  7.7553586419E+01 1.0E+00    59 3.4E-01   23 F  F
 
   Iter Phase Ninf   Infeasibility   RGmax    NSB   Step InItr MX OK
     40   1   219  7.6167109515E+01 1.9E+00    59 1.0E+00    8 T  T
     41   1   206  7.0090105249E+01 1.0E+00    51 1.0E+00   13 T  T
     42   1   188  6.4929258470E+01 1.1E+00    38 1.0E+00   18 T  T
     43   1   188  6.3477332492E+01 1.0E+00    53 3.8E-01   23 F  F
     44   1   176  6.3292863843E+01 1.4E+00    53 1.0E+00   12 T  T
     45   1   162  6.3170041560E+01 1.0E+00    40 1.0E+00   13 T  T
     46   1   144  6.1522261340E+01 1.0E+00    26 1.0E+00   18 T  T
     47   1   144  6.0605758292E+01 1.0E+00    34 2.9E-01   23 F  F
     48   1   144  5.9979927656E+01 1.0E+00    34 3.4E-01    8 F  F
     49   1   143  5.9536701386E+01 1.0E+00    34 1.6E-01      T  T
 
   Iter Phase Ninf   Infeasibility   RGmax    NSB   Step InItr MX OK
     50   1   141  5.9081094626E+01 1.0E+00    33 1.8E-01      T  T
     51   1   141  5.8956356191E+01 1.0E+00    32 4.8E-02      T  T
     52   1   141  5.8936284131E+01 1.0E+00    31 6.6E-03      T  T
     53   1   141  5.8932365039E+01 1.0E+00    30 1.9E-03      T  T
     54   1   141  5.8855488879E+01 9.3E-01    29 7.2E-02      T  T
     55   1   141  5.8713539164E+01 5.4E-01    28 3.4E-01    3 F  F
     56   1   141  5.8572909022E+01 1.5E-01    28 3.4E-01    1 F  F
     57   1   141  5.8428180392E+01 2.9E-01    28 4.3E-01      F  F
     58   1   141  5.8082475187E+01 1.0E+00    28 1.9E-01      F  F
     59   1   141  5.7971007903E+01 1.0E+00    28 3.3E-02      F  F
 
   Iter Phase Ninf   Infeasibility   RGmax    NSB   Step InItr MX OK
     60   1   141  5.7380876046E+01 1.0E+00    28 1.6E-01      F  F
     61   1   141  5.7235752429E+01 1.0E+00    28 3.0E-02      F  F
     62   1   140  5.3754237254E+01 1.0E+00    28 8.6E-01      T  T
     63   1   139  5.3570949921E+01 1.0E+00    27 5.7E-02      T  T
     64   1   138  5.3162487497E+01 1.0E+00    26 1.7E-01      T  T
     65   1   138  5.3068116900E+01 1.1E+00    25 3.5E-02      F  F
     66   1   138  5.2976239255E+01 2.0E+00    25 1.5E-02      F  F
     67   1   137  5.2740827302E+01 1.0E+00    25 1.8E-01      T  T
     68   1   137  5.2403659253E+01 3.2E-01    24 3.4E-01    3 F  F
     69   1   137  5.2260371886E+01 7.4E-01    24 3.4E-01    1 F  F
 
   Iter Phase Ninf   Infeasibility   RGmax    NSB   Step InItr MX OK
     70   1   137  5.1702182545E+01 1.0E+00    24 2.4E-01      F  F
     71   1   136  5.0015057712E+01 1.0E+00    24 8.4E-01      T  T
     72   1   135  4.9356719111E+01 1.0E+00    23 6.5E-01      T  T
     73   1   135  4.9313426592E+01 7.6E-02    22 1.8E+00      F  F
     74   1   135  4.9247959236E+01 1.0E-01    22 2.3E+00      F  F
     75   1   135  4.9159977852E+01 1.8E-01    22 1.4E+00      F  F
     76   1   134  4.7735843769E+01 1.0E+00    22 1.4E+00      T  T
     77   1   134  4.7646385083E+01 6.5E-02    21 3.2E+00      F  F
     78   1   134  4.6656351938E+01 5.0E-01    21 3.5E+00      F  F
     79   1   133  4.6256559411E+01 5.0E-01    21 1.4E+00      T  T
 
   Iter Phase Ninf   Infeasibility   RGmax    NSB   Step InItr MX OK
     80   1   133  4.6025153144E+01 1.7E-01    20 3.4E-01    3 F  F
     81   1   133  4.5902489532E+01 8.5E-01    20 3.4E-01    1 F  F
     82   1   133  4.5863956017E+01 6.2E-01    20 1.6E-01    1 F  F
     83   1   133  4.5766891008E+01 9.0E-01    20 2.5E-01    1 F  F
     84   1   133  4.5705666089E+01 1.4E+00    20 1.3E-01    1 F  F
     85   1   133  4.5364897613E+01 5.0E-01    20 4.7E-01      F  F
     86   1   133  4.4748164900E+01 5.0E-01    24 6.0E-01      F  F
     87   1   133  4.4394102061E+01 9.8E-01    28 1.2E-01      F  F
     88   1   133  4.3352689572E+01 1.0E+00    28 4.8E-01      F  F
     89   1   132  4.1420789134E+01 1.0E+00    28 6.9E-01      T  T
 
   Iter Phase Ninf   Infeasibility   RGmax    NSB   Step InItr MX OK
     90   1   131  4.0149578705E+01 1.0E+00    27 7.0E-01      T  T
     91   1   130  3.9080245889E+01 5.0E-01    26 1.3E+00      T  T
     92   1   129  3.8830291168E+01 5.0E-01    25 3.3E-01      T  T
     93   1   129  3.8463283987E+01 6.7E-01    24 3.4E-01    3 F  F
     94   1   128  3.8239761302E+01 3.9E-01    24 1.0E+00    1 T  T
     95   1   128  3.7932331630E+01 4.4E-01    23 1.9E-01    6 F  F
     96   1   128  3.7423430084E+01 6.7E-01    23 3.4E-01    2 F  F
     97   1   128  3.6916751393E+01 1.5E+00    23 1.3E-01      F  F
     98   1   127  3.6102138099E+01 1.0E+00    23 4.8E-01      T  T
     99   1   127  3.5820385103E+01 7.8E-01    22 3.3E-01      F  F
 
   Iter Phase Ninf   Infeasibility   RGmax    NSB   Step InItr MX OK
    100   1   127  3.5381793290E+01 1.4E+00    22 1.6E-01      F  F
    101   1   126  3.4971095320E+01 1.0E+00    22 3.9E-01      T  T
    102   1   126  3.4893435395E+01 1.6E-01    21 1.1E+00      F  F
    103   1   126  3.4744280064E+01 2.1E-01    20 1.2E+00      F  F
    104   1   126  3.4294697742E+01 4.5E-01    20 1.2E+00      F  F
    105   1   126  3.4200349601E+01 2.3E+04    22 3.2E-10      F  T
    106   1   126  3.4200317123E+01 1.1E+00    23 1.5E-05      F  F
    107   1   126  3.4200317123E+01 7.7E-01    23 0.0E+00      F  F
    108   1   126  3.4190062500E+01 7.7E-01    23 9.7E-03      F  F
    109   1   126  3.4167102382E+01 5.0E-01    23 5.0E-02      F  F
 
   Iter Phase Ninf   Infeasibility   RGmax    NSB   Step InItr MX OK
    110   1   126  3.4130807418E+01 5.0E-01    22 7.9E-02      T  T
    111   1   126  3.4105581795E+01 5.0E-01    21 5.5E-02      F  F
    112   1   126  3.3582039267E+01 5.0E-01    21 1.2E+00      F  F
    113   1   125  3.2998759005E+01 5.0E-01    21 9.4E-01      T  T
    114   1   125  3.2596107002E+01 5.0E-01    20 1.1E+00      F  F
    115   1   125  3.2485209717E+01 1.5E+00    20 9.5E-02      F  T
    116   1   124  3.2319084415E+01 5.0E-01    20 3.6E-01      T  T
    117   1   124  3.2191366790E+01 7.6E+04    20 3.8E-11      F  T
    118   1   122  3.2079346940E+01 2.8E+04    20 2.2E-10      T  T
    119   1   121  3.1743384646E+01 5.0E-01    19 9.3E-01      T  T
 
   Iter Phase Ninf   Infeasibility   RGmax    NSB   Step InItr MX OK
    120   1   121  3.1537022294E+01 2.8E-01    18 1.8E+00      F  F
    121   1   121  3.1229576684E+01 5.6E-01    18 8.7E-01      F  F
    122   1   121  3.0473752270E+01 5.6E-01    18 2.1E+00      F  F
    123   1   120  3.0205908027E+01 5.6E-01    18 4.5E-01      T  T
    124   1   119  2.8863408955E+01 5.0E-01    17 4.9E+00      T  T
    125   1   119  2.8769625508E+01 7.2E+04    18 6.2E-02    3 F  F
    126   1   119  2.8682207350E+01 1.0E+00    18 1.3E-01    3 F  F
    127   1   118  2.8681790028E+01 1.0E+00    18 4.1E-04      T  T
    128   1   118  2.8259482378E+01 1.0E+00    17 4.1E-01      T  T
    129   1   118  2.8016809769E+01 1.2E-01    16 9.6E+00      F  F
 
   Iter Phase Ninf   Infeasibility   RGmax    NSB   Step InItr MX OK
    130   1   118  2.7848349061E+01 1.2E-01    16 5.5E+00      F  F
    131   1   118  2.7693416034E+01 1.2E-01    16 3.2E+00      F  F
    132   1   118  2.6902478118E+01 5.0E-01    16 2.6E+00      F  F
    133   1   117  2.6057840634E+01 5.0E-01    30 1.5E+00      T  T
    134   1   116  2.5312340518E+01 5.0E-01    29 2.1E+00      T  T
    135   1   116  2.4293468821E+01 2.5E-01    28 3.5E-01    3 F  F
    136   1   115  2.3011021524E+01 3.5E-01    28 1.0E+00    1 T  T
    137   1   115  2.1840343980E+01 2.4E+01    27 4.8E-01    6 T  T
    138   1   114  2.1310627142E+01 4.5E-01    24 3.5E-01    3 T  T
    139   1   114  2.1124514688E+01 1.0E+00    23 3.4E-01    2 F  F
 
   Iter Phase Ninf   Infeasibility   RGmax    NSB   Step InItr MX OK
    140   1   114  2.1015733670E+01 1.0E+00    23 3.4E-01    2 F  F
    141   1   114  2.0894184819E+01 1.6E+00    23 2.8E-02      F  F
    142   1   113  2.0255657279E+01 5.0E-01    23 9.8E-01      F  F
    143   1   112  1.8764370215E+01 5.0E-01    23 2.0E+00      T  T
    144   1   111  1.7746956146E+01 1.0E+00    22 5.1E-01      T  T
    145   1   110  1.7062879818E+01 1.0E+00    21 6.7E-01      T  T
    146   1   110  1.7013139432E+01 1.2E-01    20 2.0E+00      F  F
    147   1   110  1.6951797543E+01 1.6E-01    20 1.6E+00      F  F
    148   1   110  1.6833197111E+01 2.9E-01    20 9.2E-01      F  F
    149   1   109  1.5946691517E+01 5.0E-01    20 3.4E+00      T  T
 
   Iter Phase Ninf   Infeasibility   RGmax    NSB   Step InItr MX OK
    150   1   108  1.5908765818E+01 1.5E-01    19 1.2E-01    3 F  T
    151   1   108  1.5896853519E+01 5.7E-02    41 3.1E-02    2 F  F
    152   1   107  1.5890756273E+01 5.7E-02    41 3.2E-01      T  T
    153   1   107  1.5828933777E+01 5.7E-02    40 3.5E+00      F  F
    154   1   107  1.5683577853E+01 5.6E-02    40 8.3E+00      T  T
    155   1   106  1.5574654505E+01 6.9E-02    39 4.4E+00      T  T
    156   1   105  1.5558506805E+01 6.9E-02    38 1.0E+00      T  T
    157   1   105  1.5443175582E+01 1.4E+00    37 1.0E+00    3 T  T
    158   1    91  1.4334112858E+01 3.3E+00    36 2.0E+00    8 T  T
    159   1    87  1.3889492229E+01 2.3E-01    36 1.0E+00    6 T  T
 
   Iter Phase Ninf   Infeasibility   RGmax    NSB   Step InItr MX OK
    160   1    81  1.3482090531E+01 1.3E+00    32 1.0E+00   10 T  T
    161   1    80  1.3087699857E+01 6.7E+03    72 2.5E-01   15 F  F
    162   1    77  1.2799256864E+01 9.8E-01    72 1.0E+00    5 T  T
    163   1    77  1.2504708524E+01 5.6E-01    67 3.5E-01   10 F  F
    164   1    74  1.2387406494E+01 1.0E+00    67 1.0E+00    4 T  T
    165   1    73  1.2154562870E+01 1.9E-01    68 2.5E-01    8 F  T
    166   1    71  1.2095984444E+01 6.3E+00    68 1.0E+00    5 T  T
    167   1    71  1.2017752128E+01 3.7E-01    65 3.4E-01    4 F  F
    168   1    71  1.1940922212E+01 7.6E-01    65 5.7E-01    2 F  F
    169   1    71  1.1891433948E+01 1.8E+00    65 1.0E-02      T  T
 
   Iter Phase Ninf   Infeasibility   RGmax    NSB   Step InItr MX OK
    170   1    71  1.1827264699E+01 3.0E+00    64 5.1E-03      F  F
    171   1    70  1.1814284765E+01 6.8E-01    64 2.1E-02      T  T
    172   1    70  1.1789561783E+01 3.0E-01    63 1.7E-01      T  T
    173   1    69  1.1741558600E+01 3.0E-01    62 3.1E-01      T  T
    174   1    69  1.1561366290E+01 6.4E+00    61 3.4E-01    3 F  F
    175   1    69  1.1341920669E+01 1.5E+01    61 3.4E-01    1 F  F
    176   1    69  1.1014080117E+01 1.3E+00    61 1.3E-01      F  F
    177   1    68  9.7136670979E+00 1.0E+00    61 1.3E+00      T  T
    178   1    67  9.4014655805E+00 5.5E-01    62 4.3E-01      T  T
    179   1    66  9.3979732985E+00 7.9E-01    61 5.5E-03      T  T
 
   Iter Phase Ninf   Infeasibility   RGmax    NSB   Step InItr MX OK
    180   1    66  9.3332876485E+00 3.6E-02    60 5.6E+00      T  T
    181   1    66  9.3252014930E+00 3.6E-02    59 6.9E-01      T  T
    182   1    65  8.8759121311E+00 5.0E-02    58 1.0E+00    3 T  T
    183   1    57  8.6979366498E+00 2.7E-01    55 1.0E+00    9 T  T
    184   1    44  6.4954834375E+00 3.7E-01    52 1.0E+00   13 T  T
    185   1    35  5.6712213802E+00 1.1E+00    43 4.6E-01   18 F  T
    186   1    28  4.8913268037E+00 2.5E+00    43 1.0E+00    8 T  T
    187   1    28  4.8797941831E+00 1.3E-01    74 1.9E-01   14 F  F
    188   1    28  4.8761375977E+00 2.6E+01    74 8.7E-01    6 T  T
    189   1    28  4.8725276897E+00 9.2E-01    74 6.1E-01    8 F  F
 
   Iter Phase Ninf   Infeasibility   RGmax    NSB   Step InItr MX OK
    190   1    28  4.8704535320E+00 9.8E-02    74 1.0E+00    5 T  T
    191   1    28  4.8614009373E+00 1.5E+00    70 1.5E-01    9 F  F
    192   1    27  4.8350617033E+00 1.0E+00    70 1.0E+00    3 T  T
    193   1    27  4.8224054068E+00 5.8E+00    82 2.0E-01    7 F  F
    194   1    27  4.8080177154E+00 1.5E+01    81 1.0E+00    3 T  T
    195   1    27  4.8026148819E+00 2.8E+01    78 1.3E-01    7 F  F
    196   1    27  4.7890496226E+00 2.0E+01    75 1.0E+00    1 T  T
    197   1    27  4.7821494596E+00 3.0E+01    77 1.5E-01    6 F  F
    198   1    27  4.7774191295E+00 5.0E-02    78 1.0E+00    1 T  T
    199   1    27  4.7388602283E+00 2.1E-02    77 9.4E-01    3 T  T
 
   Iter Phase Ninf   Infeasibility   RGmax    NSB   Step InItr MX OK
    200   1    27  4.7010000885E+00 5.0E-02    76 9.0E-01    7 T  T
    201   1    27  4.6875539856E+00 7.6E-02    75 9.3E-01    9 T  T
    202   1    27  4.6784444372E+00 6.1E-02    74 1.0E+00    9 T  T
    203   1    27  4.6012220398E+00 1.9E-02    65 8.7E-01   12 T  T
    204   1    27  4.5687653494E+00 1.2E-02    65 1.0E+00   14 T  T
    205   1    27  4.5324840957E+00 3.5E-01    51 8.6E-01   15 T  T
    206   1    27  4.5211719866E+00 7.6E-02    52 4.3E-01    7 F  T
    207   1    27  4.5170084677E+00 1.1E-01    52 1.0E+00    5 T  T
    208   1    27  4.5100825908E+00 1.5E-02    47 1.0E+00    5 T  T
    209   1    27  4.5081873575E+00 4.2E-02    44 2.5E-01    5 F  T
 
   Iter Phase Ninf   Infeasibility   RGmax    NSB   Step InItr MX OK
    210   1    27  4.5059399645E+00 1.3E-02    44 1.0E+00    2 T  T
    211   1    27  4.5046685514E+00 1.2E-02    46 1.0E+00    2 T  T
    212   1    27  4.5019454701E+00 2.4E-02    46 1.0E+00    2 T  T
    213   1    27  4.4815867560E+00 1.0E-01    44 1.0E+00    7 T  T
    214   1    27  4.4579619619E+00 1.0E+00    40 3.1E-01   12 F  F
    215   1    27  4.4286008646E+00 3.8E-02    40 1.0E+00    5 T  T
    216   1    27  4.3279224646E+00 9.2E-02    35 1.0E+00    9 T  T
    217   1    27  3.5471573482E+00 8.7E+02    34 1.7E-01   13 F  F
    218   1    27  3.5369844190E+00 4.4E+01    34 1.0E-01    9 F  F
    219   1    27  3.5367168906E+00 1.4E+02    34 2.3E-08      F  F
 
   Iter Phase Ninf   Infeasibility   RGmax    NSB   Step InItr MX OK
    220   1    27  2.2772402300E+00 1.2E+00    34 6.3E-01      T  T
    221   1    26  1.8709941174E+00 2.1E+00    33 8.2E-02      T  T
    222   1    11  4.5912144353E-01 3.9E-03    19 7.7E+04      F  T
    223   1     7  4.2584698139E-01 2.0E-03     4 6.8E+03      F  T
    224   2     7  4.2584698139E-01 9.8E-04     7 0.0E+00      T  T
    225   2     6  3.7396177009E-01 9.8E-04     1 9.5E+00      T  T
    226   1     6  3.7396177009E-01 9.8E-04     1 4.3E+03      T  T
    227   1     6  3.2030931683E-01 9.8E-04     6 1.2E+04      T  T
    228   1     6  3.0577417328E-01 9.8E-04     6 3.2E+03      T  T
    229   1     6  2.5925246135E-01 9.8E-04     6 1.0E+04      T  T
 
   Iter Phase Ninf   Infeasibility   RGmax    NSB   Step InItr MX OK
    230   1     6  2.3794311354E-01 9.8E-04     6 4.7E+03      T  T
    231   1     6  1.0591807260E-01 9.8E-04     9 1.0E+00    3 T  T
    232   1     1  3.7051600947E-03 9.8E-04     8 1.0E+00    7 T  T
 
 ** Feasible solution. Value of objective =   -218.853633894
 
   Iter Phase Ninf     Objective     RGmax    NSB   Step InItr MX OK
    233   3        1.1426840635E+00 1.2E+06    61 9.8E-01    1 F  T
    234   3        1.2293371069E+01 2.9E+00    60 9.0E-01    7 F  T
    235   3        1.2293371069E+01 1.0E+00    60 0.0E+00      T  T
    236   3        1.2323099372E+01 9.6E-01    59 5.9E-03      T  T
    237   3        1.2323099372E+01 8.7E-01    59 0.0E+00      T  T
    238   3        1.2404546224E+01 1.3E+00    58 1.2E-02      T  T
    239   3        1.2527135841E+01 4.5E-01    57 3.8E-02      T  T
    240   3        1.2958913225E+01 7.0E-01    56 1.0E-01      T  T
    241   3        1.3661594618E+01 1.2E+00    55 1.0E+00    3 T  T
    242   3        1.5848403169E+01 6.2E+00    52 9.0E-01    6 T  T
 
   Iter Phase Ninf     Objective     RGmax    NSB   Step InItr MX OK
    243   3        1.6534461495E+01 3.6E+00    51 5.7E-01    6 F  F
    244   3        1.6831004913E+01 3.6E+00    51 7.1E-01    5 F  T
    245   3        1.6835791184E+01 1.7E+00    51 4.6E-04      T  T
    246   3        1.6836770405E+01 1.7E+00    50 1.2E-04      T  T
    247   3        1.6839937105E+01 1.7E+00    49 5.6E-04      T  T
    248   3        1.6852546982E+01 1.7E+00    48 2.4E-03      T  T
    249   3        1.6852727669E+01 1.7E+00    47 3.9E-05      T  T
    250   3        1.6946080608E+01 1.7E+00    46 3.4E-02      T  T
    251   3        1.7064890150E+01 7.1E+00    45 2.5E-01    3 F  T
    252   3        1.7077513731E+01 1.5E+00    45 3.3E-01    2 F  T
 
   Iter Phase Ninf     Objective     RGmax    NSB   Step InItr MX OK
    253   3        1.7100714885E+01 1.5E+00    45 6.3E-03      T  T
    254   3        1.7117232303E+01 9.4E-01    44 1.2E-02      T  T
    255   3        1.7264453192E+01 4.6E-01    43 5.6E-01      F  T
    256   3        1.7362090448E+01 8.3E-01    43 1.7E-01      F  T
    257   4        1.7701766883E+01 1.3E+00    57 4.9E-01      F  T
    258   4        1.7962338868E+01 6.9E-01    57 1.0E+00    2 T  T
    259   4        1.8139349004E+01 3.1E-01    55 1.0E+00    4 T  T
    260   4        1.8852370337E+01 2.4E-01    51 1.0E+00   11 T  T
    261   4        1.9157830939E+01 9.2E-01    45 9.4E-01   13 T  T
    262   4        1.9162673543E+01 8.2E+01    43 1.0E+00    4 F  T
 
   Iter Phase Ninf     Objective     RGmax    NSB   Step InItr MX OK
    263   4        1.9182173035E+01 2.7E+00    45 1.0E+00   14 F  T
    264   4        1.9220959113E+01 9.1E+00    43 6.3E-01   13 F  T
    265   4        1.9254979249E+01 2.0E+03    41 1.0E+00    3 F  T
    266   4        1.9255722707E+01 3.6E+02    41 1.0E+00    1 F  T
    267   4        1.9327365229E+01 1.5E+01    41 1.0E+00   14 T  T
    268   3        1.9327365418E+01 5.7E-01    44 4.3E-07      T  T
    269   3        1.9327365418E+01 5.7E-01    43 0.0E+00      T  T
    270   3        1.9327609187E+01 5.7E-01    42 1.1E-03      T  T
    271   3        1.9327722352E+01 9.0E-01    41 2.6E-04      F  T
    272   3        1.9328864158E+01 1.5E-01    52 2.0E-02      F  T
 
   Iter Phase Ninf     Objective     RGmax    NSB   Step InItr MX OK
    273   4        1.9336492397E+01 2.7E+00    52 7.6E-02      F  T
    274   4        1.9352598719E+01 8.4E-01    52 1.0E+00    3 T  T
    275   4        1.9384018299E+01 2.0E-01    51 1.0E+00    8 F  T
    276   4        1.9502160684E+01 7.9E-01    49 1.0E+00   14 T  T
    277   4        1.9566144403E+01 2.8E-01    48 1.0E+00   19 F  T
    278   4        1.9587334617E+01 1.2E+01    44 1.0E+00    2 F  T
    279   3        1.9587701130E+01 1.8E+00    44 2.7E-04      F  T
    280   3        1.9587710401E+01 2.6E-01    44 2.1E-04      F  T
    281   4        1.9587929634E+01 2.7E-01    45 2.6E+01      F  T
    282   4        1.9591351704E+01 1.2E+00    45 1.0E+00    2 F  T
 
   Iter Phase Ninf     Objective     RGmax    NSB   Step InItr MX OK
    283   4        1.9605283501E+01 1.1E-01    52 1.0E+00    5 F  T
    284   4        1.9623216318E+01 6.9E-02    52 1.0E+00   11 T  T
    285   4        1.9686484722E+01 4.7E-01    51 1.0E+00   16 T  T
    286   4        1.9733479338E+01 4.8E-02    47 1.0E+00   24 T  T
    287   4        1.9759776783E+01 5.3E-01    43 1.0E+00   26 T  T
    288   4        1.9835636932E+01 7.2E-02    40 1.0E+00   32 F  T
 
 ** Loss of feasibility while tightening tolerances - Return to phase 0.
 
   Iter Phase Ninf   Infeasibility   RGmax    NSB   Step InItr MX OK
    289   0        8.8633219946E-06
    290   0     0  8.8633219946E-06               0.0E+00      T  T
    291   0     0  8.8633219946E-06               0.0E+00      T  T
    292   0     0  3.6914190683E-13               1.0E+00      F  T
 
 ** Feasible solution. Value of objective =    19.8356369792
 
   Iter Phase Ninf     Objective     RGmax    NSB   Step InItr MX OK
    293   3        1.9836308914E+01 1.4E-01    40 3.3E-02      F  T
    294   3        1.9836688164E+01 1.1E-01    40 2.2E-02      F  T
    295   4        1.9837728653E+01 2.2E-01    42 1.0E+00      F  T
    296   4        1.9841092630E+01 1.8E-01    42 1.0E+00    4 F  T
    297   4        1.9841648008E+01 2.8E-02    42 1.0E+00   14 F  T
    298   4        1.9847275365E+01 6.8E-02    46 1.0E+00   13 F  T
    299   4        1.9847378106E+01 1.5E-02    45 1.0E+00   12 F  T
    300   4        1.9853721886E+01 1.2E-03    49 1.0E+00   18 F  T
    301   4        1.9855456157E+01 1.3E-02    48 1.0E+00   21 F  T
    302   4        1.9855630744E+01 1.2E+01    48 1.0E+00   17 T  T
 
   Iter Phase Ninf     Objective     RGmax    NSB   Step InItr MX OK
    303   3        1.9855630748E+01 1.4E-03    48 3.8E-03      F  T
    304   4        1.9855630796E+01 3.3E-04    48 8.2E+01      F  T
    305   4        1.9855631316E+01 4.5E-04    48 1.0E+00    9 F  T
    306   4        1.9855635846E+01 6.9E-04    48 1.0E+00    9 F  T
    307   4        1.9855652121E+01 5.7E-04    48 1.0E+00   38 F  T
    308   4        1.9855688960E+01 3.1E-04    48 1.0E+00   21 T  T
    309   3        1.9855688960E+01 5.9E-03    49 0.0E+00      T  T
    310   3        1.9855689090E+01 5.9E-03    47 5.4E-03      F  T
    311   3        1.9855689183E+01 4.2E-03    47 5.0E-03      F  T
    312   4        1.9855689810E+01 1.9E-03    47 9.1E+00      F  T
 
   Iter Phase Ninf     Objective     RGmax    NSB   Step InItr MX OK
    313   4        1.9855691613E+01 1.4E-02    47 1.0E+00    2 F  T
    314   4        1.9855695797E+01 1.3E-03    47 1.0E+00   20 F  T
    315   4        1.9855697608E+01 1.9E-04    47 1.0E+00   38 F  T
    316   4        1.9855812650E+01 8.3E-05    48 1.0E+00   18 F  T
    317   4        1.9855812756E+01 1.1E-04    48 1.0E+00    5 F  T
    318   4        1.9855812756E+01 3.5E-07    48 1.0E+00    1 F  T
    319   4        1.9855812756E+01 6.0E-11    48
 
 ** Optimal solution. Reduced gradient less than tolerance.
 
--- Reading solution for model sdgfinance
--- SDG Egypt Model v7 egy.gms(474) 46 Mb  16 secs
--- Executing after solve: elapsed 0:00:20.121
--- SDG Egypt Model v7 egy.gms(502) 46 Mb
--- GDX File (execute_unload) C:\Users\Yunjie\Desktop\Wi2050\SDG Financing Simplified model (Egypt)\v7\input\auxiliary\modeloutput_egy.gdx
--- SDG Egypt Model v7 egy.gms(507) 46 Mb

GDXXRW           37.1.0 r07954d5 Released Nov 11, 2021 WEI x86 64bit/MS Window
Input file : C:\Users\Yunjie\Desktop\Wi2050\SDG Financing Simplified model (Egypt)\v7\input\auxiliary\modeloutput_egy.gdx
Output file: C:\Users\Yunjie\Desktop\Wi2050\SDG Financing Simplified model (Egypt)\v7\output\modeloutput_egy.xlsx
Total time = 1250 Ms
--- Profile Summary (168 records processed)
    15.547   0.046GB       474 Solve Alg  sdgfinance
     1.328   0.046GB       507 Execute    
     0.734   0.046GB       474 Solve Read sdgfinance
     0.110   0.046GB       474 Solve Fini sdgfinance (349188)
     0.078   0.045GB       307 Equation   eq16 (53424)
     0.063   0.045GB       309 Equation   eq19 (522)
     0.062   0.029GB       306 Equation   eq15 (56376)
     0.032   0.016GB       290 Equation   eq4 (18270)
     0.031   0.047GB       294 Equation   eq65 (29)
     0.031   0.017GB       291 Equation   eq5 (29)
*** Status: Normal completion
--- Job SDG Egypt Model v7 egy.gms Stop 08/16/22 11:54:40 elapsed 0:00:21.452
