--- Job SDG Egypt Model v7 moz.gms Start 08/16/22 11:13:32 37.1.0 r07954d5 WEX-WEI x86 64bit/MS Windows
--- Applying:
    D:\Program\37GAMS\gmsprmNT.txt
--- GAMS Parameters defined
    Input "C:\Users\Yunjie\Desktop\Wi2050\SDG Financing Simplified model (Egypt)\v7\SDG Egypt Model v7 moz.gms"
    PageSize 0
    ScrDir "C:\Users\Yunjie\Desktop\Wi2050\SDG Financing Simplified model (Egypt)\v7\225a\"
    SysDir D:\Program\37GAMS\
    LogOption 3
    ErrMsg 1
    ErrorLog 99
    IDE 1
    LstTitleLeftAligned 1
Licensee: Large MUD - 20 User License                    G211208|0002AR-WIN
          Columbia University, Earth Institute                       DC4533
          C:\Users\Yunjie\Documents\GAMS\gamslice.txt
          License Admin: Jeffrey Sachs, sachs@columbia.edu                 
Processor information: 1 socket(s), 4 core(s), and 8 thread(s) available
GAMS 37.1.0   Copyright (C) 1987-2021 GAMS Development. All rights reserved
--- Starting compilation
--- SDG Egypt Model v7 moz.gms(95) 3 Mb
--- call GDXXRW .\input\paraminput\paraminput_moz.xlsx output=.\input\auxiliary\paraminput_moz.gdx Index=Index!a1 trace=3

GDXXRW           37.1.0 r07954d5 Released Nov 11, 2021 WEI x86 64bit/MS Window
Excel version 12.0
Input file : C:\Users\Yunjie\Desktop\Wi2050\SDG Financing Simplified model (Egypt)\v7\input\paraminput\paraminput_moz.xlsx
Output file: C:\Users\Yunjie\Desktop\Wi2050\SDG Financing Simplified model (Egypt)\v7\input\auxiliary\paraminput_moz.gdx
Substituting Index
Loading sheet Index
Reading data from Excel; Rng = A1:E101
Reading Slice: A1:E101
par=continuation Rng=Continuation!A1 Dim=2 Rdim=1
par=costff Rng=Hardcode!B1 Dim=0 Rdim=0
par=costre Rng=Hardcode!B2 Dim=0 Rdim=0
par=dep Rng=Hardcode!B3 Dim=0 Rdim=0
par=r Rng=Hardcode!B4 Dim=0 Rdim=0
par=kff0 Rng=Hardcode!B5 Dim=0 Rdim=0
par=kre0 Rng=Hardcode!B6 Dim=0 Rdim=0
par=aff Rng=Hardcode!B7 Dim=0 Rdim=0
par=taxlim Rng=Hardcode!B8 Dim=0 Rdim=0
par=tfp1 Rng=Hardcode!B9 Dim=0 Rdim=0
par=phi Rng=Hardcode!B10 Dim=0 Rdim=0
par=fertsh Rng=Hardcode!B11 Dim=0 Rdim=0
par=bk Rng=Hardcode!B12 Dim=0 Rdim=0
par=bkf Rng=Hardcode!B13 Dim=0 Rdim=0
par=ben Rng=Hardcode!B14 Dim=0 Rdim=0
par=k0 Rng=Hardcode!B15 Dim=0 Rdim=0
par=kf0 Rng=Hardcode!B16 Dim=0 Rdim=0
par=debtqlim Rng=Hardcode!B17 Dim=0 Rdim=0
par=pubgdpsh Rng=Hardcode!B18 Dim=0 Rdim=0
par=lowerbound Rng=Hardcode!B19 Dim=0 Rdim=0
par=discr Rng=Hardcode!B20 Dim=0 Rdim=0
par=stratio Rng=Hardcode!B21 Dim=0 Rdim=0
par=hwratio Rng=Hardcode!B22 Dim=0 Rdim=0
par=hcaccum Rng=Hardcode!B23 Dim=0 Rdim=0
Type Symbol       Dim      Sheet                Data          RowHeader     ColHeader     
Loading sheet Continuation
Reading data from Excel; Rng = A1:B19
Reading Slice: A1:B19
Par  continuation   2      Continuation         B2:B19        A2:A19        B1:B1         
Loading sheet Hardcode
Reading data from Excel; Rng = A1:B23
Reading Slice: A1:B23
Par  costff         0      Hardcode             B1:B1         --:--         --:--         
Par  costre         0      Hardcode             B2:B2         --:--         --:--         
Par  dep            0      Hardcode             B3:B3         --:--         --:--         
Par  r              0      Hardcode             B4:B4         --:--         --:--         
Par  kff0           0      Hardcode             B5:B5         --:--         --:--         
Par  kre0           0      Hardcode             B6:B6         --:--         --:--         
Par  aff            0      Hardcode             B7:B7         --:--         --:--         
Par  taxlim         0      Hardcode             B8:B8         --:--         --:--         
Par  tfp1           0      Hardcode             B9:B9         --:--         --:--         
Par  phi            0      Hardcode             B10:B10       --:--         --:--         
Par  fertsh         0      Hardcode             B11:B11       --:--         --:--         
Par  bk             0      Hardcode             B12:B12       --:--         --:--         
Par  bkf            0      Hardcode             B13:B13       --:--         --:--         
Par  ben            0      Hardcode             B14:B14       --:--         --:--         
Par  k0             0      Hardcode             B15:B15       --:--         --:--         
Par  kf0            0      Hardcode             B16:B16       --:--         --:--         
Par  debtqlim       0      Hardcode             B17:B17       --:--         --:--         
Par  pubgdpsh       0      Hardcode             B18:B18       --:--         --:--         
Par  lowerbound     0      Hardcode             B19:B19       --:--         --:--         
Par  discr          0      Hardcode             B20:B20       --:--         --:--         
Par  stratio        0      Hardcode             B21:B21       --:--         --:--         
Par  hwratio        0      Hardcode             B22:B22       --:--         --:--         
Par  hcaccum        0      Hardcode             B23:B23       --:--         --:--         
Total time = 3297 Ms
--- SDG Egypt Model v7 moz.gms(96) 3 Mb
--- GDXin=C:\Users\Yunjie\Desktop\Wi2050\SDG Financing Simplified model (Egypt)\v7\input\auxiliary\paraminput_moz.gdx
--- GDX File ($gdxIn) C:\Users\Yunjie\Desktop\Wi2050\SDG Financing Simplified model (Egypt)\v7\input\auxiliary\paraminput_moz.gdx
--- SDG Egypt Model v7 moz.gms(124) 3 Mb
--- call GDXXRW .\input\auxiliary\datainput_moz.xlsx output=.\input\auxiliary\datainput_moz.gdx Index=index!a1 trace=3

GDXXRW           37.1.0 r07954d5 Released Nov 11, 2021 WEI x86 64bit/MS Window
Excel version 12.0
Input file : C:\Users\Yunjie\Desktop\Wi2050\SDG Financing Simplified model (Egypt)\v7\input\auxiliary\datainput_moz.xlsx
Output file: C:\Users\Yunjie\Desktop\Wi2050\SDG Financing Simplified model (Egypt)\v7\input\auxiliary\datainput_moz.gdx
Substituting Index
Loading sheet index
Reading data from Excel; Rng = A1:E7
Reading Slice: A1:E7
par=D1 Rng=popg0!A1 Dim=2 Rdim=1
par=D2 Rng=fert0!A1 Dim=2 Rdim=1
par=D3 Rng=surv0!A1 Dim=2 Rdim=1
par=D4 Rng=w0!A1 Dim=3 Rdim=2
par=D5 Rng=s0!A1 Dim=2 Rdim=1
par=D6 Rng=ferthic0!A1 Dim=2 Rdim=1
Type Symbol       Dim      Sheet                Data          RowHeader     ColHeader     
Loading sheet popg0
Reading data from Excel; Rng = A1:C101
Reading Slice: A1:C101
Par  D1             2      popg0                B2:C101       A2:A101       B1:C1         
Loading sheet fert0
Reading data from Excel; Rng = A1:B36
Reading Slice: A1:B36
Par  D2             2      fert0                B2:B36        A2:A36        B1:B1         
Loading sheet surv0
Reading data from Excel; Rng = A1:E100
Reading Slice: A1:E100
Par  D3             2      surv0                B2:E100       A2:A100       B1:E1         
Loading sheet w0
Reading data from Excel; Rng = A1:D308
Reading Slice: A1:D308
Par  D4             3      w0                   C2:D308       A2:B308       C1:D1         
Loading sheet s0
Reading data from Excel; Rng = A1:C18
Reading Slice: A1:C18
Par  D5             2      s0                   B2:C18        A2:A18        B1:C1         
Loading sheet ferthic0
Reading data from Excel; Rng = A1:B36
Reading Slice: A1:B36
Par  D6             2      ferthic0             B2:B36        A2:A36        B1:B1         
Total time = 2813 Ms
--- SDG Egypt Model v7 moz.gms(125) 3 Mb
--- GDXin=C:\Users\Yunjie\Desktop\Wi2050\SDG Financing Simplified model (Egypt)\v7\input\auxiliary\datainput_moz.gdx
--- GDX File ($gdxIn) C:\Users\Yunjie\Desktop\Wi2050\SDG Financing Simplified model (Egypt)\v7\input\auxiliary\datainput_moz.gdx
--- SDG Egypt Model v7 moz.gms(504) 3 Mb
--- $echo File C:\Users\Yunjie\Desktop\Wi2050\SDG Financing Simplified model (Egypt)\v7\input\auxiliary\outputsetting_moz.txt
--- SDG Egypt Model v7 moz.gms(507) 3 Mb
--- Starting execution: elapsed 0:00:06.386
--- SDG Egypt Model v7 moz.gms(472) 5 Mb
--- Generating DNLP model sdgfinance
--- SDG Egypt Model v7 moz.gms(287) 7 Mb
--- Starting Equ eq1: elapsed 0:00:06.391
--- SDG Egypt Model v7 moz.gms(288) 7 Mb
--- Starting Equ eq2: elapsed 0:00:06.394
--- SDG Egypt Model v7 moz.gms(289) 7 Mb
--- Starting Equ eq3: elapsed 0:00:06.394
--- SDG Egypt Model v7 moz.gms(290) 9 Mb
--- Starting Equ eq4: elapsed 0:00:06.407
--- SDG Egypt Model v7 moz.gms(291) 16 Mb
--- Starting Equ eq5: elapsed 0:00:06.441
--- SDG Egypt Model v7 moz.gms(295) 17 Mb
--- Starting Equ eq6: elapsed 0:00:06.486
--- SDG Egypt Model v7 moz.gms(296) 17 Mb
--- Starting Equ eq7: elapsed 0:00:06.486
--- SDG Egypt Model v7 moz.gms(297) 17 Mb
--- Starting Equ eq8: elapsed 0:00:06.487
--- SDG Egypt Model v7 moz.gms(298) 17 Mb
--- Starting Equ eq9: elapsed 0:00:06.487
--- SDG Egypt Model v7 moz.gms(299) 17 Mb
--- Starting Equ eq10: elapsed 0:00:06.487
--- SDG Egypt Model v7 moz.gms(302) 17 Mb
--- Starting Equ eq11: elapsed 0:00:06.487
--- SDG Egypt Model v7 moz.gms(303) 17 Mb
--- Starting Equ eq12: elapsed 0:00:06.488
--- SDG Egypt Model v7 moz.gms(304) 17 Mb
--- Starting Equ eq13: elapsed 0:00:06.488
--- SDG Egypt Model v7 moz.gms(305) 17 Mb
--- Starting Equ eq14: elapsed 0:00:06.489
--- SDG Egypt Model v7 moz.gms(306) 17 Mb
--- Starting Equ eq15: elapsed 0:00:06.489
--- SDG Egypt Model v7 moz.gms(307) 29 Mb
--- Starting Equ eq16: elapsed 0:00:06.559
--- SDG Egypt Model v7 moz.gms(308) 45 Mb
--- Starting Equ eq17: elapsed 0:00:06.688
--- SDG Egypt Model v7 moz.gms(309) 45 Mb
--- Starting Equ eq19: elapsed 0:00:06.689
--- SDG Egypt Model v7 moz.gms(310) 45 Mb
--- Starting Equ eq19a: elapsed 0:00:06.757
--- SDG Egypt Model v7 moz.gms(311) 45 Mb
--- Starting Equ eq19b: elapsed 0:00:06.758
--- SDG Egypt Model v7 moz.gms(312) 45 Mb
--- Starting Equ eq19c: elapsed 0:00:06.758
--- SDG Egypt Model v7 moz.gms(313) 45 Mb
--- Starting Equ eq19d: elapsed 0:00:06.758
--- SDG Egypt Model v7 moz.gms(314) 45 Mb
--- Starting Equ eq19e: elapsed 0:00:06.758
--- SDG Egypt Model v7 moz.gms(315) 45 Mb
--- Starting Equ eq20: elapsed 0:00:06.758
--- SDG Egypt Model v7 moz.gms(317) 45 Mb
--- Starting Equ eq21: elapsed 0:00:06.759
--- SDG Egypt Model v7 moz.gms(316) 45 Mb
--- Starting Equ eq21a: elapsed 0:00:06.759
--- SDG Egypt Model v7 moz.gms(318) 45 Mb
--- Starting Equ eq22: elapsed 0:00:06.759
--- SDG Egypt Model v7 moz.gms(319) 45 Mb
--- Starting Equ eq23: elapsed 0:00:06.759
--- SDG Egypt Model v7 moz.gms(320) 45 Mb
--- Starting Equ eq24: elapsed 0:00:06.759
--- SDG Egypt Model v7 moz.gms(321) 45 Mb
--- Starting Equ eq25: elapsed 0:00:06.759
--- SDG Egypt Model v7 moz.gms(322) 45 Mb
--- Starting Equ eq26: elapsed 0:00:06.771
--- SDG Egypt Model v7 moz.gms(323) 45 Mb
--- Starting Equ eq27: elapsed 0:00:06.771
--- SDG Egypt Model v7 moz.gms(324) 45 Mb
--- Starting Equ eq28: elapsed 0:00:06.771
--- SDG Egypt Model v7 moz.gms(325) 45 Mb
--- Starting Equ eq29: elapsed 0:00:06.771
--- SDG Egypt Model v7 moz.gms(326) 45 Mb
--- Starting Equ eq30a: elapsed 0:00:06.771
--- SDG Egypt Model v7 moz.gms(327) 45 Mb
--- Starting Equ eq30: elapsed 0:00:06.771
--- SDG Egypt Model v7 moz.gms(328) 45 Mb
--- Starting Equ eq31: elapsed 0:00:06.771
--- SDG Egypt Model v7 moz.gms(329) 45 Mb
--- Starting Equ eq32: elapsed 0:00:06.771
--- SDG Egypt Model v7 moz.gms(330) 45 Mb
--- Starting Equ eq33: elapsed 0:00:06.772
--- SDG Egypt Model v7 moz.gms(331) 45 Mb
--- Starting Equ eq34: elapsed 0:00:06.772
--- SDG Egypt Model v7 moz.gms(332) 45 Mb
--- Starting Equ eq36: elapsed 0:00:06.772
--- SDG Egypt Model v7 moz.gms(333) 45 Mb
--- Starting Equ eq37: elapsed 0:00:06.772
--- SDG Egypt Model v7 moz.gms(334) 45 Mb
--- Starting Equ eq38: elapsed 0:00:06.772
--- SDG Egypt Model v7 moz.gms(335) 45 Mb
--- Starting Equ eq51: elapsed 0:00:06.775
--- SDG Egypt Model v7 moz.gms(336) 45 Mb
--- Starting Equ eq52: elapsed 0:00:06.781
--- SDG Egypt Model v7 moz.gms(337) 45 Mb
--- Starting Equ eq53: elapsed 0:00:06.782
--- SDG Egypt Model v7 moz.gms(338) 45 Mb
--- Starting Equ eq54: elapsed 0:00:06.783
--- SDG Egypt Model v7 moz.gms(300) 45 Mb
--- Starting Equ eq61: elapsed 0:00:06.783
--- SDG Egypt Model v7 moz.gms(301) 45 Mb
--- Starting Equ eq62: elapsed 0:00:06.784
--- SDG Egypt Model v7 moz.gms(292) 45 Mb
--- Starting Equ eq63: elapsed 0:00:06.784
--- SDG Egypt Model v7 moz.gms(293) 45 Mb
--- Starting Equ eq64: elapsed 0:00:06.784
--- SDG Egypt Model v7 moz.gms(294) 46 Mb
--- Starting Equ eq65: elapsed 0:00:06.802
--- SDG Egypt Model v7 moz.gms(339) 47 Mb
--- Starting Equ eq66: elapsed 0:00:06.870
--- SDG Egypt Model v7 moz.gms(340) 47 Mb
--- Starting Equ eq70: elapsed 0:00:06.870
--- SDG Egypt Model v7 moz.gms(341) 47 Mb
--- Starting Equ eq71: elapsed 0:00:06.871
--- SDG Egypt Model v7 moz.gms(342) 47 Mb
--- Starting Equ eq72: elapsed 0:00:06.871
--- SDG Egypt Model v7 moz.gms(441) 47 Mb
--- Starting Equ utilt: elapsed 0:00:06.871
--- SDG Egypt Model v7 moz.gms(442) 47 Mb
--- Starting Equ utility: elapsed 0:00:06.871
--- SDG Egypt Model v7 moz.gms(393) 47 Mb
--- Starting Equ output: elapsed 0:00:06.872
--- SDG Egypt Model v7 moz.gms(394) 47 Mb
--- Starting Equ outputpc: elapsed 0:00:06.872
--- SDG Egypt Model v7 moz.gms(395) 47 Mb
--- Starting Equ ewage: elapsed 0:00:06.872
--- SDG Egypt Model v7 moz.gms(397) 47 Mb
--- Starting Equ kstart: elapsed 0:00:06.873
--- SDG Egypt Model v7 moz.gms(401) 47 Mb
--- Starting Equ kfstart: elapsed 0:00:06.873
--- SDG Egypt Model v7 moz.gms(399) 47 Mb
--- Starting Equ kffstart: elapsed 0:00:06.873
--- SDG Egypt Model v7 moz.gms(400) 47 Mb
--- Starting Equ krestart: elapsed 0:00:06.873
--- SDG Egypt Model v7 moz.gms(402) 47 Mb
--- Starting Equ knext: elapsed 0:00:06.874
--- SDG Egypt Model v7 moz.gms(405) 47 Mb
--- Starting Equ kfnext: elapsed 0:00:06.874
--- SDG Egypt Model v7 moz.gms(403) 47 Mb
--- Starting Equ kffnext: elapsed 0:00:06.874
--- SDG Egypt Model v7 moz.gms(404) 47 Mb
--- Starting Equ krenext: elapsed 0:00:06.874
--- SDG Egypt Model v7 moz.gms(423) 47 Mb
--- Starting Equ kfend: elapsed 0:00:06.874
--- SDG Egypt Model v7 moz.gms(424) 47 Mb
--- Starting Equ ktotal: elapsed 0:00:06.875
--- SDG Egypt Model v7 moz.gms(406) 47 Mb
--- Starting Equ energy: elapsed 0:00:06.875
--- SDG Egypt Model v7 moz.gms(407) 47 Mb
--- Starting Equ ffuel: elapsed 0:00:06.875
--- SDG Egypt Model v7 moz.gms(418) 47 Mb
--- Starting Equ conlim: elapsed 0:00:06.875
--- SDG Egypt Model v7 moz.gms(432) 47 Mb
--- Starting Equ education: elapsed 0:00:06.875
--- SDG Egypt Model v7 moz.gms(435) 47 Mb
--- Starting Equ edugdp: elapsed 0:00:06.875
--- SDG Egypt Model v7 moz.gms(398) 47 Mb
--- Starting Equ dstart: elapsed 0:00:06.875
--- SDG Egypt Model v7 moz.gms(412) 47 Mb
--- Starting Equ tbalance: elapsed 0:00:06.875
--- SDG Egypt Model v7 moz.gms(413) 47 Mb
--- Starting Equ totdebt: elapsed 0:00:06.876
--- SDG Egypt Model v7 moz.gms(414) 47 Mb
--- Starting Equ debttogdp: elapsed 0:00:06.876
--- SDG Egypt Model v7 moz.gms(415) 47 Mb
--- Starting Equ debtlimit: elapsed 0:00:06.876
--- SDG Egypt Model v7 moz.gms(419) 47 Mb
--- Starting Equ conend: elapsed 0:00:06.876
--- SDG Egypt Model v7 moz.gms(425) 47 Mb
--- Starting Equ consumetrpc: elapsed 0:00:06.876
--- SDG Egypt Model v7 moz.gms(420) 47 Mb
--- Starting Equ kend: elapsed 0:00:06.876
--- SDG Egypt Model v7 moz.gms(421) 47 Mb
--- Starting Equ kffend: elapsed 0:00:06.876
--- SDG Egypt Model v7 moz.gms(422) 47 Mb
--- Starting Equ kreend: elapsed 0:00:06.876
--- SDG Egypt Model v7 moz.gms(411) 47 Mb
--- Starting Equ costk: elapsed 0:00:06.876
--- SDG Egypt Model v7 moz.gms(410) 47 Mb
--- Starting Equ costkf: elapsed 0:00:06.877
--- SDG Egypt Model v7 moz.gms(408) 47 Mb
--- Starting Equ costkff: elapsed 0:00:06.877
--- SDG Egypt Model v7 moz.gms(409) 47 Mb
--- Starting Equ costkre: elapsed 0:00:06.877
--- SDG Egypt Model v7 moz.gms(433) 47 Mb
--- Starting Equ health: elapsed 0:00:06.877
--- SDG Egypt Model v7 moz.gms(434) 47 Mb
--- Starting Equ govcost: elapsed 0:00:06.877
--- SDG Egypt Model v7 moz.gms(436) 47 Mb
--- Starting Equ hlgdp: elapsed 0:00:06.877
--- SDG Egypt Model v7 moz.gms(438) 47 Mb
--- Starting Equ pubadgdp: elapsed 0:00:06.877
--- SDG Egypt Model v7 moz.gms(439) 47 Mb
--- Starting Equ infgdp: elapsed 0:00:06.878
--- SDG Egypt Model v7 moz.gms(437) 47 Mb
--- Starting Equ poutlay: elapsed 0:00:06.878
--- SDG Egypt Model v7 moz.gms(429) 47 Mb
--- Starting Equ educationuc: elapsed 0:00:06.878
--- SDG Egypt Model v7 moz.gms(430) 47 Mb
--- Starting Equ healthuc: elapsed 0:00:06.878
--- SDG Egypt Model v7 moz.gms(396) 47 Mb
--- Starting Equ marginalpk: elapsed 0:00:06.878
--- SDG Egypt Model v7 moz.gms(440) 47 Mb
--- Starting Equ enktotratio: elapsed 0:00:06.878
--- SDG Egypt Model v7 moz.gms(426) 47 Mb
--- Starting Equ endconpclim: elapsed 0:00:06.878
--- SDG Egypt Model v7 moz.gms(416) 47 Mb
--- Starting Equ nodebtbyend: elapsed 0:00:06.878
--- SDG Egypt Model v7 moz.gms(474) 48 Mb
---   142,717 rows  144,943 columns  349,188 non-zeroes
---   98,236 nl-code  27,979 nl-non-zeroes
--- SDG Egypt Model v7 moz.gms(474) 46 Mb
--- Executing CONOPT (Solvelink=2): elapsed 0:00:07.014

CONOPT 3         37.1.0 r07954d5 Released Nov 11, 2021 WEI x86 64bit/MS Window

 
 
    C O N O P T 3   version 3.17K
    Copyright (C)   ARKI Consulting and Development A/S
                    Bagsvaerdvej 246 A
                    DK-2880 Bagsvaerd, Denmark
 
 
   Iter Phase Ninf   Infeasibility   RGmax    NSB   Step InItr MX OK
      0   0        1.3048826002E+03 (Input point)
 
                   Pre-triangular equations:   141579
                   Post-triangular equations:  203
                   Definitional equations:     563
 
      1   0        4.4343683448E+02 (After pre-processing)
      2   0        7.6283364968E+01 (After scaling)
      3   1   286  6.9265904308E+01 2.1E+06    51 3.4E-01    3 F  F
      4   1   286  5.9678607690E+01 2.0E+06    48 1.0E+00    1 T  T
      5   1   286  5.7204298871E+01 2.0E+06    46 1.0E+00    8 T  T
      6   1   286  5.5578636128E+01 1.7E+06    34 1.0E+00   14 T  T
      7   1   286  5.5578636128E+01 8.3E+00    76 0.0E+00   16 F  F
      8   1   286  5.5575439788E+01 2.0E+00    41 8.6E-04    8 F  F
      9   1   286  5.5575344210E+01 2.0E+00    40 1.4E-02    2 F  F
 
   Iter Phase Ninf   Infeasibility   RGmax    NSB   Step InItr MX OK
     10   1   285  5.5572760075E+01 2.3E+00    39 5.8E-05      T  T
     11   1   284  5.5566452395E+01 2.0E+00    39 1.5E-04      T  T
     12   1   283  5.3068457473E+01 8.1E+00    53 3.1E-03      T  T
     13   1   282  5.2794208236E+01 8.1E+00    50 3.7E-04      T  T
     14   1   281  5.2675025481E+01 8.1E+00    50 1.7E-04      T  T
     15   1   278  5.2443617011E+01 8.1E+00    54 1.0E+00    3 T  T
     16   1   270  5.2214145390E+01 7.8E+00    53 1.0E+00    8 T  T
     17   1   257  4.6009248269E+01 2.0E+00    46 1.0E+00   13 T  T
     18   1   257  4.5590142421E+01 3.7E+05    35 1.9E-01   19 F  F
     19   1   253  4.5219235297E+01 3.8E+00    35 1.0E+00    4 T  T
 
   Iter Phase Ninf   Infeasibility   RGmax    NSB   Step InItr MX OK
     20   1   245  4.3799500979E+01 1.3E+00    31 1.0E+00    9 T  T
     21   1   232  4.2236538065E+01 1.3E+00    22 1.0E+00   14 T  T
     22   1   232  4.1127962347E+01 1.1E+00    58 3.4E-01   19 F  F
     23   1   225  4.0212266529E+01 1.1E+00    58 1.0E+00    7 T  T
     24   1   213  3.9728868268E+01 1.0E+00    51 1.0E+00   12 T  T
     25   1   196  3.9123532246E+01 1.0E+00    39 1.0E+00   17 T  T
     26   1   174  3.5703403211E+01 1.0E+00    56 1.0E+00   22 T  T
     27   1   145  3.4863996906E+01 1.0E+00    34 1.0E+00   29 T  T
     28   1   145  3.4360225541E+01 5.6E-01    35 1.8E-01   32 F  F
     29   1   145  3.3834939912E+01 1.0E+00    35 3.4E-01    8 F  F
 
   Iter Phase Ninf   Infeasibility   RGmax    NSB   Step InItr MX OK
     30   1   145  3.3434936404E+01 1.9E+00    35 1.3E-02      F  F
     31   1   144  3.3052692931E+01 3.6E+00    35 5.4E-03      T  T
     32   1   143  3.2859717837E+01 5.3E+00    34 1.8E-03      T  T
     33   1   142  3.2734052569E+01 6.2E+00    33 1.1E-03      T  T
     34   1   141  3.2641411406E+01 6.7E+00    32 9.8E-04      T  T
     35   1   141  3.2405077048E+01 3.2E+00    31 3.8E-01    3 F  F
     36   1   140  3.2232849363E+01 2.6E+00    31 1.0E+00    1 T  T
     37   1   140  3.2019739106E+01 2.4E+00    30 3.4E-01    6 F  F
     38   1   138  3.1875036894E+01 2.7E+00    30 1.0E+00    2 T  T
     39   1   138  3.1559261633E+01 1.0E+00    28 3.4E-01    7 F  F
 
   Iter Phase Ninf   Infeasibility   RGmax    NSB   Step InItr MX OK
     40   1   138  3.1433026822E+01 1.3E+00    28 5.6E-01    3 F  F
     41   1   137  3.1311858604E+01 3.0E+00    28 6.2E-03      T  T
     42   1   136  3.1303411275E+01 8.9E+00    27 9.8E-05      T  T
     43   1   135  3.1275326698E+01 1.0E+00    26 8.1E-03      T  T
     44   1   134  3.1201137599E+01 1.0E+00    25 2.9E-02      T  T
     45   1   134  3.0931424345E+01 8.2E-01    24 3.4E-01    3 F  F
     46   1   133  3.0647466174E+01 1.0E+00    24 1.0E+00    1 T  T
     47   1   133  3.0432380543E+01 7.0E-01    23 3.4E-01    6 F  F
     48   1   130  3.0319783969E+01 5.3E-01    23 1.0E+00    3 T  T
     49   1   130  3.0100999742E+01 6.1E-01    20 3.4E-01    7 F  F
 
   Iter Phase Ninf   Infeasibility   RGmax    NSB   Step InItr MX OK
     50   1   127  2.9964468695E+01 4.9E-01    20 1.0E+00    3 T  T
     51   1   127  2.9800177490E+01 4.9E-01    18 3.4E-01    7 F  F
     52   1   126  2.9604802338E+01 9.8E-01    18 1.0E+00    3 T  T
     53   1   124  2.9469363612E+01 7.8E-01    15 1.0E+00    3 T  T
     54   1   124  2.9157515723E+01 4.6E-01    13 3.4E-01    8 F  F
     55   1   121  2.8969873020E+01 1.1E+00    13 1.0E+00    3 T  T
     56   1   121  2.8692730821E+01 1.8E-01    11 3.4E-01    8 F  F
     57   1   117  2.8230714442E+01 1.4E-01    11 1.0E+00    4 T  T
     58   1   113  2.7954483356E+01 3.1E-01     7 1.0E+00    4 T  T
     59   1   113  2.7869308822E+01 2.0E-01    11 1.6E-01    4 F  F
 
   Iter Phase Ninf   Infeasibility   RGmax    NSB   Step InItr MX OK
     60   1   112  2.7768576357E+01 2.9E-01    11 1.0E+00    1 T  T
     61   1   112  2.7663845066E+01 3.4E-01    10 1.5E-01    5 F  F
     62   1   111  2.7520930948E+01 1.1E+00    10 1.0E+00    1 T  T
     63   1   110  2.7465457100E+01 1.2E+00     9 1.0E+00    2 T  T
     64   1   110  2.7370205056E+01 1.2E+00    10 1.6E-01    5 F  F
     65   1   108  2.7286934426E+01 4.0E-01    10 1.0E+00    2 T  T
     66   1   108  2.7019073265E+01 1.0E+01    16 1.5E-01    5 F  F
     67   1   108  2.6598545414E+01 1.2E+00    16 3.5E-01    2 F  F
     68   1   107  2.5760202249E+01 3.3E+00    16 4.7E-02      T  T
     69   1   107  2.4621106957E+01 8.6E+00    15 1.1E-02      F  F
 
   Iter Phase Ninf   Infeasibility   RGmax    NSB   Step InItr MX OK
     70   1   106  2.4052182862E+01 1.7E+01    15 1.7E-03      T  T
     71   1   106  2.3976470924E+01 4.7E+05    16 3.2E-13      F  F
     72   1   106  2.3976468534E+01 2.0E+01    16 3.7E-09      F  F
     73   1   106  2.3976434787E+01 1.4E+00    29 8.3E-06      F  F
     74   1   106  2.3976434787E+01 1.4E+00    29 0.0E+00      T  T
     75   1   105  2.3411856498E+01 1.4E+00    28 1.8E-01      T  T
     76   1   103  2.3052136640E+01 5.3E-01    27 3.5E-01      T  T
     77   1   103  2.2879909758E+01 4.3E-01    26 3.7E-01    3 F  F
     78   1   102  2.2790863295E+01 2.1E+00    27 5.0E-01    3 F  T
     79   1   102  2.2785115350E+01 2.7E+00    27 6.9E-04      T  T
 
   Iter Phase Ninf   Infeasibility   RGmax    NSB   Step InItr MX OK
     80   1   101  2.2630642301E+01 5.9E-01    26 1.4E-01      T  T
     81   1   101  2.2560824883E+01 7.0E-01    25 5.4E-02      F  F
     82   1   100  2.2476460703E+01 7.7E-01    25 6.1E-02      F  F
     83   1    97  2.2341681421E+01 8.6E-01    25 9.5E-02      T  T
     84   1    97  2.2295912391E+01 5.4E-01    24 5.5E-02      T  T
     85   1    94  2.2139258015E+01 5.6E-01    23 1.1E+00    3 T  F
     86   1    94  2.2073077149E+01 6.7E-01    23 7.0E-02    1 F  F
     87   1    93  2.1998878767E+01 8.0E-01    23 6.4E-02      T  T
     88   1    93  2.1973167684E+01 8.9E-01    22 2.0E-02      T  T
     89   1    92  2.1905389288E+01 9.3E-01    21 5.3E-02      F  F
 
   Iter Phase Ninf   Infeasibility   RGmax    NSB   Step InItr MX OK
     90   1    91  2.1837917001E+01 1.1E+00    21 4.8E-02      F  F
     91   1    90  2.1721268896E+01 1.3E+00    21 6.0E-02      F  F
     92   1    90  2.0438745739E+01 2.9E+00    21 3.2E-01      T  T
     93   1    90  2.0011134197E+01 1.1E+00    20 3.4E-01      T  T
     94   1    89  1.8475031022E+01 1.1E+00    19 1.3E+00      T  T
     95   1    89  1.8290872484E+01 3.7E+00    68 3.8E-01    3 F  F
     96   1    89  1.7939293530E+01 6.3E+01    68 1.0E+00    4 T  T
     97   1    88  1.7503789114E+01 3.9E+00    65 1.0E+00    6 T  T
     98   1    77  1.6079203923E+01 3.0E+00    63 1.0E+00   11 T  T
     99   1    55  1.3898764141E+01 8.3E-01    53 2.0E+00   16 T  T
 
   Iter Phase Ninf   Infeasibility   RGmax    NSB   Step InItr MX OK
    100   1    49  1.2313063557E+01 1.2E+00    52 1.0E+00   10 T  T
    101   1    49  1.0419230822E+01 1.2E+00    43 9.5E-01   15 T  T
    102   1    48  9.1782347070E+00 1.8E+00    45 1.0E+00   21 T  T
    103   1    41  8.2025410626E+00 9.8E-01    49 7.6E-01   25 T  T
    104   1    39  7.6797739954E+00 1.0E+00    38 2.5E-01   20 F  T
    105   1    34  6.7487026856E+00 9.9E-01    34 1.0E+00    8 T  T
    106   1    28  6.4450662140E+00 9.9E-01    30 1.0E+00    9 T  T
    107   1    28  6.4194510709E+00 1.2E-01    31 9.2E-02   11 F  F
    108   1    26  6.2448715674E+00 9.4E-01    31 1.0E+00    2 T  T
    109   1    26  6.2363542595E+00 1.6E-01    29 9.2E-02    8 F  F
 
   Iter Phase Ninf   Infeasibility   RGmax    NSB   Step InItr MX OK
    110   1    24  6.2227146609E+00 9.9E-01    29 4.0E+00    1 T  T
    111   1    24  6.1863361230E+00 2.3E-01    29 1.0E+00    2 T  T
    112   1    24  6.1711143518E+00 8.8E-01    27 1.0E-01    6 F  F
    113   1    24  6.1174916936E+00 1.1E+00    27 3.4E-01    1 F  F
    114   1    24  6.0362682853E+00 2.7E+00    27 7.4E-03      F  F
    115   1    24  5.8529853388E+00 9.9E-01    27 1.9E-01      T  T
    116   1    23  5.8292744458E+00 9.9E-01    26 2.4E-02      T  T
    117   1    23  5.8057913634E+00 6.1E-02    27 5.2E+00      T  T
    118   1    23  5.8050787615E+00 3.1E-02    26 2.6E-01      T  T
    119   1    23  5.8050217725E+00 2.9E-02    25 3.2E-02      T  T
 
   Iter Phase Ninf   Infeasibility   RGmax    NSB   Step InItr MX OK
    120   1    23  5.7809682526E+00 2.9E-02    24 3.4E-01    3 F  F
    121   1    23  5.7508723101E+00 6.7E-02    27 1.0E+00    1 T  T
    122   1    23  5.7010335761E+00 1.3E-01    31 3.4E-01    6 F  F
    123   1    23  5.6267545096E+00 7.2E-02    31 5.2E-01    3 F  F
    124   1    23  5.6264108733E+00 1.7E-01    31 1.2E-02      T  T
    125   1    23  5.5587966203E+00 1.7E-01    30 1.8E+00      F  F
    126   1    22  5.3769575513E+00 2.9E-01    30 1.3E+00      T  T
    127   1    22  5.3756430501E+00 1.5E-02    39 3.8E+00      T  T
    128   1    22  5.3704097190E+00 1.8E-02    38 9.7E+00      F  F
    129   1    22  5.3364668210E+00 2.8E-02    38 1.3E+01      T  T
 
   Iter Phase Ninf   Infeasibility   RGmax    NSB   Step InItr MX OK
    130   1    22  5.3217255229E+00 8.0E-02    37 1.0E+00    3 T  T
    131   1    22  5.2460299588E+00 7.4E+00    39 9.8E-02    8 F  F
    132   1    22  5.0807952275E+00 1.8E+01    39 1.0E-01    1 F  F
    133   1    21  1.5006142230E+00 1.2E-01     1 2.3E+02      T  T
    134   1    21  1.2398078302E+00 6.2E-02    14 2.6E+01      T  T
    135   1    21  1.1888263099E+00 6.2E-02    34 4.9E+00      T  T
    136   1    20  1.1275743043E+00 6.2E-02    34 8.4E+00      T  T
    137   1    19  8.7154499068E-01 1.9E-01    34 1.0E+00    3 T  T
    138   1    17  6.9799936414E-01 1.2E+00    34 1.0E+00    8 T  T
    139   1    14  4.3227217928E-01 1.2E+00    43 1.0E+00   13 T  T
 
   Iter Phase Ninf   Infeasibility   RGmax    NSB   Step InItr MX OK
    140   1    14  6.1092011151E-02 2.1E+01    30 9.2E-01   16 T  T
    141   1     6  5.1345818575E-02 1.0E+00    22 1.0E+00   11 T  T
    142   1     1  6.9350651866E-03 4.7E-01    14 1.0E+00    8 T  T
 
 ** Feasible solution. Value of objective =   -60.2137552576
 
   Iter Phase Ninf     Objective     RGmax    NSB   Step InItr MX OK
    143   3       -4.9048772332E+01 1.6E+07    39 1.0E+00    1 F  T
    144   3       -4.6030982118E+01 2.7E+01    38 1.0E+00    5 T  T
    145   3       -4.0509330551E+01 9.6E+00    33 9.7E-01    4 F  T
    146   3       -3.9507434153E+01 8.3E+00    32 1.0E+00    5 T  T
    147   3       -3.8992476997E+01 3.3E+00    27 1.0E+00    3 T  T
    148   3       -3.7331557865E+01 1.4E+00    24 1.0E+00    5 T  T
    149   3       -3.7292582777E+01 2.1E+00    42 6.5E-02    5 F  T
    150   3       -3.7268768039E+01 7.0E-01    42 1.0E+00    2 T  T
    151   3       -3.7254076381E+01 6.3E-01    40 6.1E-01    2 F  T
    152   3       -3.7241638860E+01 1.1E+00    40 1.0E+00    2 F  T
 
   Iter Phase Ninf     Objective     RGmax    NSB   Step InItr MX OK
    153   3       -3.7228010884E+01 5.7E-01    38 1.7E-02      T  T
    154   3       -3.7217438449E+01 5.1E-01    37 1.4E-02      T  T
    155   3       -3.7206005904E+01 4.7E-01    36 1.7E-02      T  T
    156   3       -3.7168957900E+01 4.4E-01    35 9.1E-02      T  T
    157   3       -3.7158305027E+01 1.2E+00    34 1.6E-01    2 F  T
    158   3       -3.7139547576E+01 4.0E-01    34 1.0E+00    1 T  T
    159   3       -3.7133281232E+01 3.9E-01    33 8.0E-02    1 F  T
    160   3       -3.7127066685E+01 3.8E-01    33 4.9E-01    1 F  T
    161   3       -3.6993570250E+01 3.7E-01    33 7.9E-01      F  T
    162   3       -3.6931506353E+01 1.2E+00    33 5.0E-02      T  T
 
   Iter Phase Ninf     Objective     RGmax    NSB   Step InItr MX OK
    163   3       -3.6918566550E+01 5.2E-01    32 2.9E-02      T  T
    164   3       -3.6869218142E+01 5.2E-01    31 2.2E-01      F  T
    165   3       -3.6822413510E+01 5.8E-01    31 1.1E-01      F  T
    166   4       -3.6701556765E+01 4.3E-01    31 3.9E+00      T  T
    167   4       -3.6564223725E+01 5.1E-01    30 2.8E+00      T  T
    168   4       -3.6438838653E+01 4.3E-01    29 2.5E+00      T  T
    169   4       -3.6378389010E+01 3.1E-01    28 6.3E-02      T  T
    170   4       -3.6364971391E+01 3.6E-01    27 5.4E-02      T  T
    171   4       -3.6346160582E+01 3.7E-01    26 2.3E-01      T  T
    172   4       -3.6321056300E+01 3.5E-01    26 1.0E+00      F  T
 
   Iter Phase Ninf     Objective     RGmax    NSB   Step InItr MX OK
    173   4       -3.6317842046E+01 9.2E-02    26 1.0E+00      F  T
    174   4       -3.6305210354E+01 2.8E-01    29 1.0E+00    2 F  T
    175   4       -3.6279293675E+01 1.3E-01    29 1.0E+00    6 T  T
    176   3       -3.6279293675E+01 1.6E-01    29 0.0E+00      T  T
    177   3       -3.6279266781E+01 1.6E-01    28 3.7E-04      T  T
    178   3       -3.6278252067E+01 1.6E-01    27 2.8E-02      F  T
    179   3       -3.6277205575E+01 3.3E-01    34 3.4E-03      F  T
    180   4       -3.6275649983E+01 1.7E-01    34 9.0E+00      T  T
    181   4       -3.6275042390E+01 8.8E-02    33 1.0E+00      F  T
    182   4       -3.6274468859E+01 1.2E-01    37 4.0E+00      F  T
 
   Iter Phase Ninf     Objective     RGmax    NSB   Step InItr MX OK
    183   4       -3.6271696568E+01 1.2E-01    37 1.0E+00    1 T  T
    184   4       -3.6264115201E+01 3.1E-01    36 1.0E+00    8 T  T
    185   3       -3.6264115201E+01 2.1E-01    36 0.0E+00      T  T
    186   3       -3.6264114929E+01 1.9E-01    36 4.9E-06      T  T
    187   3       -3.6264114373E+01 1.9E-01    35 1.0E-05      T  T
    188   3       -3.6264114179E+01 1.9E-01    34 3.7E-06      T  T
    189   3       -3.6263891822E+01 1.9E-01    33 8.9E-03      F  T
    190   3       -3.6263745393E+01 1.1E-01    33 5.0E-03      F  T
    191   4       -3.6263458613E+01 8.9E-02    33 4.0E+00      F  T
    192   4       -3.6262972294E+01 4.3E-02    33 1.0E+00    2 F  T
 
   Iter Phase Ninf     Objective     RGmax    NSB   Step InItr MX OK
    193   4       -3.6253271614E+01 5.6E-02    33 1.0E+00    6 T  T
    194   3       -3.6253271614E+01 1.9E-01    33 0.0E+00      T  T
    195   3       -3.6251977423E+01 1.9E-01    32 3.4E-02      F  T
    196   3       -3.6251060556E+01 4.2E-01    32 3.8E-03      F  T
    197   4       -3.6249921432E+01 2.1E-01    33 7.4E+00      F  T
    198   4       -3.6248753708E+01 2.6E-01    33 1.0E+00    2 F  T
    199   4       -3.6245570385E+01 1.7E-01    33 1.0E+00    8 F  T
    200   4       -3.6226979094E+01 1.5E-01    32 1.0E+00   13 F  T
    201   4       -3.6221332414E+01 2.4E-01    29 1.0E+00   21 F  T
    202   4       -3.6218332232E+01 7.9E-02    22 1.0E+00   18 T  T
 
   Iter Phase Ninf     Objective     RGmax    NSB   Step InItr MX OK
    203   3       -3.6218332232E+01 7.7E-02    33 0.0E+00      T  T
    204   3       -3.6218332232E+01 3.7E-02    32 0.0E+00      T  T
    205   3       -3.6218332232E+01 3.7E-02    31 0.0E+00      T  T
    206   3       -3.6218332131E+01 3.7E-02    30 3.2E-05      T  T
    207   3       -3.6218332061E+01 3.7E-02    29 2.2E-05      T  T
    208   3       -3.6218330589E+01 3.7E-02    28 4.6E-04      T  T
    209   3       -3.6218329562E+01 3.7E-02    27 3.3E-04      T  T
    210   3       -3.6217894758E+01 3.7E-02    26 2.3E-01      F  T
    211   3       -3.6217840918E+01 2.1E-02    26 6.3E-02      F  T
    212   4       -3.6217364743E+01 3.5E-02    28 4.0E+00      F  T
 
   Iter Phase Ninf     Objective     RGmax    NSB   Step InItr MX OK
    213   4       -3.6217078226E+01 1.4E-02    28 1.0E+00    4 F  T
    214   4       -3.6216955369E+01 5.1E-03    28 1.0E+00   18 F  T
    215   4       -3.6216823048E+01 7.4E-03    36 1.0E+00   12 F  T
    216   4       -3.6216766763E+01 8.3E-04    39 1.0E+00   13 F  T
    217   4       -3.6216766526E+01 5.4E-05    40 1.0E+00    5 F  T
    218   4       -3.6216766526E+01 1.2E-06    40 1.0E+00    2 F  T
    219   4       -3.6216766526E+01 3.4E-09    40
 
 ** Optimal solution. Reduced gradient less than tolerance.
 
--- Reading solution for model sdgfinance
--- SDG Egypt Model v7 moz.gms(474) 46 Mb  23 secs
--- Executing after solve: elapsed 0:00:30.924
--- SDG Egypt Model v7 moz.gms(502) 46 Mb
--- GDX File (execute_unload) C:\Users\Yunjie\Desktop\Wi2050\SDG Financing Simplified model (Egypt)\v7\input\auxiliary\modeloutput_moz.gdx
--- SDG Egypt Model v7 moz.gms(507) 46 Mb

GDXXRW           37.1.0 r07954d5 Released Nov 11, 2021 WEI x86 64bit/MS Window
Input file : C:\Users\Yunjie\Desktop\Wi2050\SDG Financing Simplified model (Egypt)\v7\input\auxiliary\modeloutput_moz.gdx
Output file: C:\Users\Yunjie\Desktop\Wi2050\SDG Financing Simplified model (Egypt)\v7\output\modeloutput_moz.xlsx
Total time = 3203 Ms
--- Profile Summary (168 records processed)
    22.546   0.046GB       474 Solve Alg  sdgfinance
     3.328   0.046GB       507 Execute    
     1.360   0.046GB       474 Solve Read sdgfinance
     0.141   0.046GB       474 Solve Fini sdgfinance (349188)
     0.125   0.045GB       307 Equation   eq16 (53424)
     0.078   0.029GB       306 Equation   eq15 (56376)
     0.078   0.047GB       294 Equation   eq65 (29)
     0.063   0.045GB       309 Equation   eq19 (522)
     0.047   0.017GB       291 Equation   eq5 (29)
     0.031   0.016GB       290 Equation   eq4 (18270)
*** Status: Normal completion
--- Job SDG Egypt Model v7 moz.gms Stop 08/16/22 11:14:07 elapsed 0:00:34.253
