--- Job SDG Egypt Model v7 gha.gms Start 08/16/22 11:55:35 37.1.0 r07954d5 WEX-WEI x86 64bit/MS Windows
--- Applying:
    D:\Program\37GAMS\gmsprmNT.txt
--- GAMS Parameters defined
    Input "C:\Users\Yunjie\Desktop\Wi2050\SDG Financing Simplified model (Egypt)\v7\SDG Egypt Model v7 gha.gms"
    PageSize 0
    ScrDir "C:\Users\Yunjie\Desktop\Wi2050\SDG Financing Simplified model (Egypt)\v7\225a\"
    SysDir D:\Program\37GAMS\
    LogOption 3
    ErrMsg 1
    ErrorLog 99
    IDE 1
    LstTitleLeftAligned 1
Licensee: Large MUD - 20 User License                    G211208|0002AR-WIN
          Columbia University, Earth Institute                       DC4533
          C:\Users\Yunjie\Documents\GAMS\gamslice.txt
          License Admin: Jeffrey Sachs, sachs@columbia.edu                 
Processor information: 1 socket(s), 4 core(s), and 8 thread(s) available
GAMS 37.1.0   Copyright (C) 1987-2021 GAMS Development. All rights reserved
--- Starting compilation
--- SDG Egypt Model v7 gha.gms(95) 3 Mb
--- call GDXXRW .\input\paraminput\paraminput_gha.xlsx output=.\input\auxiliary\paraminput_gha.gdx Index=Index!a1 trace=3

GDXXRW           37.1.0 r07954d5 Released Nov 11, 2021 WEI x86 64bit/MS Window
Excel version 12.0
Input file : C:\Users\Yunjie\Desktop\Wi2050\SDG Financing Simplified model (Egypt)\v7\input\paraminput\paraminput_gha.xlsx
Output file: C:\Users\Yunjie\Desktop\Wi2050\SDG Financing Simplified model (Egypt)\v7\input\auxiliary\paraminput_gha.gdx
Substituting Index
Loading sheet Index
Reading data from Excel; Rng = A1:E100
Reading Slice: A1:E100
par=continuation Rng=Continuation!A1 Dim=2 Rdim=1
par=costff Rng=Hardcode!B1 Dim=0 Rdim=0
par=costre Rng=Hardcode!B2 Dim=0 Rdim=0
par=dep Rng=Hardcode!B3 Dim=0 Rdim=0
par=r Rng=Hardcode!B4 Dim=0 Rdim=0
par=kff0 Rng=Hardcode!B5 Dim=0 Rdim=0
par=kre0 Rng=Hardcode!B6 Dim=0 Rdim=0
par=aff Rng=Hardcode!B7 Dim=0 Rdim=0
par=taxlim Rng=Hardcode!B8 Dim=0 Rdim=0
par=tfp1 Rng=Hardcode!B9 Dim=0 Rdim=0
par=phi Rng=Hardcode!B10 Dim=0 Rdim=0
par=fertsh Rng=Hardcode!B11 Dim=0 Rdim=0
par=bk Rng=Hardcode!B12 Dim=0 Rdim=0
par=bkf Rng=Hardcode!B13 Dim=0 Rdim=0
par=ben Rng=Hardcode!B14 Dim=0 Rdim=0
par=k0 Rng=Hardcode!B15 Dim=0 Rdim=0
par=kf0 Rng=Hardcode!B16 Dim=0 Rdim=0
par=debtqlim Rng=Hardcode!B17 Dim=0 Rdim=0
par=pubgdpsh Rng=Hardcode!B18 Dim=0 Rdim=0
par=lowerbound Rng=Hardcode!B19 Dim=0 Rdim=0
par=discr Rng=Hardcode!B20 Dim=0 Rdim=0
par=stratio Rng=Hardcode!B21 Dim=0 Rdim=0
par=hwratio Rng=Hardcode!B22 Dim=0 Rdim=0
par=hcaccum Rng=Hardcode!B23 Dim=0 Rdim=0
Type Symbol       Dim      Sheet                Data          RowHeader     ColHeader     
Loading sheet Continuation
Reading data from Excel; Rng = A1:B19
Reading Slice: A1:B19
Par  continuation   2      Continuation         B2:B19        A2:A19        B1:B1         
Loading sheet Hardcode
Reading data from Excel; Rng = A1:B23
Reading Slice: A1:B23
Par  costff         0      Hardcode             B1:B1         --:--         --:--         
Par  costre         0      Hardcode             B2:B2         --:--         --:--         
Par  dep            0      Hardcode             B3:B3         --:--         --:--         
Par  r              0      Hardcode             B4:B4         --:--         --:--         
Par  kff0           0      Hardcode             B5:B5         --:--         --:--         
Par  kre0           0      Hardcode             B6:B6         --:--         --:--         
Par  aff            0      Hardcode             B7:B7         --:--         --:--         
Par  taxlim         0      Hardcode             B8:B8         --:--         --:--         
Par  tfp1           0      Hardcode             B9:B9         --:--         --:--         
Par  phi            0      Hardcode             B10:B10       --:--         --:--         
Par  fertsh         0      Hardcode             B11:B11       --:--         --:--         
Par  bk             0      Hardcode             B12:B12       --:--         --:--         
Par  bkf            0      Hardcode             B13:B13       --:--         --:--         
Par  ben            0      Hardcode             B14:B14       --:--         --:--         
Par  k0             0      Hardcode             B15:B15       --:--         --:--         
Par  kf0            0      Hardcode             B16:B16       --:--         --:--         
Par  debtqlim       0      Hardcode             B17:B17       --:--         --:--         
Par  pubgdpsh       0      Hardcode             B18:B18       --:--         --:--         
Par  lowerbound     0      Hardcode             B19:B19       --:--         --:--         
Par  discr          0      Hardcode             B20:B20       --:--         --:--         
Par  stratio        0      Hardcode             B21:B21       --:--         --:--         
Par  hwratio        0      Hardcode             B22:B22       --:--         --:--         
Par  hcaccum        0      Hardcode             B23:B23       --:--         --:--         
Total time = 1562 Ms
--- SDG Egypt Model v7 gha.gms(96) 3 Mb
--- GDXin=C:\Users\Yunjie\Desktop\Wi2050\SDG Financing Simplified model (Egypt)\v7\input\auxiliary\paraminput_gha.gdx
--- GDX File ($gdxIn) C:\Users\Yunjie\Desktop\Wi2050\SDG Financing Simplified model (Egypt)\v7\input\auxiliary\paraminput_gha.gdx
--- SDG Egypt Model v7 gha.gms(124) 3 Mb
--- call GDXXRW .\input\auxiliary\datainput_gha.xlsx output=.\input\auxiliary\datainput_gha.gdx Index=index!a1 trace=3

GDXXRW           37.1.0 r07954d5 Released Nov 11, 2021 WEI x86 64bit/MS Window
Excel version 12.0
Input file : C:\Users\Yunjie\Desktop\Wi2050\SDG Financing Simplified model (Egypt)\v7\input\auxiliary\datainput_gha.xlsx
Output file: C:\Users\Yunjie\Desktop\Wi2050\SDG Financing Simplified model (Egypt)\v7\input\auxiliary\datainput_gha.gdx
Substituting Index
Loading sheet index
Reading data from Excel; Rng = A1:E7
Reading Slice: A1:E7
par=D1 Rng=popg0!A1 Dim=2 Rdim=1
par=D2 Rng=fert0!A1 Dim=2 Rdim=1
par=D3 Rng=surv0!A1 Dim=2 Rdim=1
par=D4 Rng=w0!A1 Dim=3 Rdim=2
par=D5 Rng=s0!A1 Dim=2 Rdim=1
par=D6 Rng=ferthic0!A1 Dim=2 Rdim=1
Type Symbol       Dim      Sheet                Data          RowHeader     ColHeader     
Loading sheet popg0
Reading data from Excel; Rng = A1:C101
Reading Slice: A1:C101
Par  D1             2      popg0                B2:C101       A2:A101       B1:C1         
Loading sheet fert0
Reading data from Excel; Rng = A1:B36
Reading Slice: A1:B36
Par  D2             2      fert0                B2:B36        A2:A36        B1:B1         
Loading sheet surv0
Reading data from Excel; Rng = A1:E100
Reading Slice: A1:E100
Par  D3             2      surv0                B2:E100       A2:A100       B1:E1         
Loading sheet w0
Reading data from Excel; Rng = A1:D319
Reading Slice: A1:D319
Par  D4             3      w0                   C2:D319       A2:B319       C1:D1         
Loading sheet s0
Reading data from Excel; Rng = A1:C18
Reading Slice: A1:C18
Par  D5             2      s0                   B2:C18        A2:A18        B1:C1         
Loading sheet ferthic0
Reading data from Excel; Rng = A1:B36
Reading Slice: A1:B36
Par  D6             2      ferthic0             B2:B36        A2:A36        B1:B1         
Total time = 1578 Ms
--- SDG Egypt Model v7 gha.gms(125) 3 Mb
--- GDXin=C:\Users\Yunjie\Desktop\Wi2050\SDG Financing Simplified model (Egypt)\v7\input\auxiliary\datainput_gha.gdx
--- GDX File ($gdxIn) C:\Users\Yunjie\Desktop\Wi2050\SDG Financing Simplified model (Egypt)\v7\input\auxiliary\datainput_gha.gdx
--- SDG Egypt Model v7 gha.gms(504) 3 Mb
--- $echo File C:\Users\Yunjie\Desktop\Wi2050\SDG Financing Simplified model (Egypt)\v7\input\auxiliary\outputsetting_gha.txt
--- SDG Egypt Model v7 gha.gms(507) 3 Mb
--- Starting execution: elapsed 0:00:03.328
--- SDG Egypt Model v7 gha.gms(472) 5 Mb
--- Generating DNLP model sdgfinance
--- SDG Egypt Model v7 gha.gms(287) 7 Mb
--- Starting Equ eq1: elapsed 0:00:03.333
--- SDG Egypt Model v7 gha.gms(288) 7 Mb
--- Starting Equ eq2: elapsed 0:00:03.335
--- SDG Egypt Model v7 gha.gms(289) 7 Mb
--- Starting Equ eq3: elapsed 0:00:03.336
--- SDG Egypt Model v7 gha.gms(290) 9 Mb
--- Starting Equ eq4: elapsed 0:00:03.347
--- SDG Egypt Model v7 gha.gms(291) 16 Mb
--- Starting Equ eq5: elapsed 0:00:03.380
--- SDG Egypt Model v7 gha.gms(295) 17 Mb
--- Starting Equ eq6: elapsed 0:00:03.410
--- SDG Egypt Model v7 gha.gms(296) 17 Mb
--- Starting Equ eq7: elapsed 0:00:03.410
--- SDG Egypt Model v7 gha.gms(297) 17 Mb
--- Starting Equ eq8: elapsed 0:00:03.410
--- SDG Egypt Model v7 gha.gms(298) 17 Mb
--- Starting Equ eq9: elapsed 0:00:03.410
--- SDG Egypt Model v7 gha.gms(299) 17 Mb
--- Starting Equ eq10: elapsed 0:00:03.411
--- SDG Egypt Model v7 gha.gms(302) 17 Mb
--- Starting Equ eq11: elapsed 0:00:03.411
--- SDG Egypt Model v7 gha.gms(303) 17 Mb
--- Starting Equ eq12: elapsed 0:00:03.411
--- SDG Egypt Model v7 gha.gms(304) 17 Mb
--- Starting Equ eq13: elapsed 0:00:03.411
--- SDG Egypt Model v7 gha.gms(305) 17 Mb
--- Starting Equ eq14: elapsed 0:00:03.412
--- SDG Egypt Model v7 gha.gms(306) 17 Mb
--- Starting Equ eq15: elapsed 0:00:03.412
--- SDG Egypt Model v7 gha.gms(307) 29 Mb
--- Starting Equ eq16: elapsed 0:00:03.462
--- SDG Egypt Model v7 gha.gms(308) 45 Mb
--- Starting Equ eq17: elapsed 0:00:03.557
--- SDG Egypt Model v7 gha.gms(309) 45 Mb
--- Starting Equ eq19: elapsed 0:00:03.558
--- SDG Egypt Model v7 gha.gms(310) 45 Mb
--- Starting Equ eq19a: elapsed 0:00:03.614
--- SDG Egypt Model v7 gha.gms(311) 45 Mb
--- Starting Equ eq19b: elapsed 0:00:03.614
--- SDG Egypt Model v7 gha.gms(312) 45 Mb
--- Starting Equ eq19c: elapsed 0:00:03.614
--- SDG Egypt Model v7 gha.gms(313) 45 Mb
--- Starting Equ eq19d: elapsed 0:00:03.614
--- SDG Egypt Model v7 gha.gms(314) 45 Mb
--- Starting Equ eq19e: elapsed 0:00:03.614
--- SDG Egypt Model v7 gha.gms(315) 45 Mb
--- Starting Equ eq20: elapsed 0:00:03.614
--- SDG Egypt Model v7 gha.gms(317) 45 Mb
--- Starting Equ eq21: elapsed 0:00:03.615
--- SDG Egypt Model v7 gha.gms(316) 45 Mb
--- Starting Equ eq21a: elapsed 0:00:03.615
--- SDG Egypt Model v7 gha.gms(318) 45 Mb
--- Starting Equ eq22: elapsed 0:00:03.615
--- SDG Egypt Model v7 gha.gms(319) 45 Mb
--- Starting Equ eq23: elapsed 0:00:03.615
--- SDG Egypt Model v7 gha.gms(320) 45 Mb
--- Starting Equ eq24: elapsed 0:00:03.615
--- SDG Egypt Model v7 gha.gms(321) 45 Mb
--- Starting Equ eq25: elapsed 0:00:03.615
--- SDG Egypt Model v7 gha.gms(322) 45 Mb
--- Starting Equ eq26: elapsed 0:00:03.622
--- SDG Egypt Model v7 gha.gms(323) 45 Mb
--- Starting Equ eq27: elapsed 0:00:03.622
--- SDG Egypt Model v7 gha.gms(324) 45 Mb
--- Starting Equ eq28: elapsed 0:00:03.622
--- SDG Egypt Model v7 gha.gms(325) 45 Mb
--- Starting Equ eq29: elapsed 0:00:03.622
--- SDG Egypt Model v7 gha.gms(326) 45 Mb
--- Starting Equ eq30a: elapsed 0:00:03.622
--- SDG Egypt Model v7 gha.gms(327) 45 Mb
--- Starting Equ eq30: elapsed 0:00:03.622
--- SDG Egypt Model v7 gha.gms(328) 45 Mb
--- Starting Equ eq31: elapsed 0:00:03.623
--- SDG Egypt Model v7 gha.gms(329) 45 Mb
--- Starting Equ eq32: elapsed 0:00:03.623
--- SDG Egypt Model v7 gha.gms(330) 45 Mb
--- Starting Equ eq33: elapsed 0:00:03.623
--- SDG Egypt Model v7 gha.gms(331) 45 Mb
--- Starting Equ eq34: elapsed 0:00:03.623
--- SDG Egypt Model v7 gha.gms(332) 45 Mb
--- Starting Equ eq36: elapsed 0:00:03.623
--- SDG Egypt Model v7 gha.gms(333) 45 Mb
--- Starting Equ eq37: elapsed 0:00:03.623
--- SDG Egypt Model v7 gha.gms(334) 45 Mb
--- Starting Equ eq38: elapsed 0:00:03.623
--- SDG Egypt Model v7 gha.gms(335) 45 Mb
--- Starting Equ eq51: elapsed 0:00:03.625
--- SDG Egypt Model v7 gha.gms(336) 45 Mb
--- Starting Equ eq52: elapsed 0:00:03.629
--- SDG Egypt Model v7 gha.gms(337) 45 Mb
--- Starting Equ eq53: elapsed 0:00:03.630
--- SDG Egypt Model v7 gha.gms(338) 45 Mb
--- Starting Equ eq54: elapsed 0:00:03.630
--- SDG Egypt Model v7 gha.gms(300) 45 Mb
--- Starting Equ eq61: elapsed 0:00:03.630
--- SDG Egypt Model v7 gha.gms(301) 45 Mb
--- Starting Equ eq62: elapsed 0:00:03.631
--- SDG Egypt Model v7 gha.gms(292) 45 Mb
--- Starting Equ eq63: elapsed 0:00:03.631
--- SDG Egypt Model v7 gha.gms(293) 45 Mb
--- Starting Equ eq64: elapsed 0:00:03.631
--- SDG Egypt Model v7 gha.gms(294) 46 Mb
--- Starting Equ eq65: elapsed 0:00:03.645
--- SDG Egypt Model v7 gha.gms(339) 47 Mb
--- Starting Equ eq66: elapsed 0:00:03.687
--- SDG Egypt Model v7 gha.gms(340) 47 Mb
--- Starting Equ eq70: elapsed 0:00:03.688
--- SDG Egypt Model v7 gha.gms(341) 47 Mb
--- Starting Equ eq71: elapsed 0:00:03.688
--- SDG Egypt Model v7 gha.gms(342) 47 Mb
--- Starting Equ eq72: elapsed 0:00:03.688
--- SDG Egypt Model v7 gha.gms(441) 47 Mb
--- Starting Equ utilt: elapsed 0:00:03.688
--- SDG Egypt Model v7 gha.gms(442) 47 Mb
--- Starting Equ utility: elapsed 0:00:03.688
--- SDG Egypt Model v7 gha.gms(393) 47 Mb
--- Starting Equ output: elapsed 0:00:03.688
--- SDG Egypt Model v7 gha.gms(394) 47 Mb
--- Starting Equ outputpc: elapsed 0:00:03.689
--- SDG Egypt Model v7 gha.gms(395) 47 Mb
--- Starting Equ ewage: elapsed 0:00:03.689
--- SDG Egypt Model v7 gha.gms(397) 47 Mb
--- Starting Equ kstart: elapsed 0:00:03.689
--- SDG Egypt Model v7 gha.gms(401) 47 Mb
--- Starting Equ kfstart: elapsed 0:00:03.689
--- SDG Egypt Model v7 gha.gms(399) 47 Mb
--- Starting Equ kffstart: elapsed 0:00:03.689
--- SDG Egypt Model v7 gha.gms(400) 47 Mb
--- Starting Equ krestart: elapsed 0:00:03.689
--- SDG Egypt Model v7 gha.gms(402) 47 Mb
--- Starting Equ knext: elapsed 0:00:03.689
--- SDG Egypt Model v7 gha.gms(405) 47 Mb
--- Starting Equ kfnext: elapsed 0:00:03.689
--- SDG Egypt Model v7 gha.gms(403) 47 Mb
--- Starting Equ kffnext: elapsed 0:00:03.689
--- SDG Egypt Model v7 gha.gms(404) 47 Mb
--- Starting Equ krenext: elapsed 0:00:03.690
--- SDG Egypt Model v7 gha.gms(423) 47 Mb
--- Starting Equ kfend: elapsed 0:00:03.690
--- SDG Egypt Model v7 gha.gms(424) 47 Mb
--- Starting Equ ktotal: elapsed 0:00:03.690
--- SDG Egypt Model v7 gha.gms(406) 47 Mb
--- Starting Equ energy: elapsed 0:00:03.690
--- SDG Egypt Model v7 gha.gms(407) 47 Mb
--- Starting Equ ffuel: elapsed 0:00:03.690
--- SDG Egypt Model v7 gha.gms(418) 47 Mb
--- Starting Equ conlim: elapsed 0:00:03.690
--- SDG Egypt Model v7 gha.gms(432) 47 Mb
--- Starting Equ education: elapsed 0:00:03.690
--- SDG Egypt Model v7 gha.gms(435) 47 Mb
--- Starting Equ edugdp: elapsed 0:00:03.690
--- SDG Egypt Model v7 gha.gms(398) 47 Mb
--- Starting Equ dstart: elapsed 0:00:03.690
--- SDG Egypt Model v7 gha.gms(412) 47 Mb
--- Starting Equ tbalance: elapsed 0:00:03.691
--- SDG Egypt Model v7 gha.gms(413) 47 Mb
--- Starting Equ totdebt: elapsed 0:00:03.691
--- SDG Egypt Model v7 gha.gms(414) 47 Mb
--- Starting Equ debttogdp: elapsed 0:00:03.691
--- SDG Egypt Model v7 gha.gms(415) 47 Mb
--- Starting Equ debtlimit: elapsed 0:00:03.691
--- SDG Egypt Model v7 gha.gms(419) 47 Mb
--- Starting Equ conend: elapsed 0:00:03.691
--- SDG Egypt Model v7 gha.gms(425) 47 Mb
--- Starting Equ consumetrpc: elapsed 0:00:03.691
--- SDG Egypt Model v7 gha.gms(420) 47 Mb
--- Starting Equ kend: elapsed 0:00:03.691
--- SDG Egypt Model v7 gha.gms(421) 47 Mb
--- Starting Equ kffend: elapsed 0:00:03.691
--- SDG Egypt Model v7 gha.gms(422) 47 Mb
--- Starting Equ kreend: elapsed 0:00:03.691
--- SDG Egypt Model v7 gha.gms(411) 47 Mb
--- Starting Equ costk: elapsed 0:00:03.691
--- SDG Egypt Model v7 gha.gms(410) 47 Mb
--- Starting Equ costkf: elapsed 0:00:03.692
--- SDG Egypt Model v7 gha.gms(408) 47 Mb
--- Starting Equ costkff: elapsed 0:00:03.692
--- SDG Egypt Model v7 gha.gms(409) 47 Mb
--- Starting Equ costkre: elapsed 0:00:03.692
--- SDG Egypt Model v7 gha.gms(433) 47 Mb
--- Starting Equ health: elapsed 0:00:03.692
--- SDG Egypt Model v7 gha.gms(434) 47 Mb
--- Starting Equ govcost: elapsed 0:00:03.692
--- SDG Egypt Model v7 gha.gms(436) 47 Mb
--- Starting Equ hlgdp: elapsed 0:00:03.692
--- SDG Egypt Model v7 gha.gms(438) 47 Mb
--- Starting Equ pubadgdp: elapsed 0:00:03.692
--- SDG Egypt Model v7 gha.gms(439) 47 Mb
--- Starting Equ infgdp: elapsed 0:00:03.692
--- SDG Egypt Model v7 gha.gms(437) 47 Mb
--- Starting Equ poutlay: elapsed 0:00:03.692
--- SDG Egypt Model v7 gha.gms(429) 47 Mb
--- Starting Equ educationuc: elapsed 0:00:03.692
--- SDG Egypt Model v7 gha.gms(430) 47 Mb
--- Starting Equ healthuc: elapsed 0:00:03.693
--- SDG Egypt Model v7 gha.gms(396) 47 Mb
--- Starting Equ marginalpk: elapsed 0:00:03.693
--- SDG Egypt Model v7 gha.gms(440) 47 Mb
--- Starting Equ enktotratio: elapsed 0:00:03.693
--- SDG Egypt Model v7 gha.gms(426) 47 Mb
--- Starting Equ endconpclim: elapsed 0:00:03.693
--- SDG Egypt Model v7 gha.gms(416) 47 Mb
--- Starting Equ nodebtbyend: elapsed 0:00:03.693
--- SDG Egypt Model v7 gha.gms(474) 48 Mb
---   142,717 rows  144,943 columns  349,188 non-zeroes
---   98,236 nl-code  27,979 nl-non-zeroes
--- SDG Egypt Model v7 gha.gms(474) 46 Mb
--- Executing CONOPT (Solvelink=2): elapsed 0:00:03.792

CONOPT 3         37.1.0 r07954d5 Released Nov 11, 2021 WEI x86 64bit/MS Window

 
 
    C O N O P T 3   version 3.17K
    Copyright (C)   ARKI Consulting and Development A/S
                    Bagsvaerdvej 246 A
                    DK-2880 Bagsvaerd, Denmark
 
 
   Iter Phase Ninf   Infeasibility   RGmax    NSB   Step InItr MX OK
      0   0        1.5210204292E+03 (Input point)
 
                   Pre-triangular equations:   141579
                   Post-triangular equations:  203
                   Definitional equations:     563
 
      1   0        1.7461818684E+03 (After pre-processing)
      2   0        1.2938289289E+02 (After scaling)
      3   1   315  1.2344413707E+02 4.2E+04    51 3.4E-01    3 F  F
      4   1   315  1.1492883609E+02 4.1E+04    48 1.0E+00    1 T  T
      5   1   315  1.1079556532E+02 4.0E+04    46 1.0E+00    7 T  T
      6   1   315  1.0779612344E+02 3.5E+04    32 1.0E+00   11 T  T
      7   1   315  1.0779372388E+02 2.8E+04    51 2.3E-04   16 F  F
      8   1   315  1.0777843959E+02 3.4E+01    53 3.4E-03    4 F  F
      9   1   315  1.0775619941E+02 3.4E+01    53 3.2E-06      F  F
 
   Iter Phase Ninf   Infeasibility   RGmax    NSB   Step InItr MX OK
     10   1   315  1.0757371172E+02 3.4E+01    54 2.6E-05      F  F
     11   1   315  1.0697276246E+02 3.4E+01    54 1.0E-04      F  F
     12   1   314  1.0550341345E+02 3.4E+01    56 3.0E-04      T  T
     13   1   313  1.0546623234E+02 3.4E+01    55 9.8E-06      T  T
     14   1   312  1.0545143683E+02 3.4E+01    55 5.6E-06      T  T
     15   1   311  1.0538243204E+02 3.4E+01    55 4.6E-05      T  T
     16   1   310  1.0478949044E+02 9.8E+00    54 1.8E-03      T  T
     17   1   310  1.0322419444E+02 9.4E+00    54 1.8E-01    3 F  F
     18   1   309  9.9226695213E+01 2.0E+00    54 1.0E+00    1 T  T
     19   1   305  9.3805862230E+01 2.0E+00    53 1.0E+00    5 T  T
 
   Iter Phase Ninf   Infeasibility   RGmax    NSB   Step InItr MX OK
     20   1   295  8.9586877752E+01 2.0E+00    48 1.0E+00   10 T  T
     21   1   295  8.8204999526E+01 2.0E+00    38 3.5E-01   15 F  F
     22   1   290  8.7072296786E+01 2.0E+00    38 1.0E+00    5 T  T
     23   1   290  8.6564212161E+01 2.0E+00    33 3.7E-01   10 F  F
     24   1   287  8.6142457242E+01 2.0E+00    33 1.0E+00    4 T  T
     25   1   287  8.5824422830E+01 1.0E+00    29 3.6E-01    8 F  F
     26   1   287  8.5804709545E+01 3.0E+00    81 3.9E-02    5 F  F
     27   1   286  8.5802694460E+01 3.0E+00    80 2.3E-05      T  T
     28   1   285  8.5779671351E+01 3.0E+00    79 2.6E-04      T  T
     29   1   284  8.5737413697E+01 3.0E+00    78 4.9E-04      T  T
 
   Iter Phase Ninf   Infeasibility   RGmax    NSB   Step InItr MX OK
     30   1   283  8.5727478193E+01 3.0E+00    77 1.2E-04      T  T
     31   1   282  8.5324171153E+01 3.0E+00    76 4.8E-03      T  T
     32   1   279  8.4875783970E+01 3.0E+00    75 1.0E+00    3 T  T
     33   1   279  8.3683297395E+01 3.0E+00    72 2.5E-01    8 F  F
     34   1   276  8.1108047179E+01 3.0E+00    72 1.0E+00    3 T  T
     35   1   267  7.9628778967E+01 3.1E+00    69 1.0E+00    9 T  T
     36   1   255  7.7365723679E+01 3.1E+00    60 1.0E+00   13 T  T
     37   1   237  7.5064483291E+01 1.2E+00    47 1.0E+00   18 T  T
     38   1   214  7.1843939868E+01 1.5E+00    30 1.0E+00   23 T  T
     39   1   214  6.8860549878E+01 1.2E+00    44 2.9E-01   28 F  F
 
   Iter Phase Ninf   Infeasibility   RGmax    NSB   Step InItr MX OK
     40   1   204  6.4942296505E+01 1.7E+00    45 1.0E+00   10 T  T
     41   1   189  6.2226164323E+01 1.8E+00    35 1.0E+00   15 T  T
     42   1   189  6.0993230005E+01 2.2E+00    20 3.1E-01   20 F  F
     43   1   182  6.0210075102E+01 1.4E+00    19 1.0E+00    7 T  T
     44   1   172  5.8354807957E+01 1.0E+00    13 1.0E+00   12 T  T
     45   1   160  5.8160209809E+01 9.6E-01    36 1.0E+00   13 T  T
     46   1   143  5.7175795026E+01 1.0E+00    23 1.0E+00   18 T  T
     47   1   143  5.6207848818E+01 2.0E+00    33 3.4E-01   18 F  F
     48   1   143  5.5681982485E+01 1.0E+00    33 3.4E-01    6 F  F
     49   1   141  5.5561891641E+01 1.0E+00    33 4.1E-02      T  T
 
   Iter Phase Ninf   Infeasibility   RGmax    NSB   Step InItr MX OK
     50   1   140  5.5302757023E+01 1.0E+00    32 9.2E-02      T  T
     51   1   140  5.5202292800E+01 1.7E+00    31 1.4E-02      F  F
     52   1   140  5.5104544399E+01 3.1E+00    30 5.8E-03      F  F
     53   1   140  5.4949018717E+01 5.4E+00    31 3.4E-03      F  F
     54   1   140  5.3922223703E+01 1.0E+00    31 5.6E-01      F  F
     55   1   140  5.3444069473E+01 1.0E+00    31 1.6E-01      F  F
     56   1   140  5.3122664171E+01 1.1E+00    31 4.5E-02      F  F
     57   1   140  5.2911038901E+01 2.5E+00    30 1.3E-02      F  F
     58   1   140  5.2707491633E+01 2.4E+00    31 1.5E-02      F  F
     59   1   140  5.2194706988E+01 1.0E+00    30 8.3E-02      F  F
 
   Iter Phase Ninf   Infeasibility   RGmax    NSB   Step InItr MX OK
     60   1   140  5.1899179905E+01 1.0E+00    31 3.9E-02      F  F
     61   1   140  5.1421181554E+01 1.0E+00    31 6.5E-02      F  F
     62   1   140  5.0402400707E+01 1.0E+00    31 1.3E-01      T  T
     63   1   139  4.9601336906E+01 1.0E+00    29 1.0E-01      T  T
     64   1   139  4.8566594392E+01 1.0E+00    29 3.4E-01    3 F  F
     65   1   139  4.8264354131E+01 1.8E+00    29 3.4E-01    1 F  F
     66   1   138  4.7761024787E+01 2.4E+00    28 3.5E-02      T  T
     67   1   138  4.7558546088E+01 1.1E+00    27 2.7E-02      F  F
     68   1   138  4.7054022228E+01 1.0E+00    28 8.4E-02      F  F
     69   1   137  4.6473363685E+01 1.0E+00    28 9.9E-02      T  T
 
   Iter Phase Ninf   Infeasibility   RGmax    NSB   Step InItr MX OK
     70   1   137  4.6120576868E+01 1.0E+00    27 6.5E-02      F  F
     71   1   137  4.5852303458E+01 1.2E+00    27 3.8E-02      F  F
     72   1   137  4.5180227183E+01 1.0E+00    27 1.1E-01      F  F
     73   1   136  4.4702871158E+01 1.0E+00    26 6.6E-02      T  T
     74   1   136  4.4291397842E+01 1.0E+00    26 5.6E-02      F  F
     75   1   136  4.3638941224E+01 1.0E+00    26 8.4E-02      F  F
     76   1   135  4.3084470520E+01 1.0E+00    26 6.6E-02      T  T
     77   1   135  4.2375865622E+01 1.0E+00    24 3.4E-01    3 F  F
     78   1   135  4.1873129502E+01 1.0E+00    24 3.4E-01    2 F  F
     79   1   134  4.1827581173E+01 1.0E+00    25 6.1E-03      T  T
 
   Iter Phase Ninf   Infeasibility   RGmax    NSB   Step InItr MX OK
     80   1   134  4.1526304404E+01 1.0E+00    24 4.3E-02      F  F
     81   1   134  4.0965566890E+01 1.2E+00    23 8.4E-02      F  F
     82   1   133  4.0416656864E+01 1.0E+00    24 1.1E-01      T  T
     83   1   132  4.0090441147E+01 1.0E+00    23 7.6E-02      T  T
     84   1   131  3.9599350901E+01 1.1E+00    22 1.3E-01      T  T
     85   1   129  3.8978506063E+01 1.0E+00    21 1.0E+00    3 T  T
     86   1   129  3.7701718018E+01 6.7E-01    18 3.4E-01    8 F  F
     87   1   129  3.6656890493E+01 1.1E+00    18 3.4E-01    4 F  F
     88   1   128  3.5449110445E+01 1.0E+00    18 2.3E-01      T  T
     89   1   127  3.4581862005E+01 2.0E+00    16 7.0E-02      T  T
 
   Iter Phase Ninf   Infeasibility   RGmax    NSB   Step InItr MX OK
     90   1   126  3.4345957071E+01 4.1E+00    16 7.8E-03      T  T
     91   1   126  3.3924937680E+01 2.8E+00    15 2.7E-02      F  F
     92   1   125  3.3526152809E+01 1.4E+00    15 1.0E-01      T  T
     93   1   125  3.2915687079E+01 4.1E-01    14 3.4E-01    3 F  F
     94   1   125  3.2417581614E+01 9.4E-01    13 3.4E-01    2 F  F
     95   1   124  3.2212744677E+01 2.2E+00    14 2.7E-02      T  T
     96   1   123  3.1890899793E+01 2.9E+00    12 2.6E-02      T  T
     97   1   123  3.1594750990E+01 1.2E+00    12 1.5E-01      F  F
     98   1   122  3.1417168466E+01 1.0E+00    12 1.5E-01      T  T
     99   1   122  3.1274454611E+01 3.3E-01    11 7.1E-01      F  F
 
   Iter Phase Ninf   Infeasibility   RGmax    NSB   Step InItr MX OK
    100   1   122  3.1093206769E+01 5.3E-01    11 4.4E-01      F  F
    101   1   121  3.0740797260E+01 8.5E-01    11 3.2E-01      T  T
    102   1   121  3.0430858943E+01 3.0E+00    10 3.4E-01    3 F  F
    103   1   121  3.0193047389E+01 2.6E-01     9 3.4E-01    1 F  F
    104   1   121  2.9942985476E+01 6.0E-01    10 3.7E-01      F  F
    105   1   120  2.9139623523E+01 1.0E+00     9 6.7E-01      T  T
    106   1   120  2.8977925345E+01 5.2E-01     9 3.3E-01      F  F
    107   1   120  2.8753819795E+01 9.2E-01     9 1.6E-01      F  F
    108   1   119  2.8540523867E+01 1.0E+00     9 1.8E-01      T  T
    109   1   119  2.8366412744E+01 4.8E-01     8 5.3E-01      F  F
 
   Iter Phase Ninf   Infeasibility   RGmax    NSB   Step InItr MX OK
    110   1   118  2.8181097653E+01 8.6E-01     8 1.9E-01      T  T
    111   1   118  2.8112255889E+01 1.3E-01     7 2.5E+00      F  F
    112   1   118  2.7981469418E+01 2.4E-01     6 1.5E+00      F  F
    113   1   117  2.6536660867E+01 1.0E+00     7 1.4E+00      T  T
    114   1   117  2.6323892116E+01 6.0E-01    10 3.4E-01    3 F  F
    115   1   117  2.6232451199E+01 1.4E+00     9 3.4E-01    2 F  F
    116   1   115  2.6171986323E+01 1.1E+00    10 2.9E-02      T  T
    117   1   114  2.5437410067E+01 1.0E+00     9 5.9E-01      T  T
    118   1   113  2.5332659707E+01 1.0E+00     8 1.0E-01      T  T
    119   1   111  2.5004241393E+01 1.6E-02    21 2.6E+02      T  T
 
   Iter Phase Ninf   Infeasibility   RGmax    NSB   Step InItr MX OK
    120   1   108  2.4783464217E+01 1.6E-02    20 1.8E+02      T  T
    121   1   105  2.4675734706E+01 1.4E-01    19 1.0E+00    3 T  T
    122   1    97  2.3736112452E+01 1.5E-01    18 1.0E+00    8 T  T
    123   1    84  2.3305980223E+01 4.0E-01    16 1.0E+00   14 T  T
    124   1    71  2.2525597270E+01 3.8E+00    14 1.0E+00   18 T  T
    125   1    71  2.2328561114E+01 3.0E+00    20 1.0E+00   20 T  T
    126   1    71  2.2328561114E+01 0.0E+00     0 0.0E+00    0 F  T
    127   1    71  2.2328561114E+01 0.0E+00     0
 
 ** Infeasible solution. There are no superbasic variables.
 
--- Reading solution for model sdgfinance
--- SDG Egypt Model v7 gha.gms(474) 46 Mb  8 secs
--- Executing after solve: elapsed 0:00:12.304
--- SDG Egypt Model v7 gha.gms(502) 46 Mb
--- GDX File (execute_unload) C:\Users\Yunjie\Desktop\Wi2050\SDG Financing Simplified model (Egypt)\v7\input\auxiliary\modeloutput_gha.gdx
--- SDG Egypt Model v7 gha.gms(507) 46 Mb

GDXXRW           37.1.0 r07954d5 Released Nov 11, 2021 WEI x86 64bit/MS Window
Input file : C:\Users\Yunjie\Desktop\Wi2050\SDG Financing Simplified model (Egypt)\v7\input\auxiliary\modeloutput_gha.gdx
Output file: C:\Users\Yunjie\Desktop\Wi2050\SDG Financing Simplified model (Egypt)\v7\output\modeloutput_gha.xlsx
Total time = 1282 Ms
--- Profile Summary (168 records processed)
     7.735   0.046GB       474 Solve Alg  sdgfinance
     1.344   0.046GB       507 Execute    
     0.781   0.046GB       474 Solve Read sdgfinance
     0.109   0.046GB       474 Solve Fini sdgfinance (349188)
     0.094   0.045GB       307 Equation   eq16 (53424)
     0.062   0.029GB       306 Equation   eq15 (56376)
     0.047   0.045GB       309 Equation   eq19 (522)
     0.047   0.047GB       294 Equation   eq65 (29)
     0.032   0.017GB       291 Equation   eq5 (29)
     0.031   0.016GB       290 Equation   eq4 (18270)
*** Status: Normal completion
--- Job SDG Egypt Model v7 gha.gms Stop 08/16/22 11:55:48 elapsed 0:00:13.663
