--- Job SDG Egypt Model v7 zaf.gms Start 08/16/22 11:51:05 37.1.0 r07954d5 WEX-WEI x86 64bit/MS Windows
--- Applying:
    D:\Program\37GAMS\gmsprmNT.txt
--- GAMS Parameters defined
    Input "C:\Users\Yunjie\Desktop\Wi2050\SDG Financing Simplified model (Egypt)\v7\SDG Egypt Model v7 zaf.gms"
    PageSize 0
    ScrDir "C:\Users\Yunjie\Desktop\Wi2050\SDG Financing Simplified model (Egypt)\v7\225a\"
    SysDir D:\Program\37GAMS\
    LogOption 3
    ErrMsg 1
    ErrorLog 99
    IDE 1
    LstTitleLeftAligned 1
Licensee: Large MUD - 20 User License                    G211208|0002AR-WIN
          Columbia University, Earth Institute                       DC4533
          C:\Users\Yunjie\Documents\GAMS\gamslice.txt
          License Admin: Jeffrey Sachs, sachs@columbia.edu                 
Processor information: 1 socket(s), 4 core(s), and 8 thread(s) available
GAMS 37.1.0   Copyright (C) 1987-2021 GAMS Development. All rights reserved
--- Starting compilation
--- SDG Egypt Model v7 zaf.gms(95) 3 Mb
--- call GDXXRW .\input\paraminput\paraminput_zaf.xlsx output=.\input\auxiliary\paraminput_zaf.gdx Index=Index!a1 trace=3

GDXXRW           37.1.0 r07954d5 Released Nov 11, 2021 WEI x86 64bit/MS Window
Excel version 12.0
Input file : C:\Users\Yunjie\Desktop\Wi2050\SDG Financing Simplified model (Egypt)\v7\input\paraminput\paraminput_zaf.xlsx
Output file: C:\Users\Yunjie\Desktop\Wi2050\SDG Financing Simplified model (Egypt)\v7\input\auxiliary\paraminput_zaf.gdx
Substituting Index
Loading sheet Index
Reading data from Excel; Rng = A1:E100
Reading Slice: A1:E100
par=continuation Rng=Continuation!A1 Dim=2 Rdim=1
par=costff Rng=Hardcode!B1 Dim=0 Rdim=0
par=costre Rng=Hardcode!B2 Dim=0 Rdim=0
par=dep Rng=Hardcode!B3 Dim=0 Rdim=0
par=r Rng=Hardcode!B4 Dim=0 Rdim=0
par=kff0 Rng=Hardcode!B5 Dim=0 Rdim=0
par=kre0 Rng=Hardcode!B6 Dim=0 Rdim=0
par=aff Rng=Hardcode!B7 Dim=0 Rdim=0
par=taxlim Rng=Hardcode!B8 Dim=0 Rdim=0
par=tfp1 Rng=Hardcode!B9 Dim=0 Rdim=0
par=phi Rng=Hardcode!B10 Dim=0 Rdim=0
par=fertsh Rng=Hardcode!B11 Dim=0 Rdim=0
par=bk Rng=Hardcode!B12 Dim=0 Rdim=0
par=bkf Rng=Hardcode!B13 Dim=0 Rdim=0
par=ben Rng=Hardcode!B14 Dim=0 Rdim=0
par=k0 Rng=Hardcode!B15 Dim=0 Rdim=0
par=kf0 Rng=Hardcode!B16 Dim=0 Rdim=0
par=debtqlim Rng=Hardcode!B17 Dim=0 Rdim=0
par=pubgdpsh Rng=Hardcode!B18 Dim=0 Rdim=0
par=lowerbound Rng=Hardcode!B19 Dim=0 Rdim=0
par=discr Rng=Hardcode!B20 Dim=0 Rdim=0
par=stratio Rng=Hardcode!B21 Dim=0 Rdim=0
par=hwratio Rng=Hardcode!B22 Dim=0 Rdim=0
par=hcaccum Rng=Hardcode!B23 Dim=0 Rdim=0
Type Symbol       Dim      Sheet                Data          RowHeader     ColHeader     
Loading sheet Continuation
Reading data from Excel; Rng = A1:B19
Reading Slice: A1:B19
Par  continuation   2      Continuation         B2:B19        A2:A19        B1:B1         
Loading sheet Hardcode
Reading data from Excel; Rng = A1:B23
Reading Slice: A1:B23
Par  costff         0      Hardcode             B1:B1         --:--         --:--         
Par  costre         0      Hardcode             B2:B2         --:--         --:--         
Par  dep            0      Hardcode             B3:B3         --:--         --:--         
Par  r              0      Hardcode             B4:B4         --:--         --:--         
Par  kff0           0      Hardcode             B5:B5         --:--         --:--         
Par  kre0           0      Hardcode             B6:B6         --:--         --:--         
Par  aff            0      Hardcode             B7:B7         --:--         --:--         
Par  taxlim         0      Hardcode             B8:B8         --:--         --:--         
Par  tfp1           0      Hardcode             B9:B9         --:--         --:--         
Par  phi            0      Hardcode             B10:B10       --:--         --:--         
Par  fertsh         0      Hardcode             B11:B11       --:--         --:--         
Par  bk             0      Hardcode             B12:B12       --:--         --:--         
Par  bkf            0      Hardcode             B13:B13       --:--         --:--         
Par  ben            0      Hardcode             B14:B14       --:--         --:--         
Par  k0             0      Hardcode             B15:B15       --:--         --:--         
Par  kf0            0      Hardcode             B16:B16       --:--         --:--         
Par  debtqlim       0      Hardcode             B17:B17       --:--         --:--         
Par  pubgdpsh       0      Hardcode             B18:B18       --:--         --:--         
Par  lowerbound     0      Hardcode             B19:B19       --:--         --:--         
Par  discr          0      Hardcode             B20:B20       --:--         --:--         
Par  stratio        0      Hardcode             B21:B21       --:--         --:--         
Par  hwratio        0      Hardcode             B22:B22       --:--         --:--         
Par  hcaccum        0      Hardcode             B23:B23       --:--         --:--         
Total time = 3375 Ms
--- SDG Egypt Model v7 zaf.gms(96) 3 Mb
--- GDXin=C:\Users\Yunjie\Desktop\Wi2050\SDG Financing Simplified model (Egypt)\v7\input\auxiliary\paraminput_zaf.gdx
--- GDX File ($gdxIn) C:\Users\Yunjie\Desktop\Wi2050\SDG Financing Simplified model (Egypt)\v7\input\auxiliary\paraminput_zaf.gdx
--- SDG Egypt Model v7 zaf.gms(124) 3 Mb
--- call GDXXRW .\input\auxiliary\datainput_zaf.xlsx output=.\input\auxiliary\datainput_zaf.gdx Index=index!a1 trace=3

GDXXRW           37.1.0 r07954d5 Released Nov 11, 2021 WEI x86 64bit/MS Window
Excel version 12.0
Input file : C:\Users\Yunjie\Desktop\Wi2050\SDG Financing Simplified model (Egypt)\v7\input\auxiliary\datainput_zaf.xlsx
Output file: C:\Users\Yunjie\Desktop\Wi2050\SDG Financing Simplified model (Egypt)\v7\input\auxiliary\datainput_zaf.gdx
Substituting Index
Loading sheet index
Reading data from Excel; Rng = A1:E7
Reading Slice: A1:E7
par=D1 Rng=popg0!A1 Dim=2 Rdim=1
par=D2 Rng=fert0!A1 Dim=2 Rdim=1
par=D3 Rng=surv0!A1 Dim=2 Rdim=1
par=D4 Rng=w0!A1 Dim=3 Rdim=2
par=D5 Rng=s0!A1 Dim=2 Rdim=1
par=D6 Rng=ferthic0!A1 Dim=2 Rdim=1
Type Symbol       Dim      Sheet                Data          RowHeader     ColHeader     
Loading sheet popg0
Reading data from Excel; Rng = A1:C101
Reading Slice: A1:C101
Par  D1             2      popg0                B2:C101       A2:A101       B1:C1         
Loading sheet fert0
Reading data from Excel; Rng = A1:B36
Reading Slice: A1:B36
Par  D2             2      fert0                B2:B36        A2:A36        B1:B1         
Loading sheet surv0
Reading data from Excel; Rng = A1:E100
Reading Slice: A1:E100
Par  D3             2      surv0                B2:E100       A2:A100       B1:E1         
Loading sheet w0
Reading data from Excel; Rng = A1:D315
Reading Slice: A1:D315
Par  D4             3      w0                   C2:D315       A2:B315       C1:D1         
Loading sheet s0
Reading data from Excel; Rng = A1:C18
Reading Slice: A1:C18
Par  D5             2      s0                   B2:C18        A2:A18        B1:C1         
Loading sheet ferthic0
Reading data from Excel; Rng = A1:B36
Reading Slice: A1:B36
Par  D6             2      ferthic0             B2:B36        A2:A36        B1:B1         
Total time = 3203 Ms
--- SDG Egypt Model v7 zaf.gms(125) 3 Mb
--- GDXin=C:\Users\Yunjie\Desktop\Wi2050\SDG Financing Simplified model (Egypt)\v7\input\auxiliary\datainput_zaf.gdx
--- GDX File ($gdxIn) C:\Users\Yunjie\Desktop\Wi2050\SDG Financing Simplified model (Egypt)\v7\input\auxiliary\datainput_zaf.gdx
--- SDG Egypt Model v7 zaf.gms(504) 3 Mb
--- $echo File C:\Users\Yunjie\Desktop\Wi2050\SDG Financing Simplified model (Egypt)\v7\input\auxiliary\outputsetting_zaf.txt
--- SDG Egypt Model v7 zaf.gms(507) 3 Mb
--- Starting execution: elapsed 0:00:06.825
--- SDG Egypt Model v7 zaf.gms(472) 5 Mb
--- Generating DNLP model sdgfinance
--- SDG Egypt Model v7 zaf.gms(287) 7 Mb
--- Starting Equ eq1: elapsed 0:00:06.830
--- SDG Egypt Model v7 zaf.gms(288) 7 Mb
--- Starting Equ eq2: elapsed 0:00:06.832
--- SDG Egypt Model v7 zaf.gms(289) 7 Mb
--- Starting Equ eq3: elapsed 0:00:06.832
--- SDG Egypt Model v7 zaf.gms(290) 9 Mb
--- Starting Equ eq4: elapsed 0:00:06.841
--- SDG Egypt Model v7 zaf.gms(291) 16 Mb
--- Starting Equ eq5: elapsed 0:00:06.879
--- SDG Egypt Model v7 zaf.gms(295) 17 Mb
--- Starting Equ eq6: elapsed 0:00:06.921
--- SDG Egypt Model v7 zaf.gms(296) 17 Mb
--- Starting Equ eq7: elapsed 0:00:06.921
--- SDG Egypt Model v7 zaf.gms(297) 17 Mb
--- Starting Equ eq8: elapsed 0:00:06.922
--- SDG Egypt Model v7 zaf.gms(298) 17 Mb
--- Starting Equ eq9: elapsed 0:00:06.922
--- SDG Egypt Model v7 zaf.gms(299) 17 Mb
--- Starting Equ eq10: elapsed 0:00:06.923
--- SDG Egypt Model v7 zaf.gms(302) 17 Mb
--- Starting Equ eq11: elapsed 0:00:06.923
--- SDG Egypt Model v7 zaf.gms(303) 17 Mb
--- Starting Equ eq12: elapsed 0:00:06.923
--- SDG Egypt Model v7 zaf.gms(304) 17 Mb
--- Starting Equ eq13: elapsed 0:00:06.923
--- SDG Egypt Model v7 zaf.gms(305) 17 Mb
--- Starting Equ eq14: elapsed 0:00:06.924
--- SDG Egypt Model v7 zaf.gms(306) 17 Mb
--- Starting Equ eq15: elapsed 0:00:06.924
--- SDG Egypt Model v7 zaf.gms(307) 29 Mb
--- Starting Equ eq16: elapsed 0:00:06.992
--- SDG Egypt Model v7 zaf.gms(308) 45 Mb
--- Starting Equ eq17: elapsed 0:00:07.119
--- SDG Egypt Model v7 zaf.gms(309) 45 Mb
--- Starting Equ eq19: elapsed 0:00:07.121
--- SDG Egypt Model v7 zaf.gms(310) 45 Mb
--- Starting Equ eq19a: elapsed 0:00:07.196
--- SDG Egypt Model v7 zaf.gms(311) 45 Mb
--- Starting Equ eq19b: elapsed 0:00:07.196
--- SDG Egypt Model v7 zaf.gms(312) 45 Mb
--- Starting Equ eq19c: elapsed 0:00:07.196
--- SDG Egypt Model v7 zaf.gms(313) 45 Mb
--- Starting Equ eq19d: elapsed 0:00:07.196
--- SDG Egypt Model v7 zaf.gms(314) 45 Mb
--- Starting Equ eq19e: elapsed 0:00:07.196
--- SDG Egypt Model v7 zaf.gms(315) 45 Mb
--- Starting Equ eq20: elapsed 0:00:07.196
--- SDG Egypt Model v7 zaf.gms(317) 45 Mb
--- Starting Equ eq21: elapsed 0:00:07.197
--- SDG Egypt Model v7 zaf.gms(316) 45 Mb
--- Starting Equ eq21a: elapsed 0:00:07.198
--- SDG Egypt Model v7 zaf.gms(318) 45 Mb
--- Starting Equ eq22: elapsed 0:00:07.198
--- SDG Egypt Model v7 zaf.gms(319) 45 Mb
--- Starting Equ eq23: elapsed 0:00:07.198
--- SDG Egypt Model v7 zaf.gms(320) 45 Mb
--- Starting Equ eq24: elapsed 0:00:07.199
--- SDG Egypt Model v7 zaf.gms(321) 45 Mb
--- Starting Equ eq25: elapsed 0:00:07.199
--- SDG Egypt Model v7 zaf.gms(322) 45 Mb
--- Starting Equ eq26: elapsed 0:00:07.209
--- SDG Egypt Model v7 zaf.gms(323) 45 Mb
--- Starting Equ eq27: elapsed 0:00:07.209
--- SDG Egypt Model v7 zaf.gms(324) 45 Mb
--- Starting Equ eq28: elapsed 0:00:07.209
--- SDG Egypt Model v7 zaf.gms(325) 45 Mb
--- Starting Equ eq29: elapsed 0:00:07.209
--- SDG Egypt Model v7 zaf.gms(326) 45 Mb
--- Starting Equ eq30a: elapsed 0:00:07.209
--- SDG Egypt Model v7 zaf.gms(327) 45 Mb
--- Starting Equ eq30: elapsed 0:00:07.209
--- SDG Egypt Model v7 zaf.gms(328) 45 Mb
--- Starting Equ eq31: elapsed 0:00:07.209
--- SDG Egypt Model v7 zaf.gms(329) 45 Mb
--- Starting Equ eq32: elapsed 0:00:07.210
--- SDG Egypt Model v7 zaf.gms(330) 45 Mb
--- Starting Equ eq33: elapsed 0:00:07.210
--- SDG Egypt Model v7 zaf.gms(331) 45 Mb
--- Starting Equ eq34: elapsed 0:00:07.210
--- SDG Egypt Model v7 zaf.gms(332) 45 Mb
--- Starting Equ eq36: elapsed 0:00:07.210
--- SDG Egypt Model v7 zaf.gms(333) 45 Mb
--- Starting Equ eq37: elapsed 0:00:07.210
--- SDG Egypt Model v7 zaf.gms(334) 45 Mb
--- Starting Equ eq38: elapsed 0:00:07.210
--- SDG Egypt Model v7 zaf.gms(335) 45 Mb
--- Starting Equ eq51: elapsed 0:00:07.212
--- SDG Egypt Model v7 zaf.gms(336) 45 Mb
--- Starting Equ eq52: elapsed 0:00:07.219
--- SDG Egypt Model v7 zaf.gms(337) 45 Mb
--- Starting Equ eq53: elapsed 0:00:07.221
--- SDG Egypt Model v7 zaf.gms(338) 45 Mb
--- Starting Equ eq54: elapsed 0:00:07.222
--- SDG Egypt Model v7 zaf.gms(300) 45 Mb
--- Starting Equ eq61: elapsed 0:00:07.222
--- SDG Egypt Model v7 zaf.gms(301) 45 Mb
--- Starting Equ eq62: elapsed 0:00:07.223
--- SDG Egypt Model v7 zaf.gms(292) 45 Mb
--- Starting Equ eq63: elapsed 0:00:07.223
--- SDG Egypt Model v7 zaf.gms(293) 45 Mb
--- Starting Equ eq64: elapsed 0:00:07.223
--- SDG Egypt Model v7 zaf.gms(294) 46 Mb
--- Starting Equ eq65: elapsed 0:00:07.241
--- SDG Egypt Model v7 zaf.gms(339) 47 Mb
--- Starting Equ eq66: elapsed 0:00:07.295
--- SDG Egypt Model v7 zaf.gms(340) 47 Mb
--- Starting Equ eq70: elapsed 0:00:07.295
--- SDG Egypt Model v7 zaf.gms(341) 47 Mb
--- Starting Equ eq71: elapsed 0:00:07.295
--- SDG Egypt Model v7 zaf.gms(342) 47 Mb
--- Starting Equ eq72: elapsed 0:00:07.295
--- SDG Egypt Model v7 zaf.gms(441) 47 Mb
--- Starting Equ utilt: elapsed 0:00:07.296
--- SDG Egypt Model v7 zaf.gms(442) 47 Mb
--- Starting Equ utility: elapsed 0:00:07.296
--- SDG Egypt Model v7 zaf.gms(393) 47 Mb
--- Starting Equ output: elapsed 0:00:07.296
--- SDG Egypt Model v7 zaf.gms(394) 47 Mb
--- Starting Equ outputpc: elapsed 0:00:07.296
--- SDG Egypt Model v7 zaf.gms(395) 47 Mb
--- Starting Equ ewage: elapsed 0:00:07.296
--- SDG Egypt Model v7 zaf.gms(397) 47 Mb
--- Starting Equ kstart: elapsed 0:00:07.297
--- SDG Egypt Model v7 zaf.gms(401) 47 Mb
--- Starting Equ kfstart: elapsed 0:00:07.297
--- SDG Egypt Model v7 zaf.gms(399) 47 Mb
--- Starting Equ kffstart: elapsed 0:00:07.297
--- SDG Egypt Model v7 zaf.gms(400) 47 Mb
--- Starting Equ krestart: elapsed 0:00:07.297
--- SDG Egypt Model v7 zaf.gms(402) 47 Mb
--- Starting Equ knext: elapsed 0:00:07.297
--- SDG Egypt Model v7 zaf.gms(405) 47 Mb
--- Starting Equ kfnext: elapsed 0:00:07.298
--- SDG Egypt Model v7 zaf.gms(403) 47 Mb
--- Starting Equ kffnext: elapsed 0:00:07.298
--- SDG Egypt Model v7 zaf.gms(404) 47 Mb
--- Starting Equ krenext: elapsed 0:00:07.298
--- SDG Egypt Model v7 zaf.gms(423) 47 Mb
--- Starting Equ kfend: elapsed 0:00:07.298
--- SDG Egypt Model v7 zaf.gms(424) 47 Mb
--- Starting Equ ktotal: elapsed 0:00:07.298
--- SDG Egypt Model v7 zaf.gms(406) 47 Mb
--- Starting Equ energy: elapsed 0:00:07.298
--- SDG Egypt Model v7 zaf.gms(407) 47 Mb
--- Starting Equ ffuel: elapsed 0:00:07.298
--- SDG Egypt Model v7 zaf.gms(418) 47 Mb
--- Starting Equ conlim: elapsed 0:00:07.299
--- SDG Egypt Model v7 zaf.gms(432) 47 Mb
--- Starting Equ education: elapsed 0:00:07.299
--- SDG Egypt Model v7 zaf.gms(435) 47 Mb
--- Starting Equ edugdp: elapsed 0:00:07.299
--- SDG Egypt Model v7 zaf.gms(398) 47 Mb
--- Starting Equ dstart: elapsed 0:00:07.299
--- SDG Egypt Model v7 zaf.gms(412) 47 Mb
--- Starting Equ tbalance: elapsed 0:00:07.300
--- SDG Egypt Model v7 zaf.gms(413) 47 Mb
--- Starting Equ totdebt: elapsed 0:00:07.300
--- SDG Egypt Model v7 zaf.gms(414) 47 Mb
--- Starting Equ debttogdp: elapsed 0:00:07.300
--- SDG Egypt Model v7 zaf.gms(415) 47 Mb
--- Starting Equ debtlimit: elapsed 0:00:07.300
--- SDG Egypt Model v7 zaf.gms(419) 47 Mb
--- Starting Equ conend: elapsed 0:00:07.300
--- SDG Egypt Model v7 zaf.gms(425) 47 Mb
--- Starting Equ consumetrpc: elapsed 0:00:07.300
--- SDG Egypt Model v7 zaf.gms(420) 47 Mb
--- Starting Equ kend: elapsed 0:00:07.300
--- SDG Egypt Model v7 zaf.gms(421) 47 Mb
--- Starting Equ kffend: elapsed 0:00:07.301
--- SDG Egypt Model v7 zaf.gms(422) 47 Mb
--- Starting Equ kreend: elapsed 0:00:07.301
--- SDG Egypt Model v7 zaf.gms(411) 47 Mb
--- Starting Equ costk: elapsed 0:00:07.301
--- SDG Egypt Model v7 zaf.gms(410) 47 Mb
--- Starting Equ costkf: elapsed 0:00:07.301
--- SDG Egypt Model v7 zaf.gms(408) 47 Mb
--- Starting Equ costkff: elapsed 0:00:07.301
--- SDG Egypt Model v7 zaf.gms(409) 47 Mb
--- Starting Equ costkre: elapsed 0:00:07.301
--- SDG Egypt Model v7 zaf.gms(433) 47 Mb
--- Starting Equ health: elapsed 0:00:07.301
--- SDG Egypt Model v7 zaf.gms(434) 47 Mb
--- Starting Equ govcost: elapsed 0:00:07.302
--- SDG Egypt Model v7 zaf.gms(436) 47 Mb
--- Starting Equ hlgdp: elapsed 0:00:07.302
--- SDG Egypt Model v7 zaf.gms(438) 47 Mb
--- Starting Equ pubadgdp: elapsed 0:00:07.302
--- SDG Egypt Model v7 zaf.gms(439) 47 Mb
--- Starting Equ infgdp: elapsed 0:00:07.302
--- SDG Egypt Model v7 zaf.gms(437) 47 Mb
--- Starting Equ poutlay: elapsed 0:00:07.302
--- SDG Egypt Model v7 zaf.gms(429) 47 Mb
--- Starting Equ educationuc: elapsed 0:00:07.302
--- SDG Egypt Model v7 zaf.gms(430) 47 Mb
--- Starting Equ healthuc: elapsed 0:00:07.302
--- SDG Egypt Model v7 zaf.gms(396) 47 Mb
--- Starting Equ marginalpk: elapsed 0:00:07.303
--- SDG Egypt Model v7 zaf.gms(440) 47 Mb
--- Starting Equ enktotratio: elapsed 0:00:07.303
--- SDG Egypt Model v7 zaf.gms(426) 47 Mb
--- Starting Equ endconpclim: elapsed 0:00:07.303
--- SDG Egypt Model v7 zaf.gms(416) 47 Mb
--- Starting Equ nodebtbyend: elapsed 0:00:07.303
--- SDG Egypt Model v7 zaf.gms(474) 48 Mb
---   142,717 rows  144,943 columns  349,188 non-zeroes
---   98,236 nl-code  27,979 nl-non-zeroes
--- SDG Egypt Model v7 zaf.gms(474) 46 Mb
--- Executing CONOPT (Solvelink=2): elapsed 0:00:07.425

CONOPT 3         37.1.0 r07954d5 Released Nov 11, 2021 WEI x86 64bit/MS Window

 
 
    C O N O P T 3   version 3.17K
    Copyright (C)   ARKI Consulting and Development A/S
                    Bagsvaerdvej 246 A
                    DK-2880 Bagsvaerd, Denmark
 
 
   Iter Phase Ninf   Infeasibility   RGmax    NSB   Step InItr MX OK
      0   0        4.1957041696E+03 (Input point)
 
                   Pre-triangular equations:   141579
                   Post-triangular equations:  203
                   Definitional equations:     563
 
      1   0        9.1654723460E+03 (After pre-processing)
      2   0        2.0933932293E+02 (After scaling)
      3   1   286  2.0134534957E+02 1.5E+06    51 3.4E-01    3 F  F
      4   1   286  1.9024370589E+02 1.5E+06    48 1.0E+00    1 T  T
      5   1   286  1.8812139121E+02 1.5E+06    46 1.0E+00    9 T  T
      6   1   286  1.8685173653E+02 1.4E+06    32 1.0E+00   13 T  T
      7   1   286  1.8685069897E+02 7.1E+01    55 4.7E-05   16 F  F
      8   1   286  1.8683168128E+02 7.1E+01    54 4.9E-01    4 F  F
      9   1   286  1.8681369579E+02 7.1E+01    54 3.0E-07      T  T
 
   Iter Phase Ninf   Infeasibility   RGmax    NSB   Step InItr MX OK
     10   1   286  1.8681313567E+02 7.1E+01    53 9.2E-09      T  T
     11   1   286  1.8681278777E+02 7.1E+01    52 5.7E-09      T  T
     12   1   286  1.8681186243E+02 7.1E+01    51 1.5E-08      T  T
     13   1   286  1.8681104286E+02 7.1E+01    50 1.3E-08      T  T
     14   1   286  1.8655822283E+02 7.1E+01    49 4.2E-06      F  F
     15   1   286  1.8621271877E+02 7.1E+01    49 6.2E-06      F  F
     16   1   286  1.8621234275E+02 2.0E+00    50 6.5E-06      F  F
     17   1   285  1.8620930642E+02 2.1E+00    50 5.3E-05      T  T
     18   1   285  1.8588684968E+02 2.1E+00    96 1.5E-02    3 F  F
     19   1   284  1.8471228256E+02 2.1E+00    96 1.0E+00    2 T  T
 
   Iter Phase Ninf   Infeasibility   RGmax    NSB   Step InItr MX OK
     20   1   284  1.8261823599E+02 2.1E+00    94 9.1E-02    5 F  F
     21   1   284  1.7815442150E+02 2.1E+00    94 2.5E-01    1 F  F
     22   1   283  1.6478688740E+02 2.1E+00    94 1.4E-01      T  T
     23   1   282  1.6395953146E+02 2.1E+00    93 9.1E-03      T  T
     24   1   282  1.6395463557E+02 9.8E+05    96 7.2E-15      F  T
     25   1   282  1.6394333666E+02 2.5E+05    96 8.2E-14      F  F
     26   1   282  1.6392753412E+02 1.6E+05    96 2.6E-13      F  F
     27   1   282  1.6392753412E+02 4.7E+00   146 0.0E+00      T  T
     28   1   282  1.6392753322E+02 4.7E+00    96 8.2E-09      F  F
     29   1   282  1.6392753114E+02 5.2E+00    96 1.8E-08      F  F
 
   Iter Phase Ninf   Infeasibility   RGmax    NSB   Step InItr MX OK
     30   1   282  1.6392753013E+02 5.4E+00    96 8.5E-09      T  T
     31   1   282  1.6392750121E+02 1.1E+00    95 3.2E-07      F  F
     32   1   282  1.6392749520E+02 3.7E+00    95 5.3E-08      T  T
     33   1   282  1.6392749520E+02 2.6E+00    94 0.0E+00      F  F
     34   0        1.6392749524E+02               3.1E-05
     35   0        1.6392749524E+02
     36   0   272  1.5988710530E+02               1.0E+00      F  T
     37   0   272  1.5988680277E+02               1.0E+00      F  T
     38   0   272  1.5988672692E+02               1.0E+00      F  T
     39   0   272  1.5988670582E+02               1.0E+00      F  T
     40   0   272  1.5988669980E+02               1.0E+00      F  T
 
   Iter Phase Ninf   Infeasibility   RGmax    NSB   Step InItr MX OK
     41   0   272  1.5988669807E+02               1.0E+00      F  T
     42   0   272  1.5988669757E+02               1.0E+00      F  T
     43   0   272  1.5988669743E+02               1.0E+00      F  T
     44   0   272  1.5988669739E+02               1.0E+00      F  T
     45   0   272  1.5988669737E+02               1.0E+00      F  T
     46   1   272  1.5988582618E+02 1.0E+00    84 1.1E-05      F  F
     47   1   272  1.5988494162E+02 1.0E+00    84 1.1E-05      F  F
     48   1   272  1.5988289365E+02 1.0E+00    84 2.6E-05      F  F
     49   1   272  1.5988221279E+02 1.0E+00    84 8.6E-06      T  T
     50   1   272  1.5988221279E+02 1.0E+00    84 0.0E+00      T  T
 
   Iter Phase Ninf   Infeasibility   RGmax    NSB   Step InItr MX OK
     51   1   271  1.5735692827E+02 1.0E+00    83 3.2E-02      T  T
     52   1   270  1.5670416560E+02 1.0E+00    82 8.3E-03      T  T
     53   1   269  1.5601976381E+02 1.0E+00    81 8.9E-03      T  T
     54   1   268  1.5549454357E+02 1.0E+00    80 6.9E-03      T  T
     55   1   265  1.5333933009E+02 1.0E+00    79 1.0E+00    3 T  T
     56   1   257  1.4701623524E+02 1.0E+00    76 1.0E+00    8 T  T
     57   1   244  1.3692081623E+02 1.0E+00    68 1.0E+00   13 T  T
     58   1   226  1.1775420245E+02 1.0E+00    55 1.0E+00   18 T  T
     59   1   203  1.0815490279E+02 1.0E+00    37 1.0E+00   23 T  T
     60   1   203  1.0663195564E+02 1.0E+00    59 6.2E-02   28 F  F
 
   Iter Phase Ninf   Infeasibility   RGmax    NSB   Step InItr MX OK
     61   1   203  1.0209511380E+02 1.0E+00    59 3.4E-01   14 F  F
     62   1   202  1.0209254012E+02 1.0E+00    59 4.8E-05      T  T
     63   1   201  1.0209046325E+02 1.0E+00    58 3.9E-05      T  T
     64   1   200  1.0208888326E+02 1.0E+00    57 3.0E-05      T  T
     65   1   199  1.0060163375E+02 1.0E+00    56 2.9E-02      T  T
     66   1   198  1.0043942099E+02 1.0E+00    55 3.2E-03      T  T
     67   1   197  9.9106153194E+01 1.0E+00    54 2.7E-02      T  T
     68   1   194  9.5628002931E+01 1.0E+00    53 1.0E+00    3 T  T
     69   1   186  8.9085069138E+01 1.0E+00    50 1.0E+00    8 T  T
     70   1   173  8.1541908058E+01 1.0E+00    42 1.0E+00   13 T  T
 
   Iter Phase Ninf   Infeasibility   RGmax    NSB   Step InItr MX OK
     71   1   155  7.6841364034E+01 1.0E+00    29 1.0E+00   18 T  T
     72   1   155  7.2806539453E+01 1.0E+00    16 6.4E-01   11 F  F
     73   1   150  7.1549127584E+01 1.0E+00    16 1.0E+00    7 T  T
     74   1   150  7.1196999903E+01 1.0E+00    46 1.8E-01   10 F  F
     75   1   148  7.0988609094E+01 1.0E+00    46 1.0E+00    2 T  T
     76   1   148  7.0731621717E+01 1.0E+00    44 1.8E-01    7 F  F
     77   1   148  7.0447306087E+01 1.0E+00    44 1.0E+00    1 T  T
     78   1   148  7.0290842852E+01 1.0E+00    43 1.8E-01    6 F  F
     79   1   147  7.0065519480E+01 1.0E+00    43 1.0E+00    1 T  T
     80   1   147  6.9928072344E+01 1.0E+00    42 1.8E-01    6 F  F
 
   Iter Phase Ninf   Infeasibility   RGmax    NSB   Step InItr MX OK
     81   1   147  6.9862278172E+01 1.0E+00    42 1.8E-01    3 F  F
     82   1   146  6.9836320862E+01 1.0E+00    42 1.2E-02      T  T
     83   1   145  6.9822136308E+01 1.0E+00    41 1.2E-02      T  T
     84   1   145  6.9787760940E+01 3.3E-01    40 2.2E-01      F  F
     85   1   145  6.9746843382E+01 4.4E-01    40 1.6E-01      F  F
     86   1   145  6.9673041506E+01 6.1E-01    40 1.4E-01      F  F
     87   1   145  6.9565990007E+01 6.8E-01    40 2.5E-01      F  F
     88   1   145  6.9367333565E+01 4.7E-01    40 8.3E-01      F  F
     89   1   145  6.9127605552E+01 3.5E-01    40 1.2E+00      F  F
     90   1   145  6.8604329998E+01 5.0E-01    40 1.2E+00      F  F
 
   Iter Phase Ninf   Infeasibility   RGmax    NSB   Step InItr MX OK
     91   1   145  6.8267997019E+01 7.6E+06    42 1.2E-14      F  F
     92   1   145  6.7558314568E+01 1.3E+06    43 7.6E-13      F  T
     93   1   145  6.7558314568E+01 8.8E-01    43 1.5E-12      T  T
     94   1   145  6.7558314568E+01 8.8E-01    42 0.0E+00      F  F
     95   1   145  6.7558314568E+01 8.8E-01    42 0.0E+00      F  F
     96   1   145  6.7558314568E+01 8.8E-01    42 0.0E+00      F  F
     97   1   143  6.7416422681E+01 8.8E-01    42 1.1E-01      T  T
     98   1   143  6.7336848053E+01 1.2E+00    42 3.6E-02      F  F
     99   1   143  6.7261691331E+01 5.0E-01    42 1.3E-01      F  F
    100   1   143  6.7137023452E+01 5.0E-01    42 3.3E-01      F  F
 
   Iter Phase Ninf   Infeasibility   RGmax    NSB   Step InItr MX OK
    101   1   143  6.7137023452E+01 5.0E-01    42 0.0E+00      T  T
    102   1   143  6.7137023452E+01 5.0E-01    41 0.0E+00      F  F
    103   1   143  6.7137023452E+01 5.0E-01    41 0.0E+00      F  F
    104   0        6.7137023540E+01
    105   0   143  6.7137023540E+01               0.0E+00      F  F
    106   0   144  6.7137023540E+01               0.0E+00      F  F
    107   0   145  6.7137023540E+01               0.0E+00      F  F
    108   1   145  6.7137023465E+01 9.3E+05    44 8.6E-20      T  T
    109   1   144  6.7137023453E+01 1.4E+04    43 6.6E-17      T  T
    110   1   144  6.7135258826E+01 7.8E-01    42 1.7E-03      F  F
 
   Iter Phase Ninf   Infeasibility   RGmax    NSB   Step InItr MX OK
    111   1   143  6.7135258825E+01 1.0E+00    43 9.9E-10      T  T
    112   1   143  6.7078901530E+01 5.0E-01    42 1.4E-01      T  T
    113   1   143  6.7078901530E+01 1.4E+00    42 0.0E+00    3 F  F
    114   1   143  6.7078606168E+01 3.5E-01    42 1.9E-04    1 F  F
    115   1   143  6.7077071593E+01 3.5E-01    43 6.0E-03      T  T
    116   1   143  6.7077071593E+01 3.5E-01    42 0.0E+00      T  T
    117   1   143  6.7077045178E+01 1.4E+00    42 4.7E-10      F  T
    118   1   143  6.7077044928E+01 1.4E+00    42 7.4E-09      F  T
    119   1   143  6.7077044805E+01 1.4E+00    42 5.2E-08      F  F
    120   1   143  6.7077044750E+01 1.4E+00    42 2.3E-08      F  F
 
   Iter Phase Ninf   Infeasibility   RGmax    NSB   Step InItr MX OK
    121   1   143  6.7077044741E+01 1.4E+00    42 3.8E-09      F  F
    122   1   143  6.7077016801E+01 3.0E+03    43 1.4E-11      F  T
    123   2   143  6.7076927415E+01 7.6E+02    43 2.0E+01      F  T
    124   2   143  6.5565220921E+01 1.5E+02    43 6.1E-01    3 F  F
    125   2   143  6.5565009999E+01 1.1E+00    43 3.0E-01    1 F  F
    126   2   142  6.5013921413E+01 1.1E+00    42 1.5E+00    1 T  T
    127   1   142  6.4537528084E+01 4.9E-01    42 7.1E-01      T  T
    128   1   142  6.4302045328E+01 1.1E+00    41 1.3E-01      F  F
    129   1   142  6.3972171280E+01 1.8E+00    41 7.6E-02      F  F
    130   1   142  6.3570337184E+01 1.0E+00    41 3.2E-01      T  T
 
   Iter Phase Ninf   Infeasibility   RGmax    NSB   Step InItr MX OK
    131   1   141  6.3138561957E+01 1.0E+00    40 3.1E-01      T  T
    132   1   140  6.2773564205E+01 5.6E-01    39 8.5E-01      T  T
    133   1   140  6.2508542231E+01 6.1E-01    38 3.4E-01    3 F  F
    134   1   140  6.2343403242E+01 4.2E-01    38 3.4E-01    1 F  F
    135   1   140  6.2249757886E+01 7.5E-01    38 8.9E-02      F  F
    136   1   140  6.2109866872E+01 5.0E-01    38 2.5E-01      F  F
    137   1   140  6.1532177169E+01 5.0E-01    38 9.1E-01      F  F
    138   1   140  6.0506275280E+01 5.0E-01    38 1.1E+00      F  F
    139   1   140  5.8890816106E+01 1.2E+00    39 5.7E-01      F  F
    140   1   140  5.8444357095E+01 5.4E-01    45 2.2E-01      F  F
 
   Iter Phase Ninf   Infeasibility   RGmax    NSB   Step InItr MX OK
    141   1   140  5.7012629713E+01 6.8E-01    54 5.7E-01      F  F
    142   1   140  5.6151128623E+01 5.0E-01    62 4.0E-01      F  F
    143   1   140  5.5290457057E+01 5.0E-01    61 3.6E-01      F  F
    144   1   140  5.5254295385E+01 5.0E-01    60 1.5E-02      T  T
    145   1   139  5.1227285473E+01 5.0E-01    59 1.6E+00      T  T
    146   1   139  5.0704109370E+01 1.3E+00    58 1.2E-01      F  F
    147   1   138  5.0330210785E+01 1.0E+00    58 5.5E-02      T  T
    148   1   137  5.0294071638E+01 1.0E+00    57 6.3E-03      T  T
    149   1   136  4.9431599005E+01 1.0E+00    56 1.8E-01      T  T
    150   1   133  4.7786595963E+01 1.0E+00    55 1.0E+00    3 T  T
 
   Iter Phase Ninf   Infeasibility   RGmax    NSB   Step InItr MX OK
    151   1   132  4.7451198075E+01 5.0E-01    52 9.4E-02    8 F  F
    152   1   130  4.5999527336E+01 1.0E+00    52 1.0E+00    2 T  T
    153   1   130  4.5603834318E+01 5.0E+01    50 3.4E-01    7 F  F
    154   1   130  4.5542953507E+01 1.0E+00    49 1.1E-01    3 F  F
    155   1   129  4.5420384183E+01 1.0E+00    49 1.1E-01      T  T
    156   1   129  4.5293094252E+01 3.3E-01    48 6.6E-01      F  F
    157   1   129  4.5153596112E+01 5.9E-01    48 2.8E-01      F  F
    158   1   129  4.4875657449E+01 1.0E+00    47 1.7E-01      F  F
    159   1   128  4.3623295999E+01 5.0E-01    47 4.3E+00      T  T
    160   1   128  4.3548935494E+01 1.5E-01    46 7.5E-01      F  F
 
   Iter Phase Ninf   Infeasibility   RGmax    NSB   Step InItr MX OK
    161   1   128  4.3465332589E+01 2.7E-01    45 4.4E-01      F  F
    162   1   128  4.3380025227E+01 6.2E-01    44 1.3E-01      F  F
    163   1   128  4.2908147752E+01 5.0E-01    43 1.3E+00      F  F
    164   1   127  4.1059910305E+01 5.0E-01    43 3.4E+00      T  T
    165   1   126  4.0307338618E+01 5.0E-01    42 2.3E+00      T  T
    166   1   126  3.9929967978E+01 3.7E+00    41 3.4E-01    3 F  F
    167   1   126  3.9793959997E+01 8.5E+00    41 3.4E-01    1 F  F
    168   1   126  3.9436958442E+01 6.4E-01    41 3.8E-01      F  F
    169   1   125  3.8431601353E+01 5.0E-01    41 1.8E+00      T  T
    170   1   125  3.8120747890E+01 5.0E-01    40 8.7E-01      F  F
 
   Iter Phase Ninf   Infeasibility   RGmax    NSB   Step InItr MX OK
    171   1   124  3.7819638242E+01 5.0E-01    40 8.7E-01      T  T
    172   1   124  3.7684109455E+01 2.9E-01    39 8.6E-01      F  F
    173   1   123  3.6304752309E+01 2.5E-01    39 1.2E+01      T  T
    174   1   121  3.4070884151E+01 7.5E-01    38 3.7E+00      T  T
    175   1   121  3.3754322569E+01 1.2E+01    37 3.4E-01    3 F  F
    176   1   121  3.3411617831E+01 2.7E+01    37 3.4E-01    1 F  F
    177   1   121  3.3081585412E+01 6.3E+01    37 5.7E-05      F  F
    178   1   120  3.2477246045E+01 5.0E-01    37 1.2E+00      T  T
    179   1   118  3.1975833732E+01 5.0E-01    36 1.9E+00      T  T
    180   1   118  3.1882924638E+01 6.0E-02    53 7.4E+00      F  F
 
   Iter Phase Ninf   Infeasibility   RGmax    NSB   Step InItr MX OK
    181   1   118  3.1798947246E+01 6.6E-02    52 5.6E+00      F  F
    182   1   118  3.1675029227E+01 7.1E-02    51 6.4E+00      F  F
    183   1   118  3.0683894015E+01 5.0E-01    51 3.6E+00      F  F
    184   1   116  3.0304897575E+01 5.0E-01    63 1.2E+00      T  T
    185   1   116  3.0154468470E+01 2.5E-01    62 2.0E+00      T  T
    186   1   116  2.9930628142E+01 1.6E+00    61 3.4E-01    3 F  F
    187   1   115  2.9839982425E+01 5.0E-01    61 1.0E+00    3 T  T
    188   1   115  2.9479237035E+01 5.1E-01    59 3.9E-01    6 F  F
    189   1   113  2.9053778205E+01 1.0E+00    59 1.0E+00    2 T  T
    190   1   113  2.8924609465E+01 1.7E-01    71 3.4E-01    7 F  F
 
   Iter Phase Ninf   Infeasibility   RGmax    NSB   Step InItr MX OK
    191   1   112  2.8864914770E+01 1.0E+00    71 1.0E+00    3 T  T
    192   1   112  2.8463314442E+01 3.0E-01    68 3.5E-01    7 F  F
    193   1   112  2.8406685008E+01 1.1E+00    66 3.4E-01    4 F  F
    194   1   110  2.8358359087E+01 1.1E+00    66 1.7E-02      T  T
    195   1   109  2.8314900777E+01 1.1E+00    65 1.1E-01      F  T
    196   1   109  2.8289739942E+01 4.1E-01    65 8.3E-02      F  F
    197   1   109  2.8261986434E+01 7.3E-01    65 3.5E-02      F  F
    198   1   109  2.8184939399E+01 3.2E-01    66 3.4E-01      F  F
    199   1   108  2.6640808597E+01 5.0E-01    65 4.8E+00      T  T
    200   1   108  2.6480951594E+01 2.5E-01    64 2.1E+00      T  T
 
   Iter Phase Ninf   Infeasibility   RGmax    NSB   Step InItr MX OK
    201   1   108  2.6182671275E+01 2.5E-01    63 3.7E+00      F  F
    202   1   108  2.6001675500E+01 2.5E-01    63 1.8E+00      F  F
    203   1   107  2.5874181149E+01 5.0E-01    63 4.6E-01      T  T
    204   1   107  2.5826471041E+01 1.2E-01    62 1.6E+00      F  F
    205   1   107  2.5678264816E+01 1.7E-01    62 2.8E+00      F  F
    206   1   106  2.4879436496E+01 2.5E-01    62 1.1E+01      T  T
    207   1   106  2.4695905034E+01 1.8E-01    61 5.9E-01    3 F  F
    208   1   103  2.4606854458E+01 6.5E+03    62 1.0E+00    4 T  T
    209   1   103  2.4410419258E+01 9.3E-01    58 3.4E-01    6 F  F
    210   1   103  2.4348406719E+01 2.2E+00    58 3.8E-01    3 F  F
 
   Iter Phase Ninf   Infeasibility   RGmax    NSB   Step InItr MX OK
    211   1   103  2.4248330190E+01 4.1E+00    58 3.6E-03      F  F
    212   1   101  2.4114918859E+01 9.6E-01    58 4.0E-01      T  T
    213   1   101  2.4077019273E+01 5.0E-01    57 1.2E-01      T  T
    214   1   101  2.4056872516E+01 5.0E-01    56 7.2E-02      T  T
    215   1   100  2.3041470361E+01 5.0E-01    55 3.9E+00      T  T
    216   1    98  2.2564915621E+01 3.8E-01    58 1.0E+00    3 T  T
    217   1    92  2.1794733336E+01 1.4E+00    57 1.0E+00    8 T  T
    218   1    90  2.1147293311E+01 2.0E+04    82 3.2E-01   13 F  T
    219   1    85  1.9946506734E+01 1.6E+00    82 1.0E+00    6 T  T
    220   1    85  1.8362638213E+01 9.5E-01    91 9.0E-01   11 T  T
 
   Iter Phase Ninf   Infeasibility   RGmax    NSB   Step InItr MX OK
    221   1    83  1.8036755495E+01 9.9E-01    90 6.8E-01   10 F  T
    222   1    76  1.7947402350E+01 9.5E-01    90 1.0E+00    7 T  T
    223   1    76  1.7847130229E+01 1.1E-01    83 3.4E-01    7 F  F
    224   1    73  1.7786571899E+01 1.0E+00    83 1.0E+00    3 T  T
    225   1    73  1.7786489112E+01 4.3E+07    80 2.5E-04    7 F  T
    226   1    71  1.7724115295E+01 5.4E+07    82 1.0E+00    3 T  T
    227   1    71  1.7184992538E+01 4.0E-01    80 3.5E-01    8 F  F
    228   1    71  1.6990890707E+01 9.3E-01    80 3.5E-01    3 F  F
    229   1    71  1.6913503343E+01 2.2E+00    80 9.4E-03      F  F
    230   1    69  1.6677632477E+01 8.5E-01    80 5.0E-01      F  T
 
   Iter Phase Ninf   Infeasibility   RGmax    NSB   Step InItr MX OK
    231   2    69  1.6677632477E+01 7.9E-01    80 0.0E+00      T  T
    232   2    69  1.6534968360E+01 5.0E-01    79 6.0E-01      T  T
    233   2    68  1.5732719873E+01 5.0E-01    78 4.6E+00      T  T
    234   1    68  1.5368899175E+01 5.0E-01    77 1.3E+00      T  T
    235   1    68  1.5019837005E+01 5.0E-01    76 1.3E+00      T  T
    236   1    67  1.4518767679E+01 5.0E-01    75 1.8E+00      T  T
    237   1    65  1.3933401676E+01 9.1E-02    74 1.7E+01      T  T
    238   1    64  1.3790852851E+01 8.7E-01    73 5.0E-01    3 F  T
    239   1    63  1.3634151562E+01 9.3E-01    74 1.0E+00    2 T  T
    240   1    62  1.3294821750E+01 2.1E-01    73 9.5E-01    7 T  T
 
   Iter Phase Ninf   Infeasibility   RGmax    NSB   Step InItr MX OK
    241   1    58  1.3289495439E+01 2.2E+02    76 2.0E-03   12 F  T
    242   1    58  1.3284029258E+01 2.4E+01    76 1.0E+00    6 T  T
    243   1    57  1.3090003675E+01 3.8E-01    70 2.5E-01   11 F  T
    244   1    57  1.2942307482E+01 4.2E-01    70 6.3E-01    4 F  F
    245   1    57  1.2942119881E+01 1.2E-01    70 4.3E-03      T  T
    246   1    57  1.2941847714E+01 1.2E-01    69 6.4E-03      T  T
    247   1    57  1.2941830830E+01 9.1E-02    68 5.6E-04      T  T
    248   1    57  1.2884772060E+01 9.1E-02    67 1.8E+00      F  F
    249   1    57  1.2843297376E+01 1.6E-01    67 7.4E-01      F  F
    250   1    57  1.2780682828E+01 2.9E-01    67 4.3E-01      F  F
 
   Iter Phase Ninf   Infeasibility   RGmax    NSB   Step InItr MX OK
    251   1    56  1.0903780815E+01 5.0E-01    67 6.9E+00      T  T
    252   1    53  1.0702249718E+01 1.1E+00    66 1.1E+00    3 T  T
    253   1    52  8.8916910892E+00 1.1E+00    65 8.3E-01    3 T  T
    254   1    49  7.3374396142E+00 1.1E+00    64 7.9E-01    5 T  T
    255   1    49  7.0606228490E+00 1.0E+00    78 9.5E-01    7 T  T
    256   1    45  6.9618325473E+00 1.0E+00    84 1.0E+00    8 T  T
    257   1    45  6.7762520199E+00 1.0E+00    85 3.3E-01   12 F  F
    258   1    42  6.7375836484E+00 2.1E+00    85 6.2E-02    5 F  T
    259   1    42  6.7351245758E+00 1.0E+00    85 2.3E-03      T  T
    260   1    42  6.7271118110E+00 2.4E-02    86 2.4E+00      T  T
 
   Iter Phase Ninf   Infeasibility   RGmax    NSB   Step InItr MX OK
    261   1    42  6.7196689300E+00 2.4E-02    85 2.2E+00      T  T
    262   1    42  6.6920794231E+00 2.4E-02    84 8.2E+00      T  T
    263   1    41  6.5727735371E+00 2.4E-02    83 1.0E+00    3 T  T
    264   1    41  6.4883338284E+00 2.4E-02    85 1.0E+00    8 T  T
    265   1    37  6.0529361985E+00 5.4E-01    83 1.2E-01   13 F  T
    266   1    36  4.8331229986E+00 1.0E+00    83 1.0E+00    2 T  T
    267   1    32  4.1117313742E+00 1.0E+00    82 1.0E+00    9 T  T
    268   1    30  3.8642224714E+00 3.6E-02    73 1.0E+00   16 T  T
    269   1    30  3.3906717313E+00 1.0E-01    57 3.7E-01   19 F  F
    270   1    29  2.0208905068E+00 7.8E-03    60 1.0E+00    9 T  T
 
   Iter Phase Ninf   Infeasibility   RGmax    NSB   Step InItr MX OK
    271   1    18  1.1204933341E+00 2.0E-03    25 1.0E+00   14 T  T
    272   1     2  3.7889669755E-03 9.8E-04    18 1.2E+00   15 T  T
 
 ** Feasible solution. Value of objective =   -342.903996818
 
   Iter Phase Ninf     Objective     RGmax    NSB   Step InItr MX OK
    273   3       -2.8367941751E+00 9.5E+07    69 9.9E-01    1 F  T
    274   3       -1.0715608540E-01 2.9E+01    94 1.0E+00   15 T  T
    275   3        1.5447028962E+00 1.2E+00    81 1.0E+00    6 T  T
    276   3        4.5607038066E+00 2.4E+01    75 1.0E+00    9 T  T
    277   3        6.2018736739E+00 1.7E+01    66 8.8E-01   12 T  T
    278   3        6.5506853426E+00 1.6E+01    69 1.0E+00   15 T  T
    279   3        7.0703724390E+00 2.9E+00    54 4.0E-01   15 F  T
    280   3        7.2492032685E+00 2.3E+00    54 1.0E+00    5 T  T
    281   3        7.4455549657E+00 1.2E+00    49 1.0E+00    6 T  T
    282   3        7.5596945750E+00 2.6E+02    49 1.1E-01    6 F  T
 
   Iter Phase Ninf     Objective     RGmax    NSB   Step InItr MX OK
    283   3        7.6001001745E+00 1.2E+00    51 1.0E+00    3 T  T
    284   3        7.6794749387E+00 1.3E+00    48 5.4E-01    3 F  T
    285   3        7.7135898356E+00 1.3E+00    48 1.0E+00    2 T  T
    286   3        7.7372004287E+00 8.9E-01    46 3.2E-01    2 F  T
    287   3        7.7546748739E+00 8.9E-01    46 6.5E-01    2 F  T
    288   3        7.7561986452E+00 8.9E-01    46 8.3E-04      T  T
    289   3        7.7631641179E+00 5.8E-01    45 7.4E-03      T  T
    290   3        7.7718208223E+00 5.8E-01    44 2.7E-02      F  T
    291   3        7.7849613653E+00 7.1E-01    44 2.7E-02      F  T
    292   4        7.8198089434E+00 7.2E-01    47 7.0E-01      T  T
 
   Iter Phase Ninf     Objective     RGmax    NSB   Step InItr MX OK
    293   4        7.8403056625E+00 5.9E-01    46 1.2E-01      T  T
    294   4        7.9138352676E+00 5.5E-01    45 2.6E+00      F  T
    295   4        7.9835004311E+00 9.7E-01    45 2.0E+00      T  T
    296   4        8.0432115157E+00 6.1E-01    44 4.6E-01      T  T
    297   4        8.1527177889E+00 5.3E-01    43 2.7E+00      F  T
    298   4        8.2653307964E+00 2.5E+00    43 2.6E+00      F  T
    299   4        8.4327448540E+00 1.7E+00    43 1.0E+00    2 T  T
    300   4        8.5159211659E+00 5.8E-01    41 1.1E+00      T  T
    301   4        9.1031187270E+00 9.4E-01    44 1.0E+00    8 T  T
    302   4        9.6097046504E+00 1.3E+00    43 1.0E+00   12 T  T
 
   Iter Phase Ninf     Objective     RGmax    NSB   Step InItr MX OK
    303   4        9.7178710961E+00 4.3E-01    46 3.7E-01   10 F  T
    304   4        9.7833832387E+00 1.1E+00    40 1.0E+00    6 T  T
    305   4        9.8302759280E+00 8.2E-01    39 1.0E+00    6 T  T
    306   3        9.8312790587E+00 5.1E+00    41 8.0E-05      F  T
    307   4        9.8315395212E+00 7.1E-01    41 5.9E+00      F  T
    308   4        9.8478248255E+00 1.4E+02    41 1.0E+00    1 T  T
    309   3        9.8508454040E+00 2.4E+00    40 5.0E-04      F  T
    310   4        9.8513341022E+00 5.8E-01    40 1.0E+00      F  T
    311   4        9.8618253343E+00 5.8E-01    40 1.0E+00    2 F  T
    312   4        9.9211774986E+00 1.7E+00    40 1.0E+00    4 T  T
   Elapsed time       30.8 seconds.
 
   Iter Phase Ninf     Objective     RGmax    NSB   Step InItr MX OK
    313   4        9.9702561225E+00 6.4E-01    38 1.0E+00   11 F  T
    314   4        9.9829253228E+00 1.4E+01    40 1.0E+00    5 T  T
    315   3        9.9829556497E+00 1.8E-01    39 6.5E-04      F  T
    316   4        9.9830486312E+00 8.0E-02    39 1.5E+01      F  T
    317   4        9.9840383645E+00 1.4E-01    39 1.0E+00    4 F  T
    318   4        9.9922935804E+00 1.0E-01    41 1.0E+00    7 F  T
    319   4        1.0075863477E+01 4.1E-01    41 1.0E+00   12 F  T
    320   4        1.0076160614E+01 2.6E-01    39 1.0E+00      F  T
    321   4        1.0176891619E+01 3.5E-01    39 1.0E+00   19 T  T
    322   4        1.0333586692E+01 8.4E-01    34 1.0E+00   28 T  T
 
   Iter Phase Ninf     Objective     RGmax    NSB   Step InItr MX OK
    323   4        1.0398982888E+01 2.7E+00    25 1.0E+00   19 T  T
    324   4        1.0425468539E+01 6.8E-01    22 1.0E+00   14 T  T
    325   4        1.0430641459E+01 2.9E-01    20 1.0E+00   11 T  T
    326   4        1.0509022360E+01 9.8E-01    23 1.0E+00   14 F  T
    327   4        1.0511899112E+01 1.8E+00    21 1.0E+00    6 F  T
    328   4        1.0513642918E+01 7.1E-02    22 1.0E+00   16 T  T
    329   4        1.0514233887E+01 1.4E-02    21 1.0E+00    5 F  T
    330   4        1.0514234123E+01 7.9E-03    21 1.0E+00    2 F  T
    331   4        1.0556661299E+01 3.9E-03    24 4.8E-01    2 F  F
 
 ** Loss of feasibility while tightening tolerances - Return to phase 0.
 
   Iter Phase Ninf   Infeasibility   RGmax    NSB   Step InItr MX OK
    332   0        2.6549215210E-07
    333   0     0  2.6549215210E-07               0.0E+00      T  T
    334   0     0  2.6549215210E-07               0.0E+00      T  T
    335   0     0  2.6549215210E-07               0.0E+00      T  T
    336   0     0  2.6549215210E-07               0.0E+00      T  T
    337   0     0  2.6549215210E-07               0.0E+00      T  T
    338   0     0  2.6549215210E-07               0.0E+00      T  T
    339   0     0  2.6549215210E-07               0.0E+00      T  T
    340   0     0  2.6549215210E-07               0.0E+00      T  T
    341   0     0  2.6549215210E-07               0.0E+00      T  T
 
   Iter Phase Ninf   Infeasibility   RGmax    NSB   Step InItr MX OK
    342   0     0  2.6549215210E-07               0.0E+00      T  T
    343   0     0  2.6549215210E-07               0.0E+00      T  T
    344   0     0  2.6549215210E-07               0.0E+00      T  T
    345   0     0  2.6549215210E-07               0.0E+00      T  T
    346   0     0  5.1893520019E-14               1.0E+00      F  T
 
 ** Feasible solution. Value of objective =    10.5566613213
 
   Iter Phase Ninf     Objective     RGmax    NSB   Step InItr MX OK
    347   3        1.0558948287E+01 5.9E+00    24 1.3E-04      F  T
    348   3        1.0559596074E+01 4.3E+00    24 7.1E-05      F  T
    349   4        1.0559834091E+01 1.4E+00    24 2.9E+00      F  T
    350   4        1.0562994506E+01 4.0E-01    24 1.0E+00    4 F  T
    351   4        1.0567046293E+01 1.1E-01    24 1.0E+00   11 T  T
    352   4        1.0584621138E+01 4.4E-02    23 5.0E-01   14 F  T
    353   4        1.0589671439E+01 2.1E+00    22 1.0E+00   11 F  T
    354   4        1.0595780801E+01 3.3E-01    22 9.0E-01   14 F  T
    355   4        1.0606386375E+01 6.0E+00    21 1.0E+00    2 F  T
    356   4        1.0606617487E+01 1.2E+00    21 1.0E+00    2 F  T
 
   Iter Phase Ninf     Objective     RGmax    NSB   Step InItr MX OK
    357   4        1.0615697769E+01 3.1E-01    23 1.0E+00    4 F  T
    358   4        1.0615968714E+01 6.1E-02    22 1.0E+00    6 F  T
    359   4        1.0626186804E+01 5.9E-02    25 1.0E+00    8 T  T
    360   4        1.0626186859E+01 1.3E-01    22 2.8E-03    2 F  F
    361   3        1.0626187943E+01 1.3E-01    22 1.3E-04      F  T
    362   3        1.0626188201E+01 8.6E-02    22 6.6E-05      F  T
    363   4        1.0626188331E+01 2.6E-02    22 3.8E+00      F  T
    364   4        1.0626189983E+01 1.2E-02    22 1.0E+00    2 F  T
    365   4        1.0626196953E+01 2.8E-02    22 1.0E+00    9 F  T
    366   4        1.0626425267E+01 6.1E-02    23 1.0E+00   10 F  T
 
   Iter Phase Ninf     Objective     RGmax    NSB   Step InItr MX OK
    367   4        1.0626624630E+01 9.2E-01    23 1.0E+00    4 F  T
    368   4        1.0626688040E+01 6.3E-03    23 1.0E+00   19 F  T
    369   4        1.0626811995E+01 3.0E-04    25 1.0E+00   19 F  T
    370   4        1.0626811997E+01 2.7E-03    25 1.0E+00    1 F  T
    371   3        1.0626818264E+01 2.7E-02    26 2.0E-02      F  T
    372   3        1.0626820533E+01 2.6E-01    26 5.7E-05      F  T
    373   4        1.0626821121E+01 7.4E-02    26 2.2E+00      F  T
    374   4        1.0626824459E+01 4.4E-02    26 1.0E+00    4 F  T
    375   4        1.0626837772E+01 3.1E-02    26 1.0E+00    9 F  T
    376   4        1.0626844598E+01 8.7E-04    26 1.0E+00   17 F  T
 
   Iter Phase Ninf     Objective     RGmax    NSB   Step InItr MX OK
    377   4        1.0626854770E+01 3.1E-04    26 1.0E+00   16 F  T
    378   4        1.0626854770E+01 1.2E-04    26 1.0E+00    1 F  T
    379   4        1.0626860127E+01 3.6E-05    27 1.0E+00    2 F  T
    380   4        1.0626862406E+01 2.1E-04    27 1.0E+00    5 F  T
    381   4        1.0626862406E+01 2.0E-05    27 1.0E+00    6 F  T
    382   4        1.0626862406E+01 8.6E-09    27
 
 ** Optimal solution. Reduced gradient less than tolerance.
 
--- Reading solution for model sdgfinance
--- SDG Egypt Model v7 zaf.gms(474) 46 Mb  36 secs
--- Executing after solve: elapsed 0:00:46.192
--- SDG Egypt Model v7 zaf.gms(502) 46 Mb
--- GDX File (execute_unload) C:\Users\Yunjie\Desktop\Wi2050\SDG Financing Simplified model (Egypt)\v7\input\auxiliary\modeloutput_zaf.gdx
--- SDG Egypt Model v7 zaf.gms(507) 46 Mb

GDXXRW           37.1.0 r07954d5 Released Nov 11, 2021 WEI x86 64bit/MS Window
Input file : C:\Users\Yunjie\Desktop\Wi2050\SDG Financing Simplified model (Egypt)\v7\input\auxiliary\modeloutput_zaf.gdx
Output file: C:\Users\Yunjie\Desktop\Wi2050\SDG Financing Simplified model (Egypt)\v7\output\modeloutput_zaf.xlsx
Total time = 3297 Ms
--- Profile Summary (168 records processed)
    36.516   0.046GB       474 Solve Alg  sdgfinance
     3.484   0.046GB       507 Execute    
     2.250   0.046GB       474 Solve Read sdgfinance
     0.125   0.045GB       307 Equation   eq16 (53424)
     0.125   0.046GB       474 Solve Fini sdgfinance (349188)
     0.078   0.045GB       309 Equation   eq19 (522)
     0.063   0.029GB       306 Equation   eq15 (56376)
     0.047   0.047GB       294 Equation   eq65 (29)
     0.046   0.016GB       290 Equation   eq4 (18270)
     0.032   0.017GB       291 Equation   eq5 (29)
*** Status: Normal completion
--- Job SDG Egypt Model v7 zaf.gms Stop 08/16/22 11:51:54 elapsed 0:00:49.675
