--- Job SDG Egypt Model v7 brb.gms Start 08/16/22 11:58:08 37.1.0 r07954d5 WEX-WEI x86 64bit/MS Windows
--- Applying:
    D:\Program\37GAMS\gmsprmNT.txt
--- GAMS Parameters defined
    Input "C:\Users\Yunjie\Desktop\Wi2050\SDG Financing Simplified model (Egypt)\v7\SDG Egypt Model v7 brb.gms"
    PageSize 0
    ScrDir "C:\Users\Yunjie\Desktop\Wi2050\SDG Financing Simplified model (Egypt)\v7\225a\"
    SysDir D:\Program\37GAMS\
    LogOption 3
    ErrMsg 1
    ErrorLog 99
    IDE 1
    LstTitleLeftAligned 1
Licensee: Large MUD - 20 User License                    G211208|0002AR-WIN
          Columbia University, Earth Institute                       DC4533
          C:\Users\Yunjie\Documents\GAMS\gamslice.txt
          License Admin: Jeffrey Sachs, sachs@columbia.edu                 
Processor information: 1 socket(s), 4 core(s), and 8 thread(s) available
GAMS 37.1.0   Copyright (C) 1987-2021 GAMS Development. All rights reserved
--- Starting compilation
--- SDG Egypt Model v7 brb.gms(95) 3 Mb
--- call GDXXRW .\input\paraminput\paraminput_brb.xlsx output=.\input\auxiliary\paraminput_brb.gdx Index=Index!a1 trace=3

GDXXRW           37.1.0 r07954d5 Released Nov 11, 2021 WEI x86 64bit/MS Window
Excel version 12.0
Input file : C:\Users\Yunjie\Desktop\Wi2050\SDG Financing Simplified model (Egypt)\v7\input\paraminput\paraminput_brb.xlsx
Output file: C:\Users\Yunjie\Desktop\Wi2050\SDG Financing Simplified model (Egypt)\v7\input\auxiliary\paraminput_brb.gdx
Substituting Index
Loading sheet Index
Reading data from Excel; Rng = A1:E100
Reading Slice: A1:E100
par=continuation Rng=Continuation!A1 Dim=2 Rdim=1
par=costff Rng=Hardcode!B1 Dim=0 Rdim=0
par=costre Rng=Hardcode!B2 Dim=0 Rdim=0
par=dep Rng=Hardcode!B3 Dim=0 Rdim=0
par=r Rng=Hardcode!B4 Dim=0 Rdim=0
par=kff0 Rng=Hardcode!B5 Dim=0 Rdim=0
par=kre0 Rng=Hardcode!B6 Dim=0 Rdim=0
par=aff Rng=Hardcode!B7 Dim=0 Rdim=0
par=taxlim Rng=Hardcode!B8 Dim=0 Rdim=0
par=tfp1 Rng=Hardcode!B9 Dim=0 Rdim=0
par=phi Rng=Hardcode!B10 Dim=0 Rdim=0
par=fertsh Rng=Hardcode!B11 Dim=0 Rdim=0
par=bk Rng=Hardcode!B12 Dim=0 Rdim=0
par=bkf Rng=Hardcode!B13 Dim=0 Rdim=0
par=ben Rng=Hardcode!B14 Dim=0 Rdim=0
par=k0 Rng=Hardcode!B15 Dim=0 Rdim=0
par=kf0 Rng=Hardcode!B16 Dim=0 Rdim=0
par=debtqlim Rng=Hardcode!B17 Dim=0 Rdim=0
par=pubgdpsh Rng=Hardcode!B18 Dim=0 Rdim=0
par=lowerbound Rng=Hardcode!B19 Dim=0 Rdim=0
par=discr Rng=Hardcode!B20 Dim=0 Rdim=0
par=stratio Rng=Hardcode!B21 Dim=0 Rdim=0
par=hwratio Rng=Hardcode!B22 Dim=0 Rdim=0
par=hcaccum Rng=Hardcode!B23 Dim=0 Rdim=0
Type Symbol       Dim      Sheet                Data          RowHeader     ColHeader     
Loading sheet Continuation
Reading data from Excel; Rng = A1:B19
Reading Slice: A1:B19
Par  continuation   2      Continuation         B2:B19        A2:A19        B1:B1         
Loading sheet Hardcode
Reading data from Excel; Rng = A1:B23
Reading Slice: A1:B23
Par  costff         0      Hardcode             B1:B1         --:--         --:--         
Par  costre         0      Hardcode             B2:B2         --:--         --:--         
Par  dep            0      Hardcode             B3:B3         --:--         --:--         
Par  r              0      Hardcode             B4:B4         --:--         --:--         
Par  kff0           0      Hardcode             B5:B5         --:--         --:--         
Par  kre0           0      Hardcode             B6:B6         --:--         --:--         
Par  aff            0      Hardcode             B7:B7         --:--         --:--         
Par  taxlim         0      Hardcode             B8:B8         --:--         --:--         
Par  tfp1           0      Hardcode             B9:B9         --:--         --:--         
Par  phi            0      Hardcode             B10:B10       --:--         --:--         
Par  fertsh         0      Hardcode             B11:B11       --:--         --:--         
Par  bk             0      Hardcode             B12:B12       --:--         --:--         
Par  bkf            0      Hardcode             B13:B13       --:--         --:--         
Par  ben            0      Hardcode             B14:B14       --:--         --:--         
Par  k0             0      Hardcode             B15:B15       --:--         --:--         
Par  kf0            0      Hardcode             B16:B16       --:--         --:--         
Par  debtqlim       0      Hardcode             B17:B17       --:--         --:--         
Par  pubgdpsh       0      Hardcode             B18:B18       --:--         --:--         
Par  lowerbound     0      Hardcode             B19:B19       --:--         --:--         
Par  discr          0      Hardcode             B20:B20       --:--         --:--         
Par  stratio        0      Hardcode             B21:B21       --:--         --:--         
Par  hwratio        0      Hardcode             B22:B22       --:--         --:--         
Par  hcaccum        0      Hardcode             B23:B23       --:--         --:--         
Total time = 1375 Ms
--- SDG Egypt Model v7 brb.gms(96) 3 Mb
--- GDXin=C:\Users\Yunjie\Desktop\Wi2050\SDG Financing Simplified model (Egypt)\v7\input\auxiliary\paraminput_brb.gdx
--- GDX File ($gdxIn) C:\Users\Yunjie\Desktop\Wi2050\SDG Financing Simplified model (Egypt)\v7\input\auxiliary\paraminput_brb.gdx
--- SDG Egypt Model v7 brb.gms(124) 3 Mb
--- call GDXXRW .\input\auxiliary\datainput_brb.xlsx output=.\input\auxiliary\datainput_brb.gdx Index=index!a1 trace=3

GDXXRW           37.1.0 r07954d5 Released Nov 11, 2021 WEI x86 64bit/MS Window
Excel version 12.0
Input file : C:\Users\Yunjie\Desktop\Wi2050\SDG Financing Simplified model (Egypt)\v7\input\auxiliary\datainput_brb.xlsx
Output file: C:\Users\Yunjie\Desktop\Wi2050\SDG Financing Simplified model (Egypt)\v7\input\auxiliary\datainput_brb.gdx
Substituting Index
Loading sheet index
Reading data from Excel; Rng = A1:E7
Reading Slice: A1:E7
par=D1 Rng=popg0!A1 Dim=2 Rdim=1
par=D2 Rng=fert0!A1 Dim=2 Rdim=1
par=D3 Rng=surv0!A1 Dim=2 Rdim=1
par=D4 Rng=w0!A1 Dim=3 Rdim=2
par=D5 Rng=s0!A1 Dim=2 Rdim=1
par=D6 Rng=ferthic0!A1 Dim=2 Rdim=1
Type Symbol       Dim      Sheet                Data          RowHeader     ColHeader     
Loading sheet popg0
Reading data from Excel; Rng = A1:C101
Reading Slice: A1:C101
Par  D1             2      popg0                B2:C101       A2:A101       B1:C1         
Loading sheet fert0
Reading data from Excel; Rng = A1:B36
Reading Slice: A1:B36
Par  D2             2      fert0                B2:B36        A2:A36        B1:B1         
Loading sheet surv0
Reading data from Excel; Rng = A1:E100
Reading Slice: A1:E100
Par  D3             2      surv0                B2:E100       A2:A100       B1:E1         
Loading sheet w0
Reading data from Excel; Rng = A1:D324
Reading Slice: A1:D324
Par  D4             3      w0                   C2:D324       A2:B324       C1:D1         
Loading sheet s0
Reading data from Excel; Rng = A1:C16
Reading Slice: A1:C16
Par  D5             2      s0                   B2:C16        A2:A16        B1:C1         
Loading sheet ferthic0
Reading data from Excel; Rng = A1:B36
Reading Slice: A1:B36
Par  D6             2      ferthic0             B2:B36        A2:A36        B1:B1         
Total time = 1500 Ms
--- SDG Egypt Model v7 brb.gms(125) 3 Mb
--- GDXin=C:\Users\Yunjie\Desktop\Wi2050\SDG Financing Simplified model (Egypt)\v7\input\auxiliary\datainput_brb.gdx
--- GDX File ($gdxIn) C:\Users\Yunjie\Desktop\Wi2050\SDG Financing Simplified model (Egypt)\v7\input\auxiliary\datainput_brb.gdx
--- SDG Egypt Model v7 brb.gms(504) 3 Mb
--- $echo File C:\Users\Yunjie\Desktop\Wi2050\SDG Financing Simplified model (Egypt)\v7\input\auxiliary\outputsetting_brb.txt
--- SDG Egypt Model v7 brb.gms(507) 3 Mb
--- Starting execution: elapsed 0:00:03.059
--- SDG Egypt Model v7 brb.gms(472) 5 Mb
--- Generating DNLP model sdgfinance
--- SDG Egypt Model v7 brb.gms(287) 7 Mb
--- Starting Equ eq1: elapsed 0:00:03.063
--- SDG Egypt Model v7 brb.gms(288) 7 Mb
--- Starting Equ eq2: elapsed 0:00:03.065
--- SDG Egypt Model v7 brb.gms(289) 7 Mb
--- Starting Equ eq3: elapsed 0:00:03.065
--- SDG Egypt Model v7 brb.gms(290) 9 Mb
--- Starting Equ eq4: elapsed 0:00:03.075
--- SDG Egypt Model v7 brb.gms(291) 16 Mb
--- Starting Equ eq5: elapsed 0:00:03.107
--- SDG Egypt Model v7 brb.gms(295) 17 Mb
--- Starting Equ eq6: elapsed 0:00:03.143
--- SDG Egypt Model v7 brb.gms(296) 17 Mb
--- Starting Equ eq7: elapsed 0:00:03.144
--- SDG Egypt Model v7 brb.gms(297) 17 Mb
--- Starting Equ eq8: elapsed 0:00:03.144
--- SDG Egypt Model v7 brb.gms(298) 17 Mb
--- Starting Equ eq9: elapsed 0:00:03.144
--- SDG Egypt Model v7 brb.gms(299) 17 Mb
--- Starting Equ eq10: elapsed 0:00:03.144
--- SDG Egypt Model v7 brb.gms(302) 17 Mb
--- Starting Equ eq11: elapsed 0:00:03.144
--- SDG Egypt Model v7 brb.gms(303) 17 Mb
--- Starting Equ eq12: elapsed 0:00:03.145
--- SDG Egypt Model v7 brb.gms(304) 17 Mb
--- Starting Equ eq13: elapsed 0:00:03.145
--- SDG Egypt Model v7 brb.gms(305) 17 Mb
--- Starting Equ eq14: elapsed 0:00:03.145
--- SDG Egypt Model v7 brb.gms(306) 17 Mb
--- Starting Equ eq15: elapsed 0:00:03.145
--- SDG Egypt Model v7 brb.gms(307) 29 Mb
--- Starting Equ eq16: elapsed 0:00:03.205
--- SDG Egypt Model v7 brb.gms(308) 45 Mb
--- Starting Equ eq17: elapsed 0:00:03.310
--- SDG Egypt Model v7 brb.gms(309) 45 Mb
--- Starting Equ eq19: elapsed 0:00:03.312
--- SDG Egypt Model v7 brb.gms(310) 45 Mb
--- Starting Equ eq19a: elapsed 0:00:03.372
--- SDG Egypt Model v7 brb.gms(311) 45 Mb
--- Starting Equ eq19b: elapsed 0:00:03.372
--- SDG Egypt Model v7 brb.gms(312) 45 Mb
--- Starting Equ eq19c: elapsed 0:00:03.372
--- SDG Egypt Model v7 brb.gms(313) 45 Mb
--- Starting Equ eq19d: elapsed 0:00:03.372
--- SDG Egypt Model v7 brb.gms(314) 45 Mb
--- Starting Equ eq19e: elapsed 0:00:03.372
--- SDG Egypt Model v7 brb.gms(315) 45 Mb
--- Starting Equ eq20: elapsed 0:00:03.373
--- SDG Egypt Model v7 brb.gms(317) 45 Mb
--- Starting Equ eq21: elapsed 0:00:03.373
--- SDG Egypt Model v7 brb.gms(316) 45 Mb
--- Starting Equ eq21a: elapsed 0:00:03.373
--- SDG Egypt Model v7 brb.gms(318) 45 Mb
--- Starting Equ eq22: elapsed 0:00:03.374
--- SDG Egypt Model v7 brb.gms(319) 45 Mb
--- Starting Equ eq23: elapsed 0:00:03.374
--- SDG Egypt Model v7 brb.gms(320) 45 Mb
--- Starting Equ eq24: elapsed 0:00:03.374
--- SDG Egypt Model v7 brb.gms(321) 45 Mb
--- Starting Equ eq25: elapsed 0:00:03.374
--- SDG Egypt Model v7 brb.gms(322) 45 Mb
--- Starting Equ eq26: elapsed 0:00:03.381
--- SDG Egypt Model v7 brb.gms(323) 45 Mb
--- Starting Equ eq27: elapsed 0:00:03.381
--- SDG Egypt Model v7 brb.gms(324) 45 Mb
--- Starting Equ eq28: elapsed 0:00:03.381
--- SDG Egypt Model v7 brb.gms(325) 45 Mb
--- Starting Equ eq29: elapsed 0:00:03.381
--- SDG Egypt Model v7 brb.gms(326) 45 Mb
--- Starting Equ eq30a: elapsed 0:00:03.381
--- SDG Egypt Model v7 brb.gms(327) 45 Mb
--- Starting Equ eq30: elapsed 0:00:03.381
--- SDG Egypt Model v7 brb.gms(328) 45 Mb
--- Starting Equ eq31: elapsed 0:00:03.382
--- SDG Egypt Model v7 brb.gms(329) 45 Mb
--- Starting Equ eq32: elapsed 0:00:03.382
--- SDG Egypt Model v7 brb.gms(330) 45 Mb
--- Starting Equ eq33: elapsed 0:00:03.382
--- SDG Egypt Model v7 brb.gms(331) 45 Mb
--- Starting Equ eq34: elapsed 0:00:03.382
--- SDG Egypt Model v7 brb.gms(332) 45 Mb
--- Starting Equ eq36: elapsed 0:00:03.382
--- SDG Egypt Model v7 brb.gms(333) 45 Mb
--- Starting Equ eq37: elapsed 0:00:03.382
--- SDG Egypt Model v7 brb.gms(334) 45 Mb
--- Starting Equ eq38: elapsed 0:00:03.382
--- SDG Egypt Model v7 brb.gms(335) 45 Mb
--- Starting Equ eq51: elapsed 0:00:03.384
--- SDG Egypt Model v7 brb.gms(336) 45 Mb
--- Starting Equ eq52: elapsed 0:00:03.390
--- SDG Egypt Model v7 brb.gms(337) 45 Mb
--- Starting Equ eq53: elapsed 0:00:03.391
--- SDG Egypt Model v7 brb.gms(338) 45 Mb
--- Starting Equ eq54: elapsed 0:00:03.392
--- SDG Egypt Model v7 brb.gms(300) 45 Mb
--- Starting Equ eq61: elapsed 0:00:03.392
--- SDG Egypt Model v7 brb.gms(301) 45 Mb
--- Starting Equ eq62: elapsed 0:00:03.393
--- SDG Egypt Model v7 brb.gms(292) 45 Mb
--- Starting Equ eq63: elapsed 0:00:03.393
--- SDG Egypt Model v7 brb.gms(293) 45 Mb
--- Starting Equ eq64: elapsed 0:00:03.393
--- SDG Egypt Model v7 brb.gms(294) 46 Mb
--- Starting Equ eq65: elapsed 0:00:03.406
--- SDG Egypt Model v7 brb.gms(339) 47 Mb
--- Starting Equ eq66: elapsed 0:00:03.443
--- SDG Egypt Model v7 brb.gms(340) 47 Mb
--- Starting Equ eq70: elapsed 0:00:03.444
--- SDG Egypt Model v7 brb.gms(341) 47 Mb
--- Starting Equ eq71: elapsed 0:00:03.444
--- SDG Egypt Model v7 brb.gms(342) 47 Mb
--- Starting Equ eq72: elapsed 0:00:03.444
--- SDG Egypt Model v7 brb.gms(441) 47 Mb
--- Starting Equ utilt: elapsed 0:00:03.444
--- SDG Egypt Model v7 brb.gms(442) 47 Mb
--- Starting Equ utility: elapsed 0:00:03.444
--- SDG Egypt Model v7 brb.gms(393) 47 Mb
--- Starting Equ output: elapsed 0:00:03.444
--- SDG Egypt Model v7 brb.gms(394) 47 Mb
--- Starting Equ outputpc: elapsed 0:00:03.444
--- SDG Egypt Model v7 brb.gms(395) 47 Mb
--- Starting Equ ewage: elapsed 0:00:03.444
--- SDG Egypt Model v7 brb.gms(397) 47 Mb
--- Starting Equ kstart: elapsed 0:00:03.444
--- SDG Egypt Model v7 brb.gms(401) 47 Mb
--- Starting Equ kfstart: elapsed 0:00:03.444
--- SDG Egypt Model v7 brb.gms(399) 47 Mb
--- Starting Equ kffstart: elapsed 0:00:03.444
--- SDG Egypt Model v7 brb.gms(400) 47 Mb
--- Starting Equ krestart: elapsed 0:00:03.444
--- SDG Egypt Model v7 brb.gms(402) 47 Mb
--- Starting Equ knext: elapsed 0:00:03.445
--- SDG Egypt Model v7 brb.gms(405) 47 Mb
--- Starting Equ kfnext: elapsed 0:00:03.445
--- SDG Egypt Model v7 brb.gms(403) 47 Mb
--- Starting Equ kffnext: elapsed 0:00:03.445
--- SDG Egypt Model v7 brb.gms(404) 47 Mb
--- Starting Equ krenext: elapsed 0:00:03.445
--- SDG Egypt Model v7 brb.gms(423) 47 Mb
--- Starting Equ kfend: elapsed 0:00:03.445
--- SDG Egypt Model v7 brb.gms(424) 47 Mb
--- Starting Equ ktotal: elapsed 0:00:03.445
--- SDG Egypt Model v7 brb.gms(406) 47 Mb
--- Starting Equ energy: elapsed 0:00:03.445
--- SDG Egypt Model v7 brb.gms(407) 47 Mb
--- Starting Equ ffuel: elapsed 0:00:03.445
--- SDG Egypt Model v7 brb.gms(418) 47 Mb
--- Starting Equ conlim: elapsed 0:00:03.445
--- SDG Egypt Model v7 brb.gms(432) 47 Mb
--- Starting Equ education: elapsed 0:00:03.445
--- SDG Egypt Model v7 brb.gms(435) 47 Mb
--- Starting Equ edugdp: elapsed 0:00:03.445
--- SDG Egypt Model v7 brb.gms(398) 47 Mb
--- Starting Equ dstart: elapsed 0:00:03.445
--- SDG Egypt Model v7 brb.gms(412) 47 Mb
--- Starting Equ tbalance: elapsed 0:00:03.445
--- SDG Egypt Model v7 brb.gms(413) 47 Mb
--- Starting Equ totdebt: elapsed 0:00:03.446
--- SDG Egypt Model v7 brb.gms(414) 47 Mb
--- Starting Equ debttogdp: elapsed 0:00:03.446
--- SDG Egypt Model v7 brb.gms(415) 47 Mb
--- Starting Equ debtlimit: elapsed 0:00:03.446
--- SDG Egypt Model v7 brb.gms(419) 47 Mb
--- Starting Equ conend: elapsed 0:00:03.446
--- SDG Egypt Model v7 brb.gms(425) 47 Mb
--- Starting Equ consumetrpc: elapsed 0:00:03.446
--- SDG Egypt Model v7 brb.gms(420) 47 Mb
--- Starting Equ kend: elapsed 0:00:03.446
--- SDG Egypt Model v7 brb.gms(421) 47 Mb
--- Starting Equ kffend: elapsed 0:00:03.446
--- SDG Egypt Model v7 brb.gms(422) 47 Mb
--- Starting Equ kreend: elapsed 0:00:03.446
--- SDG Egypt Model v7 brb.gms(411) 47 Mb
--- Starting Equ costk: elapsed 0:00:03.446
--- SDG Egypt Model v7 brb.gms(410) 47 Mb
--- Starting Equ costkf: elapsed 0:00:03.446
--- SDG Egypt Model v7 brb.gms(408) 47 Mb
--- Starting Equ costkff: elapsed 0:00:03.446
--- SDG Egypt Model v7 brb.gms(409) 47 Mb
--- Starting Equ costkre: elapsed 0:00:03.446
--- SDG Egypt Model v7 brb.gms(433) 47 Mb
--- Starting Equ health: elapsed 0:00:03.446
--- SDG Egypt Model v7 brb.gms(434) 47 Mb
--- Starting Equ govcost: elapsed 0:00:03.446
--- SDG Egypt Model v7 brb.gms(436) 47 Mb
--- Starting Equ hlgdp: elapsed 0:00:03.446
--- SDG Egypt Model v7 brb.gms(438) 47 Mb
--- Starting Equ pubadgdp: elapsed 0:00:03.446
--- SDG Egypt Model v7 brb.gms(439) 47 Mb
--- Starting Equ infgdp: elapsed 0:00:03.447
--- SDG Egypt Model v7 brb.gms(437) 47 Mb
--- Starting Equ poutlay: elapsed 0:00:03.447
--- SDG Egypt Model v7 brb.gms(429) 47 Mb
--- Starting Equ educationuc: elapsed 0:00:03.447
--- SDG Egypt Model v7 brb.gms(430) 47 Mb
--- Starting Equ healthuc: elapsed 0:00:03.447
--- SDG Egypt Model v7 brb.gms(396) 47 Mb
--- Starting Equ marginalpk: elapsed 0:00:03.447
--- SDG Egypt Model v7 brb.gms(440) 47 Mb
--- Starting Equ enktotratio: elapsed 0:00:03.447
--- SDG Egypt Model v7 brb.gms(426) 47 Mb
--- Starting Equ endconpclim: elapsed 0:00:03.448
--- SDG Egypt Model v7 brb.gms(416) 47 Mb
--- Starting Equ nodebtbyend: elapsed 0:00:03.448
--- SDG Egypt Model v7 brb.gms(474) 48 Mb
---   142,717 rows  144,943 columns  349,188 non-zeroes
---   98,236 nl-code  27,979 nl-non-zeroes
--- SDG Egypt Model v7 brb.gms(474) 46 Mb
--- Executing CONOPT (Solvelink=2): elapsed 0:00:03.546

CONOPT 3         37.1.0 r07954d5 Released Nov 11, 2021 WEI x86 64bit/MS Window

 
 
    C O N O P T 3   version 3.17K
    Copyright (C)   ARKI Consulting and Development A/S
                    Bagsvaerdvej 246 A
                    DK-2880 Bagsvaerd, Denmark
 
 
   Iter Phase Ninf   Infeasibility   RGmax    NSB   Step InItr MX OK
      0   0        1.1633115189E+03 (Input point)
 
                   Pre-triangular equations:   141579
                   Post-triangular equations:  205
                   Definitional equations:     647
 
      1   0        2.6918543058E+02 (After pre-processing)
      2   0        1.5233093766E+02 (After scaling)
      3   1   196  1.5191793151E+02 1.0E+00    50 1.0E+00    3 T  T
      4   1   188  1.1191927499E+02 1.0E+00    47 1.0E+00    8 T  T
      5   1   173  1.0105798314E+02 1.0E+00    39 1.0E+00   15 T  T
      6   1   155  9.4033132327E+01 1.0E+00    24 1.0E+00   18 T  T
      7   1   132  5.1042119540E+01 5.0E-01    56 1.0E+00   23 T  T
      8   1   132  4.8602991745E+01 5.0E+01   100 1.6E-01   30 F  F
      9   1   125  4.6818821729E+01 1.0E+00   100 1.0E+00    7 T  T
 
   Iter Phase Ninf   Infeasibility   RGmax    NSB   Step InItr MX OK
     10   1   114  4.4253522031E+01 1.0E+00    93 1.0E+00   12 T  T
     11   1    97  3.4146039224E+01 5.5E+00    81 1.0E+00   17 T  T
     12   1    91  2.6983013130E+01 9.0E+00    79 9.9E-01   22 T  T
     13   1    64  2.6520639918E+01 7.4E+00    78 1.0E+00   34 T  T
     14   1    64  2.5647688558E+01 1.8E+00    45 1.9E-01   32 F  F
     15   1    63  2.5315390890E+01 1.6E+01    45 1.0E+00   10 T  T
     16   1    63  2.4413165833E+01 3.5E+00    35 1.0E+00   13 T  T
     17   1    63  2.3968455175E+01 5.6E+01    23 1.6E-01   18 F  F
     18   1    63  2.3714508899E+01 1.4E+00    23 1.0E+00    4 T  T
     19   1    63  2.3031742809E+01 7.3E-01    19 1.0E+00    9 T  T
 
   Iter Phase Ninf   Infeasibility   RGmax    NSB   Step InItr MX OK
     20   1    63  2.2739898554E+01 1.7E+03    17 1.9E-01   14 F  F
     21   1    63  2.2635697727E+01 3.9E+00    16 1.0E+00    6 T  T
     22   1    63  2.2380376573E+01 1.7E+03    10 2.6E-01    8 F  F
     23   1    63  2.1947113684E+01 7.9E-01    10 1.0E+00    3 T  T
     24   1    63  2.1801036537E+01 7.0E+03    10 1.3E-01    8 F  F
     25   1    62  2.1722188070E+01 1.7E+03    10 1.0E+00    3 T  T
     26   1    62  2.1650270985E+01 1.0E+04     9 1.3E-01    7 F  F
     27   1    62  2.1578538696E+01 2.4E+00     9 1.2E-01    1 F  F
     28   1    62  2.1469151772E+01 6.0E+00     9 1.9E-03      F  F
     29   1    62  2.1464559035E+01 1.5E+04    11 2.0E-11      F  F
 
   Iter Phase Ninf   Infeasibility   RGmax    NSB   Step InItr MX OK
     30   1    62  2.1464521745E+01 2.9E+01    11 9.5E-09      T  T
     31   1    62  2.1433969953E+01 2.0E+00    10 5.2E-03      F  F
     32   1    62  2.1388282474E+01 2.0E+00    10 8.4E-03      F  F
     33   1    62  2.1336536408E+01 2.0E+00    10 1.0E-02      F  F
     34   1    62  2.1296820453E+01 2.0E+00    10 8.5E-03      F  F
     35   1    61  2.1279756316E+01 2.0E+00    10 3.6E-03      T  T
     36   1    61  2.1245396246E+01 2.0E+00     9 6.9E-03      F  F
     37   1    60  2.1119185251E+01 2.0E+00     9 3.1E-02      T  T
     38   1    60  2.0959797259E+01 3.9E-01     8 5.7E-01      T  T
     39   1    59  2.0837268637E+01 2.3E+00     8 1.0E+00    3 T  T
 
   Iter Phase Ninf   Infeasibility   RGmax    NSB   Step InItr MX OK
     40   1    59  2.0632248769E+01 1.4E+01    32 3.5E-01    4 F  F
     41   1    56  2.0547042503E+01 1.1E+00    32 1.0E+00    4 T  T
     42   1    56  2.0312701707E+01 1.0E+00    28 1.0E+00    6 T  T
     43   1    54  1.9818595153E+01 1.9E+00    26 1.0E+00   11 T  T
     44   1    54  1.8255674196E+01 4.8E+00    21 1.0E+00   16 T  T
     45   1    54  1.8155747118E+01 9.7E+04    63 1.0E-01   21 F  F
     46   1    48  1.8097132063E+01 1.3E+00    63 1.0E+00    9 T  T
     47   1    48  1.7349318662E+01 6.0E+04    54 1.0E+00   10 T  T
     48   1    48  1.7323053861E+01 7.6E+00    69 9.5E-02   16 F  F
     49   1    42  1.7278881824E+01 1.4E+00    69 1.0E+00    9 T  T
 
   Iter Phase Ninf   Infeasibility   RGmax    NSB   Step InItr MX OK
     50   1    31  1.7025446021E+01 1.4E+00    60 2.0E+00    8 T  T
     51   1    31  1.6375190405E+01 7.5E+04    60 1.0E+00    4 T  T
     52   1    31  1.6328911073E+01 9.6E+00    65 9.6E-02   10 F  F
     53   1    31  1.6312689210E+01 1.2E+01    65 9.4E-02    3 F  F
     54   1    31  1.6310470302E+01 7.0E+00    65 3.5E-05      T  T
     55   1    31  1.6307595415E+01 7.0E+00    64 4.5E-05      T  T
     56   1    31  1.6240796602E+01 7.0E+00    63 1.0E-03      T  T
     57   1    27  1.6069649725E+01 1.3E+00    62 1.4E-02      T  T
     58   1    26  1.6055781860E+01 1.2E+00    61 1.0E+00    3 T  T
     59   1    26  1.5794357021E+01 1.2E+00    58 1.0E+00    8 T  T
 
   Iter Phase Ninf   Infeasibility   RGmax    NSB   Step InItr MX OK
     60   1    19  1.5646936620E+01 1.2E+00    56 1.0E+00   13 T  T
     61   1    19  1.4992083912E+01 4.5E+04    64 4.6E-01   18 F  F
     62   1    19  1.4925353661E+01 1.6E+01    46 9.6E-02    6 F  F
     63   1    19  1.4552274285E+01 7.4E+00    46 5.9E-03      T  T
     64   1    13  1.4345075074E+01 9.5E-01    45 3.8E-02      T  T
     65   1    13  1.4344134836E+01 7.4E-01    62 2.7E-04      T  T
     66   1    13  1.4276552196E+01 7.4E-01    61 1.9E-02      T  T
     67   1    13  1.4257032079E+01 7.4E-01    60 5.5E-03      T  T
     68   1    13  1.4250527748E+01 7.4E-01    46 1.8E-03      T  T
     69   1    13  1.4250527748E+01 7.4E-01    45 5.1E-17      T  T
 
   Iter Phase Ninf   Infeasibility   RGmax    NSB   Step InItr MX OK
     70   1    13  1.4168119863E+01 7.4E-01    43 2.3E-02      T  T
     71   1    12  1.3892868980E+01 8.2E-01    42 1.0E+00    3 T  T
     72   1     8  1.3476208444E+01 5.0E-01    44 1.0E+00    8 T  T
     73   1     5  1.3397008837E+01 5.0E-01    61 2.5E-01   16 F  T
     74   1     3  1.3387485462E+01 1.0E+00    58 9.1E-01   10 F  F
     75   1     3  1.3387471167E+01 7.4E-05    68 6.6E+02      T  T
     76   1     3  1.3387458161E+01 1.1E-04    67 2.9E+02      T  T
     77   1     3  1.3387452453E+01 1.3E-04    66 6.0E+01      T  T
     78   1     3  1.3387447645E+01 1.3E-04    66 5.1E+01      F  F
     79   1     3  1.3387339918E+01 1.5E-04    66 6.4E+02      T  T
 
   Iter Phase Ninf   Infeasibility   RGmax    NSB   Step InItr MX OK
     80   1     3  1.3387237276E+01 3.4E-04    65 1.0E+00    3 T  T
     81   1     3  1.3387130931E+01 5.1E-04    78 1.0E+00    8 T  T
     82   1     3  1.3386818029E+01 6.8E-04    77 8.1E-01   13 F  F
     83   1     3  1.3386704577E+01 1.4E-03    78 1.0E+00   11 T  T
     84   1     3  1.3385821442E+01 1.6E-03    72 4.3E-01   14 F  F
     85   1     3  1.3384642432E+01 2.5E-03    72 1.0E+00    8 T  T
     86   1     3  1.3382072155E+01 1.3E-01    68 1.0E+00   12 T  T
     87   1     3  1.3379229114E+01 4.2E+04    63 2.5E-01   17 T  T
     88   1     3  1.3374705517E+01 8.9E+04    23 5.2E-01    8 T  T
     89   1     3  1.3371052285E+01 1.5E+05    20 1.0E+00    5 T  T
 
   Iter Phase Ninf   Infeasibility   RGmax    NSB   Step InItr MX OK
     90   1     3  1.3369272909E+01 1.9E+05    39 4.5E-01   10 F  F
     91   1     3  1.3347380886E+01 3.5E-02    52 1.0E+00    7 T  T
     92   1     3  1.3330665659E+01 1.6E-01    47 1.0E+00   10 T  T
     93   1     3  1.3329764171E+01 4.4E-01    57 1.4E-02   15 F  F
     94   1     3  1.3327943139E+01 6.2E-02    60 1.1E-01    7 T  T
     95   1     3  1.3327596858E+01 5.4E-02    59 1.0E+00    6 T  T
     96   1     3  1.3327275702E+01 5.3E-02    58 1.0E+00    8 T  T
     97   1     3  1.3310678012E+01 1.1E-01    52 9.3E-01   13 T  T
     98   1     3  1.3298407096E+01 6.2E-02    49 1.0E+00    9 T  T
     99   1     3  1.3133827484E+01 7.0E-02    41 1.0E+00    6 T  T
 
   Iter Phase Ninf   Infeasibility   RGmax    NSB   Step InItr MX OK
    100   1     3  1.2866881733E+01 1.8E-01    35 3.8E-01   13 F  F
    101   1     3  1.2291683452E+01 3.6E-01    35 6.4E-01    4 F  F
    102   1     3  1.2109585618E+01 8.1E-01    34 1.8E-01      T  T
    103   1     3  1.2034667702E+01 4.0E+00    33 4.5E-03      T  T
    104   1     3  1.0749317428E+01 4.3E+00    32 4.3E-02      T  T
    105   1     3  1.0269964506E+01 1.4E+00    31 8.2E-02      F  F
    106   1     3  9.9480123000E+00 2.7E+00    32 1.9E-02      F  F
    107   1     3  8.7584595241E+00 1.0E+00     1 1.2E+00      T  T
    108   1     3  7.4442078967E+00 2.9E+00    31 4.0E-01    3 F  F
    109   1     3  7.0756952833E+00 6.0E+01    31 2.7E-01    2 F  F
 
   Iter Phase Ninf   Infeasibility   RGmax    NSB   Step InItr MX OK
    110   1     3  1.7178355898E+00 4.0E+00     1 3.3E-01      T  T
    111   1     3  1.7134663933E+00 1.2E+00    30 4.2E-03      F  F
    112   1     3  1.7117457455E+00 5.2E-01    30 8.8E-03      F  T
    113   2     3  1.6872615128E+00 2.6E-01    30 2.2E+01      T  T
    114   2     3  1.5671815259E+00 2.2E-01    29 1.5E+00      T  T
    115   2     3  1.2151492933E+00 1.2E-01    28 4.1E+01      T  T
    116   1     2  5.1696122465E-01 8.6E+01    29 9.5E-05      T  T
    117   1     2  1.0734618779E-01 2.5E-01     2 5.5E+00      T  T
    118   1     2  1.0643439495E-01 2.5E-01     2 1.2E-02      T  T
    119   1     1  2.2067301444E-02 2.7E-01    29 5.1E+00      T  T
 
 ** Feasible solution. Value of objective =   -122.405624927
 
   Iter Phase Ninf     Objective     RGmax    NSB   Step InItr MX OK
    120   3        1.4522106642E+01 3.5E+07    38 9.7E-01    1 F  T
    121   3        2.6816504774E+01 6.2E+01    37 9.8E-01    3 T  T
    122   3        2.7264175450E+01 1.6E+03    55 1.2E-01    4 F  F
    123   3        2.7324844798E+01 1.1E+00    55 1.5E-02      T  T
    124   3        2.7383227968E+01 1.0E+00    54 2.0E-02      T  T
    125   3        2.9413709605E+01 7.6E-01    53 2.1E-01      T  T
    126   3        3.0070373685E+01 6.7E-01    52 8.2E-02      T  T
    127   3        3.1924153384E+01 5.2E+02    51 1.0E+00    3 T  T
    128   3        3.6188231422E+01 4.0E+00    49 9.1E-01    6 T  T
    129   3        3.6995839636E+01 2.9E+00    49 1.0E+00   10 T  T
 
   Iter Phase Ninf     Objective     RGmax    NSB   Step InItr MX OK
    130   3        3.8850887736E+01 1.7E+00    39 9.5E-01   11 T  T
    131   3        3.9318515457E+01 4.5E+00    38 1.9E-01   11 T  T
    132   3        3.9380151114E+01 1.2E+00    37 1.0E+00    9 T  T
    133   3        4.0051434331E+01 1.8E+00    30 9.7E-01    7 T  T
    134   3        4.0183560900E+01 1.5E+00    29 1.0E+00    8 T  T
    135   3        4.0399093575E+01 8.6E-01    21 9.7E-01    7 F  T
    136   3        4.0518444517E+01 9.3E-01    26 1.0E+00    6 T  T
    137   3        4.0834626531E+01 2.1E+00    20 1.8E-01    4 F  T
    138   3        4.0972503155E+01 1.1E+00    23 1.0E+00    2 T  T
    139   3        4.1052700285E+01 3.0E-01    21 6.3E-01    1 F  T
 
   Iter Phase Ninf     Objective     RGmax    NSB   Step InItr MX OK
    140   3        4.1083235646E+01 3.8E-01    21 7.1E-01    1 F  T
    141   3        4.1094393020E+01 4.5E-01    21 2.5E-02      F  T
    142   3        4.1105903210E+01 4.4E-01    21 4.0E-02      F  T
    143   3        4.1116980052E+01 4.7E-01    21 2.6E-02      F  T
    144   4        4.1163919255E+01 2.4E-01    21 7.0E+00      F  T
    145   4        4.1250806497E+01 1.9E+00    21 1.0E+00    2 T  T
    146   4        4.1354513798E+01 1.1E+00    20 1.0E+00    8 F  T
    147   4        4.1365040138E+01 6.0E-01    18 1.0E+00    9 T  T
    148   4        4.1497753335E+01 6.0E-01    25 1.0E+00   11 T  T
    149   4        4.1606586372E+01 3.9E-01    27 1.0E+00   12 F  T
 
   Iter Phase Ninf     Objective     RGmax    NSB   Step InItr MX OK
    150   4        4.1671883853E+01 2.4E-01    28 1.0E+00   12 T  T
    151   3        4.1671883853E+01 4.7E-01    28 0.0E+00      T  T
    152   3        4.1671884716E+01 4.5E-01    28 3.9E-06      T  T
    153   3        4.1680816659E+01 4.5E-01    27 8.1E-02      F  T
    154   3        4.1684908531E+01 3.6E-01    28 3.7E-02      F  T
    155   4        4.1689405675E+01 2.1E-01    28 4.0E+00      F  T
    156   4        4.1693886702E+01 6.1E-02    28 1.0E+00    3 T  T
    157   4        4.1936386517E+01 2.0E-01    42 1.0E+00    4 T  T
    158   3        4.1936386517E+01 3.4E-01    40 0.0E+00      T  T
    159   3        4.1936386517E+01 3.4E-01    39 0.0E+00      T  T
 
   Iter Phase Ninf     Objective     RGmax    NSB   Step InItr MX OK
    160   3        4.1947946521E+01 3.4E-01    38 1.1E-01      F  T
    161   3        4.1955588701E+01 4.2E-01    38 4.7E-02      F  T
    162   4        4.1966642740E+01 1.2E-01    38 3.0E+00      T  T
    163   4        4.2018883536E+01 5.3E-01    45 1.8E+00      F  T
    164   4        4.2025785608E+01 2.6E-01    45 3.5E-01      T  T
    165   4        4.2036268279E+01 2.6E-01    44 8.8E-01      T  T
    166   4        4.2041386819E+01 1.3E-01    43 7.7E-01      T  T
    167   3        4.2046558909E+01 1.3E-01    42 4.9E-02      T  T
    168   3        4.2060690075E+01 1.3E-01    41 2.3E-01      T  T
    169   3        4.2069582944E+01 1.3E-01    40 3.0E-01      F  T
 
   Iter Phase Ninf     Objective     RGmax    NSB   Step InItr MX OK
    170   3        4.2069582944E+01 4.0E-01    40 0.0E+00      T  T
    171   3        4.2077441618E+01 4.0E-01    39 5.5E-02      F  T
    172   3        4.2080604027E+01 1.1E-01    39 9.4E-02      F  T
    173   4        4.2087422516E+01 1.9E-01    39 1.2E+00      T  T
    174   4        4.2091122132E+01 1.9E-01    38 1.7E+00      F  T
    175   3        4.2095951313E+01 1.3E-01    38 1.6E-01      F  T
    176   4        4.2095951313E+01 1.7E-01    38 0.0E+00      T  T
    177   4        4.2097761828E+01 1.7E-01    37 5.3E-01      T  T
    178   4        4.2111939265E+01 2.2E-01    41 9.2E-01      F  T
    179   4        4.2136401265E+01 1.4E-01    41 1.9E+00      F  T
 
   Iter Phase Ninf     Objective     RGmax    NSB   Step InItr MX OK
    180   4        4.2154239464E+01 3.6E-01    41 1.0E+00    2 T  T
    181   3        4.2154239464E+01 2.8E-01    41 0.0E+00      T  T
    182   3        4.2154242552E+01 2.8E-01    40 2.1E-05      T  T
    183   3        4.2164385938E+01 2.8E-01    39 2.2E-01      F  T
    184   3        4.2168608287E+01 1.5E-01    39 7.2E-02      F  T
    185   4        4.2170779680E+01 1.2E-01    39 1.0E+00      F  T
    186   4        4.2174929127E+01 1.2E-01    42 1.0E+00    3 T  T
    187   3        4.2174929127E+01 2.4E-01    42 0.0E+00      T  T
    188   3        4.2175640461E+01 1.3E-01    42 2.7E-02      F  T
    189   3        4.2176170475E+01 9.0E-02    42 3.3E-02      F  T
 
   Iter Phase Ninf     Objective     RGmax    NSB   Step InItr MX OK
    190   4        4.2176170475E+01 9.7E-02    42 0.0E+00      T  T
    191   4        4.2178576017E+01 8.4E-02    41 2.6E+00      F  T
    192   4        4.2179433953E+01 9.5E-02    41 8.4E-01      T  T
    193   4        4.2180912718E+01 9.5E-02    40 2.0E+00      T  T
    194   3        4.2181863712E+01 8.9E-02    39 6.9E-02      F  T
    195   3        4.2182982984E+01 8.5E-02    40 1.9E-01      F  T
    196   4        4.2182982984E+01 1.2E-01    40 0.0E+00      T  T
    197   4        4.2188418679E+01 1.2E-01    39 1.7E+00      F  T
    198   4        4.2190476545E+01 9.8E-02    39 3.0E-01      T  T
    199   4        4.2192388434E+01 9.8E-02    38 7.5E-01      F  T
 
   Iter Phase Ninf     Objective     RGmax    NSB   Step InItr MX OK
    200   3        4.2193080828E+01 6.1E-02    38 7.9E-02      F  T
    201   4        4.2193961055E+01 3.7E-02    38 2.5E+00      F  T
    202   4        4.2197033973E+01 5.0E-02    39 1.0E+00    2 T  T
    203   3        4.2197033973E+01 4.4E-01    39 0.0E+00      T  T
    204   3        4.2197886308E+01 4.5E-02    38 2.5E-01      F  T
    205   3        4.2198187932E+01 3.8E-02    38 7.2E-02      F  T
    206   4        4.2198937681E+01 4.2E-02    39 4.0E+00      F  T
    207   4        4.2201254435E+01 4.7E-02    39 1.0E+00    2 F  T
    208   4        4.2206184451E+01 4.9E-02    39 1.0E+00    8 F  T
    209   4        4.2209136948E+01 3.1E-02    37 1.0E+00   13 F  T
 
   Iter Phase Ninf     Objective     RGmax    NSB   Step InItr MX OK
    210   4        4.2209145286E+01 3.3E-03    37 1.0E+00   14 F  T
    211   3        4.2209339366E+01 5.6E-02    39 1.1E-01      F  T
    212   3        4.2209440333E+01 2.9E-02    39 1.1E-01      F  T
    213   4        4.2209643458E+01 3.1E-02    39 2.5E+00      F  T
    214   4        4.2210001240E+01 2.0E-02    39 1.0E+00    4 F  T
    215   4        4.2210410795E+01 3.6E-02    40 1.0E+00    8 F  T
    216   4        4.2210708647E+01 2.2E-02    44 1.0E+00   13 F  T
    217   4        4.2210713444E+01 4.0E-03    45 2.2E+00      F  T
    218   4        4.2210740009E+01 4.6E-03    45 1.0E+00   13 F  T
    219   4        4.2210740010E+01 4.7E-05    45 2.5E+00      F  T
 
   Iter Phase Ninf     Objective     RGmax    NSB   Step InItr MX OK
    220   4        4.2210740015E+01 3.3E-05    45 1.0E+00   12 F  T
    221   4        4.2210740015E+01 2.3E-07    45 1.0E+00    4 F  T
    222   4        4.2210740015E+01 4.9E-08    45
 
 ** Optimal solution. Reduced gradient less than tolerance.
 
--- Reading solution for model sdgfinance
--- SDG Egypt Model v7 brb.gms(474) 46 Mb  10 secs
--- Executing after solve: elapsed 0:00:14.355
--- SDG Egypt Model v7 brb.gms(502) 46 Mb
--- GDX File (execute_unload) C:\Users\Yunjie\Desktop\Wi2050\SDG Financing Simplified model (Egypt)\v7\input\auxiliary\modeloutput_brb.gdx
--- SDG Egypt Model v7 brb.gms(507) 46 Mb

GDXXRW           37.1.0 r07954d5 Released Nov 11, 2021 WEI x86 64bit/MS Window
Input file : C:\Users\Yunjie\Desktop\Wi2050\SDG Financing Simplified model (Egypt)\v7\input\auxiliary\modeloutput_brb.gdx
Output file: C:\Users\Yunjie\Desktop\Wi2050\SDG Financing Simplified model (Egypt)\v7\output\modeloutput_brb.xlsx
Total time = 1281 Ms
--- Profile Summary (168 records processed)
    10.015   0.046GB       474 Solve Alg  sdgfinance
     1.375   0.046GB       507 Execute    
     0.797   0.046GB       474 Solve Read sdgfinance
     0.109   0.045GB       307 Equation   eq16 (53424)
     0.094   0.046GB       474 Solve Fini sdgfinance (349188)
     0.063   0.045GB       309 Equation   eq19 (522)
     0.047   0.047GB       294 Equation   eq65 (29)
     0.047   0.029GB       306 Equation   eq15 (56376)
     0.032   0.017GB       291 Equation   eq5 (29)
     0.031   0.016GB       290 Equation   eq4 (18270)
*** Status: Normal completion
--- Job SDG Egypt Model v7 brb.gms Stop 08/16/22 11:58:23 elapsed 0:00:15.726
