--- Job SDG Egypt Model v7 arg.gms Start 08/16/22 12:44:08 37.1.0 r07954d5 WEX-WEI x86 64bit/MS Windows
--- Applying:
    D:\Program\37GAMS\gmsprmNT.txt
--- GAMS Parameters defined
    Input "C:\Users\Yunjie\Desktop\Wi2050\SDG Financing Simplified model (Egypt)\v7\SDG Egypt Model v7 arg.gms"
    PageSize 0
    ScrDir "C:\Users\Yunjie\Desktop\Wi2050\SDG Financing Simplified model (Egypt)\v7\225a\"
    SysDir D:\Program\37GAMS\
    LogOption 3
    ErrMsg 1
    ErrorLog 99
    IDE 1
    LstTitleLeftAligned 1
Licensee: Large MUD - 20 User License                    G211208|0002AR-WIN
          Columbia University, Earth Institute                       DC4533
          C:\Users\Yunjie\Documents\GAMS\gamslice.txt
          License Admin: Jeffrey Sachs, sachs@columbia.edu                 
Processor information: 1 socket(s), 4 core(s), and 8 thread(s) available
GAMS 37.1.0   Copyright (C) 1987-2021 GAMS Development. All rights reserved
--- Starting compilation
--- SDG Egypt Model v7 arg.gms(95) 3 Mb
--- call GDXXRW .\input\paraminput\paraminput_arg.xlsx output=.\input\auxiliary\paraminput_arg.gdx Index=Index!a1 trace=3

GDXXRW           37.1.0 r07954d5 Released Nov 11, 2021 WEI x86 64bit/MS Window
Excel version 12.0
Input file : C:\Users\Yunjie\Desktop\Wi2050\SDG Financing Simplified model (Egypt)\v7\input\paraminput\paraminput_arg.xlsx
Output file: C:\Users\Yunjie\Desktop\Wi2050\SDG Financing Simplified model (Egypt)\v7\input\auxiliary\paraminput_arg.gdx
Substituting Index
Loading sheet Index
Reading data from Excel; Rng = A1:E100
Reading Slice: A1:E100
par=continuation Rng=Continuation!A1 Dim=2 Rdim=1
par=costff Rng=Hardcode!B1 Dim=0 Rdim=0
par=costre Rng=Hardcode!B2 Dim=0 Rdim=0
par=dep Rng=Hardcode!B3 Dim=0 Rdim=0
par=r Rng=Hardcode!B4 Dim=0 Rdim=0
par=kff0 Rng=Hardcode!B5 Dim=0 Rdim=0
par=kre0 Rng=Hardcode!B6 Dim=0 Rdim=0
par=aff Rng=Hardcode!B7 Dim=0 Rdim=0
par=taxlim Rng=Hardcode!B8 Dim=0 Rdim=0
par=tfp1 Rng=Hardcode!B9 Dim=0 Rdim=0
par=phi Rng=Hardcode!B10 Dim=0 Rdim=0
par=fertsh Rng=Hardcode!B11 Dim=0 Rdim=0
par=bk Rng=Hardcode!B12 Dim=0 Rdim=0
par=bkf Rng=Hardcode!B13 Dim=0 Rdim=0
par=ben Rng=Hardcode!B14 Dim=0 Rdim=0
par=k0 Rng=Hardcode!B15 Dim=0 Rdim=0
par=kf0 Rng=Hardcode!B16 Dim=0 Rdim=0
par=debtqlim Rng=Hardcode!B17 Dim=0 Rdim=0
par=pubgdpsh Rng=Hardcode!B18 Dim=0 Rdim=0
par=lowerbound Rng=Hardcode!B19 Dim=0 Rdim=0
par=discr Rng=Hardcode!B20 Dim=0 Rdim=0
par=stratio Rng=Hardcode!B21 Dim=0 Rdim=0
par=hwratio Rng=Hardcode!B22 Dim=0 Rdim=0
par=hcaccum Rng=Hardcode!B23 Dim=0 Rdim=0
Type Symbol       Dim      Sheet                Data          RowHeader     ColHeader     
Loading sheet Continuation
Reading data from Excel; Rng = A1:B19
Reading Slice: A1:B19
Par  continuation   2      Continuation         B2:B19        A2:A19        B1:B1         
Loading sheet Hardcode
Reading data from Excel; Rng = A1:B23
Reading Slice: A1:B23
Par  costff         0      Hardcode             B1:B1         --:--         --:--         
Par  costre         0      Hardcode             B2:B2         --:--         --:--         
Par  dep            0      Hardcode             B3:B3         --:--         --:--         
Par  r              0      Hardcode             B4:B4         --:--         --:--         
Par  kff0           0      Hardcode             B5:B5         --:--         --:--         
Par  kre0           0      Hardcode             B6:B6         --:--         --:--         
Par  aff            0      Hardcode             B7:B7         --:--         --:--         
Par  taxlim         0      Hardcode             B8:B8         --:--         --:--         
Par  tfp1           0      Hardcode             B9:B9         --:--         --:--         
Par  phi            0      Hardcode             B10:B10       --:--         --:--         
Par  fertsh         0      Hardcode             B11:B11       --:--         --:--         
Par  bk             0      Hardcode             B12:B12       --:--         --:--         
Par  bkf            0      Hardcode             B13:B13       --:--         --:--         
Par  ben            0      Hardcode             B14:B14       --:--         --:--         
Par  k0             0      Hardcode             B15:B15       --:--         --:--         
Par  kf0            0      Hardcode             B16:B16       --:--         --:--         
Par  debtqlim       0      Hardcode             B17:B17       --:--         --:--         
Par  pubgdpsh       0      Hardcode             B18:B18       --:--         --:--         
Par  lowerbound     0      Hardcode             B19:B19       --:--         --:--         
Par  discr          0      Hardcode             B20:B20       --:--         --:--         
Par  stratio        0      Hardcode             B21:B21       --:--         --:--         
Par  hwratio        0      Hardcode             B22:B22       --:--         --:--         
Par  hcaccum        0      Hardcode             B23:B23       --:--         --:--         
Total time = 1359 Ms
--- SDG Egypt Model v7 arg.gms(96) 3 Mb
--- GDXin=C:\Users\Yunjie\Desktop\Wi2050\SDG Financing Simplified model (Egypt)\v7\input\auxiliary\paraminput_arg.gdx
--- GDX File ($gdxIn) C:\Users\Yunjie\Desktop\Wi2050\SDG Financing Simplified model (Egypt)\v7\input\auxiliary\paraminput_arg.gdx
--- SDG Egypt Model v7 arg.gms(124) 3 Mb
--- call GDXXRW .\input\auxiliary\datainput_arg.xlsx output=.\input\auxiliary\datainput_arg.gdx Index=index!a1 trace=3

GDXXRW           37.1.0 r07954d5 Released Nov 11, 2021 WEI x86 64bit/MS Window
Excel version 12.0
Input file : C:\Users\Yunjie\Desktop\Wi2050\SDG Financing Simplified model (Egypt)\v7\input\auxiliary\datainput_arg.xlsx
Output file: C:\Users\Yunjie\Desktop\Wi2050\SDG Financing Simplified model (Egypt)\v7\input\auxiliary\datainput_arg.gdx
Substituting Index
Loading sheet index
Reading data from Excel; Rng = A1:E7
Reading Slice: A1:E7
par=D1 Rng=popg0!A1 Dim=2 Rdim=1
par=D2 Rng=fert0!A1 Dim=2 Rdim=1
par=D3 Rng=surv0!A1 Dim=2 Rdim=1
par=D4 Rng=w0!A1 Dim=3 Rdim=2
par=D5 Rng=s0!A1 Dim=2 Rdim=1
par=D6 Rng=ferthic0!A1 Dim=2 Rdim=1
Type Symbol       Dim      Sheet                Data          RowHeader     ColHeader     
Loading sheet popg0
Reading data from Excel; Rng = A1:C101
Reading Slice: A1:C101
Par  D1             2      popg0                B2:C101       A2:A101       B1:C1         
Loading sheet fert0
Reading data from Excel; Rng = A1:B36
Reading Slice: A1:B36
Par  D2             2      fert0                B2:B36        A2:A36        B1:B1         
Loading sheet surv0
Reading data from Excel; Rng = A1:E100
Reading Slice: A1:E100
Par  D3             2      surv0                B2:E100       A2:A100       B1:E1         
Loading sheet w0
Reading data from Excel; Rng = A1:D319
Reading Slice: A1:D319
Par  D4             3      w0                   C2:D319       A2:B319       C1:D1         
Loading sheet s0
Reading data from Excel; Rng = A1:C18
Reading Slice: A1:C18
Par  D5             2      s0                   B2:C18        A2:A18        B1:C1         
Loading sheet ferthic0
Reading data from Excel; Rng = A1:B36
Reading Slice: A1:B36
Par  D6             2      ferthic0             B2:B36        A2:A36        B1:B1         
Total time = 1547 Ms
--- SDG Egypt Model v7 arg.gms(125) 3 Mb
--- GDXin=C:\Users\Yunjie\Desktop\Wi2050\SDG Financing Simplified model (Egypt)\v7\input\auxiliary\datainput_arg.gdx
--- GDX File ($gdxIn) C:\Users\Yunjie\Desktop\Wi2050\SDG Financing Simplified model (Egypt)\v7\input\auxiliary\datainput_arg.gdx
--- SDG Egypt Model v7 arg.gms(504) 3 Mb
--- $echo File C:\Users\Yunjie\Desktop\Wi2050\SDG Financing Simplified model (Egypt)\v7\input\auxiliary\outputsetting_arg.txt
--- SDG Egypt Model v7 arg.gms(507) 3 Mb
--- Starting execution: elapsed 0:00:03.137
--- SDG Egypt Model v7 arg.gms(472) 5 Mb
--- Generating DNLP model sdgfinance
--- SDG Egypt Model v7 arg.gms(287) 7 Mb
--- Starting Equ eq1: elapsed 0:00:03.140
--- SDG Egypt Model v7 arg.gms(288) 7 Mb
--- Starting Equ eq2: elapsed 0:00:03.143
--- SDG Egypt Model v7 arg.gms(289) 7 Mb
--- Starting Equ eq3: elapsed 0:00:03.143
--- SDG Egypt Model v7 arg.gms(290) 9 Mb
--- Starting Equ eq4: elapsed 0:00:03.152
--- SDG Egypt Model v7 arg.gms(291) 16 Mb
--- Starting Equ eq5: elapsed 0:00:03.182
--- SDG Egypt Model v7 arg.gms(295) 17 Mb
--- Starting Equ eq6: elapsed 0:00:03.220
--- SDG Egypt Model v7 arg.gms(296) 17 Mb
--- Starting Equ eq7: elapsed 0:00:03.221
--- SDG Egypt Model v7 arg.gms(297) 17 Mb
--- Starting Equ eq8: elapsed 0:00:03.221
--- SDG Egypt Model v7 arg.gms(298) 17 Mb
--- Starting Equ eq9: elapsed 0:00:03.221
--- SDG Egypt Model v7 arg.gms(299) 17 Mb
--- Starting Equ eq10: elapsed 0:00:03.221
--- SDG Egypt Model v7 arg.gms(302) 17 Mb
--- Starting Equ eq11: elapsed 0:00:03.221
--- SDG Egypt Model v7 arg.gms(303) 17 Mb
--- Starting Equ eq12: elapsed 0:00:03.222
--- SDG Egypt Model v7 arg.gms(304) 17 Mb
--- Starting Equ eq13: elapsed 0:00:03.222
--- SDG Egypt Model v7 arg.gms(305) 17 Mb
--- Starting Equ eq14: elapsed 0:00:03.222
--- SDG Egypt Model v7 arg.gms(306) 17 Mb
--- Starting Equ eq15: elapsed 0:00:03.222
--- SDG Egypt Model v7 arg.gms(307) 29 Mb
--- Starting Equ eq16: elapsed 0:00:03.271
--- SDG Egypt Model v7 arg.gms(308) 45 Mb
--- Starting Equ eq17: elapsed 0:00:03.361
--- SDG Egypt Model v7 arg.gms(309) 45 Mb
--- Starting Equ eq19: elapsed 0:00:03.362
--- SDG Egypt Model v7 arg.gms(310) 45 Mb
--- Starting Equ eq19a: elapsed 0:00:03.404
--- SDG Egypt Model v7 arg.gms(311) 45 Mb
--- Starting Equ eq19b: elapsed 0:00:03.405
--- SDG Egypt Model v7 arg.gms(312) 45 Mb
--- Starting Equ eq19c: elapsed 0:00:03.405
--- SDG Egypt Model v7 arg.gms(313) 45 Mb
--- Starting Equ eq19d: elapsed 0:00:03.405
--- SDG Egypt Model v7 arg.gms(314) 45 Mb
--- Starting Equ eq19e: elapsed 0:00:03.405
--- SDG Egypt Model v7 arg.gms(315) 45 Mb
--- Starting Equ eq20: elapsed 0:00:03.405
--- SDG Egypt Model v7 arg.gms(317) 45 Mb
--- Starting Equ eq21: elapsed 0:00:03.405
--- SDG Egypt Model v7 arg.gms(316) 45 Mb
--- Starting Equ eq21a: elapsed 0:00:03.405
--- SDG Egypt Model v7 arg.gms(318) 45 Mb
--- Starting Equ eq22: elapsed 0:00:03.406
--- SDG Egypt Model v7 arg.gms(319) 45 Mb
--- Starting Equ eq23: elapsed 0:00:03.406
--- SDG Egypt Model v7 arg.gms(320) 45 Mb
--- Starting Equ eq24: elapsed 0:00:03.406
--- SDG Egypt Model v7 arg.gms(321) 45 Mb
--- Starting Equ eq25: elapsed 0:00:03.406
--- SDG Egypt Model v7 arg.gms(322) 45 Mb
--- Starting Equ eq26: elapsed 0:00:03.412
--- SDG Egypt Model v7 arg.gms(323) 45 Mb
--- Starting Equ eq27: elapsed 0:00:03.412
--- SDG Egypt Model v7 arg.gms(324) 45 Mb
--- Starting Equ eq28: elapsed 0:00:03.413
--- SDG Egypt Model v7 arg.gms(325) 45 Mb
--- Starting Equ eq29: elapsed 0:00:03.413
--- SDG Egypt Model v7 arg.gms(326) 45 Mb
--- Starting Equ eq30a: elapsed 0:00:03.413
--- SDG Egypt Model v7 arg.gms(327) 45 Mb
--- Starting Equ eq30: elapsed 0:00:03.413
--- SDG Egypt Model v7 arg.gms(328) 45 Mb
--- Starting Equ eq31: elapsed 0:00:03.413
--- SDG Egypt Model v7 arg.gms(329) 45 Mb
--- Starting Equ eq32: elapsed 0:00:03.413
--- SDG Egypt Model v7 arg.gms(330) 45 Mb
--- Starting Equ eq33: elapsed 0:00:03.413
--- SDG Egypt Model v7 arg.gms(331) 45 Mb
--- Starting Equ eq34: elapsed 0:00:03.413
--- SDG Egypt Model v7 arg.gms(332) 45 Mb
--- Starting Equ eq36: elapsed 0:00:03.413
--- SDG Egypt Model v7 arg.gms(333) 45 Mb
--- Starting Equ eq37: elapsed 0:00:03.413
--- SDG Egypt Model v7 arg.gms(334) 45 Mb
--- Starting Equ eq38: elapsed 0:00:03.413
--- SDG Egypt Model v7 arg.gms(335) 45 Mb
--- Starting Equ eq51: elapsed 0:00:03.415
--- SDG Egypt Model v7 arg.gms(336) 45 Mb
--- Starting Equ eq52: elapsed 0:00:03.422
--- SDG Egypt Model v7 arg.gms(337) 45 Mb
--- Starting Equ eq53: elapsed 0:00:03.424
--- SDG Egypt Model v7 arg.gms(338) 45 Mb
--- Starting Equ eq54: elapsed 0:00:03.424
--- SDG Egypt Model v7 arg.gms(300) 45 Mb
--- Starting Equ eq61: elapsed 0:00:03.424
--- SDG Egypt Model v7 arg.gms(301) 45 Mb
--- Starting Equ eq62: elapsed 0:00:03.426
--- SDG Egypt Model v7 arg.gms(292) 45 Mb
--- Starting Equ eq63: elapsed 0:00:03.426
--- SDG Egypt Model v7 arg.gms(293) 45 Mb
--- Starting Equ eq64: elapsed 0:00:03.426
--- SDG Egypt Model v7 arg.gms(294) 46 Mb
--- Starting Equ eq65: elapsed 0:00:03.443
--- SDG Egypt Model v7 arg.gms(339) 47 Mb
--- Starting Equ eq66: elapsed 0:00:03.484
--- SDG Egypt Model v7 arg.gms(340) 47 Mb
--- Starting Equ eq70: elapsed 0:00:03.484
--- SDG Egypt Model v7 arg.gms(341) 47 Mb
--- Starting Equ eq71: elapsed 0:00:03.484
--- SDG Egypt Model v7 arg.gms(342) 47 Mb
--- Starting Equ eq72: elapsed 0:00:03.484
--- SDG Egypt Model v7 arg.gms(441) 47 Mb
--- Starting Equ utilt: elapsed 0:00:03.484
--- SDG Egypt Model v7 arg.gms(442) 47 Mb
--- Starting Equ utility: elapsed 0:00:03.484
--- SDG Egypt Model v7 arg.gms(393) 47 Mb
--- Starting Equ output: elapsed 0:00:03.484
--- SDG Egypt Model v7 arg.gms(394) 47 Mb
--- Starting Equ outputpc: elapsed 0:00:03.484
--- SDG Egypt Model v7 arg.gms(395) 47 Mb
--- Starting Equ ewage: elapsed 0:00:03.485
--- SDG Egypt Model v7 arg.gms(397) 47 Mb
--- Starting Equ kstart: elapsed 0:00:03.485
--- SDG Egypt Model v7 arg.gms(401) 47 Mb
--- Starting Equ kfstart: elapsed 0:00:03.485
--- SDG Egypt Model v7 arg.gms(399) 47 Mb
--- Starting Equ kffstart: elapsed 0:00:03.485
--- SDG Egypt Model v7 arg.gms(400) 47 Mb
--- Starting Equ krestart: elapsed 0:00:03.485
--- SDG Egypt Model v7 arg.gms(402) 47 Mb
--- Starting Equ knext: elapsed 0:00:03.485
--- SDG Egypt Model v7 arg.gms(405) 47 Mb
--- Starting Equ kfnext: elapsed 0:00:03.485
--- SDG Egypt Model v7 arg.gms(403) 47 Mb
--- Starting Equ kffnext: elapsed 0:00:03.485
--- SDG Egypt Model v7 arg.gms(404) 47 Mb
--- Starting Equ krenext: elapsed 0:00:03.485
--- SDG Egypt Model v7 arg.gms(423) 47 Mb
--- Starting Equ kfend: elapsed 0:00:03.485
--- SDG Egypt Model v7 arg.gms(424) 47 Mb
--- Starting Equ ktotal: elapsed 0:00:03.485
--- SDG Egypt Model v7 arg.gms(406) 47 Mb
--- Starting Equ energy: elapsed 0:00:03.485
--- SDG Egypt Model v7 arg.gms(407) 47 Mb
--- Starting Equ ffuel: elapsed 0:00:03.485
--- SDG Egypt Model v7 arg.gms(418) 47 Mb
--- Starting Equ conlim: elapsed 0:00:03.485
--- SDG Egypt Model v7 arg.gms(432) 47 Mb
--- Starting Equ education: elapsed 0:00:03.486
--- SDG Egypt Model v7 arg.gms(435) 47 Mb
--- Starting Equ edugdp: elapsed 0:00:03.486
--- SDG Egypt Model v7 arg.gms(398) 47 Mb
--- Starting Equ dstart: elapsed 0:00:03.486
--- SDG Egypt Model v7 arg.gms(412) 47 Mb
--- Starting Equ tbalance: elapsed 0:00:03.486
--- SDG Egypt Model v7 arg.gms(413) 47 Mb
--- Starting Equ totdebt: elapsed 0:00:03.486
--- SDG Egypt Model v7 arg.gms(414) 47 Mb
--- Starting Equ debttogdp: elapsed 0:00:03.486
--- SDG Egypt Model v7 arg.gms(415) 47 Mb
--- Starting Equ debtlimit: elapsed 0:00:03.486
--- SDG Egypt Model v7 arg.gms(419) 47 Mb
--- Starting Equ conend: elapsed 0:00:03.486
--- SDG Egypt Model v7 arg.gms(425) 47 Mb
--- Starting Equ consumetrpc: elapsed 0:00:03.486
--- SDG Egypt Model v7 arg.gms(420) 47 Mb
--- Starting Equ kend: elapsed 0:00:03.486
--- SDG Egypt Model v7 arg.gms(421) 47 Mb
--- Starting Equ kffend: elapsed 0:00:03.486
--- SDG Egypt Model v7 arg.gms(422) 47 Mb
--- Starting Equ kreend: elapsed 0:00:03.486
--- SDG Egypt Model v7 arg.gms(411) 47 Mb
--- Starting Equ costk: elapsed 0:00:03.486
--- SDG Egypt Model v7 arg.gms(410) 47 Mb
--- Starting Equ costkf: elapsed 0:00:03.486
--- SDG Egypt Model v7 arg.gms(408) 47 Mb
--- Starting Equ costkff: elapsed 0:00:03.487
--- SDG Egypt Model v7 arg.gms(409) 47 Mb
--- Starting Equ costkre: elapsed 0:00:03.487
--- SDG Egypt Model v7 arg.gms(433) 47 Mb
--- Starting Equ health: elapsed 0:00:03.487
--- SDG Egypt Model v7 arg.gms(434) 47 Mb
--- Starting Equ govcost: elapsed 0:00:03.487
--- SDG Egypt Model v7 arg.gms(436) 47 Mb
--- Starting Equ hlgdp: elapsed 0:00:03.487
--- SDG Egypt Model v7 arg.gms(438) 47 Mb
--- Starting Equ pubadgdp: elapsed 0:00:03.487
--- SDG Egypt Model v7 arg.gms(439) 47 Mb
--- Starting Equ infgdp: elapsed 0:00:03.487
--- SDG Egypt Model v7 arg.gms(437) 47 Mb
--- Starting Equ poutlay: elapsed 0:00:03.487
--- SDG Egypt Model v7 arg.gms(429) 47 Mb
--- Starting Equ educationuc: elapsed 0:00:03.487
--- SDG Egypt Model v7 arg.gms(430) 47 Mb
--- Starting Equ healthuc: elapsed 0:00:03.487
--- SDG Egypt Model v7 arg.gms(396) 47 Mb
--- Starting Equ marginalpk: elapsed 0:00:03.487
--- SDG Egypt Model v7 arg.gms(440) 47 Mb
--- Starting Equ enktotratio: elapsed 0:00:03.487
--- SDG Egypt Model v7 arg.gms(426) 47 Mb
--- Starting Equ endconpclim: elapsed 0:00:03.488
--- SDG Egypt Model v7 arg.gms(416) 47 Mb
--- Starting Equ nodebtbyend: elapsed 0:00:03.488
--- SDG Egypt Model v7 arg.gms(474) 48 Mb
---   142,717 rows  144,943 columns  349,188 non-zeroes
---   98,236 nl-code  27,979 nl-non-zeroes
--- SDG Egypt Model v7 arg.gms(474) 46 Mb
--- Executing CONOPT (Solvelink=2): elapsed 0:00:03.609

CONOPT 3         37.1.0 r07954d5 Released Nov 11, 2021 WEI x86 64bit/MS Window

 
 
    C O N O P T 3   version 3.17K
    Copyright (C)   ARKI Consulting and Development A/S
                    Bagsvaerdvej 246 A
                    DK-2880 Bagsvaerd, Denmark
 
 
   Iter Phase Ninf   Infeasibility   RGmax    NSB   Step InItr MX OK
      0   0        4.6081639844E+03 (Input point)
 
                   Pre-triangular equations:   141579
                   Post-triangular equations:  203
                   Definitional equations:     563
 
      1   0        1.1355042321E+04 (After pre-processing)
      2   0        2.3944154630E+02 (After scaling)
      3   1   286  2.3341833175E+02 1.2E+05    51 3.5E-01    3 F  F
      4   1   286  2.2609618636E+02 1.2E+05    48 1.0E+00    1 T  T
      5   1   286  2.2077832631E+02 1.2E+05    46 1.0E+00    7 T  T
      6   1   286  2.1959410521E+02 5.4E+04    34 1.0E+00   14 T  T
      7   1   286  2.1820274641E+02 4.6E+04    28 3.5E-01   16 F  F
      8   1   286  2.1741534596E+02 2.0E+00    27 3.5E-01   14 F  F
      9   1   286  2.1741530165E+02 2.0E+00    27 4.7E-06      T  T
 
   Iter Phase Ninf   Infeasibility   RGmax    NSB   Step InItr MX OK
     10   1   286  2.1741530102E+02 2.0E+00    26 6.9E-08      T  T
     11   1   286  2.1741530044E+02 2.0E+00    25 6.6E-08      T  T
     12   1   286  2.1741529989E+02 2.0E+00    24 6.3E-08      T  T
     13   1   286  2.1741529939E+02 2.0E+00    23 6.0E-08      T  T
     14   1   286  2.1741529894E+02 2.0E+00    22 5.6E-08      T  T
     15   1   286  2.1741529854E+02 2.0E+00    21 5.1E-08      T  T
     16   1   286  2.1741529821E+02 2.0E+00    20 4.3E-08      T  T
     17   1   286  2.1740649384E+02 1.3E+02    38 3.4E-08      T  T
     18   1   286  2.1740365120E+02 1.3E+02    37 1.1E-08      T  T
     19   1   286  2.1740197251E+02 1.3E+02    36 6.4E-09      T  T
 
   Iter Phase Ninf   Infeasibility   RGmax    NSB   Step InItr MX OK
     20   1   286  2.1740060775E+02 1.3E+02    35 5.2E-09      T  T
     21   1   284  1.9025287219E+02 1.3E+02    31 1.0E+00    3 T  T
     22   1   269  1.8910279656E+02 1.3E+02    30 1.0E+00   15 T  T
     23   1   269  1.8910279656E+02 1.2E+02    80 0.0E+00   13 F  F
     24   1   269  1.8910279656E+02 2.0E+00    33 0.0E+00    6 F  F
     25   1   269  1.8910276465E+02 2.0E+00    32 3.8E-03    2 F  F
     26   1   269  1.8910260815E+02 2.7E+00    32 6.2E-02    1 F  F
     27   1   268  1.8910064235E+02 1.6E+00    32 7.8E-05      T  T
     28   1   267  1.8909564910E+02 1.6E+00    31 2.1E-04      T  T
     29   1   266  1.8909271609E+02 2.7E+00    31 1.0E-04      T  T
 
   Iter Phase Ninf   Infeasibility   RGmax    NSB   Step InItr MX OK
     30   1   266  1.8906715561E+02 1.0E+00    30 1.2E-03      F  F
     31   1   266  1.8903186217E+02 1.0E+00    30 1.7E-03      F  F
     32   1   266  1.8896513829E+02 1.0E+00    30 3.3E-03      F  F
     33   1   266  1.8884479097E+02 1.0E+00    30 6.3E-03      F  F
     34   1   266  1.8864265225E+02 1.0E+00    30 1.1E-02      F  F
     35   1   265  1.8806125316E+02 1.0E+00    30 3.3E-02      T  T
     36   1   265  1.8707432689E+02 1.0E+00    29 6.2E-02    3 F  F
     37   1   264  1.8598069595E+02 1.0E+00    29 1.0E+00    1 T  T
     38   1   264  1.8192987911E+02 1.6E+03    28 2.4E-01    4 F  F
     39   1   263  1.7188864740E+02 1.0E+00    28 1.0E+00    1 T  T
 
   Iter Phase Ninf   Infeasibility   RGmax    NSB   Step InItr MX OK
     40   1   263  1.7038703567E+02 2.2E+05    80 2.6E-01    6 F  F
     41   1   260  1.6873267100E+02 1.0E+03   130 1.0E+00    6 T  T
     42   1   253  1.3635433261E+02 1.0E+00   124 1.0E+00    7 T  T
     43   1   239  1.2491401857E+02 1.0E+00   117 1.0E+00   14 T  T
     44   1   222  1.1334067419E+02 1.0E+00   103 1.0E+00   17 T  T
     45   1   202  1.0185549075E+02 1.0E+00    86 1.0E+00   22 T  T
     46   1   175  8.9601882630E+01 1.0E+00    64 1.0E+00   27 T  T
     47   1   146  6.9491544268E+01 1.0E+00    37 1.0E+00   32 T  T
     48   1   146  6.8996833121E+01 5.1E+00    41 1.9E-01   41 F  F
     49   1   134  6.7344160352E+01 2.0E+00    41 1.0E+00   13 T  T
 
   Iter Phase Ninf   Infeasibility   RGmax    NSB   Step InItr MX OK
     50   1   134  6.7228524033E+01 3.3E-01    34 1.9E-01   20 F  F
     51   1   134  6.7150344794E+01 3.3E-01    34 1.8E-01    6 F  F
     52   1   133  6.7106343668E+01 3.8E-01    34 9.3E-02      T  T
     53   1   133  6.7076361419E+01 6.9E-01    33 3.7E-02      F  F
     54   1   133  6.7025216533E+01 1.2E+00    32 2.2E-02      F  F
     55   1   133  6.6769442061E+01 5.0E-01    32 7.9E-01      F  F
     56   1   133  6.6662025583E+01 5.0E-01    32 2.3E-01      F  F
     57   1   133  6.6511788698E+01 5.0E-01    32 1.7E-01      F  F
     58   1   133  6.6413796168E+01 5.0E-01    32 8.2E-02      F  F
     59   1   133  6.5233100600E+01 5.0E-01    32 1.1E+00      F  F
 
   Iter Phase Ninf   Infeasibility   RGmax    NSB   Step InItr MX OK
     60   1   133  6.4777509921E+01 5.0E-01    32 4.3E-01      F  F
     61   1   132  6.4100480541E+01 5.0E-01    32 6.2E-01      T  T
     62   1   132  6.2123395552E+01 5.0E-01    32 1.8E+00      F  F
     63   1   132  6.0625256052E+01 5.0E-01    32 1.4E+00      F  F
     64   1   131  5.9609553289E+01 5.0E-01    32 8.7E-01      T  T
     65   1   129  5.9356509097E+01 5.0E-01    31 2.3E-01      T  T
     66   1   126  5.8731517849E+01 1.0E+00    30 1.0E+00    3 T  T
     67   1   126  5.8388989046E+01 3.4E+01    27 3.4E-01    8 F  F
     68   1   126  5.8144086003E+01 3.2E-01    27 3.4E-01    3 F  F
     69   1   126  5.8056967985E+01 1.0E+00    27 4.7E-02      F  F
 
   Iter Phase Ninf   Infeasibility   RGmax    NSB   Step InItr MX OK
     70   1   125  5.7689674721E+01 1.0E+00    27 2.9E-01      T  T
     71   1   125  5.7424829462E+01 5.0E-01    26 9.6E-01      F  F
     72   1   125  5.6265303232E+01 5.0E-01    26 4.2E+00      F  F
     73   1   124  5.5579675372E+01 5.0E-01    26 1.9E+00      T  T
     74   1   124  5.5491187255E+01 6.0E-01    25 1.4E-01      F  F
     75   1   124  5.5117313012E+01 2.5E-01    25 2.5E+00      F  F
     76   1   124  5.4955632563E+01 2.5E-01    25 7.6E-01      F  F
     77   1   124  5.3824071316E+01 2.5E-01    25 5.7E+00      F  F
     78   1   123  5.1522993317E+01 2.5E-01    25 8.8E+00      T  T
     79   1   123  5.1020835844E+01 2.5E-01    24 2.3E+00      F  F
 
   Iter Phase Ninf   Infeasibility   RGmax    NSB   Step InItr MX OK
     80   1   123  5.0541199715E+01 2.5E-01    24 1.6E+00      F  F
     81   1   123  5.0520620152E+01 1.1E+01    26 9.8E-05      F  F
     82   1   122  5.0516791048E+01 1.4E+03    28 1.1E-09      T  T
     83   1   122  5.0379657929E+01 1.3E+00    27 3.2E-01    3 F  F
     84   1   122  5.0240366774E+01 1.2E+04    28 5.1E-01    3 F  F
     85   1   122  5.0240365484E+01 4.5E+00    28 3.3E-08      F  F
     86   1   122  5.0237208005E+01 1.0E+00    28 1.3E-03      F  F
     87   1   122  5.0211713520E+01 1.0E+00    28 1.0E-02      F  F
     88   1   122  5.0211713520E+01 1.0E+00    34 0.0E+00      T  T
     89   1   122  5.0211713520E+01 1.0E+00    27 0.0E+00      F  F
 
   Iter Phase Ninf   Infeasibility   RGmax    NSB   Step InItr MX OK
     90   0        5.0211713579E+01
     91   1   123  5.0164692453E+01 1.0E+00    28 2.0E-02      F  F
     92   1   122  5.0137628179E+01 1.0E+00    28 1.1E-02      T  T
     93   1   122  5.0137628179E+01 1.0E+00    28 0.0E+00      T  T
     94   1   121  5.0127126743E+01 1.0E+00    27 4.4E-03      T  T
     95   1   120  5.0080052864E+01 1.0E+00    26 3.4E-02      T  T
     96   1   120  5.0020613111E+01 5.0E-01    25 1.6E-01      F  F
     97   1   120  4.9933037636E+01 5.0E-01    25 2.4E-01      F  F
     98   1   120  4.9782140787E+01 5.0E-01    25 4.1E-01      F  F
     99   1   120  4.9271252964E+01 1.0E+00    25 4.6E-01      F  F
 
   Iter Phase Ninf   Infeasibility   RGmax    NSB   Step InItr MX OK
    100   1   119  4.9101035355E+01 1.0E+00    25 1.5E-01      T  T
    101   1   119  4.9095608667E+01 2.0E+02    24 4.7E-02    3 F  F
    102   1   119  4.9027629255E+01 1.5E+00    24 7.0E-01    1 F  F
    103   1   119  4.9018237464E+01 2.0E+00    24 3.6E-03      F  F
    104   1   119  4.8953172992E+01 2.5E-01    24 4.9E-01      F  F
    105   1   119  4.8953129981E+01 3.3E+02    25 6.9E-10      F  F
    106   1   119  4.8953066005E+01 5.0E-01    25 1.7E-04      F  F
    107   1   119  4.8719478070E+01 2.5E-01    25 1.8E+00      F  F
    108   1   119  4.7948481660E+01 2.5E-01    25 4.3E+00      F  F
    109   1   118  4.7180086583E+01 2.5E-01    25 4.2E+00      T  T
 
   Iter Phase Ninf   Infeasibility   RGmax    NSB   Step InItr MX OK
    110   1   118  4.6276203183E+01 5.0E-01    24 2.2E+00      F  F
    111   1   118  4.5722157971E+01 5.0E-01    24 1.2E+00      T  T
    112   1   117  4.5442542791E+01 5.0E-01    23 5.9E-01      T  T
    113   1   117  4.5442449675E+01 5.6E+02    23 5.9E-10      F  F
    114   1   115  4.5199193975E+01 3.1E-01    23 1.1E+00      T  T
    115   1   115  4.4448498357E+01 1.9E+02    22 3.4E-01    3 F  F
    116   1   115  4.4246253965E+01 6.7E+00    22 3.4E-01    1 F  F
    117   1   114  4.3092932418E+01 1.2E+00    22 6.6E-01      T  T
    118   1   114  4.2974451903E+01 3.8E-01    21 4.1E-01      F  F
    119   1   114  4.2437649812E+01 2.5E-01    21 3.3E+00      F  F
 
   Iter Phase Ninf   Infeasibility   RGmax    NSB   Step InItr MX OK
    120   1   113  4.1087805969E+01 5.0E-01    21 2.2E+00      T  T
    121   1   112  4.0280005896E+01 5.0E-01    20 2.2E+00      T  T
    122   1   112  4.0071765699E+01 2.5E-01    19 1.6E+00      F  F
    123   1   112  3.9672159756E+01 2.5E-01    19 3.0E+00      F  F
    124   1   112  3.9213322998E+01 2.5E-01    19 2.2E+00      F  F
    125   1   112  3.8557354250E+01 2.5E-01    19 2.5E+00      F  F
    126   1   111  3.5639832420E+01 2.5E-01    28 9.7E+00      T  T
    127   1   108  3.2951585159E+01 7.5E-01    27 1.0E+00    3 T  T
    128   1   108  3.2257381081E+01 4.1E+00    24 3.4E-01    8 F  F
    129   1   108  3.2061612926E+01 5.2E+00    24 3.4E-01    4 F  F
 
   Iter Phase Ninf   Infeasibility   RGmax    NSB   Step InItr MX OK
    130   1   106  3.1954033886E+01 5.4E+00    24 3.6E-03      T  T
    131   1   106  3.1948752602E+01 1.0E+00    23 4.7E-03      T  T
    132   1   105  3.1932380589E+01 1.0E+00    22 1.5E-02      T  T
    133   1   105  3.1705438592E+01 2.5E-01    21 1.9E+00      F  F
    134   1   105  3.1563197613E+01 2.5E-01    21 7.4E-01      F  F
    135   1   105  2.9749959236E+01 5.0E-01    21 5.3E+00      F  F
    136   1   105  2.8156259137E+01 5.0E-01    21 3.6E+00      F  F
    137   1   104  2.7568031207E+01 5.0E-01    21 1.1E+00      T  T
    138   1   104  2.6902049119E+01 6.8E-01    20 3.4E-01    3 F  F
    139   1   103  2.6346751721E+01 1.1E+00    20 1.0E+00    1 T  T
 
   Iter Phase Ninf   Infeasibility   RGmax    NSB   Step InItr MX OK
    140   1   103  2.5607367352E+01 2.7E+01    24 3.4E-01    6 F  F
    141   1   100  2.4656756858E+01 1.1E+00    24 1.0E+00    3 T  T
    142   1   100  2.4493572766E+01 2.6E+01    22 4.0E-01    3 F  F
    143   1   100  2.4382736759E+01 2.4E-01    22 3.4E-01    2 F  F
    144   1    99  2.4332324305E+01 5.5E-01    22 8.5E-02      T  T
    145   1    99  2.4236564697E+01 6.8E-01    21 1.6E-01      F  F
    146   1    99  2.4018684935E+01 3.0E-01    21 1.5E+00      F  F
    147   1    99  2.3652731179E+01 2.5E-01    21 4.7E+00      T  T
    148   1    99  2.3581810818E+01 2.5E-01    20 8.9E-01      T  T
    149   1    98  2.3375171205E+01 2.5E-01    19 2.9E+00      T  T
 
   Iter Phase Ninf   Infeasibility   RGmax    NSB   Step InItr MX OK
    150   1    97  2.3281504385E+01 2.6E+01    42 1.0E+00    3 T  T
    151   1    97  2.3143875081E+01 2.7E+01    50 3.4E-01    8 F  F
    152   1    96  2.3041024958E+01 2.7E+01    50 1.0E+00    3 T  T
    153   1    96  2.2975329795E+01 2.5E+00    48 3.4E-01   11 F  F
    154   1    96  2.2895604781E+01 4.1E+00    48 3.4E-01    3 F  F
    155   1    94  2.2789390054E+01 9.5E+00    48 7.2E-04      F  F
    156   1    94  2.2786327236E+01 3.3E+00    48 2.6E-04      T  T
    157   1    94  2.2783260513E+01 3.3E+00    47 2.5E-04      T  T
    158   1    94  2.2744017639E+01 3.7E+00    46 2.1E-03      F  F
    159   1    93  2.2738051884E+01 2.5E+00    47 1.9E-03      F  T
 
   Iter Phase Ninf   Infeasibility   RGmax    NSB   Step InItr MX OK
    160   2    93  2.2737389956E+01 3.1E+00    48 3.4E-02      T  T
    161   2    93  2.2736558268E+01 4.2E+00    47 2.5E-02      T  T
    162   1    93  2.2609403916E+01 2.5E-01    46 1.1E+00      F  F
    163   1    93  2.2508824139E+01 3.4E-01    46 4.4E-01      F  F
    164   1    93  2.2212426271E+01 2.8E-01    46 1.6E+00      F  F
    165   1    92  2.1298829169E+01 5.0E-01    46 2.9E+00      T  T
    166   1    91  2.0525825581E+01 2.5E-01    45 1.1E+01      T  T
    167   1    90  2.0504936885E+01 3.1E-02    44 3.0E+00      T  T
    168   1    90  2.0504937028E+01 2.6E+00    44 6.7E-08      F  F
    169   1    90  2.0504936883E+01 8.3E-01    44 2.0E-07      T  T
 
   Iter Phase Ninf   Infeasibility   RGmax    NSB   Step InItr MX OK
    170   1    90  2.0504627931E+01 3.1E+00    44 3.2E-05      T  T
    171   1    90  2.0329064537E+01 1.2E+01    53 6.7E-01    3 F  F
    172   1    87  2.0210079712E+01 4.2E+00    54 1.0E+00    4 T  T
    173   1    87  2.0146360580E+01 4.2E+00    51 3.4E-01    6 F  F
    174   1    85  2.0112184175E+01 4.2E+00    51 1.0E+00    3 T  T
    175   1    84  2.0097429776E+01 3.5E+00    48 3.4E-02    7 F  T
    176   1    81  1.9987033918E+01 1.7E+00    48 1.0E+00    3 T  T
    177   1    81  1.9706143463E+01 4.2E+00    60 3.3E-01    8 F  F
    178   1    81  1.9643557480E+01 1.4E+01    60 3.4E-01    5 F  F
    179   1    81  1.9585715617E+01 2.3E+00    60 6.6E-03      T  T
 
   Iter Phase Ninf   Infeasibility   RGmax    NSB   Step InItr MX OK
    180   1    81  1.9523792315E+01 4.3E+00    59 2.4E-03      F  F
    181   1    81  1.9444175040E+01 7.6E+00    59 1.0E-03      F  F
    182   1    81  1.9279542721E+01 1.3E+01    59 5.9E-04      F  F
    183   1    80  1.9214023359E+01 7.9E-01    59 3.2E-01      T  T
    184   1    79  1.7396075291E+01 5.0E-01    58 7.1E+00      T  T
    185   1    78  1.7200391458E+01 2.5E-01    57 1.9E+00      T  T
    186   1    76  1.6842112392E+01 3.9E+00    57 1.0E+00    3 T  T
    187   1    74  1.6767262975E+01 2.1E+01    55 3.2E-02    8 F  T
    188   1    74  1.6552177107E+01 2.5E+00    55 1.0E+00    2 T  T
    189   1    72  1.6507174292E+01 3.0E+02    59 3.4E-02    7 F  T
 
   Iter Phase Ninf   Infeasibility   RGmax    NSB   Step InItr MX OK
    190   1    72  1.6321042100E+01 3.3E+01    59 8.3E-01    3 F  F
    191   1    71  1.6251299832E+01 8.9E-01    59 4.7E-02      T  T
    192   1    71  1.6235108687E+01 8.3E-01    58 2.3E-02      T  T
    193   1    71  1.6131581615E+01 8.3E-01    57 1.4E-01      T  T
    194   1    70  1.6084115119E+01 8.7E-01    56 6.1E-02      T  T
    195   1    70  1.6076597312E+01 3.5E-02    55 1.0E+00    3 T  T
    196   1    68  1.5418979736E+01 2.1E-01    52 5.0E-01    7 F  T
    197   1    66  1.5319897814E+01 1.0E+00    54 1.2E-01    6 F  T
    198   1    65  1.5269439549E+01 1.0E+00    54 1.5E-02      F  F
    199   1    64  1.5075969530E+01 8.7E-01    54 1.2E-01      T  T
 
   Iter Phase Ninf   Infeasibility   RGmax    NSB   Step InItr MX OK
    200   1    64  1.5069769614E+01 8.7E-01    53 7.7E-03      T  T
    201   1    63  1.5069593759E+01 8.7E-01    52 2.2E-04      T  T
    202   1    62  1.4915530891E+01 6.4E-02    51 5.7E+00      T  T
    203   1    59  1.4699314590E+01 2.8E-01    50 1.4E+00    3 T  F
    204   1    59  1.4637867985E+01 2.9E-01    50 3.4E-01    1 F  F
    205   1    59  1.4603367437E+01 6.3E-01    50 3.4E-01    1 F  F
    206   1    59  1.4312407986E+01 3.2E-01    50 8.7E-01      T  T
    207   1    59  1.4244931128E+01 5.3E-01    49 1.2E-01      T  T
    208   1    59  1.4226049882E+01 5.3E-01    48 3.2E-02      T  T
    209   1    58  1.4015702758E+01 5.3E-01    47 3.3E-01      T  T
 
   Iter Phase Ninf   Infeasibility   RGmax    NSB   Step InItr MX OK
    210   1    58  1.3855053959E+01 6.6E+00    46 3.4E-01    3 F  F
    211   1    58  1.3728688137E+01 1.5E+01    46 3.4E-01    1 F  F
    212   1    58  1.3537659648E+01 3.5E+01    46 1.0E-04      F  F
    213   1    57  1.3402964079E+01 1.0E+00    47 8.7E-02      T  T
    214   1    56  1.3297039430E+01 6.2E-01    46 1.7E-01      T  T
    215   1    55  1.3042518531E+01 6.2E-01    45 4.1E-01      T  T
    216   1    55  1.2857708182E+01 2.5E-01    44 2.4E+00      T  T
    217   1    51  1.2059764145E+01 2.5E-01    43 1.2E+01      T  T
    218   1    50  1.1674521119E+01 5.0E+00    42 5.0E-01    3 F  T
    219   1    50  1.1552507678E+01 5.9E-01    42 2.5E-01    2 F  F
 
   Iter Phase Ninf   Infeasibility   RGmax    NSB   Step InItr MX OK
    220   1    50  1.1394739912E+01 1.0E+00    42 1.4E-01      F  F
    221   1    49  1.1227044420E+01 2.7E-01    42 1.9E+00      T  T
    222   1    45  1.0847485711E+01 5.7E-02    41 9.0E+01      F  T
    223   1    45  1.0847485711E+01 1.1E-02    41 0.0E+00      T  T
    224   1    45  1.0766221936E+01 1.1E-02    40 6.7E+01      T  T
    225   1    45  1.0581749098E+01 1.1E-02    39 1.5E+02      T  T
    226   1    40  9.6282418967E+00 4.5E-02    38 6.5E+01      T  T
    227   1    39  9.5890418571E+00 6.0E-02    37 4.3E+00      T  T
    228   1    34  9.1936102528E+00 2.3E-02    36 1.8E+02      T  T
    229   1    33  8.8965924628E+00 1.9E-02    35 1.0E+00    3 T  T
 
   Iter Phase Ninf   Infeasibility   RGmax    NSB   Step InItr MX OK
    230   1    33  8.8965222956E+00 4.4E+07    44 8.6E-05    8 F  F
    231   1    30  8.5410176631E+00 1.4E+00    44 1.0E+00    4 T  T
    232   1    29  8.5102090361E+00 1.7E+00    44 1.6E-02    9 F  T
    233   1    29  7.8715788226E+00 8.9E-01    44 4.3E-01    3 F  F
    234   1    28  7.4615467523E+00 1.0E+00    44 1.1E-01      T  T
    235   1    27  7.0240514673E+00 9.4E-01    43 1.6E-01      T  T
    236   1    26  6.9928559745E+00 9.5E-01    42 1.7E-02      T  T
    237   1    25  6.9666252121E+00 9.5E-01    41 2.9E-02      T  T
    238   1    25  6.9620581965E+00 7.4E-02    40 4.2E-01      T  T
    239   1    25  6.9618123163E+00 7.4E-02    39 2.3E-02      T  T
 
   Iter Phase Ninf   Infeasibility   RGmax    NSB   Step InItr MX OK
    240   1    25  6.9593580433E+00 7.4E-02    38 2.3E-01      T  T
    241   1    24  5.9057543086E+00 7.4E-02    37 7.7E+01      T  T
    242   1    24  5.8779544821E+00 7.8E-03    52 2.8E-01    3 F  F
    243   1    23  5.8404027270E+00 7.8E-03    52 1.0E+00    1 T  T
    244   1    23  5.8275764130E+00 7.8E-03    51 2.7E-01    6 F  F
    245   1    23  5.8115063733E+00 7.8E-03    70 1.0E+00    2 T  T
    246   1    23  5.7862750832E+00 7.8E-03    72 1.0E+00    7 T  T
    247   1    23  5.6539397884E+00 1.8E-02    67 9.7E-01   12 T  T
    248   1    23  5.5615030004E+00 1.4E-01    67 1.0E+00    9 T  T
    249   1    23  5.3212455378E+00 9.0E-02    58 9.6E-01   13 T  T
 
   Iter Phase Ninf   Infeasibility   RGmax    NSB   Step InItr MX OK
    250   1    22  5.1731437205E+00 9.4E-01    57 1.0E+00   19 T  T
    251   1    22  4.5750452003E+00 4.3E+02    45 1.3E-01   23 F  F
    252   1    21  1.5091696294E+00 3.0E+03    45 1.0E+00    2 T  T
    253   1     8  4.9595213066E-01 2.0E-03    18 2.2E+00   11 T  T
    254   1     8  7.6142216818E-02 4.9E-04    10 8.9E-01    7 T  T
    255   1     4  4.8376994323E-02 1.0E+00    12 8.9E-01    6 F  F
    256   1     3  3.4162292421E-02 1.5E-01     8 1.0E+00    3 T  T
 
 ** Feasible solution. Value of objective =   -185.084971266
 
   Iter Phase Ninf     Objective     RGmax    NSB   Step InItr MX OK
    257   3       -2.5932975327E+01 8.4E+06    73 1.0E+00    1 F  T
    258   3        6.9792158165E-01 9.8E+00    72 1.0E+00    3 T  T
    259   3        6.6187681649E+00 2.3E+01    69 8.3E-01    6 T  T
    260   3        7.6648266217E+00 1.4E+01    82 1.0E+00    5 T  T
    261   3        9.5280928411E+00 8.8E-01    77 1.0E+00    4 T  T
    262   3        1.3372970830E+01 1.4E+00    73 6.1E-01    7 T  T
    263   3        1.6808426274E+01 5.1E-01    72 9.8E-01    6 T  T
    264   3        1.8168341739E+01 1.9E+01    71 1.0E+00    9 T  T
    265   3        1.9023302917E+01 2.0E+02    63 1.2E-01    9 F  F
    266   3        1.9079715986E+01 1.5E+01    64 2.5E-01    4 F  T
 
   Iter Phase Ninf     Objective     RGmax    NSB   Step InItr MX OK
    267   3        1.9126367189E+01 1.3E+01    64 2.5E-04      T  T
    268   3        1.9358358724E+01 1.1E+00    63 2.9E-02      T  T
    269   3        2.0163758961E+01 9.3E-01    62 1.1E-01      T  T
    270   3        2.0403260455E+01 6.0E-01    61 4.0E-02      T  T
    271   3        2.1542831575E+01 5.8E-01    60 1.0E+00    2 T  T
    272   3        2.3612666026E+01 1.2E+01    58 6.5E-01    5 T  T
    273   3        2.4094150838E+01 1.2E+01    59 1.0E+00    5 T  T
    274   3        2.4551187711E+01 2.0E+00    54 5.0E-01    2 F  T
    275   3        2.4751299530E+01 1.3E+00    54 5.3E-01    2 F  T
    276   3        2.4757472929E+01 8.5E-01    54 2.8E-03      T  T
 
   Iter Phase Ninf     Objective     RGmax    NSB   Step InItr MX OK
    277   3        2.4860296565E+01 1.1E+00    55 7.0E-02      F  T
    278   3        2.4990234814E+01 4.2E-01    55 1.9E-01      T  T
    279   3        2.5082863487E+01 1.2E+00    54 1.1E-01      F  F
    280   3        2.5222410449E+01 1.6E+00    54 4.8E-02      F  T
    281   4        2.5275227867E+01 5.1E-01    54 6.8E-01      T  T
    282   4        2.5281528706E+01 4.8E-01    53 2.5E-02      T  T
    283   4        2.5294832121E+01 7.2E-01    52 1.7E-01      T  T
    284   4        2.5307473552E+01 1.0E+00    51 2.6E-01      T  T
    285   3        2.5346517500E+01 9.8E-01    50 5.0E-02      F  T
    286   3        2.5431286633E+01 8.8E-01    52 6.2E-02      T  T
 
   Iter Phase Ninf     Objective     RGmax    NSB   Step InItr MX OK
    287   3        2.5445008065E+01 5.1E-01    51 1.9E-02      T  T
    288   3        2.5458702473E+01 5.4E-01    50 3.1E-02      F  T
    289   3        2.5470908643E+01 8.3E-01    50 1.3E-02      F  T
    290   4        2.5524519614E+01 4.7E-01    50 1.2E+01      F  T
    291   4        2.5567810051E+01 1.6E+00    50 1.0E+00    3 T  T
    292   4        2.5758071869E+01 6.7E-01    48 1.0E+00    8 T  T
    293   4        2.5922596015E+01 5.7E-01    45 9.9E-01    9 T  T
    294   4        2.6005890921E+01 4.5E+00    43 1.0E+00   12 T  T
    295   4        2.6053263272E+01 5.3E+00    42 1.0E+00   13 F  T
    296   4        2.6068142787E+01 9.0E+00    41 1.0E+00    8 T  T
 
   Iter Phase Ninf     Objective     RGmax    NSB   Step InItr MX OK
    297   4        2.6103549687E+01 1.5E-01    44 1.0E+00   19 T  T
    298   4        2.6357637598E+01 6.1E-01    41 9.8E-01   22 F  T
    299   4        2.6499348041E+01 3.6E+00    35 1.0E+00    7 T  T
    300   3        2.6499348041E+01 2.8E+00    41 0.0E+00      T  T
    301   3        2.6499807550E+01 2.8E+00    40 2.5E-05      T  T
    302   3        2.6499807550E+01 2.8E+00    39 0.0E+00      T  T
    303   3        2.6500392273E+01 2.7E+00    38 7.3E-05      T  T
    304   3        2.6503315054E+01 2.7E+00    37 4.1E-04      T  T
    305   3        2.6514778317E+01 2.7E+00    36 4.2E-03      F  T
    306   3        2.6514807114E+01 7.9E-01    37 4.8E-05      F  T
 
   Iter Phase Ninf     Objective     RGmax    NSB   Step InItr MX OK
    307   3        2.6514834620E+01 7.0E-01    37 6.6E-05      F  T
    308   4        2.6519054769E+01 7.8E-01    37 1.1E+02      F  T
    309   4        2.6527395838E+01 8.7E+00    37 1.0E+00    4 F  T
    310   4        2.6567445112E+01 7.9E-02    37 1.0E+00    8 T  T
    311   3        2.6567445112E+01 8.1E+00    37 0.0E+00      T  T
    312   3        2.6568976522E+01 8.1E+00    36 3.9E-05      F  T
    313   3        2.6569019673E+01 1.4E+00    36 3.8E-05      F  T
    314   4        2.6569022168E+01 2.4E-01    36 1.3E+00      F  T
    315   4        2.6570673132E+01 8.5E-02    36 1.0E+00    2 F  T
    316   4        2.6592612507E+01 1.8E+00    36 1.0E+00    6 T  T
 
   Iter Phase Ninf     Objective     RGmax    NSB   Step InItr MX OK
    317   3        2.6592655085E+01 1.3E+00    35 4.5E-05      F  T
    318   3        2.6592663622E+01 9.4E-02    36 6.3E-04      F  T
    319   4        2.6594731962E+01 5.2E-01    36 1.6E+01      F  T
    320   4        2.6596281205E+01 7.4E-01    36 1.0E+00    4 F  T
    321   4        2.6604717890E+01 7.9E-01    36 1.0E+00    7 T  T
    322   3        2.6605414146E+01 8.0E+00    34 1.8E-05      F  T
    323   3        2.6605422605E+01 7.4E-01    35 1.1E-05      F  T
    324   4        2.6605426280E+01 3.9E-01    35 1.4E+00      F  T
    325   4        2.6605801144E+01 4.8E-01    35 1.0E+00    2 F  T
    326   4        2.6607999901E+01 9.6E+00    35 1.0E+00    7 F  T
 
   Iter Phase Ninf     Objective     RGmax    NSB   Step InItr MX OK
    327   3        2.6608399828E+01 1.0E+01    33 5.5E-06      F  T
    328   3        2.6608406142E+01 1.2E+00    33 1.0E-05      F  T
    329   4        2.6608451368E+01 6.8E-01    33 2.2E+01      F  T
    330   4        2.6609367185E+01 3.0E+00    33 1.0E+00    1 F  T
    331   4        2.6615046731E+01 1.3E+00    33 7.5E-01    7 F  T
    332   4        2.6615784528E+01 1.2E+00    33 1.0E+00      F  T
    333   4        2.6619316574E+01 1.1E-01    34 1.0E+00    5 F  T
    334   4        2.6631115672E+01 2.4E-01    34 1.0E+00   13 T  T
    335   4        2.6645382311E+01 2.3E-01    33 1.0E+00    9 T  T
    336   4        2.6660285579E+01 1.9E-01    32 1.0E+00   14 T  T
 
   Iter Phase Ninf     Objective     RGmax    NSB   Step InItr MX OK
    337   3        2.6660285578E+01 2.0E-01    32 0.0E+00      T  T
    338   3        2.6660804680E+01 2.0E-01    31 7.5E-03      F  T
    339   3        2.6661100100E+01 9.5E-01    31 7.9E-04      F  T
    340   4        2.6661242193E+01 4.8E-01    31 2.0E+00      F  T
    341   4        2.6663328274E+01 2.2E-01    31 1.0E+00    2 F  T
    342   4        2.6674232996E+01 2.2E-01    32 1.0E+00    8 F  T
    343   4        2.6683254796E+01 1.9E-01    30 1.0E+00   11 T  T
    344   4        2.6686985503E+01 1.1E+00    29 2.5E-01   14 F  T
    345   4        2.6689647440E+01 6.6E-01    27 1.0E+00    9 F  T
    346   4        2.6691512003E+01 9.9E-02    27 1.0E+00   14 T  T
 
   Iter Phase Ninf     Objective     RGmax    NSB   Step InItr MX OK
    347   4        2.6693509982E+01 1.0E-01    26 1.0E+00   17 T  T
    348   3        2.6693509982E+01 6.9E-01    28 0.0E+00      T  T
    349   3        2.6693561286E+01 6.9E-01    27 2.1E-04      F  T
    350   3        2.6693566247E+01 1.3E-01    27 6.6E-04      F  T
    351   3        2.6693584792E+01 1.3E-01    28 1.7E-03      F  T
    352   3        2.6693602873E+01 3.4E-01    28 2.4E-04      F  T
    353   4        2.6693721759E+01 1.3E-01    28 4.4E+01      F  T
    354   4        2.6694428565E+01 5.7E-01    28 1.0E+00    1 T  T
    355   4        2.6697159124E+01 4.3E-01    27 5.0E-01    9 F  T
    356   4        2.6698361091E+01 3.9E+00    27 5.9E-01      F  T
 
   Iter Phase Ninf     Objective     RGmax    NSB   Step InItr MX OK
    357   4        2.6699610779E+01 6.2E-01    27 5.0E-01    6 F  T
    358   4        2.6700332043E+01 3.2E+00    27 1.0E+00      F  T
    359   4        2.6700854198E+01 1.1E-01    28 3.2E-01    4 F  T
    360   4        2.6702580359E+01 2.5E+00    27 1.0E+00    7 F  T
    361   4        2.6703213043E+01 3.6E+00    27 1.0E+00    3 F  T
    362   4        2.6703695713E+01 1.2E+00    27 5.0E-01    5 F  T
    363   4        2.6703942140E+01 5.3E+00    27 5.5E-01      F  T
    364   4        2.6704156324E+01 3.3E-01    27 1.8E-01    6 F  T
    365   4        2.6704386353E+01 6.1E-01    27 4.4E-01    1 F  T
    366   4        2.6704517952E+01 2.1E+00    27 1.0E+00      F  T
 
   Iter Phase Ninf     Objective     RGmax    NSB   Step InItr MX OK
    367   4        2.6704599616E+01 9.3E-01    27 7.6E-01    2 F  T
    368   4        2.6704727150E+01 3.7E+00    27 9.2E-01    3 F  T
    369   4        2.6704830404E+01 6.7E+00    27 1.5E+00    3 F  T
    370   4        2.6704879000E+01 1.4E+01    27 1.0E+00    2 F  T
    371   4        2.6704893966E+01 3.4E-01    27 5.3E-02    9 F  T
    372   4        2.6704966111E+01 3.5E-02    31 1.0E+00    2 F  T
    373   4        2.6842225618E+01 3.3E-02    31 1.0E+00    5 T  T
    374   4        2.6943945925E+01 1.1E+00    30 1.0E+00   11 F  T
    375   4        2.6950873031E+01 1.1E+00    29 1.0E+00   10 F  T
    376   3        2.6950883096E+01 4.6E-02    29 3.1E-03      F  T
 
   Iter Phase Ninf     Objective     RGmax    NSB   Step InItr MX OK
    377   3        2.6950890426E+01 1.3E-01    29 8.3E-04      F  T
    378   4        2.6950945211E+01 5.2E-02    29 2.2E+01      F  T
    379   4        2.6952147424E+01 3.6E-01    29 1.0E+00    2 F  T
    380   4        2.6977867424E+01 1.3E+00    29 1.0E+00    6 F  T
    381   4        2.7018704087E+01 1.8E-01    30 1.0E+00   13 F  T
    382   4        2.7022876443E+01 2.7E-01    28 1.0E+00   17 T  T
    383   3        2.7022876443E+01 1.8E-01    27 0.0E+00      T  T
    384   3        2.7022885503E+01 1.8E-01    26 7.7E-04      F  T
    385   3        2.7022890377E+01 9.1E-02    26 7.5E-04      F  T
    386   4        2.7022973558E+01 5.0E-02    26 2.8E+01      F  T
 
   Iter Phase Ninf     Objective     RGmax    NSB   Step InItr MX OK
    387   3        2.7022973917E+01 1.8E-02    26 1.0E-03      F  T
    388   3        2.7022974253E+01 1.9E-02    26 1.1E-03      F  T
    389   4        2.7022979840E+01 2.4E-02    26 1.5E+01      F  T
    390   4        2.7022993540E+01 8.5E-02    26 1.0E+00    2 F  T
    391   4        2.7022993750E+01 1.8E-02    26 1.0E+00      F  T
    392   4        2.7023057378E+01 5.5E-03    26 1.0E+00    8 F  T
    393   4        2.7023720242E+01 3.5E-03    26 1.0E+00   12 F  T
    394   4        2.7023928185E+01 6.5E-03    26 1.0E+00   16 T  T
    395   3        2.7023928185E+01 1.3E-02    27 0.0E+00      T  T
    396   3        2.7023928236E+01 1.3E-02    25 5.4E-04      F  T
 
   Iter Phase Ninf     Objective     RGmax    NSB   Step InItr MX OK
    397   3        2.7023928286E+01 2.0E-03    25 7.2E-03      F  T
    398   4        2.7023929379E+01 1.3E-02    25 1.7E+00      F  T
    399   4        2.7023936775E+01 3.2E-03    25 1.0E+00    1 F  T
    400   4        2.7023990539E+01 6.6E-03    25 1.0E+00    9 F  T
    401   4        2.7024133214E+01 1.0E-03    25 1.0E+00   22 T  T
    402   3        2.7024133214E+01 7.2E-03    27 0.0E+00      T  T
    403   3        2.7024133230E+01 7.2E-03    24 5.5E-04      F  T
    404   3        2.7024133247E+01 1.2E-03    24 6.3E-03      F  T
    405   4        2.7024133460E+01 7.0E-03    24 1.0E+00      F  T
    406   4        2.7024141067E+01 1.6E-03    24 1.0E+00    4 F  T
 
   Iter Phase Ninf     Objective     RGmax    NSB   Step InItr MX OK
    407   4        2.7024163631E+01 2.1E-03    24 1.0E+00   12 F  T
    408   4        2.7024185504E+01 3.4E-04    24 1.0E+00   20 T  T
    409   3        2.7024185504E+01 5.7E-03    26 0.0E+00      T  T
    410   3        2.7024185517E+01 5.7E-03    23 6.3E-04      F  T
    411   3        2.7024185529E+01 1.7E-03    23 2.4E-03      F  T
    412   4        2.7024185701E+01 5.3E-03    23 4.1E+00      F  T
    413   4        2.7024187115E+01 1.1E-03    26 1.0E+00    2 F  T
    414   4        2.7024213124E+01 4.7E-03    26 1.0E+00    6 F  T
    415   4        2.7026604384E+01 2.7E-03    26 1.0E+00    8 F  T
    416   4        2.7028157595E+01 4.5E-02    26 1.0E+00   15 F  T
 
   Iter Phase Ninf     Objective     RGmax    NSB   Step InItr MX OK
    417   4        2.7028162335E+01 2.0E-02    26 1.0E+00   16 F  T
    418   4        2.7028223465E+01 5.3E-04    27 1.0E+00   11 F  T
    419   4        2.7028223560E+01 5.7E-05    27 1.0E+00    5 F  T
    420   4        2.7028223560E+01 8.4E-07    27 1.0E+00    4 F  T
    421   4        2.7028223560E+01 4.0E-08    27
 
 ** Optimal solution. Reduced gradient less than tolerance.
 
--- Reading solution for model sdgfinance
--- SDG Egypt Model v7 arg.gms(474) 46 Mb  19 secs
--- Executing after solve: elapsed 0:00:22.642
--- SDG Egypt Model v7 arg.gms(502) 46 Mb
--- GDX File (execute_unload) C:\Users\Yunjie\Desktop\Wi2050\SDG Financing Simplified model (Egypt)\v7\input\auxiliary\modeloutput_arg.gdx
--- SDG Egypt Model v7 arg.gms(507) 46 Mb

GDXXRW           37.1.0 r07954d5 Released Nov 11, 2021 WEI x86 64bit/MS Window
Input file : C:\Users\Yunjie\Desktop\Wi2050\SDG Financing Simplified model (Egypt)\v7\input\auxiliary\modeloutput_arg.gdx
Output file: C:\Users\Yunjie\Desktop\Wi2050\SDG Financing Simplified model (Egypt)\v7\output\modeloutput_arg.xlsx
Total time = 1156 Ms
--- Profile Summary (168 records processed)
    18.234   0.046GB       474 Solve Alg  sdgfinance
     1.234   0.046GB       507 Execute    
     0.797   0.046GB       474 Solve Read sdgfinance
     0.125   0.046GB       474 Solve Fini sdgfinance (349188)
     0.094   0.045GB       307 Equation   eq16 (53424)
     0.047   0.017GB       291 Equation   eq5 (29)
     0.047   0.029GB       306 Equation   eq15 (56376)
     0.047   0.047GB       294 Equation   eq65 (29)
     0.031   0.045GB       309 Equation   eq19 (522)
     0.031   0.016GB       290 Equation   eq4 (18270)
*** Status: Normal completion
--- Job SDG Egypt Model v7 arg.gms Stop 08/16/22 12:44:32 elapsed 0:00:23.883
