--- Job SDG Data Input v5 moz.gms Start 08/13/22 14:35:15 37.1.0 r07954d5 WEX-WEI x86 64bit/MS Windows
--- Applying:
    C:\GAMS\37\gmsprmNT.txt
--- GAMS Parameters defined
    Input "D:\Github\Wi2050\SDG Financing Simplified model (Egypt)\v5\input\SDG Data Input v5 moz.gms"
    PageSize 0
    ScrDir "D:\Github\Wi2050\SDG Financing Simplified model (Egypt)\v5\input\225a\"
    SysDir C:\GAMS\37\
    LogOption 3
    ErrMsg 1
    ErrorLog 99
    IDE 1
    LstTitleLeftAligned 1
Licensee: Large MUD - 20 User License                    G211208|0002AR-WIN
          Columbia University, Earth Institute                       DC4533
          C:\Users\weiti\OneDrive\Documents\GAMS\gamslice.txt
          License Admin: Jeffrey Sachs, sachs@columbia.edu                 
Processor information: 1 socket(s), 6 core(s), and 12 thread(s) available
GAMS 37.1.0   Copyright (C) 1987-2021 GAMS Development. All rights reserved
--- Starting compilation
--- SDG Data Input v5 moz.gms(22) 3 Mb
--- call GDXXRW .\rawdata\rawdata_moz.xlsx output=".\auxiliary\rawdata_moz.gdx" Index=Index!a1 trace=3

GDXXRW           37.1.0 r07954d5 Released Nov 11, 2021 WEI x86 64bit/MS Window
Excel version 16.0
Input file : D:\Github\Wi2050\SDG Financing Simplified model (Egypt)\v5\input\rawdata\rawdata_moz.xlsx
Output file: D:\Github\Wi2050\SDG Financing Simplified model (Egypt)\v5\input\auxiliary\rawdata_moz.gdx
Substituting Index
Loading sheet index
Reading data from Excel; Rng = A1:E8
Reading Slice: A1:E8
par=D1 Rng=age5yr!a1 Dim=2
par=D2 Rng=asfr!a1 Dim=2
par=D3 Rng=survival!a1 Dim=2
par=D4 Rng=s0shf!a1 Dim=2 Rdim=1
par=D5 Rng=s0shm!a1 Dim=2 Rdim=1
par=D6 Rng=edattainf!a1 Dim=3 Rdim=2
par=D7 Rng=edattainm!a1 Dim=3 Rdim=2
Type Symbol       Dim      Sheet                Data          RowHeader     ColHeader     
Loading sheet age5yr
Reading data from Excel; Rng = A1:C22
Reading Slice: A1:C22
Par  D1             2      age5yr               B2:C22        A2:A22        B1:C1         
Loading sheet asfr
Reading data from Excel; Rng = A1:C8
Reading Slice: A1:C8
Par  D2             2      asfr                 B2:C8         A2:A8         B1:C1         
Loading sheet survival
Reading data from Excel; Rng = A1:E22
Reading Slice: A1:E22
Par  D3             2      survival             B2:E22        A2:A22        B1:E1         
Loading sheet s0shf
Reading data from Excel; Rng = A1:F20
Reading Slice: A1:F20
Par  D4             2      s0shf                B2:F20        A2:A20        B1:F1         
Loading sheet s0shm
Reading data from Excel; Rng = A1:F20
Reading Slice: A1:F20
Par  D5             2      s0shm                B2:F20        A2:A20        B1:F1         
Loading sheet edattainf
Reading data from Excel; Rng = A1:J6
Reading Slice: A1:J6
Par  D6             3      edattainf            C2:J6         A2:B6         C1:J1         
Loading sheet edattainm
Reading data from Excel; Rng = A1:J6
Reading Slice: A1:J6
Par  D7             3      edattainm            C2:J6         A2:B6         C1:J1         
Total time = 485 Ms
--- SDG Data Input v5 moz.gms(23) 3 Mb
--- GDXin=D:\Github\Wi2050\SDG Financing Simplified model (Egypt)\v5\input\auxiliary\rawdata_moz.gdx
--- GDX File ($gdxIn) D:\Github\Wi2050\SDG Financing Simplified model (Egypt)\v5\input\auxiliary\rawdata_moz.gdx
--- SDG Data Input v5 moz.gms(201) 3 Mb
--- $echo File D:\Github\Wi2050\SDG Financing Simplified model (Egypt)\v5\input\auxiliary\loadersetting.txt
--- SDG Data Input v5 moz.gms(218) 3 Mb
--- Starting execution: elapsed 0:00:00.555
--- SDG Data Input v5 moz.gms(199) 4 Mb
--- GDX File (execute_unload) D:\Github\Wi2050\SDG Financing Simplified model (Egypt)\v5\input\auxiliary\datainput_moz.gdx
--- SDG Data Input v5 moz.gms(218) 4 Mb

GDXXRW           37.1.0 r07954d5 Released Nov 11, 2021 WEI x86 64bit/MS Window
Input file : D:\Github\Wi2050\SDG Financing Simplified model (Egypt)\v5\input\auxiliary\datainput_moz.gdx
Output file: D:\Github\Wi2050\SDG Financing Simplified model (Egypt)\v5\input\auxiliary\datainput_moz.xlsx
Adding new sheet: fert0
Adding new sheet: ferthic0
Adding new sheet: surv0
Adding new sheet: w0
Adding new sheet: s0
Adding new sheet: index
Total time = 500 Ms
*** Status: Normal completion
--- Job SDG Data Input v5 moz.gms Stop 08/13/22 14:35:16 elapsed 0:00:01.130
