--- Job SDG Egypt Model v4.gms Start 07/27/22 18:28:15 38.2.1 96226ea8 WEX-WEI x86 64bit/MS Windows
--- Applying:
    C:\GAMS\38\gmsprmNT.txt
--- GAMS Parameters defined
    Input "C:\Users\Yip\Documents\GAMS_dir\GAMS_SDG\egypt\v4\SDG Egypt Model v4.gms"
    PageSize 0
    ScrDir C:\Users\Yip\Documents\GAMS_dir\GAMS_SDG\egypt\v4\225b\
    SysDir C:\GAMS\38\
    LogOption 3
    ErrMsg 1
    ErrorLog 99
    IDE 1
    LstTitleLeftAligned 1
Licensee: Large MUD - 20 User License                    G211208|0002AR-WIN
          Columbia University, Earth Institute                       DC4533
          \\Mac\Home\Documents\GAMS\gamslice.txt
          License Admin: Jeffrey Sachs, sachs@columbia.edu                 
Processor information: 1 socket(s), 2 core(s), and 2 thread(s) available
GAMS 38.2.1   Copyright (C) 1987-2022 GAMS Development. All rights reserved
--- Starting compilation
--- SDG Egypt Model v4.gms(90) 3 Mb
--- call GDXXRW .\input\paraminput.xlsx output=.\auxiliary\paraminput.gdx Index=Index!a1 trace=3

GDXXRW           38.2.1 96226ea8 Feb 19, 2022          VS8 x86 32bit/MS Window
Excel version 16.0
Input file : C:\Users\Yip\Documents\GAMS_dir\GAMS_SDG\egypt\v4\input\paraminput.xlsx
Output file: C:\Users\Yip\Documents\GAMS_dir\GAMS_SDG\egypt\v4\auxiliary\paraminput.gdx
Substituting Index
Loading sheet Index
Reading data from Excel; Rng = A1:E101
Reading Slice: A1:E101
par=continuation Rng=Continuation!A1 Dim=2 Rdim=1
par=ek Rng=Hardcode!B1 Dim=0 Rdim=0

par=costre Rng=Hardcode!B3 Dim=0 Rdim=0
par=dep Rng=Hardcode!B4 Dim=0 Rdim=0
par=r Rng=Hardcode!B5 Dim=0 Rdim=0
par=kff0 Rng=Hardcode!B6 Dim=0 Rdim=0
par=kre0 Rng=Hardcode!B7 Dim=0 Rdim=0
par=aff Rng=Hardcode!B8 Dim=0 Rdim=0
par=taxlim Rng=Hardcode!B9 Dim=0 Rdim=0
par=min0 Rng=Hardcode!B10 Dim=0 Rdim=0
par=land0 Rng=Hardcode!B11 Dim=0 Rdim=0
par=tfp1 Rng=Hardcode!B12 Dim=0 Rdim=0
par=phi Rng=Hardcode!B13 Dim=0 Rdim=0
par=fertsh Rng=Hardcode!B14 Dim=0 Rdim=0

par=bkf Rng=Hardcode!B16 Dim=0 Rdim=0
par=ben Rng=Hardcode!B17 Dim=0 Rdim=0
par=k0 Rng=Hardcode!B18 Dim=0 Rdim=0
par=kf0 Rng=Hardcode!B19 Dim=0 Rdim=0
par=debtqlim Rng=Hardcode!B20 Dim=0 Rdim=0
par=gcostsh Rng=Hardcode!B21 Dim=0 Rdim=0
par=pubgdpsh Rng=Hardcode!B22 Dim=0 Rdim=0
par=lowerbound Rng=Hardcode!B23 Dim=0 Rdim=0
Type Symbol       Dim      Sheet                Data          RowHeader     ColHeader     
Loading sheet Continuation
Reading data from Excel; Rng = A1:B19
Reading Slice: A1:B19
Par  continuation   2      Continuation         B2:B19        A2:A19        B1:B1         
Loading sheet Hardcode
Reading data from Excel; Rng = A1:B23
Reading Slice: A1:B23
Par  ek             0      Hardcode             B1:B1         --:--         --:--         
Par  costff         0      Hardcode             B2:B2         --:--         --:--         
Par  costre         0      Hardcode             B3:B3         --:--         --:--         
Par  dep            0      Hardcode             B4:B4         --:--         --:--         
Par  r              0      Hardcode             B5:B5         --:--         --:--         
Par  kff0           0      Hardcode             B6:B6         --:--         --:--         
Par  kre0           0      Hardcode             B7:B7         --:--         --:--         
Par  aff            0      Hardcode             B8:B8         --:--         --:--         
Par  taxlim         0      Hardcode             B9:B9         --:--         --:--         
Par  min0           0      Hardcode             B10:B10       --:--         --:--         
Par  land0          0      Hardcode             B11:B11       --:--         --:--         
Par  tfp1           0      Hardcode             B12:B12       --:--         --:--         
Par  phi            0      Hardcode             B13:B13       --:--         --:--         
Par  fertsh         0      Hardcode             B14:B14       --:--         --:--         
Par  bk             0      Hardcode             B15:B15       --:--         --:--         
Par  bkf            0      Hardcode             B16:B16       --:--         --:--         
Par  ben            0      Hardcode             B17:B17       --:--         --:--         
Par  k0             0      Hardcode             B18:B18       --:--         --:--         
Par  kf0            0      Hardcode             B19:B19       --:--         --:--         
Par  debtqlim       0      Hardcode             B20:B20       --:--         --:--         
Par  gcostsh        0      Hardcode             B21:B21       --:--         --:--         
Par  pubgdpsh       0      Hardcode             B22:B22       --:--         --:--         
Par  lowerbound     0      Hardcode             B23:B23       --:--         --:--         
Total time = 2359 Ms
--- SDG Egypt Model v4.gms(91) 3 Mb
--- GDXin=C:\Users\Yip\Documents\GAMS_dir\GAMS_SDG\egypt\v4\auxiliary\paraminput.gdx
--- GDX File ($gdxIn) C:\Users\Yip\Documents\GAMS_dir\GAMS_SDG\egypt\v4\auxiliary\paraminput.gdx
--- SDG Egypt Model v4.gms(119) 3 Mb
--- call GDXXRW .\auxiliary\datainput.xlsx output=.\auxiliary\datainput.gdx Index=index!a1 trace=3

GDXXRW           38.2.1 96226ea8 Feb 19, 2022          VS8 x86 32bit/MS Window
Excel version 16.0
Input file : C:\Users\Yip\Documents\GAMS_dir\GAMS_SDG\egypt\v4\auxiliary\datainput.xlsx
Output file: C:\Users\Yip\Documents\GAMS_dir\GAMS_SDG\egypt\v4\auxiliary\datainput.gdx
Substituting Index
Loading sheet index
Reading data from Excel; Rng = A1:E7
Reading Slice: A1:E7
par=D1 Rng=popg0!A1 Dim=2 Rdim=1
par=D2 Rng=fert0!A1 Dim=2 Rdim=1
par=D3 Rng=surv0!A1 Dim=2 Rdim=1
par=D4 Rng=w0!A1 Dim=3 Rdim=2
par=D5 Rng=s0!A1 Dim=2 Rdim=1
par=D6 Rng=ferthic0!A1 Dim=2 Rdim=1
Type Symbol       Dim      Sheet                Data          RowHeader     ColHeader     
Loading sheet popg0
Reading data from Excel; Rng = A1:C101
Reading Slice: A1:C101
Par  D1             2      popg0                B2:C101       A2:A101       B1:C1         
Loading sheet fert0
Reading data from Excel; Rng = A1:B36
Reading Slice: A1:B36
Par  D2             2      fert0                B2:B36        A2:A36        B1:B1         
Loading sheet surv0
Reading data from Excel; Rng = A1:E100
Reading Slice: A1:E100
Par  D3             2      surv0                B2:E100       A2:A100       B1:E1         
Loading sheet w0
Reading data from Excel; Rng = A1:D317
Reading Slice: A1:D317
Par  D4             3      w0                   C2:D317       A2:B317       C1:D1         
Loading sheet s0
Reading data from Excel; Rng = A1:C18
Reading Slice: A1:C18
Par  D5             2      s0                   B2:C18        A2:A18        B1:C1         
Loading sheet ferthic0
Reading data from Excel; Rng = A1:B36
Reading Slice: A1:B36
Par  D6             2      ferthic0             B2:B36        A2:A36        B1:B1         
Total time = 2547 Ms
--- SDG Egypt Model v4.gms(120) 3 Mb
--- GDXin=C:\Users\Yip\Documents\GAMS_dir\GAMS_SDG\egypt\v4\auxiliary\datainput.gdx
--- GDX File ($gdxIn) C:\Users\Yip\Documents\GAMS_dir\GAMS_SDG\egypt\v4\auxiliary\datainput.gdx
--- SDG Egypt Model v4.gms(475) 3 Mb
--- $echo File C:\Users\Yip\Documents\GAMS_dir\GAMS_SDG\egypt\v4\auxiliary\outputsetting.txt
--- SDG Egypt Model v4.gms(478) 3 Mb
--- Starting execution: elapsed 0:00:05.301
--- SDG Egypt Model v4.gms(454) 5 Mb
--- Generating DNLP model sdgfinance
--- SDG Egypt Model v4.gms(457) 48 Mb
---   142,599 rows  144,912 columns  348,898 non-zeroes
---   98,005 nl-code  27,863 nl-non-zeroes
--- SDG Egypt Model v4.gms(457) 46 Mb
--- Executing CONOPT (Solvelink=2): elapsed 0:00:06.121

CONOPT 3         38.2.1 96226ea8 Feb 19, 2022          WEI x86 64bit/MS Window

 
 
    C O N O P T 3   version 3.17K
    Copyright (C)   ARKI Consulting and Development A/S
                    Bagsvaerdvej 246 A
                    DK-2880 Bagsvaerd, Denmark
 
 
   Iter Phase Ninf   Infeasibility   RGmax    NSB   Step InItr MX OK
      0   0        1.4037699406E+03 (Input point)
 
                   Pre-triangular equations:   141574
                   Post-triangular equations:  259
                   Definitional equations:     563
 
      1   0        7.3164419644E+06 (After pre-processing)
      2   0        1.3720531881E+02 (After scaling)
      3   1   146  1.1784347640E+02 3.5E+06    28 3.4E-01    3 F  F
      4   1   146  1.0417976284E+02 1.8E+06    28 3.4E-01    1 F  F
      5   1   146  8.4678367352E+01 1.0E+06    28 1.8E-12      F  T
      6   1   146  7.4875582388E+01 2.5E+05    28 1.4E-11      F  T
      7   2   146  7.4875368633E+01 6.4E+04    28 8.0E-05      F  T
      8   2   146  7.1571906977E+01 6.3E+04    28 1.0E+00    3 T  T
      9   2   146  6.9369361498E+01 2.8E+04    28 1.0E+00    3 T  T
 
   Iter Phase Ninf   Infeasibility   RGmax    NSB   Step InItr MX OK
     10   2   146  6.7900650708E+01 1.3E+04    28 1.0E+00    2 T  T
     11   2   146  6.6919401408E+01 5.6E+03    28 1.0E+00    9 T  T
     12   2   146  6.5872957958E+01 2.4E+03    28 6.6E-01   10 F  F
     13   2   146  6.5288848144E+01 6.8E+03    25 6.6E-01    4 F  F
     14   2   146  6.4548505602E+01 2.5E+04    24 6.6E-01    1 F  F
     15   2   146  6.4015380452E+01 1.5E+04    23 6.6E-01    1 F  F
     16   1   145  6.3598208449E+01 1.5E+02     2 1.7E-05      T  T
     17   1   145  6.2999383185E+01 4.8E+00    79 1.1E-03      F  F
     18   1   145  6.2740685715E+01 4.7E+00    79 4.9E-04      F  F
     19   1   145  6.2495994227E+01 4.7E+00    79 4.8E-04      F  F
 
   Iter Phase Ninf   Infeasibility   RGmax    NSB   Step InItr MX OK
     20   1   145  6.2364418680E+01 4.7E+00    79 2.7E-04      F  F
     21   1   145  6.1861255510E+01 4.7E+00    79 1.0E-03      F  F
     22   1   145  6.1538764086E+01 4.7E+00    79 7.0E-04      F  F
     23   1   145  6.1344827866E+01 4.7E+00    79 4.3E-04      F  F
     24   1   145  6.1237099025E+01 4.7E+00    79 2.5E-04      F  F
     25   1   145  6.1184038943E+01 4.6E+00    79 1.3E-04      F  F
     26   1   145  6.1012003289E+01 4.6E+00    79 4.2E-04      F  F
     27   1   145  6.0894196097E+01 4.6E+00    79 3.0E-04      F  F
     28   1   145  6.0836198124E+01 4.6E+00    79 1.5E-04      F  F
     29   1   145  6.0800078214E+01 4.6E+00    79 9.1E-05      F  F
 
   Iter Phase Ninf   Infeasibility   RGmax    NSB   Step InItr MX OK
     30   1   145  6.0629779234E+01 4.6E+00    79 4.5E-04      F  F
     31   1   145  6.0541244223E+01 4.4E+00    79 2.4E-04      F  F
     32   1   145  6.0430015360E+01 4.4E+00    79 3.1E-04      F  F
     33   1   145  6.0369625938E+01 4.4E+00    79 1.7E-04      F  F
     34   1   145  6.0338220207E+01 4.4E+00    79 8.8E-05      F  F
     35   1   145  6.0271850215E+01 4.4E+00    79 1.9E-04      F  F
     36   1   145  6.0162493508E+01 4.4E+00    79 3.2E-04      F  F
     37   1   145  6.0083491499E+01 4.4E+00    79 2.3E-04      F  F
     38   1   145  6.0026257930E+01 4.4E+00    79 1.7E-04      F  F
     39   1   145  5.9907355595E+01 4.4E+00    79 3.6E-04      F  F
 
   Iter Phase Ninf   Infeasibility   RGmax    NSB   Step InItr MX OK
     40   1   145  5.9844312548E+01 4.4E+00    79 1.9E-04      F  F
     41   1   145  5.9783322576E+01 4.4E+00    79 1.9E-04      F  F
     42   1   144  5.9549081200E+01 4.4E+00    79 7.4E-04      T  T
     43   1   144  5.9548813334E+01 2.1E+01    82 2.0E-07      F  F
     44   1   144  5.9548813334E+01 1.6E+02    82 0.0E+00      F  F
     45   1   144  5.9548652252E+01 1.6E+02    82 3.2E-09      F  F
     46   1   144  5.9548112536E+01 1.2E+02    82 8.7E-09      T  T
     47   1   143  5.8774532575E+01 6.9E+00    84 1.7E-03      T  T
     48   1   143  5.8249627882E+01 4.4E+00    83 3.4E-01    3 F  F
     49   1   143  5.8073761848E+01 4.4E+00    83 3.4E-01    1 F  F
 
   Iter Phase Ninf   Infeasibility   RGmax    NSB   Step InItr MX OK
     50   1   143  5.7972770891E+01 4.4E+00    83 3.2E-04      F  F
     51   1   143  5.7710662308E+01 4.4E+00    83 8.4E-04      F  F
     52   1   143  5.7638137341E+01 4.4E+00    83 2.3E-04      F  F
     53   1   143  5.7570112352E+01 4.4E+00    83 2.3E-04      F  F
     54   1   143  5.7140037052E+01 4.4E+00    83 1.5E-03      F  F
     55   1   143  5.6954192176E+01 4.4E+00    83 6.3E-04      F  F
     56   1   143  5.6759735316E+01 4.4E+00    83 6.9E-04      F  F
     57   1   143  5.6679121984E+01 4.4E+00    83 2.9E-04      F  F
     58   1   143  5.6600229194E+01 4.4E+00    83 2.9E-04      F  F
     59   1   143  5.6492798754E+01 4.4E+00    85 3.9E-04      F  F
 
   Iter Phase Ninf   Infeasibility   RGmax    NSB   Step InItr MX OK
     60   1   142  5.5840982186E+01 4.4E+00   116 2.4E-03      T  T
     61   1   141  5.5824954665E+01 4.4E+00   115 6.0E-05      T  T
     62   1   140  5.5808575637E+01 4.4E+00   114 6.1E-05      T  T
     63   1   139  5.5791665321E+01 4.4E+00   113 6.3E-05      T  T
     64   1   138  5.5774596805E+01 4.4E+00   112 6.4E-05      T  T
     65   1   135  5.5721567752E+01 4.4E+00   111 1.0E+00    3 T  T
     66   1   127  5.5584418065E+01 4.4E+00   108 1.0E+00    8 T  T
     67   1   127  5.5551104426E+01 4.4E+00   100 3.4E-01    6 F  F
     68   1   126  5.5541919540E+01 4.4E+00   100 4.3E-01    7 F  F
     69   1   125  5.5541915905E+01 1.9E+01    99 3.5E-09      T  T
 
   Iter Phase Ninf   Infeasibility   RGmax    NSB   Step InItr MX OK
     70   1   124  5.5541915191E+01 1.9E+01    98 1.0E-09      T  T
     71   1   123  5.5541914542E+01 1.9E+01    97 9.7E-10      T  T
     72   1   122  5.5541913961E+01 1.9E+01    96 9.1E-10      T  T
     73   1   122  5.5538201801E+01 1.9E+01    95 4.8E-06      F  F
     74   1   122  5.5534307256E+01 4.0E+01    95 1.5E-06      F  F
     75   1   122  5.5393711269E+01 4.4E+00    49 4.0E-04      F  F
     76   1   122  5.5284294686E+01 4.4E+00    49 3.0E-04      F  F
     77   1   122  5.4746347008E+01 4.4E+00    49 1.5E-03      F  F
     78   1   122  5.4457375482E+01 4.4E+00    49 8.7E-04      F  F
     79   1   122  5.4286003579E+01 4.4E+00    49 5.5E-04      F  F
 
   Iter Phase Ninf   Infeasibility   RGmax    NSB   Step InItr MX OK
     80   1   122  5.4186182968E+01 4.4E+00    49 3.3E-04      F  F
     81   1   122  5.4134216124E+01 4.4E+00    49 1.8E-04      F  F
     82   1   122  5.2952425308E+01 4.4E+00    49 4.1E-03      F  F
     83   1   122  5.2242476937E+01 4.3E+00    49 2.7E-03      F  F
     84   1   122  5.1772027637E+01 4.3E+00    49 1.8E-03      F  F
     85   1   122  5.1487749663E+01 4.3E+00    49 1.2E-03      F  F
     86   1   122  5.1319206249E+01 4.1E+00    49 7.7E-04      F  F
     87   1   122  5.1218285604E+01 4.1E+00    49 4.9E-04      F  F
     88   1   122  5.1162599966E+01 4.0E+00    49 2.9E-04      F  F
     89   1   121  5.1155239804E+01 4.0E+00    99 3.8E-05      T  T
 
   Iter Phase Ninf   Infeasibility   RGmax    NSB   Step InItr MX OK
     90   1   120  5.1113519323E+01 4.0E+00   115 2.2E-04      T  T
     91   1   117  5.1100163320E+01 4.5E+00   116 1.0E+00    3 T  T
     92   1   116  5.0611565736E+01 4.5E+00   113 3.4E-01    7 F  F
     93   1   116  5.0340120963E+01 4.7E+02   117 3.4E-01    5 F  F
     94   1   115  5.0337088833E+01 1.2E+03   117 2.0E-09      T  T
     95   1   115  5.0324156573E+01 1.2E+03   116 6.1E-09      F  F
     96   1   115  5.0297618918E+01 2.3E+03   116 3.4E-09      F  F
     97   1   115  5.0136170930E+01 4.8E+00   116 9.5E-04      F  F
     98   1   115  5.0044353332E+01 4.8E+00   116 6.1E-04      F  F
     99   1   115  4.9994873372E+01 4.7E+00   116 3.9E-04      F  F
 
   Iter Phase Ninf   Infeasibility   RGmax    NSB   Step InItr MX OK
    100   1   115  4.9841649466E+01 7.1E+00   116 1.2E-03      F  F
    101   1   115  4.9792998483E+01 4.7E+00   116 4.8E-04      F  F
    102   1   115  4.9262337790E+01 4.7E+00   144 5.2E-03      F  F
    103   1   114  4.8991638615E+01 4.6E+00   144 3.6E-03      F  F
    104   1   114  4.8875956657E+01 4.6E+00   144 2.0E-03      F  F
    105   1   114  4.8842942633E+01 1.9E+00   144 8.7E-04      F  F
    106   1   114  4.8842942715E+01 2.4E+00   144 0.0E+00      T  T
    107   1   114  4.8832264340E+01 2.4E+00   143 2.6E-04      F  F
    108   1   114  4.4693783700E+01 2.3E+00   143 1.1E-01      F  F
    109   1   113  4.1468938178E+01 1.8E+00   143 9.3E-02      T  T
 
   Iter Phase Ninf   Infeasibility   RGmax    NSB   Step InItr MX OK
    110   1   113  3.9722863774E+01 1.8E+00   142 5.2E-02      F  F
    111   1   112  3.9166316178E+01 1.8E+00   142 1.7E-02      T  T
    112   1   110  3.9069267982E+01 1.8E+00   141 3.0E-03      T  T
    113   1   110  3.9069267990E+01 1.8E+00   140 0.0E+00      T  T
    114   1   107  3.8303850249E+01 1.8E+00   139 1.0E+00    3 T  T
    115   1   107  3.7819182503E+01 2.2E+01   136 3.4E-01    8 F  F
    116   1   103  3.7584866945E+01 1.0E+05   136 1.0E+00    4 T  T
    117   1   103  3.7577551857E+01 4.6E+01   132 4.4E-03    8 F  F
    118   1   103  3.7487362172E+01 1.8E+00   132 3.4E-01    2 F  F
    119   1   103  3.7445136571E+01 2.3E+00   132 1.6E-03      F  F
 
   Iter Phase Ninf   Infeasibility   RGmax    NSB   Step InItr MX OK
    120   1   103  3.7410510212E+01 2.3E+00   132 1.3E-03      F  F
    121   1   103  3.7395305782E+01 2.3E+00   133 5.7E-04      F  F
    122   1   103  3.7377351906E+01 2.4E+00   133 6.5E-04      F  F
    123   1   102  3.7302119315E+01 3.5E+00   133 3.0E-03      T  T
    124   1   101  3.6996691253E+01 1.8E+00   132 1.5E-02      T  T
    125   1   100  3.6911510618E+01 1.8E+00   131 4.3E-03      T  T
    126   1    99  3.6834443120E+01 1.8E+00   130 4.1E-03      T  T
    127   1    98  3.5818972820E+01 1.8E+00   129 5.6E-02      T  T
    128   1    95  3.5354617017E+01 1.8E+00   128 1.0E+00    3 T  T
    129   1    95  3.4736925924E+01 1.8E+00   125 3.4E-01    8 F  F
 
   Iter Phase Ninf   Infeasibility   RGmax    NSB   Step InItr MX OK
    130   1    95  3.4426348444E+01 2.3E+00   125 5.5E-01    3 F  F
    131   1    94  3.4327848870E+01 2.3E+00   125 4.5E-03      T  T
    132   1    92  3.4170287501E+01 2.3E+00   124 7.6E-03      T  T
    133   1    92  3.4091933010E+01 2.3E+00   123 4.0E-03      F  F
    134   1    92  3.4042354613E+01 2.3E+00   123 2.5E-03      F  F
    135   1    91  3.3992519081E+01 2.3E+00   123 2.5E-03      T  T
    136   1    91  3.3960058756E+01 2.3E+00   122 1.7E-03      F  F
    137   1    91  3.3927191875E+01 2.3E+00   121 1.8E-03      F  F
    138   1    91  3.3918158749E+01 9.4E+01   121 2.0E-06      F  T
    139   2    91  3.3913161460E+01 2.4E+01   121 5.7E+00      F  T
 
   Iter Phase Ninf   Infeasibility   RGmax    NSB   Step InItr MX OK
    140   2    91  3.3790100271E+01 6.8E+00   121 6.6E-01    3 F  F
    141   2    91  3.3712199229E+01 4.3E+00   120 7.7E-01    2 F  F
    142   2    91  3.3703174240E+01 2.0E+02   119 7.9E-01    1 F  F
    143   2    91  3.3672840551E+01 1.9E+02   121 9.2E+01      F  F
    144   2    91  3.3625284493E+01 5.3E+02   121 6.6E-01    1 F  F
    145   2    91  3.3488667100E+01 3.8E+03   121 7.6E-01    1 F  F
    146   2    90  3.3436573461E+01 1.2E+02   121 1.0E+00    2 T  T
    147   2    90  3.3405003163E+01 5.1E+01   120 6.6E-01    2 F  F
    148   2    90  3.3399309168E+01 2.9E+01   120 4.7E+00      F  T
    149   2    90  3.3386478330E+01 8.0E+00   120 7.1E-01    2 F  F
 
   Iter Phase Ninf   Infeasibility   RGmax    NSB   Step InItr MX OK
    150   2    90  3.3364040467E+01 9.0E+00   120 3.1E+01      F  F
    151   2    90  3.3327147299E+01 2.1E+01   120 7.8E-01    1 F  F
    152   2    90  3.2978035666E+01 4.0E+02   120 3.1E+01      F  F
    153   2    90  3.2794719191E+01 5.4E+03   120 6.8E-01    1 F  F
    154   2    89  3.2608065885E+01 4.6E+04   120 1.4E-02      T  T
    155   1    88  3.1967323938E+01 1.0E+00   119 1.5E-01      T  T
    156   1    87  3.1844902491E+01 1.0E+00   118 3.6E-02      T  T
    157   1    86  3.1744035964E+01 1.0E+00   117 4.2E-02      T  T
    158   1    85  3.1361924907E+01 5.0E-01   116 2.8E-01      T  T
    159   1    82  3.0636500990E+01 5.0E-01   115 1.0E+00    3 T  T
 
   Iter Phase Ninf   Infeasibility   RGmax    NSB   Step InItr MX OK
    160   1    82  3.0621255381E+01 1.5E+05   114 2.5E-03    8 F  F
    161   1    80  3.0505555749E+01 1.0E+05   114 1.0E+00    2 T  T
    162   1    80  2.9521389543E+01 1.0E+00   112 1.2E-01    7 F  F
    163   1    80  2.9519527537E+01 1.0E+00   111 4.6E-03    3 F  F
    164   1    80  2.9517696408E+01 1.0E+00   111 6.4E-04      T  T
    165   1    80  2.9348115087E+01 1.0E+00   110 6.4E-02      T  T
    166   1    80  2.8935643764E+01 1.0E+00   109 1.6E-01      T  T
    167   1    80  2.8696694804E+01 1.0E+00   108 9.0E-02      T  T
    168   1    80  2.8122767405E+01 1.0E+00   107 1.0E+00    3 T  T
    169   1    79  2.0831365148E+01 1.0E+00   106 1.0E+00    8 T  T
 
   Iter Phase Ninf   Infeasibility   RGmax    NSB   Step InItr MX OK
    170   1    75  1.9289911837E+01 1.0E+00   102 1.0E+00    9 T  T
    171   1    75  1.3697446481E+01 1.0E+00    87 6.2E-01   11 F  F
    172   1    73  1.2503735181E+01 1.0E+00    81 1.0E+00    8 T  T
    173   1    73  1.0507834904E+01 1.0E+00    73 3.7E-01   10 F  F
    174   1    73  8.9325373320E+00 1.0E+00    66 1.0E+00    3 T  T
    175   1    72  7.5282007784E+00 1.0E+00    63 1.0E+00    8 T  T
    176   1    72  7.1937510923E+00 7.9E+01   104 6.8E-02   13 F  F
    177   1    69  7.0748564786E+00 1.0E+00   102 1.0E+00    5 T  T
    178   1    69  5.7780569798E+00 1.9E+00    97 1.0E+00    8 T  T
    179   1    69  5.7375734059E+00 4.1E+00    96 1.0E+00   21 T  T
 
   Iter Phase Ninf   Infeasibility   RGmax    NSB   Step InItr MX OK
    180   1    69  5.1651496527E+00 1.6E+00    74 3.8E-01   18 F  F
    181   1    65  2.6084530822E+00 5.2E+00    78 1.0E+00    5 T  T
    182   1    58  6.2269898762E-01 1.7E+00    74 1.0E+00   11 T  T
    183   1    49  1.8663993394E-01 1.7E+00    74 1.0E+00   17 T  T
    184   1    43  1.1677505983E-02 1.7E+00    92 1.0E+00   10 T  T
    185   1    43  1.1666058688E-02 3.2E-02    86 9.9E-04    5 T  T
    186   1    39  4.4296852243E-04 1.0E+00    89 1.0E+00    5 T  T
    187   1    27  6.4910864102E-05 1.3E-05    84 1.0E+00   12 T  T
    188   1    10  4.8661283532E-06 4.7E-07    70 1.0E+00   17 T  T
    189   1     1  8.3907352644E-08 2.4E-07    31 1.0E+00    9 T  T
 
 ** Feasible solution. Value of objective =   -38.8176358791
 
   Iter Phase Ninf     Objective     RGmax    NSB   Step InItr MX OK
    190   3       -3.7039494576E+01 6.4E+01    53 9.4E-01    1 T  T
    191   3       -3.5392553225E+01 4.1E+03    52 1.3E-01    3 F  F
    192   3       -3.4786145133E+01 7.0E+00    53 1.0E+00    2 T  T
    193   3       -3.2189967481E+01 6.3E+00    52 1.0E+00    2 F  T
    194   3       -3.1152781978E+01 5.8E+00    52 1.0E+00    3 T  T
    195   3       -2.8529470025E+01 3.7E+01    51 5.0E-01    3 F  T
    196   3       -2.8218996148E+01 8.2E+00    51 5.4E-01    3 F  T
    197   3       -2.8218986135E+01 7.1E-01    51 6.0E-06      T  T
    198   3       -2.8216254059E+01 7.1E-01    50 1.7E-03      T  T
    199   3       -2.8147683450E+01 7.1E-01    49 7.8E-02      T  T
 
   Iter Phase Ninf     Objective     RGmax    NSB   Step InItr MX OK
    200   3       -2.8096205234E+01 3.5E+00    48 8.0E-03      F  T
    201   3       -2.8084137705E+01 9.1E-01    48 1.3E-02      F  T
    202   4       -2.7675651682E+01 1.2E+00    48 1.5E+01      T  T
    203   4       -2.7622658655E+01 1.3E+00    47 2.2E-01      T  T
    204   4       -2.7598888016E+01 1.3E+00    46 1.2E-01      T  T
    205   4       -2.7491396873E+01 1.1E+00    45 1.4E+00      T  T
    206   4       -2.7355624040E+01 1.2E+00    44 7.4E+00      F  T
    207   4       -2.6700303109E+01 2.6E+00    44 4.0E+00      F  T
    208   4       -2.6076909123E+01 5.6E+00    44 1.0E+00    2 T  T
    209   4       -2.4202231106E+01 2.1E+00    43 1.0E+00    8 T  T
 
   Iter Phase Ninf     Objective     RGmax    NSB   Step InItr MX OK
    210   3       -2.4202231106E+01 9.6E-01    43 0.0E+00      T  T
    211   3       -2.4202199011E+01 9.6E-01    42 1.6E-05      T  T
    212   3       -2.4198293498E+01 9.6E-01    41 2.2E-03      T  T
    213   3       -2.4189687459E+01 9.6E-01    40 1.2E-02      F  T
    214   3       -2.4175891461E+01 1.0E+00    40 1.1E-02      F  T
    215   4       -2.3841236905E+01 9.6E-01    40 3.3E+01      F  T
    216   4       -2.3342634793E+01 2.1E+00    40 1.0E+00    3 T  T
    217   4       -2.3081295405E+01 2.2E+00    39 1.0E+00    4 T  T
    218   3       -2.3081295405E+01 2.1E+00    39 0.0E+00      T  T
    219   3       -2.3063090379E+01 2.1E+00    38 5.3E-03      F  T
 
   Iter Phase Ninf     Objective     RGmax    NSB   Step InItr MX OK
    220   3       -2.3023335319E+01 6.5E+00    41 2.5E-03      F  T
    221   4       -2.3023335319E+01 3.0E+01    41 0.0E+00      T  T
    222   4       -2.2614927761E+01 3.0E+01    40 2.8E-01      T  T
    223   4       -2.2123707501E+01 4.0E+00    39 1.4E+00      T  T
    224   4       -2.2067989182E+01 1.4E+00    38 2.1E+01      F  T
    225   4       -2.2056206695E+01 3.2E+00    38 1.9E+00      F  T
    226   4       -2.1988120149E+01 2.4E+00    38 1.0E+00    1 F  T
    227   4       -2.1280810118E+01 1.3E+00    38 1.0E+00    7 T  T
    228   3       -2.1280810118E+01 5.0E-01    38 0.0E+00      T  T
    229   3       -2.1280610973E+01 5.0E-01    37 3.2E-04      T  T
 
   Iter Phase Ninf     Objective     RGmax    NSB   Step InItr MX OK
    230   3       -2.1280561649E+01 5.0E-01    36 9.9E-05      T  T
    231   3       -2.1269732258E+01 5.0E-01    35 3.6E-02      F  T
    232   3       -2.1070466122E+01 7.5E-01    42 7.7E-02      T  T
    233   3       -2.1008000427E+01 1.4E+00    41 3.5E-02      F  T
    234   3       -2.0923524243E+01 1.0E+00    41 3.4E-02      F  T
    235   4       -2.0096168346E+01 7.5E-01    41 1.5E+01      F  T
    236   4       -1.9156647433E+01 1.0E+01    41 1.0E+00    3 T  T
    237   4       -1.8624643304E+01 7.8E+00    40 1.0E+00    6 T  T
    238   3       -1.8624643304E+01 3.9E+00    40 0.0E+00      T  T
    239   3       -1.8528807763E+01 3.9E+00    39 1.3E-02      F  T
 
   Iter Phase Ninf     Objective     RGmax    NSB   Step InItr MX OK
    240   3       -1.8524357240E+01 5.1E-01    39 5.7E-03      T  T
    241   3       -1.8521892696E+01 5.1E-01    38 3.9E-03      T  T
    242   3       -1.8290347751E+01 5.9E+00    44 5.1E-03      T  T
    243   3       -1.7822707776E+01 4.4E+00    43 1.3E-02      T  T
    244   3       -1.7226034394E+01 2.2E+00    42 2.5E-01    2 F  T
    245   3       -1.7095112144E+01 1.0E+00    42 4.2E-01    1 F  T
    246   3       -1.6885774388E+01 7.3E-01    42 1.5E-01      F  T
    247   3       -1.6790234823E+01 3.3E-01    42 2.4E-01      F  T
    248   4       -1.6642864999E+01 5.1E-01    42 4.5E-01      F  T
    249   4       -1.6374141604E+01 3.8E-01    42 1.0E+00    3 T  T
 
   Iter Phase Ninf     Objective     RGmax    NSB   Step InItr MX OK
    250   3       -1.6374141604E+01 9.0E-01    42 0.0E+00      T  T
    251   3       -1.6360732679E+01 9.0E-01    41 1.8E-02      F  T
    252   3       -1.6351545675E+01 2.9E-01    41 8.8E-02      F  T
    253   4       -1.6334735226E+01 5.4E-01    41 1.0E+00      F  T
    254   4       -1.6217689258E+01 3.8E-01    41 1.0E+00    4 F  T
    255   4       -1.6083325140E+01 3.3E-01    41 1.0E+00    6 F  T
    256   4       -1.6019404260E+01 4.0E-01    43 1.0E+00    9 F  T
    257   4       -1.5928942978E+01 1.3E+00    41 1.0E+00   12 T  T
    258   3       -1.5928942978E+01 9.1E-01    46 0.0E+00      T  T
    259   3       -1.5928931556E+01 9.1E-01    42 1.1E-05      T  T
 
   Iter Phase Ninf     Objective     RGmax    NSB   Step InItr MX OK
    260   3       -1.5927453406E+01 9.1E-01    41 3.4E-03      F  T
    261   3       -1.5926742482E+01 3.1E-01    53 2.2E-03      T  T
    262   3       -1.5925682935E+01 3.1E-01    52 9.6E-03      F  T
    263   3       -1.5923504417E+01 2.0E+00    52 1.1E-03      F  T
    264   4       -1.5922213476E+01 3.0E-01    52 5.2E+00      F  T
    265   4       -1.5915005234E+01 7.4E-01    52 1.0E+00    1 F  T
    266   4       -1.5774862876E+01 4.4E+00    52 1.0E+00    3 F  T
    267   4       -1.5705883324E+01 1.5E+01    51 5.8E-01      F  T
    268   4       -1.5531999115E+01 4.1E+00    51 1.0E+00    4 T  T
    269   3       -1.5531999115E+01 9.6E-01    51 0.0E+00      T  T
   Elapsed time       30.2 seconds.
 
   Iter Phase Ninf     Objective     RGmax    NSB   Step InItr MX OK
    270   3       -1.5531136248E+01 9.6E-01    50 8.1E-04      F  T
    271   3       -1.5530296531E+01 1.0E+00    50 6.6E-04      F  T
    272   4       -1.5506046014E+01 8.2E-01    50 3.8E+01      F  T
    273   4       -1.5464513114E+01 4.6E+01    50 6.3E-01    4 F  T
    274   4       -1.5416491053E+01 8.8E+01    49 1.0E+00    3 F  T
    275   4       -1.5239269074E+01 3.2E+01    49 1.0E+00    6 T  T
    276   4       -1.4183583441E+01 6.6E-01    48 1.0E+00    8 T  T
    277   3       -1.4183582760E+01 3.7E+00    50 3.2E-08      T  T
    278   3       -1.4183582760E+01 2.0E+00    49 0.0E+00      T  T
    279   3       -1.4183582760E+01 2.0E+00    48 0.0E+00      T  T
 
   Iter Phase Ninf     Objective     RGmax    NSB   Step InItr MX OK
    280   3       -1.4112566950E+01 2.0E+00    47 2.5E-02      F  T
    281   3       -1.4029053811E+01 1.7E+00    47 2.1E-02      F  T
    282   4       -1.3962767975E+01 1.2E+00    47 2.0E+00      F  T
    283   4       -1.3798362476E+01 3.1E+00    47 1.0E+00    2 F  T
    284   4       -1.3531833047E+01 9.4E+00    47 1.0E+00    4 F  T
    285   4       -1.2842398799E+01 3.3E+00    47 1.0E+00    6 T  T
    286   4       -1.2187159697E+01 4.3E+00    44 1.0E+00    8 T  T
    287   4       -1.1643163141E+01 3.2E-01    43 1.0E+00   16 F  T
    288   4       -1.1508383657E+01 7.4E-01    43 1.0E+00   13 F  T
    289   4       -1.1302012159E+01 4.9E-01    43 1.0E+00   15 F  T
 
   Iter Phase Ninf     Objective     RGmax    NSB   Step InItr MX OK
    290   4       -1.1084327118E+01 5.9E-01    43 1.0E+00   16 T  T
    291   3       -1.1084327118E+01 9.0E+00    45 0.0E+00      T  T
    292   3       -1.1077468086E+01 9.0E+00    43 2.2E-04      F  T
    293   3       -1.1077230005E+01 1.4E+00    43 2.0E-04      F  T
    294   4       -1.1039941408E+01 7.0E-01    53 6.1E+01      T  T
    295   4       -1.0974844666E+01 2.0E+00    53 7.1E-01      T  T
    296   4       -1.0945234867E+01 3.0E+00    52 2.4E+01      T  T
    297   4       -1.0930765314E+01 1.8E+00    51 1.0E+00      T  T
    298   4       -1.0921223678E+01 1.8E+00    51 1.6E+01      F  T
    299   4       -1.0915684699E+01 2.3E+00    51 1.3E+01      T  T
 
   Iter Phase Ninf     Objective     RGmax    NSB   Step InItr MX OK
    300   4       -1.0903354203E+01 2.6E+00    51 1.6E+01      F  T
    301   4       -1.0898353249E+01 3.5E+00    51 2.9E+00      F  T
    302   4       -1.0875624887E+01 6.9E+00    51 1.0E+00    1 F  T
    303   4       -1.0728523570E+01 1.0E+00    51 1.0E+00    4 F  T
    304   4       -1.0719493497E+01 2.9E+00    51 5.8E-01      F  T
    305   4       -1.0514200599E+01 5.7E-01    51 1.0E+00    9 F  T
    306   4       -1.0322830683E+01 8.0E+00    50 1.0E+00   11 F  T
    307   4       -1.0256652612E+01 4.6E+00    50 1.0E+00   11 F  T
    308   4       -1.0189932852E+01 1.3E+00    50 4.0E-01   18 T  T
    309   4       -1.0134900449E+01 1.1E+00    48 1.0E+00    9 F  T
 
   Iter Phase Ninf     Objective     RGmax    NSB   Step InItr MX OK
    310   4       -1.0076536575E+01 7.4E-01    48 1.0E+00   15 F  T
    311   4       -1.0065747378E+01 5.5E-01    48 1.0E+00   16 F  T
    312   4       -1.0003563444E+01 9.4E-02    48 1.0E+00   35 F  T
    313   4       -9.9995862549E+00 1.8E+00    47 1.0E+00    3 F  T
    314   4       -9.7645407031E+00 9.9E-02    67 1.0E+00   13 T  T
    315   3       -9.7645407031E+00 3.0E+00    62 0.0E+00      T  T
    316   3       -9.7614978089E+00 3.0E+00    61 5.4E-04      F  T
    317   3       -9.7614182997E+00 1.6E-01    63 1.2E-03      T  T
    318   3       -9.7613530882E+00 2.5E-01    62 7.1E-04      F  T
    319   3       -9.7612500783E+00 1.5E-01    62 2.9E-03      F  T
 
   Iter Phase Ninf     Objective     RGmax    NSB   Step InItr MX OK
    320   4       -9.7594135018E+00 5.8E-01    62 3.7E+00      F  T
    321   4       -9.7568420343E+00 3.5E+01    62 5.8E-01    4 F  T
    322   4       -9.7557503595E+00 3.3E+02    61 1.0E+00    2 F  T
    323   4       -9.7394224576E+00 1.9E+01    61 1.0E+00    6 F  T
    324   4       -9.6266491938E+00 4.3E-01    61 1.0E+00   10 T  T
    325   3       -9.6253927625E+00 6.9E+02    62 6.0E-09      F  T
    326   4       -9.6253927625E+00 7.4E+01    62 0.0E+00      T  T
    327   3       -9.6253768008E+00 7.4E+01    61 5.8E-09      F  T
    328   4       -9.6241747326E+00 1.4E-01    61 2.7E+04      F  T
    329   4       -9.6106757459E+00 5.9E+02    61 1.0E+00    1 F  T
 
   Iter Phase Ninf     Objective     RGmax    NSB   Step InItr MX OK
    330   4       -9.6105491830E+00 2.0E+02    61 1.0E+00    1 F  T
    331   4       -9.5751925847E+00 4.4E+00    61 1.0E+00   11 F  T
    332   4       -9.5655274074E+00 3.7E+01    61 1.0E+00    5 F  T
    333   4       -9.4152561186E+00 9.0E+00    61 1.0E+00   21 T  T
    334   3       -9.4131321892E+00 7.5E+02    61 8.6E-09      F  T
    335   4       -9.4131321892E+00 6.6E+01    61 0.0E+00      T  T
    336   3       -9.4131152087E+00 6.6E+01    60 1.1E-08      F  T
    337   4       -9.4131133183E+00 2.1E+01    60 1.1E+00      F  T
    338   4       -9.3885770699E+00 2.8E+00    60 1.0E+00    3 T  T
    339   4       -9.3868228895E+00 5.6E+02    59 1.0E+00    2 F  T
 
   Iter Phase Ninf     Objective     RGmax    NSB   Step InItr MX OK
    340   4       -9.3868144223E+00 4.5E+01    59 1.0E+00    1 F  T
    341   4       -9.2063186700E+00 3.2E-01    59 1.0E+00    8 F  T
    342   4       -8.7861195441E+00 2.2E-01    58 1.0E+00   19 T  T
    343   4       -8.6751256818E+00 6.4E-01    57 1.0E+00   23 T  T
    344   4       -8.6273709312E+00 4.5E-01    57 1.0E+00   42 F  T
    345   4       -8.6209930698E+00 6.9E-02    56 1.0E+00   46 T  T
    346   3       -8.6209930698E+00 6.6E-02    62 0.0E+00      T  T
    347   3       -8.6209930698E+00 6.6E-02    56 0.0E+00      T  T
    348   3       -8.6205647362E+00 6.6E-02    55 2.1E-01      F  T
    349   3       -8.6204493293E+00 6.1E-01    55 5.0E-04      F  T
 
   Iter Phase Ninf     Objective     RGmax    NSB   Step InItr MX OK
    350   4       -8.6204110816E+00 4.7E-02    63 5.2E+01      F  T
    351   4       -8.6193327911E+00 3.5E-01    63 1.0E+00    2 F  T
    352   4       -8.6147389713E+00 8.7E-02    63 1.0E+00    9 F  T
    353   4       -8.5864168286E+00 4.3E-02    63 1.0E+00   10 F  T
    354   4       -8.5594231383E+00 1.5E+00    63 1.0E+00   13 T  T
    355   3       -8.5594231383E+00 5.6E-01    63 0.0E+00      T  T
    356   3       -8.5593292851E+00 5.6E-01    62 4.9E-04      F  T
    357   3       -8.5593163497E+00 3.4E-02    62 2.8E-03      F  T
    358   4       -8.5560741465E+00 1.8E-01    62 4.9E+01      F  T
    359   4       -8.5539821637E+00 7.9E-02    62 1.0E+00    5 F  T
 
   Iter Phase Ninf     Objective     RGmax    NSB   Step InItr MX OK
    360   4       -8.5536640690E+00 4.4E-02    62 1.6E+01      F  T
    361   4       -8.5476702638E+00 1.7E-01    62 1.0E+00    8 F  T
    362   4       -8.4821585194E+00 1.5E-01    62 1.0E+00   16 T  T
    363   3       -8.4821585194E+00 2.4E-01    63 0.0E+00      T  T
    364   3       -8.4821299740E+00 2.4E-01    61 6.0E-04      F  T
    365   3       -8.4820900040E+00 8.7E-02    61 2.5E-03      F  T
    366   4       -8.4786170437E+00 2.8E-01    61 1.6E+01      F  T
    367   4       -8.4649055530E+00 2.7E-01    61 1.0E+00    2 F  T
    368   4       -8.3862761591E+00 1.9E-01    61 1.0E+00    9 F  T
    369   4       -8.3859132595E+00 1.5E+00    61 4.0E-03   13 F  T
 
   Iter Phase Ninf     Objective     RGmax    NSB   Step InItr MX OK
    370   4       -8.3262918184E+00 4.0E-01    58 1.0E+00    3 F  T
    371   4       -8.3061811678E+00 4.1E+01    60 1.0E+00    2 F  T
    372   4       -8.2908379265E+00 1.6E+01    60 1.0E+00    5 F  T
    373   4       -8.2780696048E+00 5.2E+00    60 5.0E-01    9 F  T
    374   4       -8.2662490307E+00 5.1E+00    60 1.0E+00    3 F  T
    375   4       -8.2326689437E+00 3.4E-01    60 1.0E+00    8 T  T
    376   3       -8.2326689437E+00 1.1E-01    62 0.0E+00      T  T
    377   3       -8.2315256123E+00 1.1E-01    60 5.1E-02      F  T
    378   3       -8.2309138925E+00 1.5E-01    60 2.1E-02      F  T
    379   4       -8.2254889558E+00 6.1E-02    60 1.6E+01      F  T
 
   Iter Phase Ninf     Objective     RGmax    NSB   Step InItr MX OK
    380   4       -8.2210118192E+00 1.8E-01    60 1.0E+00    2 F  T
    381   4       -8.2094758232E+00 1.4E-01    60 1.0E+00    9 F  T
    382   4       -8.1913253690E+00 4.3E-02    60 1.0E+00   13 T  T
    383   3       -8.1913253690E+00 3.4E-02    63 0.0E+00      T  T
    384   3       -8.1904729334E+00 3.4E-02    59 2.8E-01      F  T
    385   3       -8.1899417098E+00 1.7E-01    59 1.5E-02      F  T
    386   4       -8.1897570675E+00 5.8E-02    59 1.8E+00      F  T
    387   4       -8.1894946039E+00 4.4E-02    59 4.0E+00      F  T
    388   4       -8.1869051496E+00 4.6E-02    59 1.0E+00    2 F  T
    389   4       -8.1797200567E+00 2.6E-02    59 1.0E+00    9 F  T
 
   Iter Phase Ninf     Objective     RGmax    NSB   Step InItr MX OK
    390   4       -8.1573512034E+00 5.0E-02    59 1.0E+00   14 T  T
    391   3       -8.1573512034E+00 6.3E-02    61 0.0E+00      T  T
    392   3       -8.1568752808E+00 6.3E-02    58 7.7E-02      F  T
    393   3       -8.1566159062E+00 8.5E-02    58 3.0E-02      F  T
    394   4       -8.1561255884E+00 4.8E-02    58 3.6E+00      F  T
    395   4       -8.1541543846E+00 7.5E-02    58 1.0E+00    2 F  T
    396   4       -8.1478318883E+00 9.8E-02    58 1.0E+00    9 F  T
    397   4       -8.1386905844E+00 2.3E-02    58 1.0E+00   13 F  T
    398   4       -8.1342778416E+00 3.2E-02    57 1.0E+00   18 F  T
    399   4       -8.1149202749E+00 1.4E-01    94 2.0E-02   26 F  T
 
   Iter Phase Ninf     Objective     RGmax    NSB   Step InItr MX OK
    400   4       -7.6707313078E+00 9.6E-01    82 1.0E+00    4 T  T
    401   3       -7.6707312604E+00 2.7E+00    96 2.9E-09      T  T
    402   3       -7.6707312604E+00 1.6E+00    95 0.0E+00      T  T
    403   3       -7.6701105255E+00 1.6E+00    92 2.0E-04      F  T
    404   3       -7.6691555532E+00 4.1E-01    92 2.4E-03      T  T
    405   3       -7.6684913313E+00 3.2E+00    91 1.0E-04      F  T
    406   3       -7.6672976066E+00 1.1E+00    93 5.9E-04      F  T
    407   4       -7.6626525634E+00 2.8E+00    93 1.0E+00      F  T
    408   4       -7.6315968280E+00 1.2E+00    93 1.0E+00    2 F  T
    409   4       -7.4687477634E+00 1.5E+00    93 1.0E+00    7 F  T
 
   Iter Phase Ninf     Objective     RGmax    NSB   Step InItr MX OK
    410   4       -7.1478375289E+00 2.6E-01    93 1.0E+00   13 T  T
    411   3       -7.1478375289E+00 8.1E+00    93 0.0E+00      T  T
    412   3       -7.1449756099E+00 8.1E+00    92 7.4E-05      F  T
    413   3       -7.1448876149E+00 6.2E-01    95 1.1E-04      F  T
    414   4       -7.1442752331E+00 4.4E-01    95 7.1E+00      F  T
    415   4       -7.0549870398E+00 3.1E+00    95 1.0E+00    4 F  T
    416   4       -6.9761361050E+00 5.6E-01    95 1.0E+00    9 T  T
    417   3       -6.9761361050E+00 2.3E-01    95 0.0E+00      T  T
    418   3       -6.9761184149E+00 2.3E-01    94 3.0E-04      F  T
    419   3       -6.9760409435E+00 3.5E-01    95 8.0E-04      F  T
 
   Iter Phase Ninf     Objective     RGmax    NSB   Step InItr MX OK
    420   4       -6.9759684960E+00 3.8E-01    95 5.2E-01      F  T
    421   4       -6.9696625819E+00 1.7E-01    95 1.0E+00    2 F  T
    422   4       -6.9150458401E+00 4.5E-01    95 1.0E+00    7 F  T
    423   4       -6.8642497840E+00 1.9E+00    95 1.0E+00    8 F  T
    424   4       -6.7473039050E+00 3.5E-01    94 1.0E+00   11 T  T
    425   4       -6.6082419538E+00 2.2E-01    92 1.0E+00   16 T  T
    426   3       -6.6082419538E+00 2.3E-01    92 0.0E+00      T  T
    427   3       -6.6082414089E+00 2.3E-01    91 7.5E-06      T  T
    428   3       -6.6081431876E+00 2.3E-01    90 3.6E-03      F  T
    429   3       -6.6080023218E+00 1.2E-01    90 4.4E-03      F  T
 
   Iter Phase Ninf     Objective     RGmax    NSB   Step InItr MX OK
    430   3       -6.6078502249E+00 1.7E-01    91 5.0E-03      F  T
    431   4       -6.6042140343E+00 3.1E-01    91 1.6E+01      F  T
    432   4       -6.5972094713E+00 1.0E+00    91 1.0E+00    2 F  T
    433   4       -6.5477901535E+00 3.2E-01    91 1.0E+00    7 T  T
    434   3       -6.5477901535E+00 5.1E-01    91 0.0E+00      T  T
    435   3       -6.5474828106E+00 5.1E-01    90 1.0E-03      F  T
    436   3       -6.5473176144E+00 1.2E-01    90 3.2E-03      F  T
    437   4       -6.5447553431E+00 2.0E-01    90 7.6E+00      F  T
    438   4       -6.5409469929E+00 1.1E+00    90 1.0E+00    2 F  T
    439   4       -6.5208231788E+00 4.2E-01    90 1.0E+00    8 T  T
 
   Iter Phase Ninf     Objective     RGmax    NSB   Step InItr MX OK
    440   3       -6.5207967698E+00 1.4E-01    89 7.4E-04      F  T
    441   3       -6.5207724990E+00 2.1E-01    89 7.1E-04      F  T
    442   4       -6.5202388151E+00 1.8E-01    89 2.3E+01      F  T
    443   4       -6.5186167837E+00 1.1E+00    89 1.0E+00    1 F  T
    444   4       -6.5044778728E+00 8.6E-01    89 1.0E+00    7 F  T
    445   4       -6.4430303859E+00 9.4E-02    89 1.0E+00   14 F  T
    446   4       -6.2746986263E+00 5.7E-01    89 1.0E+00   15 F  T
    447   4       -6.1904337564E+00 8.5E-01    87 1.0E+00   21 T  T
    448   3       -6.1904333570E+00 1.2E+00    89 2.0E-07      T  T
    449   3       -6.1904333570E+00 1.2E+00    88 0.0E+00      T  T
 
   Iter Phase Ninf     Objective     RGmax    NSB   Step InItr MX OK
    450   3       -6.1904333570E+00 1.2E+00    87 0.0E+00      T  T
    451   3       -6.1900746208E+00 1.2E+00    86 4.5E-04      F  T
    452   3       -6.1899889394E+00 3.3E-01    86 6.3E-04      F  T
    453   4       -6.1890611772E+00 3.2E-01    86 1.2E+01      F  T
    454   4       -6.1727899574E+00 1.2E+00    86 1.0E+00    1 F  T
    455   4       -6.1442790967E+00 5.7E+00    86 1.0E+00    9 F  T
    456   4       -6.1290075928E+00 1.1E+00    86 1.0E+00   11 T  T
    457   4       -6.0471903997E+00 2.8E-01    85 1.0E+00   23 F  T
    458   4       -6.0310980088E+00 1.4E-01    85 1.0E+00   21 T  T
    459   4       -6.0217779014E+00 1.9E-02    84 1.0E+00   27 T  T
 
   Iter Phase Ninf     Objective     RGmax    NSB   Step InItr MX OK
    460   3       -6.0217779014E+00 1.9E-02    97 0.0E+00      T  T
    461   3       -6.0217754837E+00 1.9E-02    84 6.0E-03      T  T
    462   3       -6.0217739195E+00 7.6E-02    83 2.6E-04      F  T
    463   3       -6.0217721248E+00 1.9E-02    83 5.5E-03      F  T
    464   3       -6.0217702162E+00 8.2E-02    83 4.2E-04      F  T
    465   3       -6.0217681518E+00 1.9E-02    83 5.9E-03      F  T
    466   4       -6.0216075727E+00 8.6E-02    83 4.0E+00      F  T
    467   4       -6.0213472937E+00 3.3E-02    83 1.0E+00    2 F  T
    468   4       -6.0206249683E+00 6.0E-02    83 1.0E+00    9 F  T
    469   4       -6.0171272919E+00 1.9E-02    83 1.0E+00   14 F  T
 
   Iter Phase Ninf     Objective     RGmax    NSB   Step InItr MX OK
    470   4       -6.0058843208E+00 1.9E-02    83 1.0E+00   33 T  T
    471   3       -6.0058843208E+00 2.2E-02    94 0.0E+00      T  T
    472   3       -6.0058762920E+00 2.2E-02    82 9.1E-03      F  T
    473   3       -6.0058698952E+00 8.1E-02    82 2.1E-03      F  T
    474   4       -6.0058634986E+00 4.1E-02    82 3.1E+00      F  T
    475   4       -6.0055987176E+00 4.6E-02    82 1.0E+00    4 F  T
    476   4       -6.0046062271E+00 6.9E-02    82 1.0E+00    9 F  T
    477   4       -6.0010392320E+00 2.3E-02    82 1.0E+00   14 F  T
    478   4       -5.9979186826E+00 2.2E-01    82 1.0E+00   17 F  T
    479   4       -5.9970070986E+00 2.2E-01    82 1.0E+00   15 F  T
 
   Iter Phase Ninf     Objective     RGmax    NSB   Step InItr MX OK
    480   4       -5.9960414226E+00 3.4E-02    82 1.0E+00   30 T  T
    481   3       -5.9960414226E+00 1.3E-02   104 0.0E+00      T  T
    482   3       -5.9960403677E+00 7.0E-03    81 2.1E-02      F  T
    483   3       -5.9960398832E+00 2.9E-03    81 3.6E-02      F  T
    484   4       -5.9960193771E+00 4.4E-03    86 1.0E+01      F  T
    485   4       -5.9958190302E+00 1.3E-02    86 1.0E+00    1 F  T
    486   4       -5.9946002992E+00 3.6E-02    86 1.0E+00    7 F  T
    487   4       -5.9910017572E+00 6.5E-02    86 1.0E+00   14 F  T
    488   4       -5.9790633416E+00 1.4E-02    86 1.0E+00   19 T  T
    489   3       -5.9790633416E+00 2.4E-02    93 0.0E+00      T  T
 
   Iter Phase Ninf     Objective     RGmax    NSB   Step InItr MX OK
    490   3       -5.9790062697E+00 2.1E-02    85 2.6E-02      T  T
    491   3       -5.9789443477E+00 1.5E-02    84 8.4E-02      F  T
    492   3       -5.9789095573E+00 3.2E-02    84 2.2E-02      F  T
    493   4       -5.9787001617E+00 1.8E-02    84 1.1E+01      F  T
    494   4       -5.9781923700E+00 7.2E-02    84 1.0E+00    1 F  T
    495   4       -5.9718830014E+00 4.4E-02    84 1.0E+00    6 F  T
    496   4       -5.9506984174E+00 1.1E-01    84 1.0E+00   13 T  T
    497   3       -5.9503842355E+00 8.9E-02    83 2.8E-02      F  T
    498   3       -5.9502434899E+00 3.6E-02    83 3.5E-02      F  T
    499   4       -5.9497945272E+00 4.7E-02    83 2.7E+00      F  T
 
   Iter Phase Ninf     Objective     RGmax    NSB   Step InItr MX OK
    500   4       -5.9483202677E+00 9.1E-02    83 1.0E+00    2 F  T
    501   4       -5.9374713640E+00 5.5E-02    83 1.0E+00    7 F  T
    502   4       -5.8609319487E+00 1.1E-01    83 1.0E+00   12 T  T
    503   3       -5.8609319487E+00 6.5E-02    87 0.0E+00      T  T
    504   3       -5.8609298017E+00 2.1E-02    82 6.3E-04      T  T
    505   3       -5.8605927397E+00 2.1E-02    81 2.3E-01      F  T
    506   3       -5.8602716687E+00 9.9E-02    81 2.6E-02      F  T
    507   4       -5.8601211708E+00 3.9E-02    81 2.3E+00      F  T
    508   4       -5.8553050578E+00 5.5E-02    81 1.0E+00    2 F  T
    509   4       -5.8428694842E+00 1.1E-01    81 1.0E+00    9 F  T
 
   Iter Phase Ninf     Objective     RGmax    NSB   Step InItr MX OK
    510   4       -5.8166359974E+00 9.4E-02    81 1.0E+00   18 T  T
    511   3       -5.8166359974E+00 4.0E-02    90 0.0E+00      T  T
    512   3       -5.8161781881E+00 4.0E-02    80 8.7E-02      F  T
    513   3       -5.8159269516E+00 7.9E-02    80 2.0E-02      F  T
    514   4       -5.8149400635E+00 3.7E-02    80 1.3E+01      F  T
    515   4       -5.8126816252E+00 1.8E-01    80 1.0E+00    2 F  T
    516   4       -5.8069211525E+00 3.9E-02    80 1.0E+00   13 F  T
    517   4       -5.7998508277E+00 1.5E-02    80 1.0E+00   16 T  T
    518   3       -5.7998508277E+00 1.9E-02    96 0.0E+00      T  T
    519   3       -5.7997806374E+00 1.8E-02    79 1.2E-01      F  T
 
   Iter Phase Ninf     Objective     RGmax    NSB   Step InItr MX OK
    520   3       -5.7997223038E+00 5.2E-02    79 1.7E-02      F  T
    521   4       -5.7996574272E+00 1.6E-02    79 4.0E+00      F  T
    522   4       -5.7990955901E+00 4.1E-02    79 1.0E+00    2 F  T
    523   4       -5.7976847049E+00 3.8E-02    79 1.0E+00   10 F  T
    524   4       -5.7961260786E+00 1.2E-02    79 1.0E+00   20 T  T
    525   3       -5.7961260786E+00 3.5E-02    79 0.0E+00      T  T
    526   3       -5.7961030169E+00 3.5E-02    78 2.0E-02      F  T
    527   3       -5.7960979234E+00 8.0E-03    78 3.9E-02      F  T
    528   4       -5.7960847127E+00 7.7E-03    78 2.3E+00      F  T
    529   4       -5.7959821290E+00 9.7E-03    78 1.0E+00    2 F  T
 
   Iter Phase Ninf     Objective     RGmax    NSB   Step InItr MX OK
    530   4       -5.7957206719E+00 1.4E-02    78 1.0E+00   12 F  T
    531   4       -5.7943346082E+00 3.6E-03    78 1.0E+00   34 F  T
    532   4       -5.7943265962E+00 7.6E-03    78 1.0E+00      F  T
    533   4       -5.7943234542E+00 8.8E-01    78 1.4E-03   17 F  T
    534   4       -5.7943199168E+00 8.0E+00    77 4.3E-07      F  T
    535   4       -5.7943196226E+00 2.2E+00    77 1.0E+00    1 F  T
    536   3       -5.7943183458E+00 2.3E-01    79 6.5E-05      F  T
    537   3       -5.7943161492E+00 6.2E+00    79 4.7E-08      F  T
    538   4       -5.7943160031E+00 1.2E+00    79 1.0E+00      F  T
    539   4       -5.7938609051E+00 2.3E-01    79 1.0E+00    1 F  T
 
   Iter Phase Ninf     Objective     RGmax    NSB   Step InItr MX OK
    540   4       -5.7537939920E+00 8.1E+01    79 1.0E+00    2 F  T
    541   4       -5.7537491921E+00 2.8E+01    79 1.0E+00    1 F  T
    542   4       -5.7370908050E+00 5.1E-01    79 1.0E+00    9 T  T
    543   4       -5.7338087044E+00 1.2E+00    78 1.0E+00   11 F  T
    544   4       -5.7310552548E+00 1.4E+00    78 1.0E+00   11 F  T
    545   4       -5.7286745982E+00 5.0E-01    78 1.0E+00   13 F  T
    546   4       -5.7275326433E+00 8.1E-01    78 1.0E+00   12 F  T
    547   4       -5.7204909300E+00 2.3E-01    78 1.0E+00   25 T  T
    548   3       -5.7204909300E+00 1.3E-02    99 0.0E+00      T  T
    549   3       -5.7201919074E+00 1.3E-02    77 6.5E-01      F  T
 
   Iter Phase Ninf     Objective     RGmax    NSB   Step InItr MX OK
    550   3       -5.7200748394E+00 1.9E-02    77 9.0E-02      F  T
    551   4       -5.7200381919E+00 3.1E-02    77 3.5E-01      F  T
    552   4       -5.7182490737E+00 1.7E-02    77 1.0E+00    4 F  T
    553   4       -5.7135633358E+00 2.0E-02    77 1.0E+00    9 F  T
    554   4       -5.6981798293E+00 3.6E-02    77 1.0E+00   32 F  T
    555   4       -5.6893546138E+00 1.3E-02    77 1.0E+00   29 T  T
    556   3       -5.6893546138E+00 1.4E-02    98 0.0E+00      T  T
    557   3       -5.6893421710E+00 1.4E-02    76 3.8E-02      F  T
    558   3       -5.6893342230E+00 1.2E-02    76 2.7E-02      F  T
    559   4       -5.6892439706E+00 1.1E-02    76 8.1E+00      F  T
 
   Iter Phase Ninf     Objective     RGmax    NSB   Step InItr MX OK
    560   4       -5.6889658863E+00 6.8E-02    76 1.0E+00    1 F  T
    561   4       -5.6866273766E+00 2.9E-02    76 1.0E+00    9 F  T
    562   4       -5.6866273766E+00 8.1E+00    76 0.0E+00    9 F  F
    563   4       -5.6819051266E+00 1.2E+00    74 1.0E+00    3 F  T
    564   4       -5.6796672535E+00 1.1E+00    74 1.0E+00    8 F  T
    565   4       -5.6766433713E+00 3.0E+00    74 7.7E-01    8 F  T
    566   4       -5.6760194500E+00 5.0E+00    74 1.0E+00    1 F  T
    567   4       -5.6706662191E+00 2.4E+00    76 1.0E+00   10 T  T
    568   3       -5.6706662191E+00 2.2E-01    76 0.0E+00      T  T
    569   3       -5.6706459885E+00 2.2E-01    75 5.4E-04      F  T
 
   Iter Phase Ninf     Objective     RGmax    NSB   Step InItr MX OK
    570   3       -5.6706432183E+00 4.6E-02    75 8.8E-04      F  T
    571   4       -5.6706416478E+00 2.9E-02    75 1.3E+00      F  T
    572   4       -5.6704351501E+00 2.8E-02    75 1.0E+00    4 F  T
    573   4       -5.6698865181E+00 4.7E-02    75 1.0E+00   10 F  T
    574   4       -5.6671429123E+00 1.3E-02    75 1.0E+00   28 F  T
    575   4       -5.6657537722E+00 4.5E-02    75 1.0E+00   19 T  T
    576   3       -5.6657537722E+00 3.4E-02    79 0.0E+00      T  T
    577   3       -5.6657529418E+00 3.4E-02    74 1.2E-03      F  T
    578   3       -5.6657522128E+00 3.7E-03    74 2.2E-02      F  T
    579   4       -5.6657437877E+00 3.0E-02    74 6.7E-01      F  T
 
   Iter Phase Ninf     Objective     RGmax    NSB   Step InItr MX OK
    580   4       -5.6656786106E+00 1.9E-02    74 1.0E+00    2 F  T
    581   4       -5.6656662485E+00 6.3E-03    74 4.0E+00      F  T
    582   4       -5.6655940500E+00 4.0E-03    74 1.0E+00    8 F  T
    583   4       -5.6647702621E+00 8.6E-03    74 1.0E+00   40 F  T
    584   4       -5.6605797246E+00 4.6E-03    74 1.0E+00   31 F  T
    585   4       -5.6603812431E+00 7.0E-01    74 6.7E-03   20 F  T
    586   4       -5.6600546446E+00 1.2E+01    71 1.0E+00    1 F  T
    587   4       -5.6600533295E+00 1.6E-01    72 8.2E-05   10 F  F
    588   4       -5.6515763444E+00 2.7E+00    69 1.0E+00    2 F  T
    589   4       -5.6511983584E+00 1.9E+00    69 6.2E-02    7 F  T
 
   Iter Phase Ninf     Objective     RGmax    NSB   Step InItr MX OK
    590   4       -5.6501554990E+00 6.7E+00    69 5.0E-01    2 F  T
    591   4       -5.6499533149E+00 2.4E+01    69 1.0E+00    1 F  T
    592   4       -5.6495249398E+00 4.3E-01    69 2.7E-02    7 F  T
    593   4       -5.6488028280E+00 1.0E+01    69 6.2E-01    1 F  T
    594   4       -5.6474934784E+00 4.8E+01    69 1.0E+00    3 F  T
    595   4       -5.6471540774E+00 4.4E+00    69 1.2E-01    5 F  T
    596   4       -5.6471225447E+00 1.0E+01    69 1.0E+00    1 F  T
    597   4       -5.6467251109E+00 8.4E-02    69 2.4E-02    5 F  T
    598   4       -5.6459376950E+00 2.9E+01    68 1.0E+00    4 F  T
    599   4       -5.6441420551E+00 3.6E+00    68 1.0E+00    5 F  T
 
   Iter Phase Ninf     Objective     RGmax    NSB   Step InItr MX OK
    600   4       -5.6441156025E+00 8.0E-01    68 1.0E+00      F  T
    601   4       -5.6369328628E+00 2.9E-01    68 1.0E+00   11 F  T
    602   4       -5.6354076389E+00 7.1E+01    67 1.0E+00    4 F  T
    603   4       -5.6353948939E+00 2.9E+00    68 1.0E+00    4 F  T
    604   4       -5.6272319301E+00 2.3E-01    68 1.0E+00   11 T  T
    605   3       -5.6272319301E+00 5.6E-01    74 0.0E+00      T  T
    606   3       -5.6270769639E+00 5.6E-01    73 1.1E-03      F  T
    607   3       -5.6270714548E+00 9.7E-02    73 9.4E-04      F  T
    608   4       -5.6270298437E+00 1.2E-02    73 3.4E+02      F  T
    609   4       -5.6266835924E+00 2.0E-02    73 1.0E+00    4 F  T
 
   Iter Phase Ninf     Objective     RGmax    NSB   Step InItr MX OK
    610   4       -5.6227786877E+00 6.7E-02    73 1.0E+00    6 F  T
    611   4       -5.6226956869E+00 4.1E-01    73 1.0E+00      F  T
    612   4       -5.6124570025E+00 3.7E-02    77 1.0E+00   13 F  T
    613   4       -5.5930649431E+00 9.8E-01    77 1.0E+00   16 T  T
    614   4       -5.5930649431E+00 6.2E+01    76 0.0E+00    5 F  F
    615   3       -5.5930404310E+00 6.2E+01    76 4.9E-09      F  T
    616   3       -5.5930382593E+00 1.8E+01    76 6.0E-09      F  T
    617   4       -5.5930330788E+00 2.2E+00    76 1.2E+01      F  T
    618   4       -5.5926926291E+00 2.5E+01    76 1.0E+00    1 F  T
    619   4       -5.5920701386E+00 6.7E+00    76 1.0E+00    3 F  T
   Elapsed time       60.3 seconds.
 
   Iter Phase Ninf     Objective     RGmax    NSB   Step InItr MX OK
    620   4       -5.5908147669E+00 4.6E+00    76 1.0E+00    6 F  T
    621   4       -5.5870057304E+00 1.4E+00    76 1.0E+00   17 F  T
    622   4       -5.5869465827E+00 6.5E+00    76 1.0E+00    3 F  T
    623   4       -5.5839617044E+00 2.2E-02    80 9.9E-01   13 F  T
    624   4       -5.5580167333E+00 1.3E+01    80 1.0E+00   18 F  T
    625   4       -5.5566325986E+00 2.9E+01    79 1.0E+00    4 F  T
    626   4       -5.5485531456E+00 7.6E-01    79 5.8E-01   12 F  T
    627   4       -5.5427800190E+00 6.9E-02    79 1.0E+00    9 F  T
    628   4       -5.5206867387E+00 7.4E-02    79 1.0E+00   15 T  T
    629   3       -5.5206867387E+00 3.6E-01    80 0.0E+00      T  T
 
   Iter Phase Ninf     Objective     RGmax    NSB   Step InItr MX OK
    630   3       -5.5206157749E+00 3.6E-01    79 1.1E-03      F  T
    631   3       -5.5206043984E+00 7.0E-02    79 1.8E-03      F  T
    632   4       -5.5192204143E+00 7.5E-02    79 1.4E+02      F  T
    633   4       -5.5161824663E+00 2.3E-01    79 1.0E+00    2 F  T
    634   4       -5.5081275093E+00 3.3E-01    79 1.0E+00    8 T  T
    635   4       -5.4638878703E+00 8.0E-02    78 1.0E+00   15 F  T
    636   4       -5.3547729376E+00 6.9E-01    78 1.0E+00   17 F  T
    637   4       -5.1840662163E+00 8.0E-01    78 1.0E+00   18 T  T
    638   3       -5.1840662163E+00 3.6E-01    79 0.0E+00      T  T
    639   3       -5.1802069131E+00 3.6E-01    77 2.7E-02      F  T
 
   Iter Phase Ninf     Objective     RGmax    NSB   Step InItr MX OK
    640   3       -5.1771911818E+00 2.1E+00    77 9.7E-04      F  T
    641   4       -5.1756155160E+00 3.4E-01    77 1.3E+01      F  T
    642   4       -5.1538179954E+00 1.2E+00    77 1.0E+00    1 F  T
    643   4       -4.9834966473E+00 3.1E+00    77 1.0E+00    7 F  T
    644   4       -4.9804280005E+00 1.8E+00    77 1.0E+00      F  T
    645   4       -4.8037399151E+00 5.4E-01    77 1.0E+00    9 T  T
    646   4       -4.5560164549E+00 5.2E-01    75 1.0E+00   14 T  T
    647   4       -4.1703644369E+00 5.3E-01    71 1.0E+00   21 T  T
    648   4       -4.0338630768E+00 3.0E-01    64 1.1E+00   22 F  T
    649   4       -4.0219549395E+00 9.4E-02    64 1.0E+00   21 F  T
 
   Iter Phase Ninf     Objective     RGmax    NSB   Step InItr MX OK
    650   4       -3.9843791928E+00 2.0E-01    65 1.0E+00   23 F  T
    651   4       -3.9723031627E+00 1.3E-01    63 1.0E+00   17 T  T
    652   3       -3.9723031627E+00 1.2E-01    69 0.0E+00      T  T
    653   3       -3.9723019813E+00 1.8E-02    64 2.7E-03      T  T
    654   3       -3.9672406474E+00 1.2E-01    65 5.6E-01      F  T
    655   3       -3.9628702626E+00 3.4E-01    65 3.8E-02      F  T
    656   4       -3.9622864321E+00 7.3E-02    65 2.4E+00      F  T
    657   4       -3.9596402598E+00 7.3E-02    65 1.0E+00    1 F  T
    658   4       -3.9523539032E+00 7.2E-02    65 1.0E+00   15 F  T
    659   4       -3.9386092406E+00 3.0E-02    65 1.0E+00   17 T  T
 
   Iter Phase Ninf     Objective     RGmax    NSB   Step InItr MX OK
    660   3       -3.9386092406E+00 3.0E-02    78 0.0E+00      T  T
    661   3       -3.9385634636E+00 2.4E-02    64 4.9E-02      F  T
    662   3       -3.9384975134E+00 2.4E-02    65 4.8E-02      F  T
    663   4       -3.9383341797E+00 5.5E-02    65 1.0E+00      F  T
    664   4       -3.9372711042E+00 7.8E-02    65 1.0E+00    2 F  T
    665   4       -3.9317508268E+00 5.2E-02    65 1.0E+00    9 F  T
    666   4       -3.9224587848E+00 2.1E-02    65 1.0E+00   22 F  T
    667   4       -3.9218936165E+00 1.7E-02    65 1.0E+00   17 F  T
    668   4       -3.7992790655E+00 6.4E-03   114 1.0E+00   20 T  T
    669   3       -3.7992790655E+00 3.4E-01   102 0.0E+00      T  T
 
   Iter Phase Ninf     Objective     RGmax    NSB   Step InItr MX OK
    670   3       -3.7992630630E+00 3.4E-01   100 1.0E-04      T  T
    671   3       -3.7985651256E+00 3.4E-01    99 9.0E-03      F  T
    672   3       -3.7983750325E+00 5.5E-02    99 3.7E-02      F  T
    673   4       -3.7982535556E+00 1.3E-01    99 4.5E-01      F  T
    674   4       -3.7929639317E+00 4.1E-02    99 1.0E+00    4 F  T
    675   4       -3.7639745247E+00 9.2E-02    99 1.0E+00    7 F  T
    676   4       -3.6949351284E+00 3.6E-02    98 1.0E+00   15 T  T
    677   3       -3.6949351284E+00 1.0E-01   100 0.0E+00      T  T
    678   3       -3.6949351284E+00 1.0E-01    98 0.0E+00      T  T
    679   3       -3.6946813346E+00 1.0E-01    97 1.7E-02      F  T
 
   Iter Phase Ninf     Objective     RGmax    NSB   Step InItr MX OK
    680   3       -3.6944898170E+00 1.2E-01    97 1.3E-02      F  T
    681   4       -3.6933035806E+00 6.8E-02    97 1.0E+01      F  T
    682   4       -3.6895774119E+00 1.1E-01    97 1.0E+00    2 F  T
    683   4       -3.6609336895E+00 1.6E-01    97 1.0E+00    9 F  T
    684   4       -3.5871522869E+00 9.2E-02    97 1.0E+00   10 F  T
    685   4       -3.4155739013E+00 1.5E-01    97 1.0E+00   30 T  T
    686   4       -3.3088834151E+00 2.7E-01    96 1.0E+00   18 T  T
    687   3       -3.3088834151E+00 1.2E-01    96 0.0E+00      T  T
    688   3       -3.3086837108E+00 1.2E-01    95 3.2E-03      T  T
    689   3       -3.3085438482E+00 1.2E-01    94 2.5E-03      T  T
 
   Iter Phase Ninf     Objective     RGmax    NSB   Step InItr MX OK
    690   3       -3.3075894984E+00 1.2E-01    93 3.3E-02      F  T
    691   3       -3.3072841342E+00 1.6E-01    93 1.2E-02      F  T
    692   4       -3.3063099942E+00 7.4E-02    93 7.3E+00      F  T
    693   4       -3.3017667325E+00 1.0E-01    93 1.0E+00    2 F  T
    694   4       -3.1726628238E+00 2.3E-01    93 1.0E+00    5 F  T
    695   4       -3.0883253247E+00 1.9E-01    93 1.0E+00   13 T  T
    696   4       -3.0867300028E+00 2.4E+01    89 9.2E-03    5 F  T
    697   4       -3.0861096879E+00 1.3E+02    88 1.0E+00    1 F  T
    698   4       -2.8619216331E+00 3.9E+00    88 1.0E+00    6 T  T
    699   4       -2.7631688220E+00 5.4E-01    87 1.0E+00   14 T  T
 
   Iter Phase Ninf     Objective     RGmax    NSB   Step InItr MX OK
    700   4       -2.6730056859E+00 8.0E-01    82 6.2E-01   16 F  T
    701   4       -2.6255944357E+00 7.1E-02    82 1.0E+00   12 T  T
    702   4       -2.5918176881E+00 8.9E-02    77 1.0E+00   13 T  T
    703   3       -2.5918176881E+00 3.1E-02    84 0.0E+00      T  T
    704   3       -2.5916333286E+00 3.1E-02    77 2.4E-01      F  T
    705   3       -2.5915177680E+00 4.4E-02    77 6.0E-02      F  T
    706   4       -2.5914423193E+00 9.5E-03    77 2.0E+00      F  T
    707   4       -2.5894696327E+00 3.3E-02    77 1.0E+00    1 F  T
    708   4       -2.5699760301E+00 7.4E-02    77 1.0E+00    7 F  T
    709   4       -2.5698813999E+00 3.2E-02    76 2.0E-03   11 F  F
 
   Iter Phase Ninf     Objective     RGmax    NSB   Step InItr MX OK
    710   3       -2.5695136014E+00 4.7E-02    76 1.6E-01      F  T
    711   3       -2.5692302101E+00 5.6E-02    76 8.9E-02      F  T
    712   4       -2.5685117152E+00 2.8E-02    76 4.0E+00      F  T
    713   4       -2.5655929670E+00 1.0E-01    76 1.0E+00    2 F  T
    714   4       -2.5531523992E+00 1.1E-01    76 1.0E+00    8 F  T
    715   4       -2.5312132551E+00 4.2E-02    75 1.0E+00   13 T  T
    716   3       -2.5312132551E+00 1.8E-02    92 0.0E+00      T  T
    717   3       -2.5312120093E+00 1.8E-02    75 1.8E-03      T  T
    718   3       -2.5308815265E+00 1.8E-02    74 1.0E+00      F  T
    719   3       -2.5308815265E+00 8.0E-02    74 0.0E+00      T  T
 
   Iter Phase Ninf     Objective     RGmax    NSB   Step InItr MX OK
    720   3       -2.5305726536E+00 8.0E-02    73 7.3E-02      F  T
    721   3       -2.5304901779E+00 8.7E-03    73 3.2E-01      T  T
    722   3       -2.5304129206E+00 8.7E-03    72 6.3E-01      F  T
    723   3       -2.5303381261E+00 3.4E-02    72 1.0E-01      F  T
    724   4       -2.5301983826E+00 1.2E-02    72 4.0E+00      F  T
    725   4       -2.5296712192E+00 1.0E-02    72 1.0E+00    2 F  T
    726   4       -2.5224677287E+00 4.0E-02    72 1.0E+00    7 F  T
    727   4       -2.5014163392E+00 2.2E-02    72 1.0E+00   13 T  T
    728   3       -2.5014163392E+00 4.6E-02    72 0.0E+00      T  T
    729   3       -2.5013482858E+00 4.6E-02    71 2.0E-02      T  T
 
   Iter Phase Ninf     Objective     RGmax    NSB   Step InItr MX OK
    730   3       -2.5012414143E+00 4.6E-02    70 6.8E-02      F  T
    731   3       -2.5009985798E+00 2.4E-02    70 3.4E-01      F  T
    732   4       -2.5009455848E+00 1.1E-02    70 6.0E-01      F  T
    733   4       -2.5000744746E+00 2.7E-02    70 1.0E+00    1 F  T
    734   4       -2.4936446485E+00 3.7E-02    70 1.0E+00    7 F  T
    735   4       -2.4849428535E+00 6.9E-02    70 1.0E+00   13 T  T
    736   3       -2.4849428535E+00 1.2E-02    82 0.0E+00      T  T
    737   3       -2.4849296211E+00 1.2E-02    69 1.0E-01      F  T
    738   3       -2.4849192859E+00 9.0E-03    69 9.8E-02      F  T
    739   4       -2.4848577875E+00 6.9E-03    69 9.6E+00      F  T
 
   Iter Phase Ninf     Objective     RGmax    NSB   Step InItr MX OK
    740   4       -2.4847084001E+00 1.6E-02    69 1.0E+00    1 F  T
    741   4       -2.4832503751E+00 3.1E-02    69 1.0E+00    7 T  T
    742   4       -2.4773608217E+00 9.9E-03    68 1.0E+00   13 T  T
    743   3       -2.4773608217E+00 8.3E-03    87 0.0E+00      T  T
    744   3       -2.4773577564E+00 8.3E-03    67 2.2E-02      T  T
    745   3       -2.4773573900E+00 8.3E-03    66 3.3E-03      T  T
    746   3       -2.4773531378E+00 4.6E-03    65 1.1E-01      F  T
    747   3       -2.4773496371E+00 4.5E-03    65 1.1E-01      F  T
    748   4       -2.4773106278E+00 4.1E-03    65 1.3E+01      F  T
    749   4       -2.4768524749E+00 1.4E-02    65 1.0E+00    1 F  T
 
   Iter Phase Ninf     Objective     RGmax    NSB   Step InItr MX OK
    750   4       -2.4756068184E+00 3.8E-02    65 1.0E+00    8 T  T
    751   3       -2.4756068184E+00 5.3E-03    84 0.0E+00      T  T
    752   3       -2.4756004995E+00 5.3E-03    64 1.1E-01      F  T
    753   3       -2.4755957652E+00 5.7E-03    64 1.0E-01      F  T
    754   4       -2.4755692342E+00 4.8E-03    64 7.1E+00      F  T
    755   4       -2.4755086414E+00 9.4E-03    64 1.0E+00    1 F  T
    756   4       -2.4750793495E+00 3.0E-03    64 1.0E+00    7 T  T
    757   3       -2.4750793495E+00 1.2E-02    81 0.0E+00      T  T
    758   3       -2.4750728328E+00 1.2E-02    62 6.5E-02      F  T
    759   3       -2.4750719466E+00 1.7E-03    62 1.4E-01      F  T
 
   Iter Phase Ninf     Objective     RGmax    NSB   Step InItr MX OK
    760   4       -2.4750342524E+00 2.7E-03    62 3.0E+01      F  T
    761   4       -2.4750050453E+00 7.8E-03    62 1.0E+00    2 F  T
    762   4       -2.4742795538E+00 1.3E-02    62 1.0E+00    5 F  T
    763   4       -2.4722969156E+00 4.3E-03    62 1.0E+00   13 T  T
    764   3       -2.4722969156E+00 3.9E-03    81 0.0E+00      T  T
    765   3       -2.4722968640E+00 2.3E-03    61 3.3E-03      T  T
    766   3       -2.4722961294E+00 2.3E-03    60 9.5E-02      F  T
    767   3       -2.4722276416E+00 3.9E-03    68 9.0E-01      F  T
    768   4       -2.4715943348E+00 2.4E-02    68 6.3E-01      F  T
    769   4       -2.4682866058E+00 2.1E-02    68 1.0E+00    2 F  T
 
   Iter Phase Ninf     Objective     RGmax    NSB   Step InItr MX OK
    770   4       -2.4398798643E+00 7.7E-02    68 1.0E+00    4 T  T
    771   4       -2.4213716386E+00 4.2E-02    67 1.0E+00   12 F  T
    772   4       -2.4196510809E+00 3.2E-02    67 1.0E+00   11 F  T
    773   4       -2.4196365054E+00 7.8E-03    67 1.4E+00      F  T
    774   4       -2.4192994324E+00 3.4E-03    68 1.0E+00   18 T  T
    775   3       -2.4192994324E+00 1.9E-03    87 0.0E+00      T  T
    776   3       -2.4192994083E+00 9.1E-04    67 8.9E-03      T  T
    777   3       -2.4192781145E+00 1.5E-03    74 2.6E+00      F  T
    778   3       -2.4192630460E+00 2.1E-02    74 4.3E-02      F  T
    779   4       -2.4192575941E+00 8.4E-03    74 1.0E+00      F  T
 
   Iter Phase Ninf     Objective     RGmax    NSB   Step InItr MX OK
    780   4       -2.4162254366E+00 5.8E-03    74 1.0E+00    4 F  T
    781   4       -2.4091763884E+00 4.8E-02    74 1.0E+00    8 F  T
    782   4       -2.4002402995E+00 1.2E-02    73 1.0E+00   13 T  T
    783   3       -2.4002402995E+00 1.1E-02    74 0.0E+00      T  T
    784   3       -2.4002304374E+00 1.1E-02    72 1.3E-01      F  T
    785   3       -2.4002180439E+00 1.0E-02    72 7.9E-02      F  T
    786   4       -2.4000439728E+00 5.3E-03    72 3.9E+01      F  T
    787   4       -2.3997413190E+00 1.6E-02    72 1.0E+00    4 F  T
    788   4       -2.3988152491E+00 2.3E-03    72 1.0E+00    8 T  T
    789   3       -2.3988152491E+00 4.9E-03    74 0.0E+00      T  T
 
   Iter Phase Ninf     Objective     RGmax    NSB   Step InItr MX OK
    790   3       -2.3988152228E+00 3.4E-03    71 9.8E-04      T  T
    791   3       -2.3987655568E+00 3.4E-03    70 4.0E+00      F  T
    792   3       -2.3987464059E+00 4.9E-03    71 6.4E-01      F  T
    793   4       -2.3987415470E+00 3.4E-03    71 3.2E-01      F  T
    794   4       -2.3986816241E+00 6.1E-03    71 1.0E+00    4 F  T
    795   4       -2.3986695522E+00 3.5E-03    71 1.0E+00      F  T
    796   4       -2.3986345680E+00 1.8E-03    71 1.4E+01      F  T
    797   4       -2.3982739496E+00 1.9E-03    71 1.0E+00    7 F  T
    798   4       -2.3978780873E+00 1.4E-03    71 1.0E+00   24 F  T
    799   4       -2.3978709151E+00 3.3E-04    71 1.0E+00   15 F  T
 
   Iter Phase Ninf     Objective     RGmax    NSB   Step InItr MX OK
    800   4       -2.3976702461E+00 5.1E-04    85 2.6E+02      F  T
    801   4       -2.3559072908E+00 4.3E-02    85 1.0E+00   21 F  T
    802   4       -2.3442281504E+00 1.1E-01    82 1.0E+00   18 F  T
    803   4       -2.3337879301E+00 1.1E-02    82 1.0E+00   49 F  T
    804   4       -2.3335673962E+00 1.7E-02    82 1.0E+00   24 F  T
    805   4       -2.3314698546E+00 1.9E-04    85 1.0E+00   34 F  T
    806   4       -2.3314021135E+00 2.9E-02    85 1.0E+00    2 F  T
    807   4       -2.3314016934E+00 2.7E-04    85 1.0E+00   11 F  T
    808   4       -2.3314016906E+00 5.4E-06    85 1.0E+00    9 F  T
    809   4       -2.3314016906E+00 7.6E-08    85
 
 ** Optimal solution. Reduced gradient less than tolerance.
 
--- Reading solution for model sdgfinance
--- SDG Egypt Model v4.gms(457) 46 Mb  76 secs
--- Executing after solve: elapsed 0:01:23.410
--- SDG Egypt Model v4.gms(473) 46 Mb
--- GDX File (execute_unload) C:\Users\Yip\Documents\GAMS_dir\GAMS_SDG\egypt\v4\auxiliary\modeloutput.gdx
--- SDG Egypt Model v4.gms(478) 46 Mb

GDXXRW           38.2.1 96226ea8 Feb 19, 2022          VS8 x86 32bit/MS Window
Input file : C:\Users\Yip\Documents\GAMS_dir\GAMS_SDG\egypt\v4\auxiliary\modeloutput.gdx
Output file: C:\Users\Yip\Documents\GAMS_dir\GAMS_SDG\egypt\v4\output\modeloutput.xlsx
Total time = 1750 Ms
*** Status: Normal completion
--- Job SDG Egypt Model v4.gms Stop 07/27/22 18:29:40 elapsed 0:01:25.293
