--- Job SDG Egypt Model scen 6 arg.gms Start 08/22/22 12:43:53 37.1.0 r07954d5 WEX-WEI x86 64bit/MS Windows
--- Applying:
    C:\GAMS\37\gmsprmNT.txt
--- GAMS Parameters defined
    Input "C:\projdir\Wi2050-Countries-Calibration\SDG Financing Simplified model (Egypt)\scen 6\SDG Egypt Model scen 6 arg.gms"
    PageSize 0
    ScrDir "C:\projdir\Wi2050-Countries-Calibration\SDG Financing Simplified model (Egypt)\scen 6\225b\"
    SysDir C:\GAMS\37\
    LogOption 3
    ErrMsg 1
    ErrorLog 99
    IDE 1
    LstTitleLeftAligned 1
Licensee: Large MUD - 20 User License                    G211208|0002AR-WIN
          Columbia University, Earth Institute                       DC4533
          \\Mac\Home\Documents\GAMS\gamslice.txt
          License Admin: Jeffrey Sachs, sachs@columbia.edu                 
Processor information: 1 socket(s), 2 core(s), and 2 thread(s) available
GAMS 37.1.0   Copyright (C) 1987-2021 GAMS Development. All rights reserved
--- Starting compilation
--- SDG Egypt Model scen 6 arg.gms(134) 3 Mb
--- call GDXXRW .\input\paraminput\paraminput_arg.xlsx output=.\input\auxiliary\paraminput_arg.gdx Index=Index!a1 trace=3

GDXXRW           37.1.0 r07954d5 Released Nov 11, 2021 WEI x86 64bit/MS Window
Excel version 16.0
Input file : C:\projdir\Wi2050-Countries-Calibration\SDG Financing Simplified model (Egypt)\scen 6\input\paraminput\paraminput_arg.xlsx
Output file: C:\projdir\Wi2050-Countries-Calibration\SDG Financing Simplified model (Egypt)\scen 6\input\auxiliary\paraminput_arg.gdx
Substituting Index
Loading sheet Index
Reading data from Excel; Rng = A1:E97
Reading Slice: A1:E97
par=continuation Rng=Continuation!A1 Dim=2 Rdim=1
par=costff Rng=Hardcode!B1 Dim=0 Rdim=0
par=costre Rng=Hardcode!B2 Dim=0 Rdim=0
par=dep Rng=Hardcode!B3 Dim=0 Rdim=0
par=kff0 Rng=Hardcode!B4 Dim=0 Rdim=0
par=kre0 Rng=Hardcode!B5 Dim=0 Rdim=0
par=aff Rng=Hardcode!B6 Dim=0 Rdim=0
par=tfp1 Rng=Hardcode!B7 Dim=0 Rdim=0
par=phi Rng=Hardcode!B8 Dim=0 Rdim=0
par=fertsh Rng=Hardcode!B9 Dim=0 Rdim=0
par=bk Rng=Hardcode!B10 Dim=0 Rdim=0
par=bkf Rng=Hardcode!B11 Dim=0 Rdim=0
par=ben Rng=Hardcode!B12 Dim=0 Rdim=0
par=k0 Rng=Hardcode!B13 Dim=0 Rdim=0
par=kf0 Rng=Hardcode!B14 Dim=0 Rdim=0
par=pubgdpsh Rng=Hardcode!B15 Dim=0 Rdim=0
par=lowerbound Rng=Hardcode!B16 Dim=0 Rdim=0
par=discr Rng=Hardcode!B17 Dim=0 Rdim=0
par=stratio Rng=Hardcode!B18 Dim=0 Rdim=0
par=hwratio Rng=Hardcode!B19 Dim=0 Rdim=0
par=hcaccum Rng=Hardcode!B20 Dim=0 Rdim=0
Type Symbol       Dim      Sheet                Data          RowHeader     ColHeader     
Loading sheet Continuation
Reading data from Excel; Rng = A1:B19
Reading Slice: A1:B19
Par  continuation   2      Continuation         B2:B19        A2:A19        B1:B1         
Loading sheet Hardcode
Reading data from Excel; Rng = A1:B20
Reading Slice: A1:B20
Par  costff         0      Hardcode             B1:B1         --:--         --:--         
Par  costre         0      Hardcode             B2:B2         --:--         --:--         
Par  dep            0      Hardcode             B3:B3         --:--         --:--         
Par  kff0           0      Hardcode             B4:B4         --:--         --:--         
Par  kre0           0      Hardcode             B5:B5         --:--         --:--         
Par  aff            0      Hardcode             B6:B6         --:--         --:--         
Par  tfp1           0      Hardcode             B7:B7         --:--         --:--         
Par  phi            0      Hardcode             B8:B8         --:--         --:--         
Par  fertsh         0      Hardcode             B9:B9         --:--         --:--         
Par  bk             0      Hardcode             B10:B10       --:--         --:--         
Par  bkf            0      Hardcode             B11:B11       --:--         --:--         
Par  ben            0      Hardcode             B12:B12       --:--         --:--         
Par  k0             0      Hardcode             B13:B13       --:--         --:--         
Par  kf0            0      Hardcode             B14:B14       --:--         --:--         
Par  pubgdpsh       0      Hardcode             B15:B15       --:--         --:--         
Par  lowerbound     0      Hardcode             B16:B16       --:--         --:--         
Par  discr          0      Hardcode             B17:B17       --:--         --:--         
Par  stratio        0      Hardcode             B18:B18       --:--         --:--         
Par  hwratio        0      Hardcode             B19:B19       --:--         --:--         
Par  hcaccum        0      Hardcode             B20:B20       --:--         --:--         
Total time = 2219 Ms
--- SDG Egypt Model scen 6 arg.gms(135) 3 Mb
--- GDXin=C:\projdir\Wi2050-Countries-Calibration\SDG Financing Simplified model (Egypt)\scen 6\input\auxiliary\paraminput_arg.gdx
--- GDX File ($gdxIn) C:\projdir\Wi2050-Countries-Calibration\SDG Financing Simplified model (Egypt)\scen 6\input\auxiliary\paraminput_arg.gdx
--- SDG Egypt Model scen 6 arg.gms(163) 3 Mb
--- call GDXXRW .\input\auxiliary\datainput_arg.xlsx output=.\input\auxiliary\datainput_arg.gdx Index=index!a1 trace=3

GDXXRW           37.1.0 r07954d5 Released Nov 11, 2021 WEI x86 64bit/MS Window
Excel version 16.0
Input file : C:\projdir\Wi2050-Countries-Calibration\SDG Financing Simplified model (Egypt)\scen 6\input\auxiliary\datainput_arg.xlsx
Output file: C:\projdir\Wi2050-Countries-Calibration\SDG Financing Simplified model (Egypt)\scen 6\input\auxiliary\datainput_arg.gdx
Substituting Index
Loading sheet index
Reading data from Excel; Rng = A1:E7
Reading Slice: A1:E7
par=D1 Rng=popg0!A1 Dim=2 Rdim=1
par=D2 Rng=fert0!A1 Dim=2 Rdim=1
par=D3 Rng=surv0!A1 Dim=2 Rdim=1
par=D4 Rng=w0!A1 Dim=3 Rdim=2
par=D5 Rng=s0!A1 Dim=2 Rdim=1
par=D6 Rng=ferthic0!A1 Dim=2 Rdim=1
Type Symbol       Dim      Sheet                Data          RowHeader     ColHeader     
Loading sheet popg0
Reading data from Excel; Rng = A1:C101
Reading Slice: A1:C101
Par  D1             2      popg0                B2:C101       A2:A101       B1:C1         
Loading sheet fert0
Reading data from Excel; Rng = A1:B36
Reading Slice: A1:B36
Par  D2             2      fert0                B2:B36        A2:A36        B1:B1         
Loading sheet surv0
Reading data from Excel; Rng = A1:E100
Reading Slice: A1:E100
Par  D3             2      surv0                B2:E100       A2:A100       B1:E1         
Loading sheet w0
Reading data from Excel; Rng = A1:D319
Reading Slice: A1:D319
Par  D4             3      w0                   C2:D319       A2:B319       C1:D1         
Loading sheet s0
Reading data from Excel; Rng = A1:C18
Reading Slice: A1:C18
Par  D5             2      s0                   B2:C18        A2:A18        B1:C1         
Loading sheet ferthic0
Reading data from Excel; Rng = A1:B36
Reading Slice: A1:B36
Par  D6             2      ferthic0             B2:B36        A2:A36        B1:B1         
Total time = 2266 Ms
--- SDG Egypt Model scen 6 arg.gms(164) 3 Mb
--- GDXin=C:\projdir\Wi2050-Countries-Calibration\SDG Financing Simplified model (Egypt)\scen 6\input\auxiliary\datainput_arg.gdx
--- GDX File ($gdxIn) C:\projdir\Wi2050-Countries-Calibration\SDG Financing Simplified model (Egypt)\scen 6\input\auxiliary\datainput_arg.gdx
--- SDG Egypt Model scen 6 arg.gms(608) 3 Mb
--- $echo File C:\projdir\Wi2050-Countries-Calibration\SDG Financing Simplified model (Egypt)\scen 6\input\auxiliary\outputsetting_arg.txt
--- SDG Egypt Model scen 6 arg.gms(611) 3 Mb
--- Starting execution: elapsed 0:00:04.960
--- SDG Egypt Model scen 6 arg.gms(539) 5 Mb
--- Generating DNLP model sdgfinance
--- SDG Egypt Model scen 6 arg.gms(331) 7 Mb
--- Starting Equ eq1: elapsed 0:00:04.965
--- SDG Egypt Model scen 6 arg.gms(332) 7 Mb
--- Starting Equ eq2: elapsed 0:00:04.968
--- SDG Egypt Model scen 6 arg.gms(333) 7 Mb
--- Starting Equ eq3: elapsed 0:00:04.968
--- SDG Egypt Model scen 6 arg.gms(334) 9 Mb
--- Starting Equ eq4: elapsed 0:00:04.984
--- SDG Egypt Model scen 6 arg.gms(335) 16 Mb
--- Starting Equ eq5: elapsed 0:00:05.018
--- SDG Egypt Model scen 6 arg.gms(339) 17 Mb
--- Starting Equ eq6: elapsed 0:00:05.060
--- SDG Egypt Model scen 6 arg.gms(340) 17 Mb
--- Starting Equ eq7: elapsed 0:00:05.061
--- SDG Egypt Model scen 6 arg.gms(341) 17 Mb
--- Starting Equ eq8: elapsed 0:00:05.061
--- SDG Egypt Model scen 6 arg.gms(342) 17 Mb
--- Starting Equ eq9: elapsed 0:00:05.061
--- SDG Egypt Model scen 6 arg.gms(343) 17 Mb
--- Starting Equ eq10: elapsed 0:00:05.062
--- SDG Egypt Model scen 6 arg.gms(346) 17 Mb
--- Starting Equ eq11: elapsed 0:00:05.062
--- SDG Egypt Model scen 6 arg.gms(347) 17 Mb
--- Starting Equ eq12: elapsed 0:00:05.062
--- SDG Egypt Model scen 6 arg.gms(348) 17 Mb
--- Starting Equ eq13: elapsed 0:00:05.063
--- SDG Egypt Model scen 6 arg.gms(349) 17 Mb
--- Starting Equ eq14: elapsed 0:00:05.063
--- SDG Egypt Model scen 6 arg.gms(350) 17 Mb
--- Starting Equ eq15: elapsed 0:00:05.063
--- SDG Egypt Model scen 6 arg.gms(351) 29 Mb
--- Starting Equ eq16: elapsed 0:00:05.158
--- SDG Egypt Model scen 6 arg.gms(352) 45 Mb
--- Starting Equ eq17: elapsed 0:00:05.326
--- SDG Egypt Model scen 6 arg.gms(353) 45 Mb
--- Starting Equ eq19: elapsed 0:00:05.326
--- SDG Egypt Model scen 6 arg.gms(354) 45 Mb
--- Starting Equ eq19a: elapsed 0:00:05.465
--- SDG Egypt Model scen 6 arg.gms(355) 45 Mb
--- Starting Equ eq19b: elapsed 0:00:05.465
--- SDG Egypt Model scen 6 arg.gms(356) 45 Mb
--- Starting Equ eq19c: elapsed 0:00:05.465
--- SDG Egypt Model scen 6 arg.gms(357) 45 Mb
--- Starting Equ eq19d: elapsed 0:00:05.465
--- SDG Egypt Model scen 6 arg.gms(358) 45 Mb
--- Starting Equ eq19e: elapsed 0:00:05.465
--- SDG Egypt Model scen 6 arg.gms(359) 45 Mb
--- Starting Equ eq20: elapsed 0:00:05.465
--- SDG Egypt Model scen 6 arg.gms(361) 45 Mb
--- Starting Equ eq21: elapsed 0:00:05.479
--- SDG Egypt Model scen 6 arg.gms(360) 45 Mb
--- Starting Equ eq21a: elapsed 0:00:05.479
--- SDG Egypt Model scen 6 arg.gms(362) 45 Mb
--- Starting Equ eq22: elapsed 0:00:05.480
--- SDG Egypt Model scen 6 arg.gms(363) 45 Mb
--- Starting Equ eq23: elapsed 0:00:05.480
--- SDG Egypt Model scen 6 arg.gms(364) 45 Mb
--- Starting Equ eq24: elapsed 0:00:05.480
--- SDG Egypt Model scen 6 arg.gms(365) 45 Mb
--- Starting Equ eq25: elapsed 0:00:05.480
--- SDG Egypt Model scen 6 arg.gms(366) 45 Mb
--- Starting Equ eq26: elapsed 0:00:05.488
--- SDG Egypt Model scen 6 arg.gms(367) 45 Mb
--- Starting Equ eq27: elapsed 0:00:05.489
--- SDG Egypt Model scen 6 arg.gms(368) 45 Mb
--- Starting Equ eq28: elapsed 0:00:05.489
--- SDG Egypt Model scen 6 arg.gms(369) 45 Mb
--- Starting Equ eq29: elapsed 0:00:05.489
--- SDG Egypt Model scen 6 arg.gms(370) 45 Mb
--- Starting Equ eq30a: elapsed 0:00:05.489
--- SDG Egypt Model scen 6 arg.gms(371) 45 Mb
--- Starting Equ eq30: elapsed 0:00:05.489
--- SDG Egypt Model scen 6 arg.gms(372) 45 Mb
--- Starting Equ eq31: elapsed 0:00:05.489
--- SDG Egypt Model scen 6 arg.gms(373) 45 Mb
--- Starting Equ eq32: elapsed 0:00:05.489
--- SDG Egypt Model scen 6 arg.gms(374) 45 Mb
--- Starting Equ eq33: elapsed 0:00:05.489
--- SDG Egypt Model scen 6 arg.gms(375) 45 Mb
--- Starting Equ eq34: elapsed 0:00:05.489
--- SDG Egypt Model scen 6 arg.gms(376) 45 Mb
--- Starting Equ eq36: elapsed 0:00:05.490
--- SDG Egypt Model scen 6 arg.gms(377) 45 Mb
--- Starting Equ eq37: elapsed 0:00:05.490
--- SDG Egypt Model scen 6 arg.gms(378) 45 Mb
--- Starting Equ eq38: elapsed 0:00:05.490
--- SDG Egypt Model scen 6 arg.gms(379) 45 Mb
--- Starting Equ eq51: elapsed 0:00:05.492
--- SDG Egypt Model scen 6 arg.gms(380) 45 Mb
--- Starting Equ eq52: elapsed 0:00:05.497
--- SDG Egypt Model scen 6 arg.gms(381) 45 Mb
--- Starting Equ eq53: elapsed 0:00:05.506
--- SDG Egypt Model scen 6 arg.gms(382) 45 Mb
--- Starting Equ eq54: elapsed 0:00:05.506
--- SDG Egypt Model scen 6 arg.gms(344) 45 Mb
--- Starting Equ eq61: elapsed 0:00:05.506
--- SDG Egypt Model scen 6 arg.gms(345) 45 Mb
--- Starting Equ eq62: elapsed 0:00:05.507
--- SDG Egypt Model scen 6 arg.gms(336) 45 Mb
--- Starting Equ eq63: elapsed 0:00:05.507
--- SDG Egypt Model scen 6 arg.gms(337) 45 Mb
--- Starting Equ eq64: elapsed 0:00:05.513
--- SDG Egypt Model scen 6 arg.gms(338) 46 Mb
--- Starting Equ eq65: elapsed 0:00:05.528
--- SDG Egypt Model scen 6 arg.gms(383) 47 Mb
--- Starting Equ eq66: elapsed 0:00:05.643
--- SDG Egypt Model scen 6 arg.gms(384) 47 Mb
--- Starting Equ eq70: elapsed 0:00:05.643
--- SDG Egypt Model scen 6 arg.gms(385) 47 Mb
--- Starting Equ eq71: elapsed 0:00:05.643
--- SDG Egypt Model scen 6 arg.gms(386) 47 Mb
--- Starting Equ eq72: elapsed 0:00:05.643
--- SDG Egypt Model scen 6 arg.gms(488) 47 Mb
--- Starting Equ utilt: elapsed 0:00:05.643
--- SDG Egypt Model scen 6 arg.gms(489) 47 Mb
--- Starting Equ utility: elapsed 0:00:05.643
--- SDG Egypt Model scen 6 arg.gms(440) 47 Mb
--- Starting Equ output: elapsed 0:00:05.643
--- SDG Egypt Model scen 6 arg.gms(441) 47 Mb
--- Starting Equ outputpc: elapsed 0:00:05.643
--- SDG Egypt Model scen 6 arg.gms(442) 47 Mb
--- Starting Equ ewage: elapsed 0:00:05.643
--- SDG Egypt Model scen 6 arg.gms(444) 47 Mb
--- Starting Equ kstart: elapsed 0:00:05.659
--- SDG Egypt Model scen 6 arg.gms(448) 47 Mb
--- Starting Equ kfstart: elapsed 0:00:05.659
--- SDG Egypt Model scen 6 arg.gms(446) 47 Mb
--- Starting Equ kffstart: elapsed 0:00:05.659
--- SDG Egypt Model scen 6 arg.gms(447) 47 Mb
--- Starting Equ krestart: elapsed 0:00:05.659
--- SDG Egypt Model scen 6 arg.gms(449) 47 Mb
--- Starting Equ knext: elapsed 0:00:05.659
--- SDG Egypt Model scen 6 arg.gms(452) 47 Mb
--- Starting Equ kfnext: elapsed 0:00:05.659
--- SDG Egypt Model scen 6 arg.gms(450) 47 Mb
--- Starting Equ kffnext: elapsed 0:00:05.659
--- SDG Egypt Model scen 6 arg.gms(451) 47 Mb
--- Starting Equ krenext: elapsed 0:00:05.659
--- SDG Egypt Model scen 6 arg.gms(470) 47 Mb
--- Starting Equ kfend: elapsed 0:00:05.659
--- SDG Egypt Model scen 6 arg.gms(471) 47 Mb
--- Starting Equ ktotal: elapsed 0:00:05.659
--- SDG Egypt Model scen 6 arg.gms(453) 47 Mb
--- Starting Equ energy: elapsed 0:00:05.659
--- SDG Egypt Model scen 6 arg.gms(454) 47 Mb
--- Starting Equ ffuel: elapsed 0:00:05.659
--- SDG Egypt Model scen 6 arg.gms(465) 47 Mb
--- Starting Equ conlim: elapsed 0:00:05.659
--- SDG Egypt Model scen 6 arg.gms(479) 47 Mb
--- Starting Equ education: elapsed 0:00:05.659
--- SDG Egypt Model scen 6 arg.gms(482) 47 Mb
--- Starting Equ edugdp: elapsed 0:00:05.659
--- SDG Egypt Model scen 6 arg.gms(445) 47 Mb
--- Starting Equ dstart: elapsed 0:00:05.659
--- SDG Egypt Model scen 6 arg.gms(459) 47 Mb
--- Starting Equ tbalance: elapsed 0:00:05.659
--- SDG Egypt Model scen 6 arg.gms(460) 47 Mb
--- Starting Equ totdebt: elapsed 0:00:05.659
--- SDG Egypt Model scen 6 arg.gms(461) 47 Mb
--- Starting Equ debttogdp: elapsed 0:00:05.659
--- SDG Egypt Model scen 6 arg.gms(462) 47 Mb
--- Starting Equ debtlimit: elapsed 0:00:05.659
--- SDG Egypt Model scen 6 arg.gms(466) 47 Mb
--- Starting Equ conend: elapsed 0:00:05.659
--- SDG Egypt Model scen 6 arg.gms(472) 47 Mb
--- Starting Equ consumetrpc: elapsed 0:00:05.659
--- SDG Egypt Model scen 6 arg.gms(467) 47 Mb
--- Starting Equ kend: elapsed 0:00:05.659
--- SDG Egypt Model scen 6 arg.gms(468) 47 Mb
--- Starting Equ kffend: elapsed 0:00:05.659
--- SDG Egypt Model scen 6 arg.gms(469) 47 Mb
--- Starting Equ kreend: elapsed 0:00:05.659
--- SDG Egypt Model scen 6 arg.gms(458) 47 Mb
--- Starting Equ costk: elapsed 0:00:05.659
--- SDG Egypt Model scen 6 arg.gms(457) 47 Mb
--- Starting Equ costkf: elapsed 0:00:05.659
--- SDG Egypt Model scen 6 arg.gms(455) 47 Mb
--- Starting Equ costkff: elapsed 0:00:05.659
--- SDG Egypt Model scen 6 arg.gms(456) 47 Mb
--- Starting Equ costkre: elapsed 0:00:05.659
--- SDG Egypt Model scen 6 arg.gms(480) 47 Mb
--- Starting Equ health: elapsed 0:00:05.659
--- SDG Egypt Model scen 6 arg.gms(481) 47 Mb
--- Starting Equ govcost: elapsed 0:00:05.659
--- SDG Egypt Model scen 6 arg.gms(483) 47 Mb
--- Starting Equ hlgdp: elapsed 0:00:05.659
--- SDG Egypt Model scen 6 arg.gms(485) 47 Mb
--- Starting Equ pubadgdp: elapsed 0:00:05.659
--- SDG Egypt Model scen 6 arg.gms(486) 47 Mb
--- Starting Equ infgdp: elapsed 0:00:05.659
--- SDG Egypt Model scen 6 arg.gms(484) 47 Mb
--- Starting Equ poutlay: elapsed 0:00:05.659
--- SDG Egypt Model scen 6 arg.gms(476) 47 Mb
--- Starting Equ educationuc: elapsed 0:00:05.659
--- SDG Egypt Model scen 6 arg.gms(477) 47 Mb
--- Starting Equ healthuc: elapsed 0:00:05.659
--- SDG Egypt Model scen 6 arg.gms(443) 47 Mb
--- Starting Equ marginalpk: elapsed 0:00:05.659
--- SDG Egypt Model scen 6 arg.gms(487) 47 Mb
--- Starting Equ enktotratio: elapsed 0:00:05.659
--- SDG Egypt Model scen 6 arg.gms(473) 47 Mb
--- Starting Equ endconpclim: elapsed 0:00:05.659
--- SDG Egypt Model scen 6 arg.gms(463) 47 Mb
--- Starting Equ nodebtbyend: elapsed 0:00:05.659
--- SDG Egypt Model scen 6 arg.gms(491) 47 Mb
--- Starting Equ taxmax: elapsed 0:00:05.659
--- SDG Egypt Model scen 6 arg.gms(490) 47 Mb
--- Starting Equ governgdp: elapsed 0:00:05.659
--- SDG Egypt Model scen 6 arg.gms(492) 47 Mb
--- Starting Equ govbudget: elapsed 0:00:05.659
--- SDG Egypt Model scen 6 arg.gms(544) 48 Mb
--- LOOPS scen = lim
---   142,804 rows  145,001 columns  349,391 non-zeroes
---   98,410 nl-code  28,037 nl-non-zeroes
--- SDG Egypt Model scen 6 arg.gms(544) 46 Mb
--- Executing CONOPT (Solvelink=2): elapsed 0:00:05.918

CONOPT 3         37.1.0 r07954d5 Released Nov 11, 2021 WEI x86 64bit/MS Window

 
 
    C O N O P T 3   version 3.17K
    Copyright (C)   ARKI Consulting and Development A/S
                    Bagsvaerdvej 246 A
                    DK-2880 Bagsvaerd, Denmark
 
 
   Iter Phase Ninf   Infeasibility   RGmax    NSB   Step InItr MX OK
      0   0        4.6114461936E+03 (Input point)
 
                   Pre-triangular equations:   141582
                   Post-triangular equations:  203
                   Definitional equations:     619
 
      1   0        1.1413288302E+04 (After pre-processing)
      2   0        2.4207884661E+02 (After scaling)
      3   1   287  2.3810487613E+02 2.8E+06    55 3.5E-01    3 F  F
      4   1   287  2.3420789491E+02 1.2E+05    50 1.0E+00    1 T  T
      5   1   287  2.3076547258E+02 1.2E+05    48 1.0E+00    8 T  T
      6   1   287  2.2932468213E+02 5.4E+04    37 1.0E+00   12 T  T
      7   1   287  2.2932324360E+02 4.6E+04    58 8.5E-04   16 F  F
      8   1   287  2.2931478942E+02 8.9E+01    53 1.4E-02    4 F  F
      9   1   287  2.2928219940E+02 8.9E+01    53 3.3E-07      F  F
 
   Iter Phase Ninf   Infeasibility   RGmax    NSB   Step InItr MX OK
     10   1   287  2.2915947899E+02 8.9E+01    55 1.3E-06      F  F
     11   1   287  2.2879267859E+02 8.9E+01    57 3.8E-06      T  T
     12   1   287  2.2877759241E+02 8.9E+01    56 1.6E-07      T  T
     13   1   287  2.2876141288E+02 8.9E+01    55 1.7E-07      T  T
     14   1   287  2.2874408562E+02 8.9E+01    54 1.8E-07      T  T
     15   1   287  2.2872639728E+02 8.9E+01    53 1.8E-07      T  T
     16   1   287  2.2870811686E+02 8.9E+01    52 1.9E-07      T  T
     17   1   287  2.2868919904E+02 8.9E+01    51 2.0E-07      T  T
     18   1   287  2.2864920120E+02 8.9E+01    50 4.2E-07      T  T
     19   1   287  2.2862815487E+02 8.9E+01    49 2.2E-07      T  T
 
   Iter Phase Ninf   Infeasibility   RGmax    NSB   Step InItr MX OK
     20   1   287  2.2860673655E+02 8.9E+01    48 2.2E-07      T  T
     21   1   287  2.2858498839E+02 8.9E+01    47 2.3E-07      T  T
     22   1   287  2.2856360095E+02 8.9E+01    46 2.2E-07      T  T
     23   1   287  2.2849699006E+02 8.9E+01    41 1.0E+00    3 T  T
     24   1   287  2.2690740017E+02 8.6E+01    43 6.2E-02    6 F  F
     25   1   287  2.2344253510E+02 7.3E+01    41 2.5E-01    1 F  F
     26   1   287  2.1860015060E+02 7.3E+01    43 1.0E-04      F  F
     27   1   286  2.1375803656E+02 7.3E+01    43 1.0E-04      T  T
     28   1   285  2.1302135118E+02 6.8E+01    41 1.8E-05      T  T
     29   1   284  2.1268471168E+02 6.6E+01    40 9.1E-06      T  T
 
   Iter Phase Ninf   Infeasibility   RGmax    NSB   Step InItr MX OK
     30   1   283  2.1238078257E+02 6.5E+01    39 9.4E-06      T  T
     31   1   282  2.1210834970E+02 6.3E+01    38 9.6E-06      T  T
     32   1   279  2.1147852132E+02 5.9E+01    40 1.0E+00    3 T  T
     33   1   279  2.1143588362E+02 1.7E+06    37 3.7E-03    8 F  F
     34   1   279  2.1042517704E+02 3.3E+06    35 3.3E-01    2 F  F
     35   1   279  2.1034794157E+02 1.2E+00    37 3.0E-03      F  F
     36   1   279  2.0997659549E+02 1.2E+00    37 1.5E-02      F  F
     37   1   278  2.0982334724E+02 1.2E+00    37 6.1E-03      T  T
     38   1   278  2.0982334701E+02 2.8E+00    37 7.1E-09      T  T
     39   1   277  2.0914556415E+02 1.2E+00    36 2.8E-02      T  T
 
   Iter Phase Ninf   Infeasibility   RGmax    NSB   Step InItr MX OK
     40   1   277  2.0914529847E+02 2.2E+00    39 7.4E-06      F  F
     41   1   277  2.0914474715E+02 2.2E+00    38 1.6E-05      F  F
     42   1   276  2.0914088842E+02 2.2E+00    39 1.1E-04      T  T
     43   1   276  2.0906410491E+02 1.3E+00    37 5.8E-02    3 F  F
     44   1   276  2.0861558083E+02 1.3E+00    36 4.7E-01    2 F  F
     45   1   275  2.0861432989E+02 2.2E+00    38 4.2E-05      T  T
     46   1   274  2.0812686553E+02 1.3E+00    37 2.0E-02      T  T
     47   1   273  2.0785370822E+02 1.3E+00    35 1.2E-02      T  T
     48   1   272  2.0773680970E+02 1.3E+00    34 5.2E-03      T  T
     49   1   272  2.0178333967E+02 1.3E+00    33 3.6E-01    3 F  F
 
   Iter Phase Ninf   Infeasibility   RGmax    NSB   Step InItr MX OK
     50   1   272  1.9775948797E+02 1.2E+00    33 1.0E+00    2 T  T
     51   1   266  1.8112236586E+02 1.0E+00    31 1.0E+00    6 T  T
     52   1   266  1.7856032969E+02 1.0E+00    25 3.0E-01   13 F  F
     53   1   262  1.7715762795E+02 1.0E+00    25 1.0E+00    4 T  T
     54   1   253  1.7584426920E+02 1.0E+00    71 1.0E+00    9 T  T
     55   1   239  1.5326219640E+02 1.0E+00    62 1.0E+00   14 T  T
     56   1   219  1.4404328758E+02 1.0E+00    48 1.0E+00   20 T  T
     57   1   195  1.1759387434E+02 1.0E+00    62 1.0E+00   24 T  T
     58   1   180  1.0595911595E+02 1.7E+00    38 1.0E+00   15 T  T
     59   1   180  1.0336033011E+02 1.2E+00    23 3.6E-01   19 F  F
 
   Iter Phase Ninf   Infeasibility   RGmax    NSB   Step InItr MX OK
     60   1   173  1.0096100867E+02 1.0E+00    23 1.0E+00    7 T  T
     61   1   161  9.8853499465E+01 1.0E+00    16 1.0E+00   12 T  T
     62   1   161  9.4755990984E+01 2.1E+00    20 1.9E-01   17 F  F
     63   1   161  9.2502610406E+01 3.6E+00    20 1.8E-01    4 F  F
     64   1   161  9.1885317299E+01 1.6E+00    20 3.5E-02      F  F
     65   1   160  9.1188350272E+01 1.0E+00    20 4.6E-02      T  T
     66   1   159  8.2807839091E+01 1.0E+00    19 5.9E-01      T  T
     67   1   158  8.2479043742E+01 1.0E+00    18 2.5E-02      T  T
     68   1   157  8.2166244828E+01 1.0E+00    17 2.5E-02      T  T
     69   1   156  8.1870391834E+01 1.0E+00    16 2.6E-02      T  T
 
   Iter Phase Ninf   Infeasibility   RGmax    NSB   Step InItr MX OK
     70   1   153  8.1073977283E+01 1.0E+00    15 1.0E+00    3 T  T
     71   1   153  8.0627149884E+01 1.7E+00    12 1.8E-01    8 F  F
     72   1   152  8.0207022059E+01 1.7E+00    12 1.0E+00    2 T  T
     73   1   152  7.9640196700E+01 1.2E+01    10 1.9E-01    7 F  F
     74   1   150  7.9339069689E+01 1.6E+00    10 1.0E+00    3 T  T
     75   1   150  7.8594898059E+01 1.8E+00     7 2.2E-01    5 F  F
     76   1   150  7.8306111044E+01 3.2E+00     7 4.8E-01    2 F  F
     77   1   149  7.8261469482E+01 1.0E+00     7 9.6E-03      T  T
     78   1   148  7.8224870475E+01 1.0E+00     6 1.0E-02      T  T
     79   1   147  7.8171633172E+01 1.0E+00     5 2.0E-02      T  T
 
   Iter Phase Ninf   Infeasibility   RGmax    NSB   Step InItr MX OK
     80   1   146  7.7221656204E+01 1.0E+00     4 5.9E-01      T  T
     81   1   145  7.5967454756E+01 5.0E-01     3 2.2E+00      T  T
     82   1   145  7.5799277007E+01 2.0E+06    27 3.5E-01    3 F  F
     83   1   145  7.5792919572E+01 2.0E+00    27 6.3E-02    1 F  F
     84   1   145  7.5783653409E+01 2.0E+00    27 8.3E-04      T  T
     85   1   145  7.5725480131E+01 2.0E+00    26 5.4E-03      T  T
     86   1   143  7.5133063784E+01 1.0E+00    25 1.4E-01      T  T
     87   1   142  7.5023421905E+01 1.0E+00    24 2.5E-02      T  T
     88   1   142  7.4880105990E+01 8.7E+04    25 6.5E-02    3 T  T
     89   1   142  7.4508830957E+01 6.5E+01    24 3.1E-01    2 F  F
 
   Iter Phase Ninf   Infeasibility   RGmax    NSB   Step InItr MX OK
     90   1   142  7.4304671474E+01 9.4E+01    24 2.3E-01    2 F  F
     91   1   142  7.4299024619E+01 5.6E-01    24 2.6E-03      F  F
     92   1   142  6.9882854300E+01 4.8E-01    24 2.4E+00      T  T
     93   1   142  6.9833717642E+01 4.8E-01    23 2.8E-02      T  T
     94   1   142  6.9788572357E+01 4.7E-01    22 3.0E-02      T  T
     95   1   142  6.9788475832E+01 4.8E-01    22 6.3E-05      T  T
     96   1   142  6.9767323838E+01 4.7E-01    21 1.6E-02      T  T
     97   1   142  6.9758648328E+01 1.0E+00    22 1.4E-01    3 F  F
     98   1   142  6.9756798703E+01 1.0E+00    22 2.0E-01    1 F  F
     99   1   142  6.9751885745E+01 1.0E+00    22 2.4E-03      T  T
 
   Iter Phase Ninf   Infeasibility   RGmax    NSB   Step InItr MX OK
    100   1   142  6.9709997133E+01 4.7E-01    21 3.9E-02      T  T
    101   1   142  6.9660558496E+01 4.6E-01    20 5.8E-02      T  T
    102   1   142  6.9642907313E+01 4.5E-01    19 2.7E-02      T  T
    103   1   142  6.9631275182E+01 4.5E-01    18 2.6E-02      T  T
    104   1   142  6.9573300186E+01 1.2E+00    17 5.2E-02    3 F  F
    105   1   142  6.9130069892E+01 1.4E+00    17 4.2E-01    2 F  F
    106   1   142  6.9129120342E+01 1.1E+00    17 5.1E-04      F  F
    107   1   141  6.8099174285E+01 6.3E-01    17 1.9E+00      F  F
    108   1   141  6.7726283412E+01 6.3E-01    17 6.1E-01      F  F
    109   1   140  6.7036061096E+01 6.2E-01    17 1.3E+00      T  T
 
   Iter Phase Ninf   Infeasibility   RGmax    NSB   Step InItr MX OK
    110   1   139  6.6064596897E+01 3.8E-01    16 6.7E+00      T  T
    111   1   139  6.5668570642E+01 6.2E-02    15 7.6E+01      T  T
    112   1   139  6.3465124698E+01 2.5E-01    14 2.8E+01      T  T
    113   1   139  6.3343612975E+01 1.0E+00    26 1.1E-01    3 F  F
    114   1   139  6.3316991384E+01 1.0E+00    26 1.1E-01    2 F  F
    115   1   139  6.3294933542E+01 1.0E+00    26 1.4E-02      T  T
    116   1   139  6.3285833123E+01 6.0E-01    25 1.4E-02      F  F
    117   1   139  6.3211831598E+01 2.0E+00    25 1.6E-02      F  F
    118   1   138  6.2264030309E+01 2.0E+00    25 2.3E-01      T  T
    119   1   138  6.2125331377E+01 1.9E-01    36 5.9E-01      F  F
 
   Iter Phase Ninf   Infeasibility   RGmax    NSB   Step InItr MX OK
    120   1   138  6.2015758110E+01 2.1E-01    36 3.5E-01      F  F
    121   1   138  6.1960509626E+01 4.9E-01    36 1.0E-01      F  F
    122   1   138  6.1322427400E+01 5.0E-01    36 1.4E+00      F  F
    123   1   138  6.0894431450E+01 5.0E-01    36 9.4E-01      T  T
    124   1   138  6.0803136862E+01 5.0E-01    35 1.2E-01      F  F
    125   1   138  6.0702756595E+01 5.0E-01    35 7.0E-02      F  F
    126   1   138  6.0621657153E+01 1.1E+00    35 2.0E-02      F  F
    127   1   138  6.0562979221E+01 2.3E+00    35 7.1E-03      F  F
    128   1   137  5.8082309620E+01 5.0E-01    35 4.5E+00      T  T
    129   1   137  5.7294662570E+01 1.0E+00    34 3.4E-01    3 F  F
 
   Iter Phase Ninf   Infeasibility   RGmax    NSB   Step InItr MX OK
    130   1   137  5.6886018675E+01 2.4E+00    34 3.7E-01    1 F  F
    131   1   136  5.6590246034E+01 4.9E+00    34 9.0E-03      T  T
    132   1   135  5.5844123627E+01 5.0E-01    33 1.1E+00      T  T
    133   1   135  5.5798305850E+01 5.0E-01    32 1.1E-01      T  T
    134   1   134  5.5589373568E+01 5.0E-01    31 5.2E-01      T  T
    135   1   134  5.5235306409E+01 1.0E+00    30 1.0E+00    3 T  T
    136   1   133  5.5155066983E+01 4.7E+00    28 3.1E-02    8 F  T
    137   1   133  5.5040777396E+01 5.0E+00    28 3.4E-01    2 F  F
    138   1   133  5.4940601207E+01 1.1E+01    28 5.7E-04      F  F
    139   1   133  5.4732523683E+01 2.0E+01    28 3.3E-04      F  F
 
   Iter Phase Ninf   Infeasibility   RGmax    NSB   Step InItr MX OK
    140   1   132  5.4583595387E+01 7.0E-01    28 4.5E-01      F  T
    141   2   132  5.4583595387E+01 5.0E-01    28 0.0E+00      T  T
    142   2   131  5.3888619780E+01 5.0E-01    27 2.7E+00      T  T
    143   1   130  5.3354024974E+01 5.0E-01    26 2.0E+00      T  T
    144   1   130  5.3282756226E+01 1.1E-01    25 2.4E+00      F  F
    145   1   130  5.3217372350E+01 1.9E-01    25 1.0E+00      F  F
    146   1   130  5.3097759516E+01 2.7E-01    25 9.3E-01      F  F
    147   1   129  5.1258387020E+01 5.0E-01    25 6.7E+00      T  T
    148   1   129  5.1148067292E+01 2.6E-01    24 9.3E-01      F  F
    149   1   129  5.0600999799E+01 2.5E-01    24 6.6E+00      F  F
 
   Iter Phase Ninf   Infeasibility   RGmax    NSB   Step InItr MX OK
    150   1   128  4.8356450886E+01 5.0E-01    24 6.7E+00      T  T
    151   1   127  4.8165606492E+01 5.0E-01    23 6.6E-01      T  T
    152   1   127  4.7889510221E+01 2.4E+00    22 3.4E-01    3 F  F
    153   1   127  4.7779413284E+01 5.6E+00    22 3.4E-01    1 F  F
    154   1   126  4.5991671771E+01 5.0E-01    22 5.1E+00      F  F
    155   1   125  4.5627424785E+01 5.0E-01    22 9.0E-01      T  T
    156   1   124  4.5608762904E+01 4.0E-01    21 1.1E-01      T  T
    157   1   124  4.5576995466E+01 8.0E-02    43 1.1E+00      F  F
    158   1   124  4.5544975395E+01 1.4E-01    43 6.4E-01      F  F
    159   1   124  4.5512665757E+01 3.3E-01    43 1.8E-01      F  F
 
   Iter Phase Ninf   Infeasibility   RGmax    NSB   Step InItr MX OK
    160   1   124  4.5050350052E+01 5.0E-01    43 1.7E+00      T  T
    161   1   122  4.3457490425E+01 5.0E-01    42 5.8E+00      T  T
    162   1   114  4.2463304732E+01 2.5E-01    41 2.1E+00    3 T  T
    163   1   114  4.2150747631E+01 2.8E-01    40 5.0E-01    2 F  F
    164   1   113  4.1967049160E+01 8.6E+00    40 1.0E+00    2 T  T
    165   1   113  4.1565969036E+01 4.3E-01    56 3.4E-01    6 F  F
    166   1   113  4.1407039051E+01 4.1E-02    58 3.4E-01    2 F  F
    167   1   112  4.1354135680E+01 1.0E+00    58 5.1E-02      T  T
    168   1   112  4.1305092615E+01 9.4E-02    57 1.6E+00      F  F
    169   1   112  4.1241237734E+01 1.7E-01    57 9.1E-01      F  F
 
   Iter Phase Ninf   Infeasibility   RGmax    NSB   Step InItr MX OK
    170   1   112  4.1163838003E+01 2.5E-01    57 7.0E-01      F  F
    171   1   112  3.9030056423E+01 2.5E-01    57 1.4E+01      F  F
    172   1   109  3.7692064657E+01 2.5E-01    57 8.9E+00      T  T
    173   1   108  3.7499371102E+01 2.5E-01    56 1.3E+00      T  T
    174   1   107  3.7468870734E+01 2.5E-01    55 3.4E-01      T  T
    175   1   106  3.7437534271E+01 8.7E-02    54 1.1E+00      F  F
    176   1   105  3.7387528237E+01 1.2E-01    54 1.3E+00      F  F
    177   1   105  3.7318159105E+01 2.2E-01    54 7.7E-01      F  F
    178   1   105  3.6700630398E+01 2.5E-01    54 5.0E+00      T  T
    179   1   105  3.6366970714E+01 1.1E+00    53 3.4E-01    3 F  F
 
   Iter Phase Ninf   Infeasibility   RGmax    NSB   Step InItr MX OK
    180   1   105  3.6076442329E+01 2.5E+00    53 1.0E+00    1 T  T
    181   1   105  3.5672027738E+01 4.4E-01    56 3.4E-01    6 F  F
    182   1   103  3.5155512491E+01 1.4E+00    56 1.0E+00    2 T  T
    183   1   101  3.4885044210E+01 7.9E+00    55 2.5E-01    7 F  T
    184   1   101  3.4735738547E+01 1.0E+01    55 3.4E-01    3 F  F
    185   1   101  3.4691841030E+01 1.2E+01    55 2.8E-04      T  T
    186   1   101  3.4631555759E+01 9.6E-01    54 1.6E-02      F  F
    187   1   101  3.4570829851E+01 1.7E+00    54 7.1E-03      F  F
    188   1   101  3.4563518990E+01 4.1E-01     4 2.1E-02      T  T
    189   1   101  3.4491131345E+01 2.9E-01     3 3.1E-01      F  F
 
   Iter Phase Ninf   Infeasibility   RGmax    NSB   Step InItr MX OK
    190   1   100  3.4210894169E+01 4.2E-01     5 5.7E-01      T  T
    191   1   100  3.4022614259E+01 1.6E-01    53 1.6E+00      F  F
    192   1   100  3.3783229252E+01 2.8E-01    53 9.5E-01      F  F
    193   1   100  3.3586577503E+01 4.7E-01    53 4.4E-01      F  F
    194   1   100  3.2761715730E+01 2.5E-01    53 4.6E+00      T  T
    195   1    97  3.1369122138E+01 5.0E-01    52 1.0E+00    3 T  T
    196   1    96  3.1058556578E+01 2.3E-01    49 2.0E-01    8 F  T
    197   1    93  3.0582424393E+01 1.0E+00    49 1.0E+00    4 T  T
    198   1    92  2.8775123643E+01 9.4E-01    49 1.0E+00    9 T  T
    199   1    91  2.8759295154E+01 1.0E+00    47 1.6E-02   14 F  T
 
   Iter Phase Ninf   Infeasibility   RGmax    NSB   Step InItr MX OK
    200   1    87  2.8638665055E+01 1.1E+00    47 1.0E+00    7 T  T
    201   1    87  2.8098051146E+01 5.0E-01    41 4.3E-01   12 F  F
    202   1    84  2.7882912548E+01 1.1E+00    41 1.0E+00    5 T  T
    203   1    84  2.7612419119E+01 5.0E-01    48 3.4E-01    9 F  F
    204   1    84  2.7448704734E+01 1.0E+00    48 1.0E+00    3 T  T
    205   1    84  2.7285632465E+01 1.2E-01    45 3.4E-01    8 F  F
    206   1    82  2.7177845901E+01 5.0E-01    45 1.0E+00    3 T  T
    207   1    81  2.7000217451E+01 3.8E-01    42 2.5E-01    8 F  T
    208   1    81  2.6859940590E+01 7.7E-01    42 3.4E-01    4 F  F
    209   1    81  2.6771073306E+01 1.6E+00    42 8.0E-03      F  F
 
   Iter Phase Ninf   Infeasibility   RGmax    NSB   Step InItr MX OK
    210   1    81  2.6652654618E+01 2.8E+00    42 4.7E-03      F  F
    211   1    81  2.6522470813E+01 3.9E+00    42 2.9E-03      F  F
    212   1    81  2.6424257809E+01 8.7E+00    42 8.5E-04      F  F
    213   1    80  2.6210583148E+01 7.6E-01    42 2.5E-01      T  T
    214   1    79  2.6093884749E+01 2.5E-01    41 4.9E-01      T  T
    215   1    79  2.5915155233E+01 2.5E-01    40 8.3E-01      F  F
    216   1    79  2.5777129615E+01 2.5E-01    40 5.9E-01      F  F
    217   1    79  2.4643572855E+01 2.5E-01    40 5.4E+00      F  F
    218   1    77  2.2310156507E+01 2.5E-01    40 8.6E+00      T  T
    219   1    77  2.2041186876E+01 3.5E-01    39 7.0E-01      F  F
 
   Iter Phase Ninf   Infeasibility   RGmax    NSB   Step InItr MX OK
    220   1    76  2.1687446544E+01 1.0E+00    39 1.5E-01      T  T
    221   1    75  2.1646939877E+01 1.0E+00    38 3.0E-02      T  T
    222   1    75  2.1123531159E+01 3.7E+01    37 3.6E-01    3 F  F
    223   1    73  2.0611944185E+01 1.2E+00    37 1.0E+00    2 T  T
    224   1    73  2.0048132329E+01 1.0E+02    36 3.4E-01    6 F  F
    225   1    73  1.9851512253E+01 6.0E-01    36 3.4E-01    2 F  F
    226   1    73  1.9751621841E+01 1.4E+00    36 2.4E-02      F  F
    227   1    73  1.9598228459E+01 2.5E+00    36 1.4E-02      F  F
    228   1    72  1.9290483383E+01 1.0E+00    36 1.8E-01      T  T
    229   1    72  1.9279685272E+01 7.4E-01    35 1.4E-02      T  T
 
   Iter Phase Ninf   Infeasibility   RGmax    NSB   Step InItr MX OK
    230   1    71  1.9240251889E+01 7.4E-01    34 5.1E-02      T  T
    231   1    71  1.9093486905E+01 2.5E-01    33 1.6E+00      F  F
    232   1    71  1.8964937011E+01 2.5E-01    33 1.0E+00      F  F
    233   1    71  1.8230697224E+01 5.0E-01    33 2.4E+00      F  F
    234   1    70  1.7672270527E+01 5.0E-01    33 1.7E+00      T  T
    235   1    70  1.7359162489E+01 4.2E+01    32 3.4E-01    3 F  F
    236   1    70  1.7208020095E+01 2.5E-01    32 6.0E-01    1 F  F
    237   1    70  1.7095286917E+01 2.5E-01    32 7.7E-01      T  T
    238   1    69  1.6401028644E+01 5.0E-01    31 2.1E+00      T  T
    239   1    69  1.6175128319E+01 2.5E-01    30 2.9E+00      F  F
 
   Iter Phase Ninf   Infeasibility   RGmax    NSB   Step InItr MX OK
    240   1    69  1.5996839700E+01 2.5E-01    30 1.8E+00      F  F
    241   1    69  1.5807763243E+01 2.7E-01    30 1.1E+00      F  F
    242   1    68  1.4373983153E+01 2.5E-01    30 1.1E+01      T  T
    243   1    67  1.3898913515E+01 1.0E+00    29 4.7E-01      T  T
    244   1    67  1.3863175771E+01 8.2E-02    47 1.6E+00      F  F
    245   1    66  1.3790509602E+01 7.2E-02    47 3.8E+00      F  F
    246   1    66  1.3688239854E+01 1.1E-01    47 3.8E+00      F  F
    247   1    66  1.2841437827E+01 2.5E-01    47 1.2E+01      T  T
    248   1    63  1.1799734082E+01 6.3E-02    46 1.0E+00    3 T  T
    249   1    63  1.1060192405E+01 2.1E-01    61 1.0E+00    8 T  T
 
   Iter Phase Ninf   Infeasibility   RGmax    NSB   Step InItr MX OK
    250   1    59  1.0461525205E+01 1.2E+00    63 6.2E-01   13 F  F
    251   1    56  1.0236125575E+01 1.2E+00    63 1.0E+00    6 T  T
    252   1    56  9.5934589313E+00 9.1E-01    64 4.2E-01    8 F  F
    253   1    53  9.0757086986E+00 8.9E-01    64 1.0E+00    3 T  T
    254   1    53  8.5865010516E+00 5.3E-01    61 1.0E+00    8 T  T
    255   1    50  8.4872650877E+00 9.7E+00    66 6.2E-02   13 F  T
    256   1    50  7.7950455149E+00 1.0E+00    65 4.9E-01    6 F  F
    257   1    49  7.7950453606E+00 1.0E+00    65 3.1E-08      T  T
    258   1    48  7.7943221452E+00 1.0E+00    64 2.4E-04      T  T
    259   1    48  7.7775162328E+00 1.0E+00    63 5.6E-03      T  T
 
   Iter Phase Ninf   Infeasibility   RGmax    NSB   Step InItr MX OK
    260   1    47  7.3409898319E+00 1.0E+00    62 2.2E-01      T  T
    261   1    45  7.0503565217E+00 1.0E+00    61 1.0E+00    3 T  T
    262   1    41  6.7005996731E+00 5.3E-01    58 1.0E+00    8 T  T
    263   1    41  6.2487037318E+00 5.5E-01    66 3.9E-01    6 F  F
    264   1    36  5.8893434220E+00 1.4E+00    66 1.0E+00    6 T  T
    265   1    36  5.6460204520E+00 8.0E-01    66 3.9E-01    7 F  F
    266   1    34  5.5753205525E+00 1.0E+00    66 1.0E+00    4 T  T
    267   1    31  4.7508590509E+00 2.1E-01    62 1.0E+00    7 T  T
    268   1    31  4.6733636371E+00 1.2E-01    64 4.3E-01   15 T  T
    269   1    29  4.6640411553E+00 1.8E+00    63 6.2E-02    6 F  T
 
   Iter Phase Ninf   Infeasibility   RGmax    NSB   Step InItr MX OK
    270   1    29  4.5872430123E+00 6.0E-02    68 8.7E-01    4 T  T
    271   1    29  3.9785088962E+00 1.5E-01    67 1.0E+00    9 T  T
    272   1    29  3.7579928664E+00 1.7E-01    59 2.5E-01    7 F  F
    273   1    29  3.5807582579E+00 1.5E+00    59 1.0E+00    2 T  T
    274   1    29  3.3647731993E+00 2.2E-01    57 3.4E-01    7 F  F
    275   1    29  2.7382581842E+00 2.6E-01    57 1.0E+00    1 T  T
    276   1    29  1.9701141566E+00 2.0E-03    76 1.0E+00    7 T  T
    277   1    22  1.3560223666E+00 2.0E-03    26 1.0E+00   12 T  T
    278   1    22  4.3446362584E-01 9.8E-04    25 7.9E-01   17 T  T
    279   1     8  2.4993463581E-01 1.0E+00    60 3.1E+00   13 T  T
 
   Iter Phase Ninf   Infeasibility   RGmax    NSB   Step InItr MX OK
    280   1     2  1.1551870123E-02 4.9E-04     9 1.0E+00    7 T  T
 
 ** Feasible solution. Value of objective =   -122.451610069
 
   Iter Phase Ninf     Objective     RGmax    NSB   Step InItr MX OK
    281   3        4.3841305337E+00 1.4E+07    72 9.8E-01    1 F  T
    282   3        6.9243275463E+00 8.6E+00    71 4.9E-01   10 T  T
    283   3        7.9988809736E+00 6.7E+00    70 1.0E+00    3 T  T
    284   3        1.2619517248E+01 9.2E-01    67 9.6E-01    5 T  T
    285   3        1.5554047744E+01 4.2E+00    66 1.0E+00    7 T  T
    286   3        1.9394090247E+01 4.2E+00    59 8.0E-01    8 T  T
    287   3        2.0206752422E+01 9.5E+00    58 5.0E-01    6 F  T
    288   3        2.1515536898E+01 6.0E+00    58 9.1E-01    5 T  T
    289   3        2.1784580136E+01 4.4E+00    58 3.0E-01    6 F  T
    290   3        2.1801017244E+01 1.1E+01    60 1.0E+00    4 F  T
 
   Iter Phase Ninf     Objective     RGmax    NSB   Step InItr MX OK
    291   3        2.1806619157E+01 7.7E+00    56 2.1E-04      F  T
    292   3        2.1807799064E+01 9.5E-01    56 7.1E-04      F  T
    293   4        2.1830292804E+01 2.5E+00    56 4.1E+00      T  T
    294   4        2.1876469604E+01 1.7E+00    55 1.5E+01      T  T
    295   4        2.1878727636E+01 2.5E+00    55 5.0E-01      F  T
    296   4        2.1912455056E+01 1.7E+00    55 6.1E+00      T  T
    297   4        2.1977867909E+01 4.8E-01    54 3.2E+01      F  T
    298   4        2.1997624092E+01 6.2E+00    54 1.0E+00      F  T
    299   4        2.2358262098E+01 3.4E+00    54 1.0E+00    1 T  T
    300   4        2.3400348449E+01 6.7E+00    55 1.0E+00    4 T  T
 
   Iter Phase Ninf     Objective     RGmax    NSB   Step InItr MX OK
    301   3        2.3444973678E+01 2.3E+00    51 4.3E-03      T  T
    302   3        2.3492955113E+01 1.9E+00    50 7.1E-03      T  T
    303   3        2.3557472243E+01 1.7E+00    49 1.9E-02      T  T
    304   3        2.3582521246E+01 6.6E-01    48 1.6E-02      T  T
    305   3        2.3602575452E+01 4.6E+00    47 1.8E-01    3 F  T
    306   3        2.3610752707E+01 8.8E+00    47 4.3E-01    1 F  T
    307   3        2.3611926260E+01 1.2E+00    47 4.6E-04      F  T
    308   3        2.3613074866E+01 1.4E+00    47 6.1E-04      F  T
    309   4        2.3616730796E+01 1.9E+00    47 1.0E+00      T  T
    310   4        2.3623648227E+01 1.9E+00    46 5.7E+00      T  T
 
   Iter Phase Ninf     Objective     RGmax    NSB   Step InItr MX OK
    311   4        2.3626909523E+01 4.7E+00    45 1.0E+00      F  T
    312   4        2.3629364815E+01 5.3E-01    45 7.1E+00      F  T
    313   4        2.3635012958E+01 3.9E+00    45 1.0E+00    1 T  T
    314   4        2.4286738167E+01 1.7E+00    44 1.1E+00    4 T  T
    315   4        2.4785093342E+01 4.5E+00    43 1.0E+00    9 T  T
    316   4        2.5237692059E+01 4.2E+00    41 1.0E+00   12 T  T
    317   4        2.5776528075E+01 2.4E+02    38 1.0E+00   13 T  T
    318   3        2.5777342598E+01 4.8E-01    37 6.7E-03      F  T
    319   4        2.5779008212E+01 2.0E-01    37 7.2E+00      F  T
    320   4        2.6011131802E+01 5.0E-01    37 1.0E+00    2 F  T
 
   Iter Phase Ninf     Objective     RGmax    NSB   Step InItr MX OK
    321   4        2.6212850999E+01 4.3E-01    41 1.0E+00    8 F  T
    322   4        2.6226432901E+01 2.5E-01    41 1.0E+00      F  T
    323   4        2.6311896837E+01 2.7E-01    42 9.9E-01   14 F  T
    324   4        2.6527104651E+01 1.7E-01    42 1.0E+00   14 T  T
    325   4        2.6594529973E+01 5.3E-01    39 1.0E+00   15 T  T
    326   4        2.6690176034E+01 1.7E-01    35 1.0E+00   23 F  T
 
 ** Loss of feasibility while tightening tolerances - Return to phase 0.
 
   Iter Phase Ninf   Infeasibility   RGmax    NSB   Step InItr MX OK
    327   0        5.9750275112E-07
    328   0     0  3.7767792174E-07               3.7E-01      T  T
    329   0     0  2.6458938115E-07               3.0E-01      T  T
    330   0     0  4.5390144463E-14               1.0E+00      F  T
 
 ** Feasible solution. Value of objective =    26.6901760322
 
   Iter Phase Ninf     Objective     RGmax    NSB   Step InItr MX OK
    331   3        2.6699577773E+01 9.5E-01    30 9.5E-03      F  T
    332   3        2.6700507462E+01 1.2E-01    35 4.3E-02      F  T
    333   4        2.6701589864E+01 1.2E-01    35 5.8E-01      F  T
    334   4        2.6707689630E+01 7.9E-02    35 1.0E+00    2 F  T
    335   4        2.6726155249E+01 5.7E-02    35 1.0E+00    8 F  T
    336   4        2.6781845168E+01 1.0E+00    33 8.7E-01   13 T  T
    337   4        2.6800727408E+01 1.5E-01    27 5.9E-01   10 T  T
    338   4        2.6807426685E+01 2.6E-01    23 7.5E-01   10 F  T
    339   4        2.6813841421E+01 6.6E-02    22 1.0E+00    6 F  T
    340   4        2.6823269402E+01 2.0E-01    21 1.0E+00   11 F  T
 
   Iter Phase Ninf     Objective     RGmax    NSB   Step InItr MX OK
    341   4        2.6838041941E+01 2.3E-01    20 3.2E-01   11 F  T
    342   3        2.6840830327E+01 2.5E-01    29 3.0E-02      F  T
    343   3        2.6843624943E+01 1.4E-01    29 1.5E-01      F  T
    344   4        2.6846142245E+01 1.8E-01    29 3.7E-01      F  T
    345   4        2.6850634450E+01 1.2E-01    29 1.0E+00    6 F  T
    346   4        2.6895087964E+01 6.6E-01    33 1.0E+00    7 F  T
    347   4        2.6904765561E+01 3.0E-01    30 1.0E+00    8 F  T
    348   4        2.6909253951E+01 3.8E-01    30 4.3E-01      F  T
    349   4        2.6913059498E+01 1.4E-01    30 1.0E+00    6 F  T
    350   4        2.6913528967E+01 7.0E-02    30 1.0E+00      F  T
 
   Iter Phase Ninf     Objective     RGmax    NSB   Step InItr MX OK
    351   4        2.6917285418E+01 1.2E-01    31 1.0E+00    6 T  T
    352   3        2.6917319898E+01 3.6E-02    30 7.6E-03      F  T
    353   3        2.6917558485E+01 6.6E-02    31 8.6E-02      F  T
    354   4        2.6918848597E+01 8.2E-02    31 1.0E+00      F  T
    355   4        2.6919620842E+01 1.1E-01    31 1.0E+00    6 F  T
    356   4        2.6920014375E+01 1.6E-02    33 1.0E+00    9 F  T
    357   4        2.6936891046E+01 5.4E-03    33 1.0E+00   13 T  T
    358   3        2.6936891046E+01 4.5E-02    32 0.0E+00      T  T
    359   3        2.6936891240E+01 4.5E-02    31 5.2E-05      T  T
    360   3        2.6936921058E+01 4.5E-02    30 1.6E-02      F  T
 
   Iter Phase Ninf     Objective     RGmax    NSB   Step InItr MX OK
    361   3        2.6936945393E+01 1.7E-02    30 3.8E-02      F  T
    362   4        2.6937066024E+01 4.0E-02    30 2.5E+00      F  T
    363   4        2.6937383881E+01 2.2E-02    31 1.0E+00    3 F  T
    364   4        2.6938215284E+01 1.8E-02    31 1.0E+00    9 F  T
    365   4        2.6943370091E+01 1.2E-02    31 1.0E+00   13 T  T
    366   3        2.6943370091E+01 1.3E-02    32 0.0E+00      T  T
    367   3        2.6943459357E+01 1.1E-02    29 5.5E-01      F  T
    368   3        2.6943497321E+01 3.7E-02    29 1.3E-02      F  T
    369   4        2.6943503843E+01 1.1E-02    29 2.9E+00      F  T
    370   4        2.6944606648E+01 1.1E-02    29 1.0E+00    1 F  T
 
   Iter Phase Ninf     Objective     RGmax    NSB   Step InItr MX OK
    371   4        2.6952686585E+01 4.5E-02    29 1.0E+00    7 F  T
    372   4        2.6976552607E+01 4.5E-02    29 1.0E+00   13 T  T
    373   4        2.6977963827E+01 1.1E-01    28 1.0E+00      F  T
    374   4        2.6984465328E+01 3.5E-02    28 1.0E+00   14 F  T
    375   3        2.6998110683E+01 7.3E-01    29 5.2E-02      F  T
    376   3        2.7005072386E+01 4.7E-01    29 1.5E-02      F  T
    377   4        2.7009576668E+01 3.7E-01    29 4.0E+00      F  T
    378   4        2.7014559358E+01 1.5E-01    29 1.0E+00    4 T  T
    379   4        2.7015494577E+01 3.5E-02    28 1.0E+00   10 F  T
    380   4        2.7017413945E+01 3.4E-03    30 1.0E+00   13 T  T
 
   Iter Phase Ninf     Objective     RGmax    NSB   Step InItr MX OK
    381   3        2.7017413945E+01 9.2E-03    31 0.0E+00      T  T
    382   3        2.7017417044E+01 9.2E-03    29 3.0E-02      F  T
    383   3        2.7017419475E+01 9.4E-03    29 1.2E-02      F  T
    384   4        2.7017422968E+01 4.7E-03    29 4.3E+00      F  T
    385   4        2.7017444003E+01 8.8E-03    29 1.0E+00    2 F  T
    386   4        2.7017564338E+01 7.1E-03    29 1.0E+00    7 F  T
    387   4        2.7017930021E+01 8.8E-03    29 1.0E+00   14 F  T
    388   4        2.7018976555E+01 1.7E-03    29 1.0E+00   19 T  T
    389   3        2.7018976555E+01 2.6E-03    30 0.0E+00      T  T
    390   3        2.7018976556E+01 1.6E-03    28 3.1E-04      T  T
 
   Iter Phase Ninf     Objective     RGmax    NSB   Step InItr MX OK
    391   3        2.7018976627E+01 1.6E-03    27 2.7E-02      F  T
    392   3        2.7018976687E+01 1.2E-03    27 1.8E-02      F  T
    393   4        2.7018977173E+01 1.3E-03    27 8.9E+00      F  T
    394   4        2.7018978254E+01 2.3E-03    27 1.0E+00    2 F  T
    395   4        2.7019012767E+01 2.1E-03    27 1.0E+00    5 F  T
    396   4        2.7020012521E+01 5.2E-03    27 1.0E+00   10 F  T
    397   4        2.7020343572E+01 3.6E-03    27 1.0E+00   22 T  T
    398   3        2.7020343572E+01 4.9E-03    28 0.0E+00      T  T
    399   3        2.7020343917E+01 4.9E-03    26 7.0E-03      T  T
    400   3        2.7020344121E+01 3.1E-03    25 3.5E-02      F  T
 
   Iter Phase Ninf     Objective     RGmax    NSB   Step InItr MX OK
    401   3        2.7020344415E+01 2.7E-03    25 1.4E-02      F  T
    402   4        2.7020345797E+01 1.8E-03    25 2.2E+01      F  T
    403   4        2.7020354024E+01 2.6E-03    25 1.0E+00    1 F  T
    404   4        2.7020360805E+01 3.9E-03    25 1.0E+00   12 F  T
    405   4        2.7020480117E+01 3.7E-04    27 1.0E+00   13 F  T
    406   4        2.7020521600E+01 1.4E-03    27 1.0E+00   15 F  T
    407   4        2.7020522944E+01 2.4E-05    27 1.0E+00    8 F  T
    408   4        2.7020522944E+01 8.7E-07    27 1.0E+00    1 F  T
    409   4        2.7020522944E+01 1.9E-09    27 0.0E+00    1 F  T
    410   4        2.7020522944E+01 1.9E-09    27
 
 ** Optimal solution. Reduced gradient less than tolerance.
 
--- Reading solution for model sdgfinance
--- SDG Egypt Model scen 6 arg.gms(544) 46 Mb  30 secs
--- Executing after solve: elapsed 0:00:36.839
--- SDG Egypt Model scen 6 arg.gms(539) 46 Mb
--- Generating DNLP model sdgfinance
--- SDG Egypt Model scen 6 arg.gms(331) 48 Mb
--- Starting Equ eq1: elapsed 0:00:36.839
--- SDG Egypt Model scen 6 arg.gms(332) 48 Mb
--- Starting Equ eq2: elapsed 0:00:36.839
--- SDG Egypt Model scen 6 arg.gms(333) 48 Mb
--- Starting Equ eq3: elapsed 0:00:36.839
--- SDG Egypt Model scen 6 arg.gms(334) 48 Mb
--- Starting Equ eq4: elapsed 0:00:36.863
--- SDG Egypt Model scen 6 arg.gms(335) 48 Mb
--- Starting Equ eq5: elapsed 0:00:36.941
--- SDG Egypt Model scen 6 arg.gms(339) 48 Mb
--- Starting Equ eq6: elapsed 0:00:37.108
--- SDG Egypt Model scen 6 arg.gms(340) 48 Mb
--- Starting Equ eq7: elapsed 0:00:37.108
--- SDG Egypt Model scen 6 arg.gms(341) 48 Mb
--- Starting Equ eq8: elapsed 0:00:37.108
--- SDG Egypt Model scen 6 arg.gms(342) 48 Mb
--- Starting Equ eq9: elapsed 0:00:37.109
--- SDG Egypt Model scen 6 arg.gms(343) 48 Mb
--- Starting Equ eq10: elapsed 0:00:37.110
--- SDG Egypt Model scen 6 arg.gms(346) 48 Mb
--- Starting Equ eq11: elapsed 0:00:37.110
--- SDG Egypt Model scen 6 arg.gms(347) 48 Mb
--- Starting Equ eq12: elapsed 0:00:37.111
--- SDG Egypt Model scen 6 arg.gms(348) 48 Mb
--- Starting Equ eq13: elapsed 0:00:37.111
--- SDG Egypt Model scen 6 arg.gms(349) 48 Mb
--- Starting Equ eq14: elapsed 0:00:37.112
--- SDG Egypt Model scen 6 arg.gms(350) 48 Mb
--- Starting Equ eq15: elapsed 0:00:37.112
--- SDG Egypt Model scen 6 arg.gms(351) 51 Mb
--- Starting Equ eq16: elapsed 0:00:37.319
--- SDG Egypt Model scen 6 arg.gms(352) 64 Mb
--- Starting Equ eq17: elapsed 0:00:37.599
--- SDG Egypt Model scen 6 arg.gms(353) 64 Mb
--- Starting Equ eq19: elapsed 0:00:37.599
--- SDG Egypt Model scen 6 arg.gms(354) 64 Mb
--- Starting Equ eq19a: elapsed 0:00:37.723
--- SDG Egypt Model scen 6 arg.gms(355) 64 Mb
--- Starting Equ eq19b: elapsed 0:00:37.723
--- SDG Egypt Model scen 6 arg.gms(356) 64 Mb
--- Starting Equ eq19c: elapsed 0:00:37.723
--- SDG Egypt Model scen 6 arg.gms(357) 64 Mb
--- Starting Equ eq19d: elapsed 0:00:37.723
--- SDG Egypt Model scen 6 arg.gms(358) 64 Mb
--- Starting Equ eq19e: elapsed 0:00:37.723
--- SDG Egypt Model scen 6 arg.gms(359) 64 Mb
--- Starting Equ eq20: elapsed 0:00:37.723
--- SDG Egypt Model scen 6 arg.gms(361) 64 Mb
--- Starting Equ eq21: elapsed 0:00:37.723
--- SDG Egypt Model scen 6 arg.gms(360) 64 Mb
--- Starting Equ eq21a: elapsed 0:00:37.723
--- SDG Egypt Model scen 6 arg.gms(362) 64 Mb
--- Starting Equ eq22: elapsed 0:00:37.723
--- SDG Egypt Model scen 6 arg.gms(363) 64 Mb
--- Starting Equ eq23: elapsed 0:00:37.723
--- SDG Egypt Model scen 6 arg.gms(364) 64 Mb
--- Starting Equ eq24: elapsed 0:00:37.723
--- SDG Egypt Model scen 6 arg.gms(365) 64 Mb
--- Starting Equ eq25: elapsed 0:00:37.733
--- SDG Egypt Model scen 6 arg.gms(366) 64 Mb
--- Starting Equ eq26: elapsed 0:00:37.748
--- SDG Egypt Model scen 6 arg.gms(367) 64 Mb
--- Starting Equ eq27: elapsed 0:00:37.748
--- SDG Egypt Model scen 6 arg.gms(368) 64 Mb
--- Starting Equ eq28: elapsed 0:00:37.748
--- SDG Egypt Model scen 6 arg.gms(369) 64 Mb
--- Starting Equ eq29: elapsed 0:00:37.748
--- SDG Egypt Model scen 6 arg.gms(370) 64 Mb
--- Starting Equ eq30a: elapsed 0:00:37.749
--- SDG Egypt Model scen 6 arg.gms(371) 64 Mb
--- Starting Equ eq30: elapsed 0:00:37.749
--- SDG Egypt Model scen 6 arg.gms(372) 64 Mb
--- Starting Equ eq31: elapsed 0:00:37.749
--- SDG Egypt Model scen 6 arg.gms(373) 64 Mb
--- Starting Equ eq32: elapsed 0:00:37.749
--- SDG Egypt Model scen 6 arg.gms(374) 64 Mb
--- Starting Equ eq33: elapsed 0:00:37.749
--- SDG Egypt Model scen 6 arg.gms(375) 64 Mb
--- Starting Equ eq34: elapsed 0:00:37.749
--- SDG Egypt Model scen 6 arg.gms(376) 64 Mb
--- Starting Equ eq36: elapsed 0:00:37.749
--- SDG Egypt Model scen 6 arg.gms(377) 64 Mb
--- Starting Equ eq37: elapsed 0:00:37.750
--- SDG Egypt Model scen 6 arg.gms(378) 64 Mb
--- Starting Equ eq38: elapsed 0:00:37.750
--- SDG Egypt Model scen 6 arg.gms(379) 64 Mb
--- Starting Equ eq51: elapsed 0:00:37.755
--- SDG Egypt Model scen 6 arg.gms(380) 64 Mb
--- Starting Equ eq52: elapsed 0:00:37.763
--- SDG Egypt Model scen 6 arg.gms(381) 64 Mb
--- Starting Equ eq53: elapsed 0:00:37.763
--- SDG Egypt Model scen 6 arg.gms(382) 64 Mb
--- Starting Equ eq54: elapsed 0:00:37.763
--- SDG Egypt Model scen 6 arg.gms(344) 64 Mb
--- Starting Equ eq61: elapsed 0:00:37.763
--- SDG Egypt Model scen 6 arg.gms(345) 64 Mb
--- Starting Equ eq62: elapsed 0:00:37.763
--- SDG Egypt Model scen 6 arg.gms(336) 64 Mb
--- Starting Equ eq63: elapsed 0:00:37.763
--- SDG Egypt Model scen 6 arg.gms(337) 64 Mb
--- Starting Equ eq64: elapsed 0:00:37.763
--- SDG Egypt Model scen 6 arg.gms(338) 65 Mb
--- Starting Equ eq65: elapsed 0:00:37.810
--- SDG Egypt Model scen 6 arg.gms(383) 67 Mb
--- Starting Equ eq66: elapsed 0:00:37.923
--- SDG Egypt Model scen 6 arg.gms(384) 67 Mb
--- Starting Equ eq70: elapsed 0:00:37.938
--- SDG Egypt Model scen 6 arg.gms(385) 67 Mb
--- Starting Equ eq71: elapsed 0:00:37.938
--- SDG Egypt Model scen 6 arg.gms(386) 67 Mb
--- Starting Equ eq72: elapsed 0:00:37.938
--- SDG Egypt Model scen 6 arg.gms(488) 67 Mb
--- Starting Equ utilt: elapsed 0:00:37.938
--- SDG Egypt Model scen 6 arg.gms(489) 67 Mb
--- Starting Equ utility: elapsed 0:00:37.938
--- SDG Egypt Model scen 6 arg.gms(440) 67 Mb
--- Starting Equ output: elapsed 0:00:37.938
--- SDG Egypt Model scen 6 arg.gms(441) 67 Mb
--- Starting Equ outputpc: elapsed 0:00:37.938
--- SDG Egypt Model scen 6 arg.gms(442) 67 Mb
--- Starting Equ ewage: elapsed 0:00:37.938
--- SDG Egypt Model scen 6 arg.gms(444) 67 Mb
--- Starting Equ kstart: elapsed 0:00:37.938
--- SDG Egypt Model scen 6 arg.gms(448) 67 Mb
--- Starting Equ kfstart: elapsed 0:00:37.938
--- SDG Egypt Model scen 6 arg.gms(446) 67 Mb
--- Starting Equ kffstart: elapsed 0:00:37.938
--- SDG Egypt Model scen 6 arg.gms(447) 67 Mb
--- Starting Equ krestart: elapsed 0:00:37.938
--- SDG Egypt Model scen 6 arg.gms(449) 67 Mb
--- Starting Equ knext: elapsed 0:00:37.938
--- SDG Egypt Model scen 6 arg.gms(452) 67 Mb
--- Starting Equ kfnext: elapsed 0:00:37.938
--- SDG Egypt Model scen 6 arg.gms(450) 67 Mb
--- Starting Equ kffnext: elapsed 0:00:37.938
--- SDG Egypt Model scen 6 arg.gms(451) 67 Mb
--- Starting Equ krenext: elapsed 0:00:37.938
--- SDG Egypt Model scen 6 arg.gms(470) 67 Mb
--- Starting Equ kfend: elapsed 0:00:37.938
--- SDG Egypt Model scen 6 arg.gms(471) 67 Mb
--- Starting Equ ktotal: elapsed 0:00:37.938
--- SDG Egypt Model scen 6 arg.gms(453) 67 Mb
--- Starting Equ energy: elapsed 0:00:37.938
--- SDG Egypt Model scen 6 arg.gms(454) 67 Mb
--- Starting Equ ffuel: elapsed 0:00:37.938
--- SDG Egypt Model scen 6 arg.gms(465) 67 Mb
--- Starting Equ conlim: elapsed 0:00:37.938
--- SDG Egypt Model scen 6 arg.gms(479) 67 Mb
--- Starting Equ education: elapsed 0:00:37.938
--- SDG Egypt Model scen 6 arg.gms(482) 67 Mb
--- Starting Equ edugdp: elapsed 0:00:37.938
--- SDG Egypt Model scen 6 arg.gms(445) 67 Mb
--- Starting Equ dstart: elapsed 0:00:37.938
--- SDG Egypt Model scen 6 arg.gms(459) 67 Mb
--- Starting Equ tbalance: elapsed 0:00:37.938
--- SDG Egypt Model scen 6 arg.gms(460) 67 Mb
--- Starting Equ totdebt: elapsed 0:00:37.938
--- SDG Egypt Model scen 6 arg.gms(461) 67 Mb
--- Starting Equ debttogdp: elapsed 0:00:37.938
--- SDG Egypt Model scen 6 arg.gms(462) 67 Mb
--- Starting Equ debtlimit: elapsed 0:00:37.938
--- SDG Egypt Model scen 6 arg.gms(466) 67 Mb
--- Starting Equ conend: elapsed 0:00:37.938
--- SDG Egypt Model scen 6 arg.gms(472) 67 Mb
--- Starting Equ consumetrpc: elapsed 0:00:37.938
--- SDG Egypt Model scen 6 arg.gms(467) 67 Mb
--- Starting Equ kend: elapsed 0:00:37.938
--- SDG Egypt Model scen 6 arg.gms(468) 67 Mb
--- Starting Equ kffend: elapsed 0:00:37.943
--- SDG Egypt Model scen 6 arg.gms(469) 67 Mb
--- Starting Equ kreend: elapsed 0:00:37.943
--- SDG Egypt Model scen 6 arg.gms(458) 67 Mb
--- Starting Equ costk: elapsed 0:00:37.943
--- SDG Egypt Model scen 6 arg.gms(457) 67 Mb
--- Starting Equ costkf: elapsed 0:00:37.943
--- SDG Egypt Model scen 6 arg.gms(455) 67 Mb
--- Starting Equ costkff: elapsed 0:00:37.943
--- SDG Egypt Model scen 6 arg.gms(456) 67 Mb
--- Starting Equ costkre: elapsed 0:00:37.943
--- SDG Egypt Model scen 6 arg.gms(480) 67 Mb
--- Starting Equ health: elapsed 0:00:37.943
--- SDG Egypt Model scen 6 arg.gms(481) 67 Mb
--- Starting Equ govcost: elapsed 0:00:37.944
--- SDG Egypt Model scen 6 arg.gms(483) 67 Mb
--- Starting Equ hlgdp: elapsed 0:00:37.944
--- SDG Egypt Model scen 6 arg.gms(485) 67 Mb
--- Starting Equ pubadgdp: elapsed 0:00:37.944
--- SDG Egypt Model scen 6 arg.gms(486) 67 Mb
--- Starting Equ infgdp: elapsed 0:00:37.944
--- SDG Egypt Model scen 6 arg.gms(484) 67 Mb
--- Starting Equ poutlay: elapsed 0:00:37.945
--- SDG Egypt Model scen 6 arg.gms(476) 67 Mb
--- Starting Equ educationuc: elapsed 0:00:37.945
--- SDG Egypt Model scen 6 arg.gms(477) 67 Mb
--- Starting Equ healthuc: elapsed 0:00:37.945
--- SDG Egypt Model scen 6 arg.gms(443) 67 Mb
--- Starting Equ marginalpk: elapsed 0:00:37.945
--- SDG Egypt Model scen 6 arg.gms(487) 67 Mb
--- Starting Equ enktotratio: elapsed 0:00:37.946
--- SDG Egypt Model scen 6 arg.gms(473) 67 Mb
--- Starting Equ endconpclim: elapsed 0:00:37.946
--- SDG Egypt Model scen 6 arg.gms(463) 67 Mb
--- Starting Equ nodebtbyend: elapsed 0:00:37.946
--- SDG Egypt Model scen 6 arg.gms(491) 67 Mb
--- Starting Equ taxmax: elapsed 0:00:37.946
--- SDG Egypt Model scen 6 arg.gms(490) 67 Mb
--- Starting Equ governgdp: elapsed 0:00:37.946
--- SDG Egypt Model scen 6 arg.gms(492) 67 Mb
--- Starting Equ govbudget: elapsed 0:00:37.947
--- SDG Egypt Model scen 6 arg.gms(544) 67 Mb
--- LOOPS scen = nolim
---   142,804 rows  145,001 columns  349,391 non-zeroes
---   98,410 nl-code  28,037 nl-non-zeroes
--- SDG Egypt Model scen 6 arg.gms(544) 64 Mb
--- Executing CONOPT (Solvelink=2): elapsed 0:00:38.208

CONOPT 3         37.1.0 r07954d5 Released Nov 11, 2021 WEI x86 64bit/MS Window

 
 
    C O N O P T 3   version 3.17K
    Copyright (C)   ARKI Consulting and Development A/S
                    Bagsvaerdvej 246 A
                    DK-2880 Bagsvaerd, Denmark
 
 
   Iter Phase Ninf   Infeasibility   RGmax    NSB   Step InItr MX OK
      0   0        1.0276791295E-11 (Input point)
 
                   Pre-triangular equations:   141582
                   Post-triangular equations:  203
                   Definitional equations:     619
 
      1   0        4.1094905257E-12 (After pre-processing)
      2   0        5.9827143239E-14 (After scaling)
 
 ** Feasible solution. Value of objective =    27.0205229439
 
   Iter Phase Ninf     Objective     RGmax    NSB   Step InItr MX OK
      3   3        2.7062269946E+01 1.7E-03    36 5.7E-01    1 F  T
      4   3        2.7064437559E+01 9.9E-01    36 8.2E-02    2 F  T
      5   3        2.7084748415E+01 9.6E-01    36 4.5E-02      F  T
      6   3        2.7086101181E+01 7.5E-01    36 3.7E-03      F  T
      7   4        2.7087826828E+01 3.1E-01    36 2.8E+00      F  T
      8   4        2.7091729214E+01 9.5E-02    36 1.0E+00    5 F  T
      9   4        2.7107441529E+01 1.7E-01    36 1.0E+00    9 F  T
     10   4        2.7120233004E+01 8.0E-01    36 1.0E+00   12 F  T
     11   4        2.7219080169E+01 2.8E-01    36 1.0E+00   19 T  T
     12   4        2.7256425211E+01 1.9E-01    35 1.0E+00   20 T  T
 
   Iter Phase Ninf     Objective     RGmax    NSB   Step InItr MX OK
     13   4        2.7404006663E+01 5.3E-02    33 6.2E-01   28 F  T
     14   3        2.7407113456E+01 2.9E-01    33 9.9E-03      F  T
     15   3        2.7408213971E+01 1.1E-01    33 3.0E-02      F  T
     16   4        2.7410486348E+01 9.4E-02    33 1.0E+00      F  T
     17   4        2.7422048950E+01 1.1E-01    33 1.0E+00    4 F  T
     18   4        2.7452192212E+01 1.0E-01    33 1.0E+00   12 F  T
     19   4        2.7471517133E+01 6.2E-02    33 1.0E+00   13 T  T
     20   4        2.7528792652E+01 9.3E-02    31 1.0E+00   19 T  T
     21   4        2.7571003413E+01 1.4E-01    31 1.0E+00   19 T  T
     22   3        2.7571003434E+01 3.0E-01    31 2.2E-07      T  T
 
   Iter Phase Ninf     Objective     RGmax    NSB   Step InItr MX OK
     23   3        2.7571003434E+01 2.2E-02    32 0.0E+00      T  T
     24   3        2.7571019318E+01 2.2E-02    29 3.1E-02      F  T
     25   3        2.7571029784E+01 1.6E-02    29 1.5E-02      F  T
     26   4        2.7571059544E+01 2.1E-02    29 2.8E+00      F  T
     27   4        2.7571168970E+01 2.8E-02    30 1.0E+00    3 F  T
     28   4        2.7571477707E+01 9.7E-03    30 1.0E+00    8 T  T
     29   4        2.7571532331E+01 9.9E-03    29 1.0E+00   16 F  T
     30   4        2.7585742496E+01 1.8E-02    31 1.0E+00   15 F  T
     31   4        2.7585907132E+01 5.0E-02    31 1.0E+00    7 F  T
     32   4        2.7661829349E+01 1.3E-03    34 1.0E+00   15 T  T
 
   Iter Phase Ninf     Objective     RGmax    NSB   Step InItr MX OK
     33   4        2.7665400385E+01 5.6E-02    33 1.0E+00    2 F  T
     34   4        2.7729903673E+01 2.4E-03    34 1.0E+00    5 T  T
     35   4        2.7733334140E+01 4.9E-02    33 1.0E+00    2 F  T
     36   4        2.7733508324E+01 4.7E-02    34 1.0E+00    4 F  T
     37   4        2.7791799929E+01 1.1E-03    35 1.0E+00   11 T  T
     38   4        2.7794773288E+01 3.9E-02    33 1.0E+00    2 F  T
     39   4        2.7796207275E+01 1.3E-01    34 1.0E+00    3 F  T
     40   4        2.7850044880E+01 6.9E-03    35 1.0E+00    6 T  T
     41   4        2.7852664181E+01 3.0E-02    33 1.0E+00    3 F  T
     42   4        2.7852939636E+01 5.4E-02    34 1.0E+00    4 F  T
 
   Iter Phase Ninf     Objective     RGmax    NSB   Step InItr MX OK
     43   4        2.7900983655E+01 1.2E-03    35 1.0E+00    5 T  T
     44   4        2.7903271035E+01 2.4E-02    34 1.0E+00    2 F  T
     45   4        2.7944702431E+01 1.2E-03    35 1.0E+00    5 T  T
     46   4        2.7946687731E+01 1.9E-02    34 1.0E+00    3 F  T
     47   4        2.7946893144E+01 4.0E-02    38 1.0E+00    7 F  T
     48   4        2.7981981526E+01 7.7E-04    39 1.0E+00    8 T  T
     49   4        2.7983817635E+01 1.5E-02    38 1.0E+00    2 F  T
     50   4        2.8011649565E+01 8.5E-04    40 1.0E+00    7 F  T
     51   4        2.8013413324E+01 1.6E-02    38 1.0E+00    3 F  T
     52   4        2.8032969951E+01 6.2E-03    42 1.0E+00   11 F  T
 
   Iter Phase Ninf     Objective     RGmax    NSB   Step InItr MX OK
     53   4        2.8034546210E+01 1.1E-02    39 1.0E+00    2 F  T
     54   4        2.8034658195E+01 1.5E-02    42 1.0E+00    6 F  T
     55   4        2.8047395444E+01 5.1E-04    43 1.0E+00    7 F  T
     56   4        2.8047984823E+01 6.3E-03    43 1.0E+00    3 F  T
     57   4        2.8055024889E+01 3.7E-04    44 1.0E+00    5 F  T
     58   4        2.8055186275E+01 3.1E-03    44 1.0E+00    2 F  T
     59   4        2.8058058763E+01 2.2E-04    45 1.0E+00   11 F  T
     60   4        2.8058082952E+01 1.1E-03    44 1.0E+00    2 F  T
     61   4        2.8058554898E+01 8.8E-05    45 1.0E+00    6 F  T
     62   4        2.8058555496E+01 1.7E-04    45 1.0E+00    2 F  T
 
   Iter Phase Ninf     Objective     RGmax    NSB   Step InItr MX OK
     63   4        2.8058555496E+01 2.5E-07    45 1.0E+00    1 F  T
     64   4        2.8058555496E+01 3.4E-08    45 0.0E+00    1 F  T
     65   4        2.8058555496E+01 3.4E-08    45
 
 ** Optimal solution. Reduced gradient less than tolerance.
 
--- Reading solution for model sdgfinance
--- SDG Egypt Model scen 6 arg.gms(544) 64 Mb  7 secs
--- Executing after solve: elapsed 0:00:45.375
--- SDG Egypt Model scen 6 arg.gms(606) 64 Mb
--- GDX File (execute_unload) C:\projdir\Wi2050-Countries-Calibration\SDG Financing Simplified model (Egypt)\scen 6\input\auxiliary\modeloutput_arg.gdx
--- SDG Egypt Model scen 6 arg.gms(611) 64 Mb

GDXXRW           37.1.0 r07954d5 Released Nov 11, 2021 WEI x86 64bit/MS Window
Input file : C:\projdir\Wi2050-Countries-Calibration\SDG Financing Simplified model (Egypt)\scen 6\input\auxiliary\modeloutput_arg.gdx
Output file: C:\projdir\Wi2050-Countries-Calibration\SDG Financing Simplified model (Egypt)\scen 6\output\modeloutput_arg.xlsx
Total time = 2390 Ms
--- Profile Summary (336 records processed)
    40.407   0.064GB       539 Loop       
    29.672   0.046GB       544 Solve Alg  sdgfinance
     6.015   0.064GB       544 Solve Alg  sdgfinance
     2.515   0.064GB       611 Execute    
     1.250   0.046GB       544 Solve Read sdgfinance
     1.157   0.064GB       544 Solve Read sdgfinance
     0.281   0.064GB       351 Equation   eq16 (53424)
     0.266   0.064GB       544 Solve Fini sdgfinance (349391)
     0.265   0.046GB       544 Solve Fini sdgfinance (349391)
     0.203   0.051GB       350 Equation   eq15 (56376)
*** Status: Normal completion
--- Job SDG Egypt Model scen 6 arg.gms Stop 08/22/22 12:44:41 elapsed 0:00:47.898
