Output file: D:\Github\Wi2050\SDG Financing Simplified model (Egypt)\mydataoutputv2.x
--- Job SDG Egypt Model v2.gms Start 07/12/22 16:30:57 37.1.0 r07954d5 WEX-WEI x86 64bit/MS Windows
--- Applying:
    C:\GAMS\37\gmsprmNT.txt
--- GAMS Parameters defined
    Input "D:\Github\Wi2050\SDG Financing Simplified model (Egypt)\SDG Egypt Model v2.gms"
    PageSize 0
    ScrDir "D:\Github\Wi2050\SDG Financing Simplified model (Egypt)\225b\"
    SysDir C:\GAMS\37\
    LogOption 3
    ErrMsg 1
    ErrorLog 99
    IDE 1
    LstTitleLeftAligned 1
Licensee: Large MUD - 20 User License                    G211208|0002AR-WIN
          Columbia University, Earth Institute                       DC4533
          C:\Users\weiti\OneDrive\Documents\GAMS\gamslice.txt
          License Admin: Jeffrey Sachs, sachs@columbia.edu                 
Processor information: 1 socket(s), 6 core(s), and 12 thread(s) available
GAMS 37.1.0   Copyright (C) 1987-2021 GAMS Development. All rights reserved
--- Starting compilation
--- SDG Egypt Model v2.gms(53) 3 Mb
--- call GDXXRW mydatainputv2.xlsx Index=Index!a1 trace=3

GDXXRW           37.1.0 r07954d5 Released Nov 11, 2021 WEI x86 64bit/MS Window
Excel version 16.0
Input file : D:\Github\Wi2050\SDG Financing Simplified model (Egypt)\mydatainputv2.xlsx
Output file: D:\Github\Wi2050\SDG Financing Simplified model (Egypt)\mydatainputv2.gdx
Substituting Index
Loading sheet Index
Reading data from Excel; Rng = A1:E101
Reading Slice: A1:E101
par=continuation Rng=Continuation!A1 Dim=2 Rdim=1
par=ek Rng=Hardcode!B1 Dim=0 Rdim=0
par=costff Rng=Hardcode!B2 Dim=0 Rdim=0
par=costre Rng=Hardcode!B3 Dim=0 Rdim=0
par=dep Rng=Hardcode!B4 Dim=0 Rdim=0
par=r Rng=Hardcode!B5 Dim=0 Rdim=0
par=kff0 Rng=Hardcode!B6 Dim=0 Rdim=0
par=kre0 Rng=Hardcode!B7 Dim=0 Rdim=0
par=aff Rng=Hardcode!B8 Dim=0 Rdim=0
par=taxlim Rng=Hardcode!B9 Dim=0 Rdim=0
par=min0 Rng=Hardcode!B10 Dim=0 Rdim=0
par=land0 Rng=Hardcode!B11 Dim=0 Rdim=0
par=tfp1 Rng=Hardcode!B12 Dim=0 Rdim=0
par=phi Rng=Hardcode!B13 Dim=0 Rdim=0
par=fertsh Rng=Hardcode!B14 Dim=0 Rdim=0
par=bk Rng=Hardcode!B15 Dim=0 Rdim=0
par=bkf Rng=Hardcode!B16 Dim=0 Rdim=0
par=ben Rng=Hardcode!B17 Dim=0 Rdim=0
par=k0 Rng=Hardcode!B18 Dim=0 Rdim=0
par=kf0 Rng=Hardcode!B19 Dim=0 Rdim=0
par=debtqlim Rng=Hardcode!B20 Dim=0 Rdim=0
par=gcostsh Rng=Hardcode!B21 Dim=0 Rdim=0
par=pubgdpsh Rng=Hardcode!B22 Dim=0 Rdim=0
par=lowerbound Rng=Hardcode!B23 Dim=0 Rdim=0
Type Symbol       Dim      Sheet                Data          RowHeader     ColHeader     
Loading sheet Continuation
Reading data from Excel; Rng = A1:B19
Reading Slice: A1:B19
Par  continuation   2      Continuation         B2:B19        A2:A19        B1:B1         
Loading sheet Hardcode
Reading data from Excel; Rng = A1:B23
Reading Slice: A1:B23
Par  ek             0      Hardcode             B1:B1         --:--         --:--         
Par  costff         0      Hardcode             B2:B2         --:--         --:--         
Par  costre         0      Hardcode             B3:B3         --:--         --:--         
Par  dep            0      Hardcode             B4:B4         --:--         --:--         
Par  r              0      Hardcode             B5:B5         --:--         --:--         
Par  kff0           0      Hardcode             B6:B6         --:--         --:--         
Par  kre0           0      Hardcode             B7:B7         --:--         --:--         
Par  aff            0      Hardcode             B8:B8         --:--         --:--         
Par  taxlim         0      Hardcode             B9:B9         --:--         --:--         
Par  min0           0      Hardcode             B10:B10       --:--         --:--         
Par  land0          0      Hardcode             B11:B11       --:--         --:--         
Par  tfp1           0      Hardcode             B12:B12       --:--         --:--         
Par  phi            0      Hardcode             B13:B13       --:--         --:--         
Par  fertsh         0      Hardcode             B14:B14       --:--         --:--         
Par  bk             0      Hardcode             B15:B15       --:--         --:--         
Par  bkf            0      Hardcode             B16:B16       --:--         --:--         
Par  ben            0      Hardcode             B17:B17       --:--         --:--         
Par  k0             0      Hardcode             B18:B18       --:--         --:--         
Par  kf0            0      Hardcode             B19:B19       --:--         --:--         
Par  debtqlim       0      Hardcode             B20:B20       --:--         --:--         
Par  gcostsh        0      Hardcode             B21:B21       --:--         --:--         
Par  pubgdpsh       0      Hardcode             B22:B22       --:--         --:--         
Par  lowerbound     0      Hardcode             B23:B23       --:--         --:--         
Total time = 438 Ms
--- SDG Egypt Model v2.gms(54) 3 Mb
--- GDXin=D:\Github\Wi2050\SDG Financing Simplified model (Egypt)\mydatainputv2.gdx
--- GDX File ($gdxIn) D:\Github\Wi2050\SDG Financing Simplified model (Egypt)\mydatainputv2.gdx
--- SDG Egypt Model v2.gms(72) 3 Mb
--- call GDXXRW egyptdatainput.xlsx Index=Index!a1 trace=3

GDXXRW           37.1.0 r07954d5 Released Nov 11, 2021 WEI x86 64bit/MS Window
Excel version 16.0
Input file : D:\Github\Wi2050\SDG Financing Simplified model (Egypt)\egyptdatainput.xlsx
Output file: D:\Github\Wi2050\SDG Financing Simplified model (Egypt)\egyptdatainput.gdx
Substituting Index
Loading sheet Index
Reading data from Excel; Rng = A1:E7
Reading Slice: A1:E7
par=D1 Rng=popg0!A1 Dim=2 Rdim=1
par=D2 Rng=fert0!A1 Dim=2 Rdim=1
par=D3 Rng=surv0!A1 Dim=2 Rdim=1
par=D4 Rng=w0!A1 Dim=3 Rdim=2
par=D5 Rng=s0!A1 Dim=2 Rdim=1
par=D6 Rng=ferthic0!A1 Dim=2 Rdim=1
Type Symbol       Dim      Sheet                Data          RowHeader     ColHeader     
Loading sheet popg0
Reading data from Excel; Rng = A1:C101
Reading Slice: A1:C101
Par  D1             2      popg0                B2:C101       A2:A101       B1:C1         
Loading sheet fert0
Reading data from Excel; Rng = A1:B36
Reading Slice: A1:B36
Par  D2             2      fert0                B2:B36        A2:A36        B1:B1         
Loading sheet surv0
Reading data from Excel; Rng = A1:E100
Reading Slice: A1:E100
Par  D3             2      surv0                B2:E100       A2:A100       B1:E1         
Loading sheet w0
Reading data from Excel; Rng = A1:D317
Reading Slice: A1:D317
Par  D4             3      w0                   C2:D317       A2:B317       C1:D1         
Loading sheet s0
Reading data from Excel; Rng = A1:C18
Reading Slice: A1:C18
Par  D5             2      s0                   B2:C18        A2:A18        B1:C1         
Loading sheet ferthic0
Reading data from Excel; Rng = A1:B36
Reading Slice: A1:B36
Par  D6             2      ferthic0             B2:B36        A2:A36        B1:B1         
Total time = 437 Ms
--- SDG Egypt Model v2.gms(73) 3 Mb
--- GDXin=D:\Github\Wi2050\SDG Financing Simplified model (Egypt)\egyptdatainput.gdx
--- GDX File ($gdxIn) D:\Github\Wi2050\SDG Financing Simplified model (Egypt)\egyptdatainput.gdx
--- SDG Egypt Model v2.gms(366) 3 Mb
--- $echo File D:\Github\Wi2050\SDG Financing Simplified model (Egypt)\outputsetting.txt
--- SDG Egypt Model v2.gms(369) 3 Mb
--- Starting execution: elapsed 0:00:01.007
--- SDG Egypt Model v2.gms(285) 5 Mb
--- Generating DNLP model demo
--- SDG Egypt Model v2.gms(305) 48 Mb
---   141,550 rows  143,810 columns  345,264 non-zeroes
---   92,719 nl-code  26,409 nl-non-zeroes
--- SDG Egypt Model v2.gms(305) 46 Mb
--- Executing CONOPT (Solvelink=2): elapsed 0:00:01.461

CONOPT 3         37.1.0 r07954d5 Released Nov 11, 2021 WEI x86 64bit/MS Window

 
 
    C O N O P T 3   version 3.17K
    Copyright (C)   ARKI Consulting and Development A/S
                    Bagsvaerdvej 246 A
                    DK-2880 Bagsvaerd, Denmark
 
 
   Iter Phase Ninf   Infeasibility   RGmax    NSB   Step InItr MX OK
      0   0        6.9411484538E+02 (Input point)
 
                   Pre-triangular equations:   141520
                   Post-triangular equations:  30
 
      1   0        0.0000000000E+00 (After pre-processing)
      2   0        0.0000000000E+00 (After scaling)
 
 ** Feasible solution. Value of objective =    0.00000000000
 
   Iter Phase Ninf     Objective     RGmax    NSB   Step InItr MX OK
      3   3        0.0000000000E+00 0.0E+00     0 0.0E+00    0 F  T
      4   3        0.0000000000E+00 0.0E+00     0
 
 ** Optimal solution. There are no superbasic variables.
 
--- Reading solution for model demo
--- SDG Egypt Model v2.gms(305) 46 Mb  60 secs
--- Executing after solve: elapsed 0:01:01.964
--- SDG Egypt Model v2.gms(309) 46 Mb
--- Generating DNLP model sdgfinance
--- SDG Egypt Model v2.gms(310) 67 Mb
---   142,600 rows  144,942 columns  348,870 non-zeroes
---   97,601 nl-code  27,776 nl-non-zeroes
--- SDG Egypt Model v2.gms(310) 64 Mb
--- Executing CONOPT (Solvelink=2): elapsed 0:01:02.823

CONOPT 3         37.1.0 r07954d5 Released Nov 11, 2021 WEI x86 64bit/MS Window

 
 
    C O N O P T 3   version 3.17K
    Copyright (C)   ARKI Consulting and Development A/S
                    Bagsvaerdvej 246 A
                    DK-2880 Bagsvaerd, Denmark
 
 
   Iter Phase Ninf   Infeasibility   RGmax    NSB   Step InItr MX OK
      0   0        4.4797745554E+02 (Input point)
 
                   Pre-triangular equations:   141574
                   Post-triangular equations:  260
                   Definitional equations:     488
 
      1   0        1.4706571496E+02 (After pre-processing)
      2   0        3.0829401941E+01 (After scaling)
      3   1   142  3.0828426017E+01 4.3E+02    28 1.0E+00    3 T  T
      4   1   129  3.0828319632E+01 4.1E+02    25 1.0E+00   13 T  T
      5   1   129  3.0828046235E+01 3.4E+02    62 1.1E-04   12 F  F
      6   0        3.0828051444E+01
      7   0   215  3.0828051444E+01               0.0E+00      F  F
      8   0   216  3.0828051444E+01               0.0E+00      F  F
      9   0   217  3.0828051444E+01               0.0E+00      F  F
 
   Iter Phase Ninf   Infeasibility   RGmax    NSB   Step InItr MX OK
     10   0   218  3.0828051444E+01               0.0E+00      F  F
     11   0   219  3.0828051444E+01               0.0E+00      F  F
     12   0   220  3.0828051444E+01               0.0E+00      F  F
     13   0   221  3.0828051444E+01               0.0E+00      F  F
     14   0   222  3.0828051444E+01               0.0E+00      F  F
     15   0   223  3.0828051444E+01               0.0E+00      F  F
     16   0   224  3.0828051444E+01               0.0E+00      F  F
     17   0   225  3.0828051444E+01               0.0E+00      F  F
     18   0   226  3.0828051444E+01               0.0E+00      F  F
     19   0   227  3.0828051444E+01               0.0E+00      F  F
 
   Iter Phase Ninf   Infeasibility   RGmax    NSB   Step InItr MX OK
     20   0   228  3.0828051444E+01               0.0E+00      F  F
     21   0   229  3.0828051444E+01               0.0E+00      F  F
     22   0   230  3.0828051444E+01               0.0E+00      F  F
     23   0   231  3.0828051444E+01               0.0E+00      F  F
     24   0   232  3.0828051444E+01               0.0E+00      F  F
     25   0   233  3.0828051435E+01               1.0E+00      F  T
     26   1   232  3.0828045789E+01 1.2E+04    62 4.7E-15      T  T
     27   1   231  3.0828040784E+01 1.2E+04    61 4.6E-15      T  T
     28   1   230  3.0828036440E+01 1.2E+04    60 4.6E-15      T  T
     29   1   229  3.0828032727E+01 1.2E+04    59 4.6E-15      T  T
 
   Iter Phase Ninf   Infeasibility   RGmax    NSB   Step InItr MX OK
     30   1   228  3.0828029640E+01 1.2E+04    58 4.6E-15      T  T
     31   1   225  3.0828024320E+01 1.2E+04    51 1.0E+00    3 T  T
     32   1   225  3.0817338893E+01 1.7E+02    79 3.6E-02    2 F  F
     33   1   225  3.0803421008E+01 1.8E+02    79 4.0E-01    1 F  F
     34   1   225  3.0790854847E+01 1.8E+02    79 2.8E-08      F  F
     35   1   224  3.0781752482E+01 1.8E+02    79 2.0E-08      T  T
     36   1   223  3.0559506176E+01 1.8E+02    78 4.9E-07      T  T
     37   1   222  3.0471623160E+01 1.8E+02    77 1.9E-07      T  T
     38   1   221  2.9539689514E+01 1.8E+02    76 2.0E-06      T  T
     39   1   220  2.8829246112E+01 1.7E+02    75 1.7E-06      T  T
 
   Iter Phase Ninf   Infeasibility   RGmax    NSB   Step InItr MX OK
     40   1   217  2.8812720063E+01 2.0E+02    76 1.0E+00    3 T  T
     41   1   209  2.8754366244E+01 2.0E+02    77 1.0E+00    8 T  T
     42   1   196  2.8707885218E+01 2.0E+02    75 1.0E+00   13 T  T
     43   1   188  2.8448867103E+01 4.7E+03    67 1.0E+00   18 T  T
     44   1   188  2.8447319872E+01 1.1E+03    89 9.6E-04   21 T  T
     45   1   168  2.8446777981E+01 1.3E+03    85 1.0E+00   16 T  T
     46   1   160  2.8226283111E+01 2.1E+02    62 1.0E+00    6 T  T
     47   1   160  2.7927240527E+01 7.0E+02    75 5.7E-01    9 F  F
     48   1   160  2.7926627154E+01 4.9E+02    81 8.3E-04   17 T  T
     49   1   142  2.7926430757E+01 5.1E+02    80 1.0E+00    5 T  T
 
   Iter Phase Ninf   Infeasibility   RGmax    NSB   Step InItr MX OK
     50   1   142  2.7925729845E+01 9.7E+02    64 1.4E-03    4 F  F
     51   1   138  2.7925139476E+01 3.6E+02    66 1.0E+00    3 T  T
     52   1   138  2.7924011393E+01 1.8E+02    64 6.2E-02    4 F  F
     53   1   138  2.7923650292E+01 5.4E+02    68 9.1E-01    4 F  F
     54   1   138  2.7923629904E+01 2.2E+02    68 1.9E-10      T  T
     55   1   138  2.7923627798E+01 2.2E+02    67 2.1E-11      T  T
     56   1   138  2.7923621901E+01 2.2E+02    66 6.0E-11      T  T
     57   1   138  2.7923603285E+01 2.2E+02    65 2.1E-10      T  T
     58   1   138  2.7923603285E+01 1.2E+02    64 0.0E+00      T  T
     59   1   136  2.7923308706E+01 1.5E+02    66 1.0E+00    3 T  T
 
   Iter Phase Ninf   Infeasibility   RGmax    NSB   Step InItr MX OK
     60   1   136  2.7922806607E+01 9.6E+01    68 3.9E-03    7 F  F
     61   1   136  2.7922582406E+01 8.5E+01    68 5.4E-01    4 F  F
     62   1   135  2.7922450773E+01 3.9E+01    68 1.5E-08      T  T
     63   1   134  2.7922407224E+01 3.9E+01    67 5.1E-09      T  T
     64   1   134  2.7921719396E+01 3.9E+01    66 8.3E-08      T  T
     65   1   134  2.7921273345E+01 3.9E+01    65 5.4E-08      T  T
     66   1   134  2.7918656024E+01 3.9E+01    64 3.1E-07      T  T
     67   1   133  2.7889307319E+01 1.1E+02    64 1.0E+00    3 T  T
     68   1   133  2.7888460871E+01 3.0E+02    66 2.4E-01   14 T  T
     69   1   133  2.7887793565E+01 1.2E+02    68 3.0E-01    4 F  F
 
   Iter Phase Ninf   Infeasibility   RGmax    NSB   Step InItr MX OK
     70   1   132  2.7886974271E+01 5.1E+01    68 1.0E+00    3 T  T
     71   1   131  2.7757628717E+01 3.9E+01    65 1.0E+00    4 T  T
     72   1   127  2.7716877762E+01 2.5E+03    83 9.1E-01   11 T  T
     73   1   122  2.7715775613E+01 5.2E+02    81 1.0E+00   13 T  T
     74   1   118  2.7708257810E+01 7.0E+02    71 1.0E+00    8 T  T
     75   1   117  2.7707615054E+01 1.9E+02    70 1.0E+00   11 T  T
     76   1   117  2.7704539947E+01 7.0E+02    72 1.9E-01    8 F  T
     77   1   117  2.7703869409E+01 2.7E+02    72 2.6E-01    4 T  T
     78   1   117  2.7703045404E+01 2.6E+02    71 6.7E-01    4 T  T
     79   1   112  2.7702094462E+01 2.4E+02    71 1.0E+00    5 T  T
 
   Iter Phase Ninf   Infeasibility   RGmax    NSB   Step InItr MX OK
     80   1   109  2.7694653757E+01 1.4E+02    66 1.0E+00    6 T  T
     81   1   109  2.7691262500E+01 9.6E+03    74 2.5E-01    8 F  T
     82   1   109  2.7690501020E+01 6.1E+02    69 1.0E+00    5 T  T
     83   1   107  2.7687385935E+01 3.3E+01    64 1.0E+00    2 T  T
     84   1   106  2.7674320159E+01 3.3E+01    62 1.0E+00    3 T  T
     85   1   105  2.7672431745E+01 9.9E+02    66 2.5E-01    8 F  F
     86   1   103  2.7672007648E+01 5.6E+02    70 1.0E+00    5 T  T
     87   1   103  2.7671241476E+01 5.4E+02    71 3.8E-01    5 F  F
     88   1   101  2.7671157868E+01 3.6E+02    77 1.0E+00    6 T  T
     89   1    97  2.7671133755E+01 6.6E+01    87 1.0E+00    8 T  T
 
   Iter Phase Ninf   Infeasibility   RGmax    NSB   Step InItr MX OK
     90   1    94  2.7671116193E+01 4.5E+01    83 1.0E+00    9 T  T
     91   1    93  2.7667668260E+01 1.2E+02    73 9.8E-01   10 T  T
     92   1    93  2.7667453225E+01 4.3E+01    69 9.8E-04    6 T  T
     93   1    92  2.7667388894E+01 1.5E+02    75 1.0E+00   10 T  T
     94   1    92  2.7667216078E+01 6.3E+01    70 1.4E-04    3 F  F
     95   1    92  2.7667149330E+01 1.1E+02    77 7.5E-01    4 F  F
     96   1    91  2.7667129266E+01 1.1E+02    78 1.2E-09      T  T
     97   1    90  2.7667122751E+01 1.0E+02    77 5.2E-10      T  T
     98   1    90  2.7667118773E+01 8.6E+01    76 5.0E-10      T  T
     99   1    90  2.7667115848E+01 2.8E+01    81 2.4E-09      T  T
 
   Iter Phase Ninf   Infeasibility   RGmax    NSB   Step InItr MX OK
    100   1    90  2.7667112664E+01 2.8E+01    80 2.5E-09      T  T
    101   1    90  2.7667108353E+01 3.5E+01    79 1.0E+00    3 T  T
    102   1    90  2.7667108200E+01 1.7E+02    86 1.5E-03    5 F  T
    103   1    90  2.7667107218E+01 3.9E+03    79 1.0E+00    2 T  T
    104   1    90  2.7667103687E+01 1.0E+03    77 1.8E-01    4 F  F
    105   1    90  2.7667092432E+01 3.5E+01    77 1.0E+00    3 T  T
    106   1    90  2.7667083607E+01 3.9E+01    76 1.0E+00    3 T  T
    107   1    90  2.7667061159E+01 7.5E+00    73 5.5E-01    6 F  F
    108   1    89  2.7667056736E+01 3.1E+01    77 1.0E+00    5 T  T
    109   1    89  2.7667053105E+01 1.1E+01    78 8.7E-01    5 T  T
 
   Iter Phase Ninf   Infeasibility   RGmax    NSB   Step InItr MX OK
    110   1    89  2.7667035480E+01 2.9E+01    80 6.2E-01   10 F  F
    111   1    89  2.7667032654E+01 2.8E+00    80 2.4E-01    4 F  T
    112   1    89  2.7667032571E+01 5.0E+00    81 1.1E-09      T  T
    113   1    89  2.7667032452E+01 1.4E+01    82 4.3E-10      T  T
    114   1    89  2.7667031732E+01 1.4E+01    81 2.8E-09      T  T
    115   1    89  2.7667031559E+01 3.2E+00    80 3.8E-09      T  T
    116   1    89  2.7667029699E+01 3.2E+00    79 4.6E-08      T  T
    117   1    88  2.7667025936E+01 4.2E+00    78 1.0E+00    3 T  T
    118   1    88  2.7667012352E+01 8.4E+00    77 7.0E-01    8 T  T
    119   1    86  2.7667000316E+01 6.8E+00    77 1.0E+00    5 T  T
 
   Iter Phase Ninf   Infeasibility   RGmax    NSB   Step InItr MX OK
    120   1    86  2.7666814897E+01 5.1E+00    73 3.8E-01    6 F  F
    121   1    85  2.7666799292E+01 7.3E+00    75 1.0E+00    7 T  T
    122   1    84  2.7666792279E+01 1.5E+01    72 1.0E+00    3 T  T
    123   1    84  2.7666663986E+01 6.1E+00    71 6.2E-01    5 F  F
    124   1    84  2.7666663963E+01 6.5E+01    77 6.3E-04    8 F  T
    125   0        2.7666664124E+01
    126   0    82  2.7648642230E+01               5.0E-01      T  T
    127   0    82  2.7630791802E+01               1.0E+00      F  T
    128   0    82  2.7630714051E+01               1.0E+00      F  T
    129   0    82  2.7630714051E+01               0.0E+00      T  T
 
   Iter Phase Ninf   Infeasibility   RGmax    NSB   Step InItr MX OK
    130   0    82  2.7630714051E+01               0.0E+00      F  F
    131   0    82  2.7630714051E+01               0.0E+00      F  F
    132   0    83  2.7630714051E+01               0.0E+00      F  F
    133   0    84  2.7630714051E+01               0.0E+00      F  F
    134   0    85  2.7630714051E+01               0.0E+00      F  F
    135   0    86  2.7630714051E+01               0.0E+00      T  T
    136   0    86  2.7630714051E+01               0.0E+00      F  F
    137   0    87  2.7630714051E+01               0.0E+00      F  F
    138   0    88  2.7630714051E+01               0.0E+00      F  F
    139   0    89  2.7630714051E+01               0.0E+00      F  F
 
   Iter Phase Ninf   Infeasibility   RGmax    NSB   Step InItr MX OK
    140   0    90  2.7630714048E+01               1.0E+00      F  T
    141   1    89  2.7630706484E+01 2.4E+03    74 8.9E-13      T  T
    142   1    88  2.7630704722E+01 1.3E+03    73 1.1E-12      T  T
    143   1    87  2.7630704646E+01 1.4E+01    76 3.1E-10      T  T
    144   1    86  2.7630704322E+01 4.3E+00    75 5.9E-09      T  T
    145   1    84  2.7630703854E+01 3.7E+00    74 1.3E-08      T  T
    146   1    82  2.7630703084E+01 2.5E+00    72 1.0E+00    3 T  T
    147   1    81  2.7630684261E+01 1.1E+00    69 6.1E-01    5 F  F
    148   1    77  2.7630681019E+01 2.8E+00    74 1.0E+00    7 T  T
    149   1    77  2.7629991722E+01 6.0E+00    64 5.0E-01    5 F  F
 
   Iter Phase Ninf   Infeasibility   RGmax    NSB   Step InItr MX OK
    150   1    77  2.7629645066E+01 1.5E+01    63 6.0E-01    5 F  F
    151   1    77  2.7629643814E+01 1.3E+01    63 7.4E-09      T  T
    152   1    76  2.7629641413E+01 3.1E+00    62 4.1E-07      F  T
    153   1    76  2.7629640834E+01 5.7E+00    67 1.7E-08      T  T
    154   1    76  2.7629640789E+01 4.7E+00    66 3.2E-09      F  T
    155   1    76  2.7629639066E+01 1.0E+00    68 5.9E-07      T  T
    156   1    76  2.7629638788E+01 1.0E+00    67 9.5E-08      T  T
    157   1    75  2.7629638785E+01 1.0E+00    66 1.0E-09      T  T
    158   1    75  2.7629626687E+01 1.0E+00    65 6.4E-06      T  T
    159   1    74  2.7629612564E+01 1.0E+00    64 7.4E-06      T  T
 
   Iter Phase Ninf   Infeasibility   RGmax    NSB   Step InItr MX OK
    160   1    74  2.7629610583E+01 2.8E+00    68 3.1E-01    3 F  F
    161   1    74  2.7629609618E+01 8.5E+00    68 1.0E+00    2 T  T
    162   1    74  2.7629608044E+01 1.2E+00    66 3.8E-01    2 F  F
    163   1    74  2.7629606314E+01 9.3E-01    66 8.3E-01    2 F  T
    164   1    74  2.7629606224E+01 1.7E+00    66 2.3E-08      T  T
    165   1    74  2.7629605428E+01 1.7E+00    65 4.6E-07      F  T
    166   1    74  2.7629602929E+01 9.3E-01    65 3.2E-06      F  F
    167   1    74  2.7629602050E+01 1.6E+00    65 6.7E-07      F  T
    168   1    74  2.7629600895E+01 9.3E-01    65 1.2E-06      F  F
    169   1    74  2.7629599738E+01 9.3E-01    65 1.3E-06      T  T
 
   Iter Phase Ninf   Infeasibility   RGmax    NSB   Step InItr MX OK
    170   1    74  2.7629598979E+01 9.3E-01    64 7.9E-07      T  T
    171   0        2.7629599022E+01
    172   1    75  2.7629599022E+01 1.3E+03    77 0.0E+00      T  T
    173   1    74  2.7629598977E+01 2.2E+00    65 7.1E-09      T  T
    174   1    74  2.7629598332E+01 9.3E-01    64 7.1E-07      T  T
    175   1    74  2.7629598259E+01 3.2E+00    65 5.6E-09      F  F
    176   1    74  2.7629598232E+01 3.3E+00    63 2.0E-09      F  F
    177   1    74  2.7629594915E+01 1.2E+00    65 1.9E-06      F  F
    178   1    74  2.7629594325E+01 9.3E-01    65 4.9E-07      T  T
    179   1    74  2.7629593226E+01 9.3E-01    64 6.0E-07      F  F
 
   Iter Phase Ninf   Infeasibility   RGmax    NSB   Step InItr MX OK
    180   1    73  2.7629564941E+01 9.3E-01    64 3.0E-05      T  T
    181   1    73  2.7629516441E+01 2.0E+01    64 1.3E-01    3 F  F
    182   1    73  2.7629496095E+01 1.9E+01    64 7.5E-01    1 F  F
    183   1    73  2.7629491164E+01 1.2E+02    75 1.1E-10      F  F
    184   1    73  2.7629491045E+01 6.7E+01    75 1.7E-11      F  F
    185   1    73  2.7629490753E+01 5.0E+01    75 5.6E-11      F  F
    186   1    73  2.7629490637E+01 9.6E+01    75 7.6E-12      F  F
    187   1    73  2.7629490404E+01 8.0E+01    75 1.4E-11      T  T
    188   1    73  2.7629490340E+01 8.0E+01    74 6.0E-12      T  T
    189   1    73  2.7629490336E+01 8.0E+01    73 4.0E-13      T  T
 
   Iter Phase Ninf   Infeasibility   RGmax    NSB   Step InItr MX OK
    190   1    73  2.7629489710E+01 3.8E+01    72 2.0E-10      T  T
    191   1    73  2.7629489667E+01 3.8E+01    71 2.3E-11      T  T
    192   1    73  2.7629489665E+01 3.8E+01    70 8.9E-13      T  T
    193   1    73  2.7629489653E+01 1.3E+01    69 6.4E-11      T  T
    194   1    73  2.7629489412E+01 2.6E+00    68 3.0E-08      T  T
    195   1    73  2.7629302646E+01 5.7E+00    67 1.0E+00    3 T  T
    196   1    73  2.7626835145E+01 4.5E+00    64 6.2E-01    8 F  F
    197   1    73  2.7626831862E+01 1.2E+02    73 1.8E-01   17 T  T
    198   1    73  2.7626830874E+01 1.3E+02    71 1.0E+00    4 T  T
    199   1    72  2.7626825449E+01 4.5E+00    68 1.0E+00    7 T  T
 
   Iter Phase Ninf   Infeasibility   RGmax    NSB   Step InItr MX OK
    200   1    71  2.7626823693E+01 2.1E+01    68 1.2E-01   12 F  T
    201   1    71  2.7626823693E+01 1.0E+00    65 0.0E+00    5 F  F
    202   1    71  2.7626823549E+01 1.0E+00    65 1.0E+00    1 T  T
    203   1    68  2.7626817054E+01 3.7E+02    75 1.0E+00    6 T  T
    204   1    68  2.7626797636E+01 2.7E+02    75 1.0E+00   11 T  T
    205   1    68  2.7626472990E+01 1.4E+01    65 5.2E-01   14 F  F
    206   1    68  2.7626465761E+01 6.4E+00    65 1.5E-01   12 T  T
    207   1    68  2.7626464586E+01 1.3E+01    64 2.7E-01    5 F  F
    208   1    68  2.7626464278E+01 1.0E+00    64 4.1E-01    3 F  F
    209   1    68  2.7626464273E+01 1.0E+00    64 9.7E-10      T  T
 
   Iter Phase Ninf   Infeasibility   RGmax    NSB   Step InItr MX OK
    210   1    66  2.7626463310E+01 9.9E-01    63 3.6E-07      T  T
    211   1    66  2.7626463197E+01 9.7E-01    62 6.0E-08      T  T
    212   1    65  2.7626462927E+01 1.0E+00    61 1.6E-07      T  T
    213   1    65  2.7626462927E+01 1.0E+00    60 0.0E+00      T  T
    214   1    64  2.7626451276E+01 9.3E-01    60 1.0E+00    3 T  T
    215   1    64  2.7625855184E+01 1.0E+00    57 2.5E-01    7 F  F
    216   1    64  2.7625649776E+01 1.0E+00    57 1.0E+00    5 T  T
    217   1    64  2.7623001575E+01 3.7E+01    52 4.5E-01    5 F  F
    218   1    64  2.7622970629E+01 3.7E+01    55 3.8E-01   12 F  F
    219   1    64  2.7622964049E+01 3.0E+01    55 7.3E-09      T  T
 
   Iter Phase Ninf   Infeasibility   RGmax    NSB   Step InItr MX OK
    220   1    64  2.7622964043E+01 5.4E+00    54 3.0E-09      T  T
    221   1    64  2.7622962659E+01 9.3E-01    53 1.5E-06      T  T
    222   1    64  2.7622925537E+01 9.3E-01    52 4.2E-05      T  T
    223   1    64  2.7622523892E+01 9.3E-01    51 4.5E-04      T  T
    224   1    64  2.7616956467E+01 1.0E+00    50 1.0E+00    3 T  T
    225   1    64  2.7586593976E+01 3.9E+00    47 6.7E-01    8 F  F
    226   1    64  2.7582282673E+01 4.7E+00    47 6.0E-01    8 F  F
    227   1    64  2.7582282204E+01 7.4E+00    47 3.7E-09      T  T
    228   1    64  2.7582282191E+01 7.4E+00    46 1.2E-10      T  T
    229   1    64  2.7582282165E+01 7.4E+00    45 2.7E-10      T  T
 
   Iter Phase Ninf   Infeasibility   RGmax    NSB   Step InItr MX OK
    230   1    64  2.7582281899E+01 7.4E+00    44 3.2E-09      T  T
    231   1    64  2.7582281673E+01 7.4E+00    43 3.3E-09      T  T
    232   1    64  2.7582258816E+01 7.4E+00    42 4.6E-07      T  T
    233   1    64  2.7566553486E+01 6.4E+01    41 3.6E-01    3 F  F
    234   1    64  2.7565731500E+01 1.3E+03    44 3.8E-01    6 F  F
    235   1    64  2.7565438143E+01 2.4E+02    44 3.2E-09      T  T
    236   1    64  2.7565312034E+01 1.5E+02    43 4.7E-09      T  T
    237   1    64  2.7565259338E+01 6.2E+01    42 9.0E-09      T  T
    238   1    64  2.7565252557E+01 2.3E+02    45 6.0E-11      T  T
    239   1    64  2.7565246004E+01 2.6E+02    44 3.3E-11      T  T
 
   Iter Phase Ninf   Infeasibility   RGmax    NSB   Step InItr MX OK
    240   1    64  2.7565187471E+01 2.6E+02    43 4.3E-10      T  T
    241   1    64  2.7534422456E+01 6.1E+02    43 1.0E+00    3 T  T
    242   1    64  2.7493871040E+01 2.2E+02    40 1.0E-01    8 F  F
    243   1    64  2.7493331397E+01 1.2E+03    57 2.8E-01    8 F  F
    244   1    64  2.7492966901E+01 2.8E+02    58 2.4E-09      T  T
    245   1    64  2.7492880427E+01 1.1E+03    57 4.9E-11      F  F
    246   1    64  2.7492846576E+01 9.9E+02    56 2.6E-11      F  F
    247   1    64  2.7492386793E+01 2.9E+02    56 2.2E-09      T  T
    248   1    64  2.7492248290E+01 4.5E+02    55 5.1E-10      T  T
    249   1    64  2.7492119814E+01 2.8E+02    54 1.2E-09      T  T
 
   Iter Phase Ninf   Infeasibility   RGmax    NSB   Step InItr MX OK
    250   1    64  2.7491644973E+01 2.8E+02    53 4.5E-09      T  T
    251   1    64  2.7491594130E+01 2.0E+02    53 1.0E+00    3 T  T
    252   1    64  2.7491579338E+01 4.4E+02    58 1.9E-01    8 F  F
    253   1    64  2.7491572616E+01 1.5E+01    62 1.0E+00    3 T  T
    254   1    64  2.7491564284E+01 5.8E+01    59 1.0E+00    5 T  T
    255   1    64  2.7491544085E+01 6.2E+01    53 2.3E-01    8 F  F
    256   1    64  2.7491537463E+01 2.2E+00    53 7.3E-01    4 T  T
    257   1    64  2.7491500428E+01 2.9E+00    52 1.0E+00    3 T  T
    258   1    64  2.7491490890E+01 6.6E+02    51 6.2E-01    9 F  F
    259   1    64  2.7491467774E+01 8.6E+00    51 1.0E+00    4 T  T
 
   Iter Phase Ninf   Infeasibility   RGmax    NSB   Step InItr MX OK
    260   1    64  2.7490889699E+01 9.3E-01    48 2.3E-01    3 F  F
    261   1    64  2.7490444016E+01 9.3E-01    48 2.5E-01    3 F  F
    262   1    64  2.7490400729E+01 9.3E-01    48 4.8E-05      T  T
    263   1    64  2.7490318477E+01 9.3E-01    47 9.2E-05      T  T
    264   1    64  2.7489940351E+01 9.3E-01    46 4.2E-04      F  F
    265   1    64  2.7489391789E+01 9.3E-01    46 6.2E-04      T  T
    266   1    64  2.7489160359E+01 9.3E-01    45 2.6E-04      T  T
    267   0        2.7489160390E+01
    268   1    65  2.7489141572E+01 1.2E+01    49 4.9E-08      T  T
    269   1    65  2.7489126076E+01 1.2E+01    48 1.3E-07      T  T
 
   Iter Phase Ninf   Infeasibility   RGmax    NSB   Step InItr MX OK
    270   0        2.7489126080E+01
    271   1    66  2.7489118563E+01 1.3E+02    54 1.9E-10      T  T
    272   1    66  2.7489117022E+01 1.0E+02    53 9.2E-11      T  T
    273   1    66  2.7489117022E+01 1.0E+02    52 8.9E-15      T  T
    274   1    66  2.7489116149E+01 4.8E+01    51 2.8E-10      T  T
    275   1    66  2.7489116149E+01 4.8E+01    50 9.4E-14      T  T
    276   1    65  2.7489116096E+01 1.0E+00    55 1.2E-08      T  T
    277   1    64  2.7489108174E+01 9.3E-01    55 1.0E+00    3 T  T
    278   1    64  2.7487437530E+01 1.6E+02    52 1.0E+00    7 T  T
    279   1    64  2.7487433700E+01 9.9E+01    58 4.4E-02   15 F  F
 
   Iter Phase Ninf   Infeasibility   RGmax    NSB   Step InItr MX OK
    280   1    64  2.7487429760E+01 2.8E+01    57 2.0E-01    4 F  F
    281   1    64  2.7487429727E+01 4.2E+01    57 1.9E-11      T  T
    282   1    64  2.7487428113E+01 4.5E+00    56 4.5E-08      T  T
    283   1    64  2.7487427156E+01 4.0E+00    55 5.8E-08      T  T
    284   1    64  2.7487427117E+01 3.6E+00    54 2.8E-09      T  T
    285   1    64  2.7487427087E+01 1.3E+00    53 6.5E-09      T  T
    286   1    64  2.7487427071E+01 1.3E+00    52 5.4E-09      T  T
    287   1    64  2.7487421130E+01 1.7E+02    59 7.6E-11      T  T
    288   1    64  2.7487420739E+01 1.6E+00    74 1.0E+00    3 T  T
    289   1    64  2.7487414233E+01 1.2E+00    71 1.0E+00    8 T  T
 
   Iter Phase Ninf   Infeasibility   RGmax    NSB   Step InItr MX OK
    290   1    64  2.7486993134E+01 9.3E-01    60 4.9E-02    9 T  T
    291   1    64  2.7486543809E+01 9.3E-01    60 1.0E+00    9 T  T
    292   1    64  2.7456370118E+01 4.1E+02    51 7.2E-01   13 F  F
    293   1    64  2.7455987853E+01 2.4E+02    60 7.4E-01   17 F  F
    294   1    64  2.7455985495E+01 4.9E+02    59 4.1E-12      T  T
    295   1    64  2.7455984892E+01 4.3E+02    58 1.7E-12      T  T
    296   1    64  2.7455981354E+01 3.9E+02    57 2.2E-11      T  T
    297   1    64  2.7455953110E+01 9.1E+01    56 3.5E-09      T  T
    298   1    64  2.7455908192E+01 9.1E+01    55 6.0E-09      T  T
    299   1    64  2.7455903734E+01 2.3E+00    56 1.0E+00    3 T  T
 
   Iter Phase Ninf   Infeasibility   RGmax    NSB   Step InItr MX OK
    300   1    64  2.7455154522E+01 1.1E+01    53 1.0E+00    7 T  T
    301   1    64  2.7375444410E+01 3.7E+00    46 1.0E+00    5 T  T
    302   1    64  2.7357718400E+01 2.2E+00    45 7.5E-01    9 F  F
    303   1    64  2.7351750093E+01 9.8E+00    45 4.5E-01    5 F  F
    304   1    64  2.7351749634E+01 2.7E+00    45 5.1E-08      T  T
    305   1    64  2.7351748733E+01 2.7E+00    44 1.1E-07      T  T
    306   1    64  2.7351740246E+01 9.3E-01    43 9.6E-06      T  T
    307   1    64  2.7343509073E+01 9.3E-01    42 9.2E-03      T  T
    308   1    64  2.7333015284E+01 1.6E+00    41 9.1E-01    3 T  T
    309   1    64  2.7186277838E+01 1.7E+02    40 5.9E-01    6 F  F
 
   Iter Phase Ninf   Infeasibility   RGmax    NSB   Step InItr MX OK
    310   1    64  2.7184670935E+01 3.9E+03    46 6.2E-01   13 F  F
    311   1    64  2.7184612011E+01 3.9E+02    46 2.5E-10      T  T
    312   1    64  2.7184571843E+01 3.9E+02    45 1.8E-10      T  T
    313   1    64  2.7184255231E+01 3.9E+02    44 2.2E-09      T  T
    314   1    64  2.7184145641E+01 3.7E+02    51 3.2E-10      F  F
    315   1    64  2.7184035757E+01 3.7E+02    51 3.0E-10      F  F
    316   1    64  2.7183873430E+01 4.2E+02    51 3.2E-10      F  F
    317   1    64  2.7183855723E+01 1.9E+02    51 1.8E-10      T  T
    318   1    64  2.7183751328E+01 1.8E+02    50 1.5E-09      T  T
    319   1    64  2.7183747098E+01 1.9E+02    49 6.2E-11      T  T
 
   Iter Phase Ninf   Infeasibility   RGmax    NSB   Step InItr MX OK
    320   1    64  2.7183738376E+01 1.9E+02    48 1.6E-10      T  T
    321   1    64  2.7183667373E+01 1.9E+02    47 1.3E-09      T  T
    322   1    64  2.7183541075E+01 1.5E+02    53 1.0E+00    3 T  T
    323   1    64  2.7183065591E+01 3.8E+01    58 9.2E-01    8 T  T
    324   1    64  2.7182797184E+01 1.5E+02    64 6.9E-01   14 T  T
    325   1    64  2.7182626117E+01 3.4E+03    67 9.4E-01    9 T  T
    326   1    64  2.7181747128E+01 2.1E+03    63 1.0E+00    9 T  T
    327   1    64  2.7180705947E+01 4.6E+03    61 7.9E-01    7 F  F
    328   1    64  2.7180318015E+01 4.8E+03    64 1.0E+00    7 T  T
    329   1    64  2.7179689046E+01 1.5E+03    67 5.3E-01   11 F  F
 
   Iter Phase Ninf   Infeasibility   RGmax    NSB   Step InItr MX OK
    330   1    64  2.7178983339E+01 2.1E+03    71 1.0E+00    5 T  T
    331   1    64  2.7174412781E+01 2.3E+04    65 4.8E-01   10 T  T
    332   1    64  2.7161974974E+01 8.2E+03    65 1.0E+00    6 T  T
    333   1    64  2.7156553517E+01 3.0E+04    64 4.4E-01   11 F  F
    334   1    64  2.7155025612E+01 3.8E+04    66 3.1E-01    4 F  F
    335   1    64  2.7152977263E+01 4.2E+04    66 1.1E-12      T  T
    336   1    64  2.7151154547E+01 4.7E+04    65 7.8E-13      T  T
    337   1    64  2.7151108170E+01 1.2E+02    69 4.1E-10      T  T
    338   1    64  2.7151035606E+01 5.7E+02    68 9.8E-11      T  T
    339   1    64  2.7150873768E+01 8.0E+03    71 1.0E+00    3 T  T
 
   Iter Phase Ninf   Infeasibility   RGmax    NSB   Step InItr MX OK
    340   1    64  2.7150627251E+01 2.8E+03    70 7.7E-01    8 T  T
    341   1    64  2.7148716385E+01 1.2E+03    85 1.0E+00   10 T  T
    342   1    64  2.7145558470E+01 4.0E+04    75 1.0E+00   13 T  T
    343   1    64  2.7121664572E+01 7.7E+04    75 8.2E-01   18 T  T
    344   1    64  2.7091884232E+01 1.5E+05    79 1.0E+00   11 T  T
    345   1    64  2.7091884232E+01 2.0E+04    71 0.0E+00   12 F  F
    346   0        2.7091884588E+01
    347   0    66  2.7091884588E+01               0.0E+00      F  F
    348   0    67  2.7091884588E+01               0.0E+00      T  T
    349   0    67  2.7091884588E+01               0.0E+00      F  F
 
   Iter Phase Ninf   Infeasibility   RGmax    NSB   Step InItr MX OK
    350   0    68  2.7091884588E+01               0.0E+00      F  F
    351   0    69  2.7091884588E+01               0.0E+00      F  F
    352   0    70  2.7091884588E+01               0.0E+00      F  F
    353   0    71  2.7091884588E+01               0.0E+00      F  F
    354   0    72  2.7091884588E+01               0.0E+00      F  F
    355   0    73  2.7091884489E+01               1.0E+00      F  T
    356   1    71  2.7091884479E+01 2.2E+05    75 1.2E-19      T  T
    357   1    70  2.7091884476E+01 8.9E+04    74 2.2E-19      T  T
    358   1    70  2.7091884476E+01 8.9E+04    73 0.0E+00      T  T
    359   1    69  2.7091884456E+01 8.9E+04    72 2.2E-18      T  T
 
   Iter Phase Ninf   Infeasibility   RGmax    NSB   Step InItr MX OK
    360   1    68  2.7091872878E+01 3.4E+04    71 1.0E-14      T  T
    361   1    68  2.7091728842E+01 2.3E+04    70 2.9E-13      F  F
    362   1    67  2.7091396235E+01 4.5E+04    70 1.5E-13      T  T
    363   1    65  2.7091205377E+01 1.9E+03    73 1.0E+00    3 T  T
    364   1    64  2.7090802272E+01 7.1E+02    76 1.0E+00    8 T  T
    365   1    64  2.7045555698E+01 1.7E+03    69 1.0E+00    9 T  T
    366   1    64  2.6937773428E+01 1.1E+04    58 1.0E+00   10 T  T
    367   1    64  2.6764006923E+01 4.6E+03    47 1.0E+00    7 T  T
    368   1    64  2.6554823061E+01 2.5E+04    46 1.9E-01   11 F  F
    369   1    64  2.6551155359E+01 1.7E+04    46 8.6E-03    6 F  F
 
   Iter Phase Ninf   Infeasibility   RGmax    NSB   Step InItr MX OK
    370   1    64  2.6549942300E+01 1.7E+04    46 2.3E-12      T  T
    371   1    64  2.6548690153E+01 1.0E+04    45 5.4E-12      T  T
    372   1    64  2.6548547582E+01 1.3E+04    44 5.1E-13      T  T
    373   1    64  2.6548166527E+01 1.1E+04    43 3.3E-12      T  T
    374   1    64  2.6547118158E+01 2.1E+03    42 2.3E-10      T  T
    375   1    64  2.6544034832E+01 2.1E+04    45 1.1E-02    3 F  F
    376   1    64  2.6542292871E+01 2.1E+04    44 1.0E+00    1 T  T
    377   1    64  2.6511932612E+01 2.5E+04    46 1.0E+00    5 T  T
    378   1    64  2.6493391923E+01 5.6E+03    45 3.3E-01   10 F  F
    379   1    64  2.6489883583E+01 2.9E+03    45 5.1E-01    5 F  F
 
   Iter Phase Ninf   Infeasibility   RGmax    NSB   Step InItr MX OK
    380   1    64  2.6489769083E+01 2.2E+03    45 2.2E-11      T  T
    381   1    64  2.6489628126E+01 6.5E+02    44 3.7E-10      T  T
    382   1    64  2.6489339809E+01 2.3E+04    43 5.3E-13      T  T
    383   1    64  2.6489338853E+01 9.8E-01    44 4.4E-07      T  T
    384   1    64  2.6447427268E+01 9.8E-01    43 1.0E+00    3 T  T
    385   1    64  2.6262872629E+01 9.8E+03    41 1.9E-01    8 F  F
    386   1    64  2.6253356819E+01 5.6E+03    42 7.4E-02    6 F  F
    387   1    64  2.6252937178E+01 5.3E+03    42 7.7E-12      T  T
    388   1    64  2.6252937178E+01 4.6E+03    41 0.0E+00      T  T
    389   1    64  2.6252284881E+01 5.2E+03    40 2.2E-11      F  F
 
   Iter Phase Ninf   Infeasibility   RGmax    NSB   Step InItr MX OK
    390   1    64  2.6251476313E+01 5.7E+03    41 2.2E-11      F  F
    391   1    64  2.6249912487E+01 4.5E+03    41 8.1E-11      F  F
    392   1    64  2.6248435403E+01 3.7E+03    41 1.1E-10      F  F
    393   1    64  2.6240130606E+01 8.9E+03    41 1.2E-10      T  T
    394   0        2.6240130649E+01
    395   0    64  2.6240005049E+01               1.0E+00      F  T
    396   0    64  2.6240005049E+01               0.0E+00      T  T
    397   0    64  2.5977017443E+01               1.0E+00      F  T
    398   0    64  2.5876264312E+01               1.0E+00      F  T
    399   0    64  2.5857266173E+01               1.0E+00      F  T
 
   Iter Phase Ninf   Infeasibility   RGmax    NSB   Step InItr MX OK
    400   0    64  2.5853214392E+01               1.0E+00      F  T
    401   0    64  2.5852298505E+01               1.0E+00      F  T
    402   0    64  2.5852077207E+01               1.0E+00      F  T
    403   0    64  2.5852016220E+01               1.0E+00      F  T
    404   0    64  2.5851996969E+01               1.0E+00      F  T
    405   0    64  2.5851990038E+01               1.0E+00      F  T
    406   0    64  2.5851987300E+01               1.0E+00      F  T
    407   0    64  2.5851986152E+01               1.0E+00      F  T
    408   0    64  2.5851985654E+01               1.0E+00      F  T
    409   0    64  2.5851985434E+01               1.0E+00      F  T
 
   Iter Phase Ninf   Infeasibility   RGmax    NSB   Step InItr MX OK
    410   0    64  2.5851985336E+01               1.0E+00      F  T
    411   0    64  2.5851985292E+01               1.0E+00      F  T
    412   0    64  2.5851985272E+01               1.0E+00      F  T
    413   1    63  2.5851768535E+01 5.1E+03    70 1.7E-12      T  T
    414   1    63  2.5851768535E+01 4.6E+03    69 0.0E+00      T  T
    415   1    63  2.5851714473E+01 6.1E+03    68 4.3E-13      T  T
    416   1    63  2.5851692778E+01 5.0E+03    67 3.4E-13      T  T
    417   1    63  2.5851677441E+01 4.1E+03    66 3.9E-13      T  T
    418   1    63  2.5851665044E+01 3.3E+03    65 5.5E-13      T  T
    419   1    63  2.5851655121E+01 2.5E+03    64 8.2E-13      T  T
 
   Iter Phase Ninf   Infeasibility   RGmax    NSB   Step InItr MX OK
    420   1    63  2.5851647051E+01 1.8E+03    63 1.4E-12      T  T
    421   1    63  2.5851639627E+01 1.1E+03    62 2.7E-12      T  T
    422   1    63  2.5851627998E+01 7.7E+02    61 8.2E-12      T  T
    423   1    63  2.5851409777E+01 7.7E+02    60 1.9E-10      T  T
    424   1    63  2.5848937082E+01 9.3E-01    61 5.7E-03    3 F  F
    425   1    63  2.5848337806E+01 1.0E+00    61 1.0E+00    5 T  T
    426   1    63  2.5847341472E+01 1.0E+00    55 1.0E+00    5 T  T
    427   1    63  2.5841071011E+01 4.4E+00    50 2.7E-02    8 F  F
    428   1    63  2.5832404150E+01 1.0E+00    50 5.5E-01    7 F  F
    429   1    63  2.5832395628E+01 1.0E+00    50 4.2E-06      T  T
 
   Iter Phase Ninf   Infeasibility   RGmax    NSB   Step InItr MX OK
    430   1    63  2.5832384500E+01 1.0E+00    49 5.5E-06      T  T
    431   1    63  2.5832354232E+01 1.0E+00    48 1.5E-05      T  T
    432   1    63  2.5832343284E+01 1.0E+00    47 5.4E-06      T  T
    433   1    63  2.5832326067E+01 1.0E+00    46 8.5E-06      T  T
    434   1    63  2.5832267518E+01 1.0E+00    45 2.9E-05      T  T
    435   1    63  2.5825223401E+01 1.0E+00    44 3.5E-03      T  T
    436   1    63  2.5744557799E+01 5.6E+03    43 3.8E-01    3 F  F
    437   1    63  2.5720366078E+01 5.4E+03    43 5.4E-01    3 F  F
    438   1    63  2.5708211907E+01 5.7E+03    43 5.8E-10      T  T
    439   1    63  2.5706367113E+01 2.3E+03    42 3.9E-10      T  T
 
   Iter Phase Ninf   Infeasibility   RGmax    NSB   Step InItr MX OK
    440   0        2.5706367129E+01
    441   1    64  2.5700173880E+01 9.3E-01    42 6.3E-03      T  T
    442   1    63  2.5683924466E+01 9.3E-01    41 1.6E-02      T  T
    443   1    63  2.5609437048E+01 9.3E-01    40 7.5E-02      F  F
    444   1    63  2.5478093918E+01 9.3E-01    40 1.3E-01      T  T
    445   1    63  2.5425631571E+01 9.3E-01    39 5.1E-02      F  F
    446   1    63  2.5345600321E+01 9.3E-01    39 7.7E-02      F  F
    447   1    63  2.5262558571E+01 9.3E-01    39 7.9E-02      T  T
    448   1    63  2.5145198510E+01 9.3E-01    37 1.8E-01    3 F  F
    449   1    63  2.5137287678E+01 4.6E+03    37 1.4E-01    2 F  F
 
   Iter Phase Ninf   Infeasibility   RGmax    NSB   Step InItr MX OK
    450   1    63  2.5123522234E+01 9.3E-01    38 1.1E-02      F  F
    451   1    63  2.5120704760E+01 9.3E-01    38 2.2E-03      F  F
    452   1    63  2.5107721372E+01 4.2E+03    50 2.8E-10      T  T
    453   1    63  2.5064163048E+01 1.9E+03    49 6.8E-09      F  T
    454   1    63  2.5061829892E+01 2.7E+02    49 9.9E-09      T  T
    455   1    63  2.5059183333E+01 2.4E+02    48 1.8E-08      T  T
    456   1    63  2.5055970694E+01 1.5E+02    47 4.2E-08      T  T
    457   1    63  2.5051336504E+01 1.3E+02    46 1.1E-07      T  T
    458   1    63  2.5048115952E+01 7.7E+01    45 1.0E+00    3 T  T
    459   1    63  2.5044802289E+01 4.1E+01    49 9.9E-01    6 T  T
 
   Iter Phase Ninf   Infeasibility   RGmax    NSB   Step InItr MX OK
    460   1    63  2.4915674169E+01 4.8E+01    48 3.5E-01   11 F  F
    461   1    63  2.4891570975E+01 4.8E+01    62 1.0E+00    7 T  T
    462   1    63  2.4803800984E+01 9.3E-01    51 8.0E-01   10 F  F
    463   1    63  2.4734306816E+01 9.3E-01    45 1.0E+00    6 T  T
    464   1    63  2.4660977986E+01 9.2E+03    39 1.9E-01    5 F  F
    465   1    63  2.4570257121E+01 5.8E+03    41 1.0E+00    3 T  T
    466   1    63  2.4462189013E+01 1.4E+00    38 2.9E-01    2 F  F
    467   1    63  2.4424519279E+01 1.2E+00    38 9.7E-01    2 T  T
    468   1    62  2.4327476701E+01 7.2E+04    38 7.7E-01    2 T  T
    469   1    62  2.4139064219E+01 5.7E+02    40 1.0E+00    8 T  T
 
   Iter Phase Ninf   Infeasibility   RGmax    NSB   Step InItr MX OK
    470   1    62  2.4015781843E+01 4.4E+03    34 2.0E-01   13 F  F
    471   1    61  2.2995491087E+01 5.2E+02    46 1.0E+00    5 T  T
    472   1    61  2.2117973219E+01 1.8E+00    41 3.4E-01    9 F  F
    473   1    61  2.1986320270E+01 9.8E+03    42 9.1E-01    7 T  T
    474   1    61  2.1518049180E+01 2.4E+04    42 1.0E+00    5 T  T
    475   1    61  2.1316340614E+01 9.2E+02    41 2.8E-01   10 F  F
    476   1    61  2.1128053032E+01 8.5E+01    42 3.0E-01    6 F  F
    477   1    61  2.1127924679E+01 2.6E+01    42 1.8E-07      T  T
    478   1    61  2.1127872930E+01 2.6E+01    41 7.1E-08      T  T
    479   1    61  2.1127605211E+01 2.6E+01    40 3.6E-07      T  T
 
   Iter Phase Ninf   Infeasibility   RGmax    NSB   Step InItr MX OK
    480   1    61  2.1126137080E+01 2.9E+01    39 1.4E-06      F  F
    481   1    61  2.1124509722E+01 4.1E+01    39 8.1E-07      F  F
    482   1    61  2.1124508386E+01 1.0E+00    40 3.8E-07      T  T
    483   1    59  2.0604319530E+01 1.0E+00    39 1.6E-01      T  T
    484   1    59  2.0432660528E+01 1.0E+00    38 1.0E+00    3 T  T
    485   1    59  1.9375317423E+01 5.6E+02    35 7.5E-01    8 F  F
    486   1    59  1.9303087687E+01 6.9E+02    36 1.9E-01    6 F  F
    487   1    59  1.9302823755E+01 3.0E+01    36 2.9E-07      T  T
    488   1    59  1.9300689772E+01 3.0E+01    35 1.9E-06      F  F
    489   1    59  1.9298356365E+01 4.4E+01    35 1.0E-06      F  F
 
   Iter Phase Ninf   Infeasibility   RGmax    NSB   Step InItr MX OK
    490   1    59  1.9298356006E+01 1.0E+00    19 3.8E-07      T  T
    491   1    59  1.9194099991E+01 1.0E+00    18 1.1E-01      T  T
    492   1    58  1.9144945414E+01 1.0E+00    17 5.3E-02      T  T
    493   1    57  1.8967723050E+01 6.0E-01    16 3.3E-01      T  T
    494   1    57  1.8796558080E+01 1.7E+00    37 8.8E-01    3 T  T
    495   1    57  1.8388881792E+01 1.6E+02    36 3.8E-01    6 F  F
    496   1    57  1.8357370945E+01 8.8E+00    36 1.9E-01    5 F  F
    497   1    57  1.8354331747E+01 1.2E+01    36 1.7E-05      F  F
    498   1    57  1.8348914101E+01 1.7E+01    36 1.5E-05      F  F
    499   1    57  1.8210958728E+01 1.7E+02    36 8.8E-06      F  F
 
   Iter Phase Ninf   Infeasibility   RGmax    NSB   Step InItr MX OK
    500   1    57  1.8080730443E+01 5.9E+01    36 6.1E-05      F  F
    501   1    57  1.7909304864E+01 5.8E+01    40 6.8E-05      F  F
    502   1    57  1.7637248656E+01 1.8E+01    40 5.2E-04      F  F
    503   1    57  1.7502055743E+01 3.9E+01    43 4.4E-05      F  F
    504   1    57  1.7419493079E+01 2.1E+01    43 7.8E-05      T  T
    505   1    57  1.7121850734E+01 5.2E+01    43 1.1E-04      F  F
    506   1    57  1.6953173697E+01 4.3E+01    43 8.9E-05      T  T
    507   1    57  1.6831433379E+01 2.2E+01    42 2.2E-04      F  F
    508   1    57  1.6758937530E+01 2.2E+01    42 1.3E-04      F  F
    509   1    57  1.6738860691E+01 2.2E+01    42 4.0E-05      F  F
 
   Iter Phase Ninf   Infeasibility   RGmax    NSB   Step InItr MX OK
    510   1    57  1.6734205965E+01 2.2E+01    42 9.4E-06      F  F
    511   1    57  1.6731760670E+01 1.3E+01    48 8.9E-06      F  F
    512   1    57  1.6726834592E+01 1.3E+01    48 1.9E-05      T  T
    513   1    57  1.6718510129E+01 1.3E+01    47 3.2E-05      F  F
    514   1    57  1.6713590810E+01 5.1E+00    47 1.5E-04      T  T
    515   1    57  1.6710199877E+01 9.0E+00    48 3.1E-02    3 F  F
    516   1    57  1.6699646632E+01 1.8E+00    48 2.0E-01    2 F  F
    517   1    57  1.6699642222E+01 1.0E+00    48 1.3E-06      T  T
    518   1    57  1.6641768895E+01 1.0E+00    47 1.9E-02      T  T
    519   1    57  1.6622832916E+01 1.6E+00    47 3.4E-03      T  T
 
   Iter Phase Ninf   Infeasibility   RGmax    NSB   Step InItr MX OK
    520   1    57  1.6575567811E+01 8.8E-01    46 1.6E-02      T  T
    521   1    57  1.6536078220E+01 8.8E-01    45 1.4E-02      T  T
    522   1    57  1.6536078220E+01 7.7E-01    45 0.0E+00    3 F  F
    523   1    57  1.6536074092E+01 1.0E+00    45 3.0E-04    1 F  F
    524   1    57  1.6528866651E+01 1.5E+00    45 1.4E-03      F  F
    525   1    56  1.6466126134E+01 1.0E+00    45 2.2E-02      T  T
    526   1    55  1.6249896436E+01 1.0E+00    44 7.7E-02      T  T
    527   1    55  1.6180093420E+01 5.8E-01    43 3.6E-02      T  T
    528   1    55  1.6164273214E+01 6.2E-01    42 8.2E-03      T  T
    529   1    54  1.6044718274E+01 1.8E+01    42 1.0E+00    3 T  T
 
   Iter Phase Ninf   Infeasibility   RGmax    NSB   Step InItr MX OK
    530   1    54  1.5823715206E+01 1.4E+03    45 4.9E-01    8 F  F
    531   1    54  1.5679000194E+01 1.3E+03    49 1.0E+00    4 T  T
    532   1    54  1.5518748235E+01 4.1E+00    47 3.8E-01    7 F  F
    533   1    54  1.5446907637E+01 1.5E+00    47 5.1E-01    3 F  F
    534   1    54  1.5446880218E+01 1.5E+00    47 4.1E-06      F  F
    535   1    54  1.5446349173E+01 1.5E+00    47 1.0E-04      T  T
    536   1    54  1.5426128770E+01 1.5E+00    46 5.0E-03      F  F
    537   1    54  1.5374486628E+01 7.5E-01    46 2.5E-02      T  T
    538   1    54  1.5324947960E+01 7.5E-01    45 2.9E-02      T  T
    539   1    54  1.5319122401E+01 1.9E+00    46 7.2E-04      F  F
 
   Iter Phase Ninf   Infeasibility   RGmax    NSB   Step InItr MX OK
    540   1    54  1.5312489504E+01 1.9E+00    46 8.0E-04      F  F
    541   1    54  1.5245880574E+01 1.9E+00    46 1.1E-02      T  T
    542   1    54  1.4915571929E+01 8.4E-01    45 5.4E-01    3 F  F
    543   1    53  1.4757753636E+01 6.2E-01    45 1.0E+00    2 T  T
    544   1    53  1.4483568944E+01 6.2E+00    44 6.6E-01    6 F  F
    545   1    53  1.4198766067E+01 1.1E+01    44 1.7E-01    3 F  F
    546   1    53  1.4198586801E+01 5.1E+00    44 3.2E-06      T  T
    547   1    53  1.4195742036E+01 3.8E+00    43 9.4E-05      T  T
    548   1    52  1.3833047432E+01 3.6E+00    42 1.6E-02      T  T
    549   1    52  1.3550560095E+01 7.4E+00    41 4.1E-03      T  T
 
   Iter Phase Ninf   Infeasibility   RGmax    NSB   Step InItr MX OK
    550   1    51  1.2998264485E+01 2.9E+00    40 1.0E+00    3 T  T
    551   1    51  1.2675626924E+01 1.7E+01    58 3.1E-01    8 F  F
    552   1    51  1.2645502943E+01 1.3E+00    58 1.0E+00    8 T  T
    553   1    51  1.2319723473E+01 4.0E+00    50 1.9E-01    8 F  F
    554   1    50  1.2106691046E+01 4.0E+00    50 1.0E+00    6 T  T
    555   1    50  1.1604507697E+01 1.0E+00    44 2.2E-01    8 F  F
    556   1    50  1.1322006501E+01 2.9E+00    44 3.1E-01    1 F  F
    557   1    49  1.1292425751E+01 2.9E+00    44 2.0E-03      T  T
    558   1    48  1.1068631286E+01 2.1E+00    43 2.4E-02      T  T
    559   1    47  1.0930778050E+01 2.0E+00    42 1.7E-02      T  T
 
   Iter Phase Ninf   Infeasibility   RGmax    NSB   Step InItr MX OK
    560   1    46  1.0567338256E+01 2.0E+00    41 5.2E-02      T  T
    561   1    46  1.0428152041E+01 2.9E+00    42 3.2E-01    3 F  F
    562   1    46  1.0288498153E+01 2.9E+00    42 2.4E-01    1 F  F
    563   1    46  9.5484612885E+00 2.9E+00    42 2.9E-02      T  T
    564   1    46  9.5312864153E+00 2.9E+00    41 1.0E-03      T  T
    565   1    46  9.5312864153E+00 6.6E+00    48 0.0E+00      T  T
    566   1    46  9.5312862805E+00 5.3E+02    41 9.5E-14      F  F
    567   1    46  9.5312861328E+00 4.5E+00    48 2.5E-09      T  T
    568   1    46  9.5312861330E+00 3.9E+00    47 0.0E+00      T  T
    569   1    46  9.5312860487E+00 5.5E+00    46 7.4E-10      T  T
 
   Iter Phase Ninf   Infeasibility   RGmax    NSB   Step InItr MX OK
    570   1    46  9.5312860087E+00 5.5E+00    45 5.8E-10      T  T
    571   1    46  9.5312859639E+00 5.5E+00    44 8.7E-10      T  T
    572   1    46  9.5312859057E+00 5.5E+00    43 1.4E-09      T  T
    573   1    46  9.5312858067E+00 5.5E+00    42 2.8E-09      T  T
    574   1    46  9.5312855263E+00 5.5E+00    41 8.4E-09      T  T
    575   1    45  9.4919013233E+00 5.5E+00    40 1.2E-03      T  T
    576   1    45  9.1792121658E+00 3.5E+01    48 5.1E-01    3 F  F
    577   1    45  9.1342397535E+00 4.7E+00    48 1.0E+00    8 T  T
    578   1    40  8.6827158520E+00 4.0E+01    48 1.0E+00    6 T  T
    579   1    37  8.5106444959E+00 2.7E+01    47 1.0E+00    6 T  T
 
   Iter Phase Ninf   Infeasibility   RGmax    NSB   Step InItr MX OK
    580   1    37  8.4534676495E+00 1.3E+01    47 2.1E-01   10 F  F
    581   1    36  8.3180336717E+00 1.2E+01    42 1.0E+00    3 T  T
    582   1    36  8.2245984312E+00 1.5E+01    41 1.7E-01    4 F  F
    583   1    36  8.1649744647E+00 8.8E+00    42 3.8E-01    2 F  F
    584   1    36  8.1497521973E+00 8.9E+00    47 1.8E-04      T  T
    585   1    36  8.1126637052E+00 8.9E+00    46 4.5E-04      F  F
    586   1    35  8.0492064774E+00 9.0E+00    46 7.6E-04      T  T
    587   1    35  7.9748298340E+00 9.0E+00    45 8.8E-04      F  F
    588   1    34  7.8810587302E+00 9.1E+00    45 1.1E-03      T  T
    589   1    33  7.8622541337E+00 1.1E+01    45 1.5E-04      T  T
 
   Iter Phase Ninf   Infeasibility   RGmax    NSB   Step InItr MX OK
    590   1    31  7.5618517106E+00 9.2E-01    40 1.0E+00    3 T  T
    591   1    31  7.5171103696E+00 4.7E+00    56 2.2E-01    9 F  F
    592   1    28  7.5006788719E+00 1.2E+00    47 1.0E+00    4 T  T
    593   1    28  7.4436322951E+00 3.1E-01    44 3.8E-01    8 F  F
    594   1    28  7.2806823389E+00 1.0E+00    52 2.9E-01    3 F  F
    595   1    28  7.2746162837E+00 3.9E-01    57 1.1E-02      T  T
    596   1    28  7.1429375900E+00 3.9E-01    56 2.4E-01      T  T
    597   1    28  7.1290633743E+00 4.3E-01    55 2.2E-02      T  T
    598   1    28  7.0490730664E+00 4.3E-01    54 1.4E-01      F  F
    599   1    28  6.9914175656E+00 4.8E-01    54 7.8E-02      F  F
 
   Iter Phase Ninf   Infeasibility   RGmax    NSB   Step InItr MX OK
    600   1    28  6.9115243082E+00 5.5E-01    54 8.7E-02      T  T
    601   1    28  6.7897384619E+00 1.0E+00    48 3.1E-01    3 F  F
    602   1    27  6.7268732467E+00 1.0E+00    48 1.0E+00    1 T  T
    603   1    24  6.5853962469E+00 6.4E+00    50 1.0E+00    6 T  T
    604   1    24  6.5164187763E+00 3.9E+00    50 1.5E-01   11 F  F
    605   1    23  6.4251118638E+00 1.0E+00    50 1.0E+00    4 T  T
    606   1    23  6.2994028606E+00 8.9E-01    50 1.7E-01    7 F  F
    607   1    23  6.2098418752E+00 3.2E+00    29 3.7E-01    5 F  F
    608   1    23  6.2098404255E+00 4.0E+00    55 8.2E-08      T  T
    609   1    23  6.2098401022E+00 4.0E+00    54 1.8E-08      T  T
 
   Iter Phase Ninf   Infeasibility   RGmax    NSB   Step InItr MX OK
    610   1    23  6.2098363589E+00 4.0E+00    53 2.1E-07      T  T
    611   1    23  6.2093044028E+00 4.0E+00    52 3.1E-05      T  T
    612   1    23  6.2093036108E+00 1.7E+00    51 1.9E-07      T  T
    613   1    23  6.1253296948E+00 1.7E+00    50 2.0E-02      F  F
    614   1    23  5.9923908589E+00 1.9E+00    50 2.7E-02      T  T
    615   1    22  5.7595497017E+00 1.0E+01    40 1.0E+00    3 T  T
    616   1    22  5.7595497017E+00 1.0E+00    47 0.0E+00    8 F  F
    617   1    22  5.7595496853E+00 1.0E+00    47 0.0E+00    4 F  F
    618   1    21  5.7085865781E+00 1.0E+00    23 1.0E+00    1 T  T
    619   1    21  5.7085503161E+00 1.0E+00    46 1.6E-05    5 F  F
 
   Iter Phase Ninf   Infeasibility   RGmax    NSB   Step InItr MX OK
    620   1    20  5.1540443591E+00 1.0E+00    46 1.0E+00    1 T  T
    621   1    20  4.7199132224E+00 1.0E+00    42 4.9E-01    3 F  F
    622   1    17  4.2672291615E+00 1.0E+00    42 1.0E+00    3 T  T
    623   1    17  3.8583281209E+00 6.0E-02    40 1.9E-01    6 F  F
    624   1    15  3.6052538682E+00 1.0E+00    39 1.0E+00    2 T  T
    625   1    15  3.3164530075E+00 1.0E+00    39 1.8E-01    5 F  F
    626   1    14  2.8241561208E+00 1.0E+00    37 1.0E+00    1 T  T
    627   1    14  2.7407471318E+00 1.0E+00    37 7.6E-02    6 F  F
    628   1    13  2.5682984803E+00 1.0E+00    36 1.0E+00    1 T  T
    629   1    13  2.5037153514E+00 1.0E+00    36 6.3E-02    6 F  F
 
   Iter Phase Ninf   Infeasibility   RGmax    NSB   Step InItr MX OK
    630   1    12  2.4304477368E+00 1.0E+00    35 1.0E+00    1 T  T
    631   1    12  2.3744044180E+00 1.0E+00    35 6.9E-02    5 F  F
    632   1    11  2.0464448509E+00 1.0E+00    34 1.0E+00    1 T  T
    633   1    11  2.0251625078E+00 1.0E+00    33 3.9E-02    6 F  F
    634   1     9  1.7403239206E+00 1.0E+00    33 1.0E+00    2 T  T
    635   1     9  1.7363130742E+00 1.0E+00    33 6.9E-03    6 F  F
    636   1     8  1.6750024824E+00 1.0E+00    31 1.0E+00    1 T  T
    637   1     8  1.6707998171E+00 1.0E+00    30 9.4E-03    6 F  F
    638   1     7  1.6289301931E+00 1.0E+00    30 1.0E+00    1 T  T
    639   1     7  1.5949082104E+00 1.0E+00    29 1.4E-01    5 F  F
 
   Iter Phase Ninf   Infeasibility   RGmax    NSB   Step InItr MX OK
    640   1     6  1.4056405366E+00 1.0E+00    29 1.0E+00    1 T  T
    641   1     6  1.4042297480E+00 1.0E+00    30 4.7E-03    6 F  F
    642   1     5  1.3841702800E+00 1.0E+00    28 1.0E+00    1 T  T
    643   1     5  1.3068356363E+00 1.0E+00    27 4.3E-01    5 F  F
    644   1     3  1.2063607351E+00 1.0E+00    27 1.0E+00    2 T  T
    645   1     3  1.2054525671E+00 2.0E-02    27 2.9E-03    7 F  F
    646   1     2  1.1289892700E+00 3.8E-02    25 1.0E+00    1 T  T
    647   1     2  1.1275625938E+00 4.6E-02    24 1.4E-02    6 F  F
    648   1     1  1.1251542817E+00 8.8E-02    24 1.0E+00    2 T  T
    649   1     1  1.1223774505E+00 2.1E-02    22 5.3E-03    5 F  F
 
   Iter Phase Ninf   Infeasibility   RGmax    NSB   Step InItr MX OK
    650   1     1  1.1207427644E+00 3.0E-02    22 1.0E+00    2 T  T
    651   1     1  1.1143873898E+00 3.5E-02    20 2.7E-02    3 F  F
    652   1     1  1.1020968589E+00 4.9E-02    26 5.7E-01    2 F  F
    653   1     1  1.0659378809E+00 7.3E-02    26 4.1E+00      T  T
    654   1     1  9.9316347384E-01 1.3E-01    25 2.1E+00      T  T
    655   1     1  9.6406718318E-01 2.2E-01    24 2.6E-01      T  T
    656   1     1  9.0686515452E-01 2.5E-01    23 4.3E-01      T  T
 
 ** Feasible solution. Value of objective =   -45.9029188137
 
   Iter Phase Ninf     Objective     RGmax    NSB   Step InItr MX OK
    657   3       -4.1583675704E+01 2.3E+01    24 6.0E-02    2 F  T
    658   3       -3.9955316417E+01 6.5E+01    54 8.0E-02    3 F  F
    659   3       -3.9607376205E+01 6.8E+01    54 7.3E-05      F  F
    660   3       -3.9148071792E+01 6.9E+01    54 9.4E-05      T  T
    661   3       -3.8806221688E+01 6.7E+01    53 7.6E-05      F  F
    662   3       -3.7880210464E+01 8.7E+00    55 1.9E-02      F  F
    663   3       -3.2758225661E+01 1.5E+00    55 6.6E-01      T  T
    664   3       -2.9977782894E+01 6.0E-01    54 1.5E+00      T  T
    665   3       -2.8741353006E+01 3.8E-01    53 1.4E+00      T  T
    666   3       -2.7481078704E+01 7.7E+00    53 7.4E-01    2 F  T
 
   Iter Phase Ninf     Objective     RGmax    NSB   Step InItr MX OK
    667   3       -2.6321145956E+01 4.5E+01    53 1.8E-01    1 F  T
    668   3       -2.5415919382E+01 1.7E+00    54 3.8E-01      F  T
    669   3       -2.4690362612E+01 5.1E-01    54 1.1E+00      T  T
    670   3       -2.4229319226E+01 1.2E+00    53 4.2E-01      F  T
    671   3       -2.3920256100E+01 5.2E-01    53 8.2E-01      F  T
    672   4       -2.0335763442E+01 9.7E-01    53 9.7E-01      T  T
    673   4       -1.9898878865E+01 1.4E+00    52 1.0E+00      F  T
    674   4       -1.9742688558E+01 1.5E-01    77 5.7E-01      T  T
    675   4       -1.9615236046E+01 3.4E-01    76 1.1E-01      T  T
    676   4       -1.9584689712E+01 5.2E-01    75 3.1E-02      T  T
 
   Iter Phase Ninf     Objective     RGmax    NSB   Step InItr MX OK
    677   4       -1.9233649516E+01 5.2E-01    74 4.4E-01      T  T
    678   3       -1.9049046651E+01 1.3E+00    73 2.5E-01      F  T
    679   3       -1.8872503107E+01 5.7E-01    73 4.7E-01      F  T
    680   4       -1.7506279666E+01 7.9E-01    73 6.8E+00      F  T
    681   4       -1.6138941474E+01 7.1E-01    73 1.0E+00    3 T  T
    682   4       -1.4327225651E+01 1.7E+00    72 1.0E+00    8 T  T
    683   4       -1.4194001844E+01 6.3E-01    67 2.1E+00      F  T
    684   4       -1.3527262831E+01 1.7E+00    67 1.0E+00   10 T  T
    685   4       -1.3310335958E+01 3.1E+03    77 1.0E+00    6 T  T
    686   3       -1.3242277052E+01 1.5E+00    73 9.7E-03      T  T
 
   Iter Phase Ninf     Objective     RGmax    NSB   Step InItr MX OK
    687   3       -1.3220657533E+01 2.0E+00    72 3.2E-03      T  T
    688   3       -1.3202313936E+01 2.0E+00    71 3.1E-03      T  T
    689   3       -1.3184678427E+01 2.0E+00    70 3.8E-03      T  T
    690   3       -1.2580420335E+01 2.3E+01    69 4.3E-01    2 F  T
    691   3       -1.2322121132E+01 5.9E-01    69 4.1E-01    1 F  T
    692   3       -1.2241500108E+01 2.0E-01    69 1.1E+00      F  T
    693   3       -1.2182599472E+01 2.8E-01    69 5.7E-01      F  T
    694   4       -1.1883117755E+01 5.0E-01    70 2.9E+00      F  T
    695   4       -1.1649597452E+01 4.7E-01    70 6.3E-01    3 F  T
    696   4       -1.1352243225E+01 1.3E+00    70 1.0E+00    1 T  T
 
   Iter Phase Ninf     Objective     RGmax    NSB   Step InItr MX OK
    697   4       -1.0833955641E+01 1.8E-01    69 1.0E+00    6 F  T
    698   4       -1.0154774823E+01 4.2E-01    67 1.0E+00   11 T  T
    699   4       -9.8824169289E+00 8.8E+01    63 1.0E+00    7 T  T
    700   3       -9.8765828781E+00 1.3E+00    75 2.4E-03      F  T
    701   4       -9.8430543345E+00 7.3E+00    75 8.6E-01      F  T
    702   4       -9.6653579392E+00 1.2E+01    74 1.0E+00    2 F  T
    703   4       -9.5116127174E+00 6.7E+00    74 5.2E-01    8 F  T
    704   4       -9.4929967440E+00 3.9E+03    72 3.2E-01    1 F  T
    705   4       -9.4725035831E+00 1.9E+00    72 1.0E+00    2 T  T
    706   4       -9.0462593996E+00 1.5E+00    71 1.0E+00    7 T  T
 
   Iter Phase Ninf     Objective     RGmax    NSB   Step InItr MX OK
    707   4       -8.6449772019E+00 1.2E+00    70 1.0E+00    9 T  T
    708   4       -8.5051042859E+00 5.0E+00    71 1.0E+00   12 F  T
    709   4       -7.9133531105E+00 2.6E+00    71 1.0E+00   21 T  T
    710   4       -7.6466594575E+00 3.9E-01    66 1.0E+00   32 T  T
    711   4       -7.6200779146E+00 2.5E+00    62 1.0E+00   22 T  T
    712   4       -7.5416161187E+00 4.9E-01    61 1.0E+00   25 T  T
    713   4       -7.5400899114E+00 1.4E+00    60 1.0E+00    2 F  T
    714   4       -7.1713633001E+00 2.1E-01    99 1.0E+00   11 T  T
    715   4       -6.8294454234E+00 5.6E-01    90 1.0E+00   18 T  T
    716   4       -6.7826348723E+00 1.2E+00    77 1.0E+00   19 F  T
 
   Iter Phase Ninf     Objective     RGmax    NSB   Step InItr MX OK
    717   4       -6.7418157638E+00 6.0E-01    80 1.0E+00   30 T  T
    718   4       -6.7232800937E+00 7.3E-01    77 1.0E+00   27 F  T
    719   4       -6.6680241212E+00 2.4E-01    76 1.0E+00   30 F  T
    720   4       -6.6429916417E+00 6.2E-02    73 9.2E-01   41 F  T
    721   4       -6.6224446743E+00 2.8E-02    73 1.0E+00   27 T  T
    722   4       -6.6012152508E+00 4.5E-02    71 1.0E+00   26 F  T
    723   4       -6.5972825692E+00 1.8E-01    70 1.0E+00   12 F  T
    724   4       -6.5827599617E+00 1.4E-01    71 1.0E+00   14 F  T
    725   4       -6.5818120081E+00 9.4E-02    71 1.0E+00   12 F  T
    726   4       -6.0937285597E+00 4.0E-02    73 1.0E+00   18 T  T
 
   Iter Phase Ninf     Objective     RGmax    NSB   Step InItr MX OK
    727   4       -6.0587237360E+00 1.3E+00    63 1.0E+00   15 F  T
    728   4       -6.0574411052E+00 3.4E-01    63 1.0E+00    3 F  T
    729   4       -6.0345338153E+00 1.9E-02    71 5.1E-02   60 F  T
    730   4       -5.8920671141E+00 1.2E+01    59 1.0E+00    6 F  T
    731   4       -5.8604774877E+00 2.1E+00    58 1.0E+00    5 F  T
    732   4       -5.8592594514E+00 3.2E-01    58 1.0E+00    4 F  T
    733   4       -5.7269441205E+00 1.5E-01    61 1.0E+00   17 T  T
    734   4       -5.7251401710E+00 3.9E-01    56 1.0E+00    3 T  T
    735   4       -5.6511823571E+00 2.2E-02    59 1.0E+00   13 T  T
    736   4       -5.5285174640E+00 1.3E-01    57 1.0E+00    8 F  T
 
   Iter Phase Ninf     Objective     RGmax    NSB   Step InItr MX OK
    737   4       -5.5095915561E+00 1.4E+00    54 1.0E+00    3 F  T
    738   4       -5.5086494918E+00 2.6E-01    54 1.0E+00    2 F  T
    739   3       -5.5086332603E+00 6.5E-01    61 9.8E-05      F  T
    740   3       -5.5086163107E+00 5.5E-01    61 8.1E-05      F  T
    741   4       -5.4847680700E+00 4.9E-01    61 2.2E+03      F  T
    742   4       -5.4763664853E+00 1.3E+01    61 8.2E-01      T  T
    743   4       -5.4587847783E+00 8.0E+00    60 1.0E+00    2 F  T
    744   4       -5.4350554097E+00 1.3E+01    60 1.9E-01    8 F  T
    745   4       -5.3964121780E+00 7.4E-01    59 1.0E+00    2 F  T
    746   4       -5.3551964020E+00 2.9E-01    59 1.0E+00    9 F  T
 
   Iter Phase Ninf     Objective     RGmax    NSB   Step InItr MX OK
    747   4       -5.3419447829E+00 1.6E-01    59 1.0E+00   17 F  T
    748   4       -5.3386683108E+00 3.0E-02    64 1.0E+00   11 F  T
    749   4       -5.3229218977E+00 8.0E-02    64 1.0E+00   14 T  T
    750   4       -5.3061966976E+00 8.9E-03    63 1.0E+00   21 T  T
    751   4       -5.2681984448E+00 1.3E-01    62 1.0E+00   31 F  T
    752   4       -4.7439093938E+00 5.4E-02    59 1.0E+00   46 T  T
    753   4       -4.5844532271E+00 4.1E-01    50 1.0E+00   41 F  T
    754   4       -4.5683271312E+00 2.9E-01    48 1.0E+00   27 F  T
    755   4       -4.5525577087E+00 8.1E-02    49 1.0E+00   29 F  T
    756   4       -4.5509372885E+00 3.2E-02    49 1.0E+00   13 F  T
 
   Iter Phase Ninf     Objective     RGmax    NSB   Step InItr MX OK
    757   3       -4.5509343745E+00 2.5E-03    49 8.2E-01      F  T
    758   3       -4.5509333720E+00 7.5E-03    49 1.4E-02      F  T
    759   4       -4.5245796275E+00 4.6E-01    50 1.7E+01      F  T
    760   4       -4.5033282406E+00 2.9E-01    50 1.0E+00    3 T  T
    761   4       -4.4165298271E+00 2.0E-01    49 1.0E+00    8 F  T
    762   4       -4.3147244852E+00 2.3E-01    48 1.0E+00    8 T  T
    763   4       -4.1992990982E+00 2.3E-01    45 1.0E+00   13 F  T
    764   4       -4.1963433680E+00 1.9E-01    42 1.0E+00      F  T
    765   4       -4.1535666293E+00 1.3E-01    42 1.0E+00   18 T  T
    766   4       -4.1301304231E+00 3.0E-02    39 1.0E+00   24 T  T
 
   Iter Phase Ninf     Objective     RGmax    NSB   Step InItr MX OK
    767   4       -4.1299481586E+00 2.4E-02    38 1.0E+00   19 F  T
    768   4       -4.1280311509E+00 2.4E-02    40 1.0E+00   18 F  T
    769   4       -4.1279384296E+00 3.6E-03    40 1.0E+00    7 F  T
    770   4       -3.1826044536E+00 2.0E-03   109 1.0E+00   44 T  T
    771   4       -2.7898734608E+00 1.6E+00    68 1.0E+00   12 T  T
    772   4       -2.6037404109E+00 4.4E-01    59 1.0E+00   21 T  T
    773   4       -2.5605579178E+00 3.1E-01    52 1.0E+00   23 T  T
    774   4       -2.5524284900E+00 3.3E-02    51 1.0E+00   30 T  T
    775   4       -2.5523582850E+00 6.4E-03    49 1.0E+00   14 F  T
    776   4       -2.3839305949E+00 2.1E-03    93 1.0E+00   51 T  T
 
   Iter Phase Ninf     Objective     RGmax    NSB   Step InItr MX OK
    777   4       -2.3710029704E+00 2.1E-01    72 1.0E+00    8 F  T
    778   4       -2.3705485821E+00 1.8E-02    73 1.0E+00   15 F  T
    779   4       -2.3350889307E+00 6.9E-04    84 1.0E+00   28 F  T
    780   4       -2.3337410143E+00 4.4E-02    82 1.0E+00   10 F  T
    781   4       -2.3325313327E+00 3.3E-03    83 1.0E+00   24 F  T
    782   4       -2.3325216830E+00 5.9E-04    83 1.0E+00   10 F  T
    783   4       -2.3314067584E+00 1.8E-04    85 1.0E+00   22 F  T
    784   4       -2.3314016553E+00 9.7E-03    85 1.0E+00    2 F  T
    785   4       -2.3314016531E+00 3.1E-05    85 1.0E+00    7 F  T
    786   4       -2.3314016531E+00 1.8E-07    85 1.0E+00      F  T
 
   Iter Phase Ninf     Objective     RGmax    NSB   Step InItr MX OK
    787   4       -2.3314016531E+00 8.1E-08    85
 
 ** Optimal solution. Reduced gradient less than tolerance.
 
--- Reading solution for model sdgfinance
--- SDG Egypt Model v2.gms(310) 64 Mb  90 secs
--- Executing after solve: elapsed 0:02:34.956
--- SDG Egypt Model v2.gms(364) 64 Mb
--- GDX File (execute_unload) D:\Github\Wi2050\SDG Financing Simplified model (Egypt)\mydataoutputv2.gdx
--- SDG Egypt Model v2.gms(369) 64 Mb

GDXXRW           37.1.0 r07954d5 Released Nov 11, 2021 WEI x86 64bit/MS Window
Input file : D:\Github\Wi2050\SDG Financing Simplified model (Egypt)\mydataoutputv2.gdx
Output file: D:\Github\Wi2050\SDG Financing Simplified model (Egypt)\mydataoutputv2.xlsx
Total time = 468 Ms
*** Status: Normal completion
--- Job SDG Egypt Model v2.gms Stop 07/12/22 16:33:32 elapsed 0:02:35.517
