--- Job SDG Egypt Model Grace.gms Start 07/12/22 11:26:05 37.1.0 r07954d5 WEX-WEI x86 64bit/MS Windows
--- Applying:
    C:\GAMS\37\gmsprmNT.txt
--- GAMS Parameters defined
    Input "D:\Github\Wi2050\SDG Financing Simplified model (Egypt)\SDG Egypt Model Grace.gms"
    PageSize 0
    ScrDir "D:\Github\Wi2050\SDG Financing Simplified model (Egypt)\225a\"
    SysDir C:\GAMS\37\
    LogOption 3
    ErrMsg 1
    ErrorLog 99
    IDE 1
    LstTitleLeftAligned 1
Licensee: Large MUD - 20 User License                    G211208|0002AR-WIN
          Columbia University, Earth Institute                       DC4533
          C:\Users\weiti\OneDrive\Documents\GAMS\gamslice.txt
          License Admin: Jeffrey Sachs, sachs@columbia.edu                 
Processor information: 1 socket(s), 6 core(s), and 12 thread(s) available
GAMS 37.1.0   Copyright (C) 1987-2021 GAMS Development. All rights reserved
--- Starting compilation
--- SDG Egypt Model Grace.gms(57) 3 Mb
--- call GDXXRW mydatainput.xlsx Index=Index!a1 trace=3

GDXXRW           37.1.0 r07954d5 Released Nov 11, 2021 WEI x86 64bit/MS Window
Excel version 16.0
Input file : D:\Github\Wi2050\SDG Financing Simplified model (Egypt)\mydatainput.xlsx
Output file: D:\Github\Wi2050\SDG Financing Simplified model (Egypt)\mydatainput.gdx
Substituting Index
Loading sheet Index
Reading data from Excel; Rng = A1:E21
Reading Slice: A1:E21
par=ek Rng=ek!A1 Dim=0 Rdim=0
par=costff Rng=costff!A1 Dim=0 Rdim=0
par=costre Rng=costre!A1 Dim=0 Rdim=0
par=dep Rng=dep!A1 Dim=0 Rdim=0
par=r Rng=r!A1 Dim=0 Rdim=0
par=kff0 Rng=kff0!A1 Dim=0 Rdim=0
par=kre0 Rng=kre0!A1 Dim=0 Rdim=0
par=aff Rng=aff!A1 Dim=0 Rdim=0
par=taxlim Rng=taxlim!A1 Dim=0 Rdim=0
par=min0 Rng=min0!A1 Dim=0 Rdim=0
par=land0 Rng=land0!A1 Dim=0 Rdim=0
par=tfp1 Rng=tfp1!A1 Dim=0 Rdim=0
par=phi Rng=phi!A1 Dim=0 Rdim=0
par=fertsh Rng=fertsh!A1 Dim=0 Rdim=0
par=bk Rng=bk!A1 Dim=0 Rdim=0
par=bkf Rng=bkf!A1 Dim=0 Rdim=0
par=ben Rng=ben!A1 Dim=0 Rdim=0
par=k0 Rng=k0!A1 Dim=0 Rdim=0
par=kf0 Rng=kf0!A1 Dim=0 Rdim=0
par=debtqlim Rng=debtqlim!A1 Dim=0 Rdim=0
Type Symbol       Dim      Sheet                Data          RowHeader     ColHeader     
Loading sheet ek
Par  ek             0      ek                   A1:A1         --:--         --:--         
Loading sheet costff
Par  costff         0      costff               A1:A1         --:--         --:--         
Loading sheet costre
Par  costre         0      costre               A1:A1         --:--         --:--         
Loading sheet dep
Par  dep            0      dep                  A1:A1         --:--         --:--         
Loading sheet r
Par  r              0      r                    A1:A1         --:--         --:--         
Loading sheet kff0
Par  kff0           0      kff0                 A1:A1         --:--         --:--         
Loading sheet kre0
Par  kre0           0      kre0                 A1:A1         --:--         --:--         
Loading sheet aff
Par  aff            0      aff                  A1:A1         --:--         --:--         
Loading sheet taxlim
Par  taxlim         0      taxlim               A1:A1         --:--         --:--         
Loading sheet min0
Par  min0           0      min0                 A1:A1         --:--         --:--         
Loading sheet land0
Par  land0          0      land0                A1:A1         --:--         --:--         
Loading sheet tfp1
Par  tfp1           0      tfp1                 A1:A1         --:--         --:--         
Loading sheet phi
Par  phi            0      phi                  A1:A1         --:--         --:--         
Loading sheet fertsh
Par  fertsh         0      fertsh               A1:A1         --:--         --:--         
Loading sheet bk
Par  bk             0      bk                   A1:A1         --:--         --:--         
Loading sheet bkf
Par  bkf            0      bkf                  A1:A1         --:--         --:--         
Loading sheet ben

Loading sheet k0
Par  k0             0      k0                   A1:A1         --:--         --:--         
Loading sheet kf0
Par  kf0            0      kf0                  A1:A1         --:--         --:--         
Loading sheet debtqlim
Par  debtqlim       0      debtqlim             A1:A1         --:--         --:--         
Total time = 469 Ms
--- SDG Egypt Model Grace.gms(58) 3 Mb
--- GDXin=D:\Github\Wi2050\SDG Financing Simplified model (Egypt)\mydatainput.gdx
--- GDX File ($gdxIn) D:\Github\Wi2050\SDG Financing Simplified model (Egypt)\mydatainput.gdx
--- SDG Egypt Model Grace.gms(79) 3 Mb
--- call GDXXRW egyptdatainput.xlsx Index=Index!a1 trace=3

GDXXRW           37.1.0 r07954d5 Released Nov 11, 2021 WEI x86 64bit/MS Window
Excel version 16.0
Input file : D:\Github\Wi2050\SDG Financing Simplified model (Egypt)\egyptdatainput.xlsx
Output file: D:\Github\Wi2050\SDG Financing Simplified model (Egypt)\egyptdatainput.gdx
Substituting Index
Loading sheet Index
Reading data from Excel; Rng = A1:E7
Reading Slice: A1:E7
par=D1 Rng=popg0!A1 Dim=2 Rdim=1
par=D2 Rng=fert0!A1 Dim=2 Rdim=1
par=D3 Rng=surv0!A1 Dim=2 Rdim=1
par=D4 Rng=w0!A1 Dim=3 Rdim=2
par=D5 Rng=s0!A1 Dim=2 Rdim=1
par=D6 Rng=ferthic0!A1 Dim=2 Rdim=1
Type Symbol       Dim      Sheet                Data          RowHeader     ColHeader     
Loading sheet popg0
Reading data from Excel; Rng = A1:C101
Reading Slice: A1:C101
Par  D1             2      popg0                B2:C101       A2:A101       B1:C1         
Loading sheet fert0
Reading data from Excel; Rng = A1:B36
Reading Slice: A1:B36
Par  D2             2      fert0                B2:B36        A2:A36        B1:B1         
Loading sheet surv0
Reading data from Excel; Rng = A1:E100
Reading Slice: A1:E100
Par  D3             2      surv0                B2:E100       A2:A100       B1:E1         
Loading sheet w0
Reading data from Excel; Rng = A1:D317
Reading Slice: A1:D317
Par  D4             3      w0                   C2:D317       A2:B317       C1:D1         
Loading sheet s0
Reading data from Excel; Rng = A1:C18
Reading Slice: A1:C18
Par  D5             2      s0                   B2:C18        A2:A18        B1:C1         
Loading sheet ferthic0
Reading data from Excel; Rng = A1:B36
Reading Slice: A1:B36
Par  D6             2      ferthic0             B2:B36        A2:A36        B1:B1         
Total time = 453 Ms
--- SDG Egypt Model Grace.gms(80) 3 Mb
--- GDXin=D:\Github\Wi2050\SDG Financing Simplified model (Egypt)\egyptdatainput.gdx
--- GDX File ($gdxIn) D:\Github\Wi2050\SDG Financing Simplified model (Egypt)\egyptdatainput.gdx
--- SDG Egypt Model Grace.gms(369) 3 Mb
--- Starting execution: elapsed 0:00:01.035
--- SDG Egypt Model Grace.gms(317) 5 Mb
--- Generating DNLP model demo
--- SDG Egypt Model Grace.gms(319) 48 Mb
---   141,521 rows  143,810 columns  345,235 non-zeroes
---   92,720 nl-code  26,409 nl-non-zeroes
--- SDG Egypt Model Grace.gms(319) 46 Mb
--- Executing CONOPT (Solvelink=2): elapsed 0:00:01.560

CONOPT 3         37.1.0 r07954d5 Released Nov 11, 2021 WEI x86 64bit/MS Window

 
 
    C O N O P T 3   version 3.17K
    Copyright (C)   ARKI Consulting and Development A/S
                    Bagsvaerdvej 246 A
                    DK-2880 Bagsvaerd, Denmark
 
 
   Iter Phase Ninf   Infeasibility   RGmax    NSB   Step InItr MX OK
      0   0        3.5661804020E+03 (Input point)
 
                   Pre-triangular equations:   135522
                   Post-triangular equations:  2541
                   Definitional equations:     3230
 
      1   0        1.8191706212E+02 (After pre-processing)
      2   0        1.7905405058E+02 (After scaling)
      3   0        1.7905405058E+02
      4   0   145  1.7905405058E+02               0.0E+00      T  T
      5   0   145  1.7905405058E+02               0.0E+00      T  T
      6   0   145  1.7905405058E+02               0.0E+00      T  T
      7   0   145  1.7905405058E+02               0.0E+00      T  T
      8   0   145  1.7905405058E+02               0.0E+00      T  T
      9   0   145  1.7905405058E+02               0.0E+00      T  T
 
   Iter Phase Ninf   Infeasibility   RGmax    NSB   Step InItr MX OK
     10   0   145  1.7905405058E+02               0.0E+00      T  T
     11   0   145  1.7905405058E+02               0.0E+00      T  T
     12   0   145  1.7905404935E+02               1.0E+00      F  T
     13   1   144  1.7904154832E+02 2.6E+01    21 1.8E-06      T  T
     14   1   143  1.7904142775E+02 1.4E+01    20 1.8E-07      T  T
     15   1   142  1.7904115000E+02 1.0E+01    19 5.9E-07      T  T
     16   1   141  1.7904107009E+02 1.0E+01    18 2.3E-07      T  T
     17   1   140  1.7904058262E+02 6.0E+00    17 2.0E-06      T  T
     18   1   139  1.7903904146E+02 4.8E+00    16 1.0E+00    3 T  T
     19   1   139  1.7903830863E+02 4.8E+00    13 6.8E-02    6 T  T
 
   Iter Phase Ninf   Infeasibility   RGmax    NSB   Step InItr MX OK
     20   1   139  1.7903720430E+02 8.2E+00    12 1.0E+00    6 T  T
     21   1   139  1.7903537095E+02 2.3E+00     6 2.0E-01    3 T  T
     22   1   130  1.7902558725E+02 1.3E+01     7 1.0E+00    6 T  T
     23   1   128  1.7902002021E+02 7.7E+00     2 3.9E-01    2 T  T
     24   1   128  1.7901955954E+02 8.6E+00     2 6.2E-06    2 T  T
     25   1   128  1.7901007322E+02 5.2E+00     2 9.5E-05    2 T  T
     26   1   124  1.7899956774E+02 1.3E+01     3 6.6E-05    2 T  T
     27   1   120  1.7881413366E+02 2.0E+01     3 1.1E-03    2 T  T
     28   1   117  1.7778972425E+02 2.0E+02     2 1.0E+00    1 T  T
     29   1   114  1.7752705382E+02 1.2E+01    11 3.0E-02    5 T  T
 
   Iter Phase Ninf   Infeasibility   RGmax    NSB   Step InItr MX OK
     30   1   111  1.7421491957E+02 7.9E+01    10 1.0E+00    4 T  T
     31   1   105  1.6979407056E+02 1.5E+04    27 1.0E+00    9 T  T
     32   1    90  1.1604727708E+02 1.0E+00    21 1.0E+00   14 T  T
     33   1    63  4.3841139084E+01 2.2E+01    22 1.0E+00   14 T  T
     34   1    59  4.3819232439E+01 2.3E+00     1 4.1E-03    1 T  T
     35   1    59  4.3819232440E+01 2.0E+01     3 0.0E+00      T  T
     36   1    59  4.3819227216E+01 2.0E+01     1 1.3E-08      F  F
     37   1    59  4.3819232439E+01 2.0E+01     3 0.0E+00      T  T
     38   1    59  4.2931022494E+01 2.0E+01     1 2.2E-03      T  T
     39   1    59  4.2931022494E+01 1.0E+00     4 0.0E+00      T  T
 
   Iter Phase Ninf   Infeasibility   RGmax    NSB   Step InItr MX OK
     40   1    58  4.1404420259E+01 1.0E+00     1 1.5E+00      T  T
     41   1    58  4.1404420259E+01 2.3E+00    11 0.0E+00      T  T
     42   1    54  4.1402319282E+01 2.3E+00     1 3.9E-04      T  T
     43   1    54  4.1402319282E+01 2.0E+00    11 0.0E+00      T  T
     44   1    53  3.8928226102E+01 2.0E+00     1 6.0E-01      T  T
     45   1    53  3.8928226102E+01 1.0E+00    12 0.0E+00      T  T
     46   1    50  3.3695649237E+01 4.1E+01     3 1.0E+00    3 T  T
     47   1    30  2.3460066121E+01 4.1E+01    20 1.0E+00    8 T  T
     48   1     5  9.5550152757E+00 4.1E+01    30 1.0E+00   13 T  T
     49   1     1  3.8543109950E-02 2.0E+00     5 1.0E+00    4 T  T
 
 ** Feasible solution. Value of objective =    0.00000000000
 
   Iter Phase Ninf     Objective     RGmax    NSB   Step InItr MX OK
     50   3        0.0000000000E+00 0.0E+00     0
 
 ** Optimal solution. There are no superbasic variables.
 
--- Reading solution for model demo
--- SDG Egypt Model Grace.gms(319) 46 Mb  65 secs
--- Executing after solve: elapsed 0:01:10.811
--- SDG Egypt Model Grace.gms(323) 46 Mb
--- Generating DNLP model sdgfinance
--- SDG Egypt Model Grace.gms(324) 67 Mb
---   142,571 rows  144,942 columns  348,841 non-zeroes
---   97,601 nl-code  27,776 nl-non-zeroes
--- SDG Egypt Model Grace.gms(324) 64 Mb
--- Executing CONOPT (Solvelink=2): elapsed 0:01:11.842

CONOPT 3         37.1.0 r07954d5 Released Nov 11, 2021 WEI x86 64bit/MS Window

 
 
    C O N O P T 3   version 3.17K
    Copyright (C)   ARKI Consulting and Development A/S
                    Bagsvaerdvej 246 A
                    DK-2880 Bagsvaerd, Denmark
 
 
   Iter Phase Ninf   Infeasibility   RGmax    NSB   Step InItr MX OK
      0   0        2.8849813207E+02 (Input point)
 
                   Pre-triangular equations:   135576
                   Post-triangular equations:  1184
                   Definitional equations:     5303
 
      1   0        1.9928147781E+02 (After pre-processing)
      2   0        8.3061212108E+01 (After scaling)
      3   1   246  7.4360186642E+01 4.3E+02    28 1.0E+00    3 T  T
      4   1   233  7.3421787054E+01 4.1E+02    25 1.0E+00   13 T  T
      5   1   233  7.2968685551E+01 3.4E+02    62 1.2E-02   13 F  F
      6   1   232  4.0472164554E+01 1.7E+02    62 1.0E+00    1 T  T
      7   1   219  3.7467631170E+01 1.7E+02    61 1.0E+00   13 T  T
      8   1   205  3.6403643702E+01 2.4E+02    48 1.0E+00   14 T  T
      9   1   174  3.3524778869E+01 2.1E+02    88 1.0E+00   18 T  T
 
   Iter Phase Ninf   Infeasibility   RGmax    NSB   Step InItr MX OK
     10   1   174  3.3524138341E+01 3.4E+01   108 9.8E-04   26 F  F
     11   1   164  3.3499240463E+01 8.3E+01   108 1.0E+00   11 T  T
     12   1   148  3.3493140003E+01 1.2E+01    97 1.0E+00   13 T  T
     13   1   128  3.3491325765E+01 3.7E+00    81 1.0E+00   18 T  T
     14   1   128  3.3378500674E+01 1.7E+01    59 5.0E-01   20 F  F
     15   1   119  3.3284343338E+01 1.6E+01    59 1.0E+00   14 T  T
     16   1   119  3.3257086269E+01 3.1E+00    45 1.0E+00   22 T  T
     17   1   119  3.3239868194E+01 9.8E+02    40 5.5E-03   24 F  F
     18   1   119  3.3239472100E+01 8.5E+02    43 9.8E-03   12 F  F
     19   1   119  3.3239470075E+01 2.0E+01    43 1.7E-09      T  T
 
   Iter Phase Ninf   Infeasibility   RGmax    NSB   Step InItr MX OK
     20   1   119  3.3239462836E+01 1.4E+01    42 1.7E-08      T  T
     21   1   119  3.3239462417E+01 1.4E+01    41 9.7E-10      T  T
     22   1   119  3.3239461368E+01 1.1E+01    40 4.7E-09      T  T
     23   1   119  3.3239458960E+01 5.0E+00    39 2.3E-08      T  T
     24   1   119  3.3239445555E+01 9.3E+00    42 4.4E-08      T  T
     25   1   119  3.3239441161E+01 6.3E+00    41 1.0E+00    3 T  T
     26   1   118  3.3239304773E+01 6.3E+00    38 2.8E-06    5 T  T
     27   1   117  3.3239185142E+01 1.1E+00    37 2.5E-06    5 T  T
     28   1   117  3.3239123556E+01 5.2E+00    36 1.1E-03    4 T  T
     29   1   115  3.3238946055E+01 2.9E+01    46 1.0E+00    3 T  T
 
   Iter Phase Ninf   Infeasibility   RGmax    NSB   Step InItr MX OK
     30   1   114  3.3238570540E+01 2.9E+01    43 1.0E+00   10 T  T
     31   1   114  3.3238236680E+01 4.7E+01    91 8.9E-02   13 F  F
     32   1   114  3.3237898022E+01 4.7E+01    91 7.8E-01    4 F  F
     33   1   114  3.3237884300E+01 1.2E+01    91 2.7E-08      T  T
     34   1   114  3.3237848575E+01 1.2E+01    90 7.2E-08      T  T
     35   1   114  3.3237748494E+01 1.2E+01    89 2.2E-07      T  T
     36   1   114  3.3237588387E+01 1.2E+01    88 4.1E-07      T  T
     37   1   113  3.3237132504E+01 1.2E+01    87 1.2E-06      T  T
     38   1   112  3.3236745808E+01 1.2E+01    86 1.2E-06      T  T
     39   1   112  3.3236702406E+01 1.2E+01    85 1.5E-07      T  T
 
   Iter Phase Ninf   Infeasibility   RGmax    NSB   Step InItr MX OK
     40   1   111  3.3236674657E+01 1.2E+01    84 9.6E-08      T  T
     41   1   108  3.3236344664E+01 8.9E+00    83 1.0E+00    3 T  T
     42   1   108  3.3236343059E+01 1.4E+01    81 6.3E-04    8 F  T
     43   1   105  3.3236004384E+01 2.1E+01    86 1.0E+00    4 T  T
     44   1   104  3.3235785160E+01 1.2E+01    82 1.4E-02    9 T  T
     45   1    99  3.3234601758E+01 1.3E+01    81 1.0E+00    6 T  T
     46   1    96  3.3233492629E+01 1.3E+01    75 1.0E+00   11 T  T
     47   1    95  3.3233173229E+01 5.7E+00    64 3.7E-01    9 T  T
     48   1    95  3.3232846765E+01 5.6E+00    63 6.7E-01    9 T  T
     49   1    94  3.3232771664E+01 5.7E+00    62 3.7E-01    9 T  T
 
   Iter Phase Ninf   Infeasibility   RGmax    NSB   Step InItr MX OK
     50   1    90  3.3232640728E+01 5.7E+00    61 1.0E+00    9 T  T
     51   1    81  3.3232003513E+01 1.6E+01    58 1.0E+00   14 T  T
     52   1    71  3.3230072276E+01 3.4E+00    51 1.0E+00   19 T  T
     53   1    69  3.3226045528E+01 3.2E+01    45 1.0E+00   16 T  T
     54   1    69  3.3217270096E+01 1.4E+01    44 1.0E+00   21 T  T
     55   1    69  3.1213595624E+01 4.6E+02    33 2.5E-01   22 F  F
     56   1    67  3.1164346014E+01 4.1E+02    37 1.0E+00   28 T  T
     57   1    67  3.1111178703E+01 4.5E+02    29 1.0E+00   19 T  T
     58   1    67  2.6019663783E+01 4.5E+03    66 9.0E-01   20 F  F
     59   1    66  2.5477645548E+01 9.0E+00    66 1.0E+00   17 T  T
 
   Iter Phase Ninf   Infeasibility   RGmax    NSB   Step InItr MX OK
     60   1    66  2.3634666504E+01 2.5E+02    65 1.0E+00   17 T  T
     61   1    66  2.3599076390E+01 1.1E+04    80 3.0E-01   29 F  F
     62   1    66  2.3597491800E+01 6.5E+01    80 1.0E+00   16 T  T
     63   1    66  2.3568185595E+01 1.9E+02    66 3.5E-01   13 F  F
     64   1    66  2.3526495976E+01 3.8E+02    65 1.0E+00    3 T  T
     65   1    66  2.3484964804E+01 1.3E+02    74 5.2E-01    9 F  F
     66   1    66  2.3375524159E+01 4.3E+02    74 8.8E-01    3 T  T
     67   1    66  2.3279181554E+01 1.1E+02    73 3.5E-02    6 T  T
     68   1    66  2.3178468951E+01 1.3E+02    73 1.0E+00    4 T  T
     69   1    66  2.3064017601E+01 1.1E+02    69 3.1E-02    7 T  T
 
   Iter Phase Ninf   Infeasibility   RGmax    NSB   Step InItr MX OK
     70   1    66  2.3018401215E+01 9.7E+01    68 6.4E-02    5 T  T
     71   1    66  2.2922625129E+01 9.6E+01    67 1.0E+00    3 T  T
     72   1    66  2.2692899920E+01 1.6E+02    71 1.4E-01    8 F  F
     73   1    66  2.2619819626E+01 2.8E+01    71 1.0E+00    4 T  T
     74   1    66  2.2437774859E+01 2.1E+02    67 6.3E-01    3 T  T
     75   1    66  2.2366811412E+01 1.6E+02    66 1.0E+00    2 T  T
     76   1    66  2.2309949891E+01 7.8E+01    64 1.6E-01    6 T  T
     77   1    66  2.2266446685E+01 8.5E+01    67 2.5E-01    3 F  F
     78   1    66  2.2237364312E+01 7.3E+01    67 3.8E-01    2 F  F
     79   1    66  2.2214478894E+01 5.4E+01    67 8.6E-06      F  F
 
   Iter Phase Ninf   Infeasibility   RGmax    NSB   Step InItr MX OK
     80   1    66  2.2084058345E+01 4.1E+02    67 8.5E-07      T  T
     81   1    65  2.2083807318E+01 4.8E+00    74 2.5E-06      T  T
     82   1    65  2.2074886662E+01 4.8E+00    73 9.0E-05      T  T
     83   1    65  2.2074480301E+01 4.8E+00    72 4.1E-06      T  T
     84   1    65  2.2074050518E+01 4.8E+00    71 4.4E-06      T  T
     85   1    65  2.2056379821E+01 8.2E+00    70 1.0E+00    3 T  T
     86   1    65  2.1505505533E+01 4.5E+00    67 8.6E-01    8 T  T
     87   1    63  2.1223468921E+01 4.5E+00    64 1.0E+00    7 T  T
     88   1    63  2.0925729008E+01 4.5E+00    57 1.0E+00   10 T  T
     89   1    62  2.0493699592E+01 2.4E+00    48 1.0E+00   15 T  T
 
   Iter Phase Ninf   Infeasibility   RGmax    NSB   Step InItr MX OK
     90   1    62  1.9588955712E+01 1.7E+01    35 1.7E-01   20 F  F
     91   1    62  1.9511831469E+01 4.2E+02    35 3.4E-02    5 F  F
     92   1    62  1.9510593858E+01 1.0E+01    35 9.9E-06      F  F
     93   1    62  1.9505065822E+01 8.9E+00    34 5.7E-05      T  T
     94   1    62  1.9368469359E+01 3.6E+00    34 6.7E-03      T  T
     95   1    62  1.9348195402E+01 2.4E+00    33 1.7E-03      T  T
     96   1    62  1.9323473947E+01 2.4E+00    32 2.3E-03      T  T
     97   1    61  1.7133001358E+01 2.4E+00    31 1.0E+00    3 T  T
     98   1    61  1.6947544959E+01 2.4E+00    28 1.0E+00    9 T  T
     99   1    61  1.5929772562E+01 6.0E+01    35 1.6E-01    9 F  F
 
   Iter Phase Ninf   Infeasibility   RGmax    NSB   Step InItr MX OK
    100   1    61  1.5895399306E+01 2.8E+01    35 1.0E+00   10 T  T
    101   1    61  1.5630689966E+01 3.0E+07    25 5.9E-02    6 F  F
    102   1    61  1.5333462068E+01 1.5E+01    25 1.0E+00    1 T  T
    103   1    61  1.4229454154E+01 3.4E+00    24 3.8E-01    1 F  F
    104   1    60  1.2498207658E+01 3.0E+00    24 1.0E+00    1 T  T
    105   1    60  1.2071849142E+01 8.3E+01    27 4.8E-01    4 F  F
    106   1    60  1.1891254278E+01 7.2E+01    30 5.8E-01    2 F  F
    107   1    59  1.1882979029E+01 4.2E+00    30 1.6E-04      T  T
    108   1    58  1.1824185625E+01 3.3E+00    29 2.0E-03      T  T
    109   1    57  1.1760718202E+01 3.3E+00    28 2.3E-03      T  T
 
   Iter Phase Ninf   Infeasibility   RGmax    NSB   Step InItr MX OK
    110   1    56  1.1651375588E+01 5.1E+01    28 4.2E-05      T  T
    111   1    56  1.1647578764E+01 6.6E+00    42 1.0E+00    3 T  T
    112   1    56  1.1615900440E+01 4.3E+01    46 6.2E-02    7 F  F
    113   1    56  1.1534198594E+01 3.9E+01    46 1.0E+00    2 T  T
    114   1    56  1.1049028492E+01 3.9E+01    50 9.9E-01    8 T  T
    115   1    56  1.0719004559E+01 2.5E+01    54 8.9E-01   10 T  T
    116   1    48  1.0488025609E+01 8.8E+00    53 1.0E+00    9 T  T
    117   1    48  1.0438199326E+01 7.3E+00    61 9.0E-04    7 F  F
    118   1    47  1.0422075611E+01 1.4E+00    61 1.0E+00    3 T  T
    119   1    47  1.0415601702E+01 1.5E+00    58 1.0E+00    8 T  T
 
   Iter Phase Ninf   Infeasibility   RGmax    NSB   Step InItr MX OK
    120   1    47  1.0252778658E+01 1.4E+00    47 8.9E-02    8 F  F
    121   1    47  1.0205118009E+01 2.3E+00    47 3.6E-01    3 T  T
    122   1    45  1.0161208510E+01 1.0E+00    46 1.0E+00    3 T  T
    123   1    43  9.8741128560E+00 1.0E+00    43 1.0E+00    5 T  T
    124   1    38  8.6364601618E+00 1.6E+00    38 1.0E+00   11 T  T
    125   1    38  8.5325717155E+00 4.6E+00    30 2.4E-01   11 F  F
    126   1    38  8.3754371905E+00 5.6E+00    30 1.0E+00    3 T  T
    127   1    38  7.5458410705E+00 8.2E-01    27 4.7E-01    3 T  T
    128   1    36  7.2868578794E+00 1.0E+00    27 1.0E+00    6 T  T
    129   1    36  7.2864721060E+00 1.2E+01    25 1.7E-04    9 F  F
 
   Iter Phase Ninf   Infeasibility   RGmax    NSB   Step InItr MX OK
    130   1    36  7.2855858025E+00 1.3E+00    25 1.0E+00    4 T  T
    131   1    35  7.0245860479E+00 1.5E+00    21 3.5E-01    2 T  T
    132   1    29  6.7714218872E+00 1.5E+01    31 1.0E+00    6 T  T
    133   1    29  6.6951857094E+00 8.5E+00    29 2.5E-01    5 F  F
    134   1    26  6.6744150638E+00 1.0E+00    27 1.0E+00    3 T  T
    135   1    26  6.5119864436E+00 5.2E-01    24 3.6E-01    6 F  F
    136   1    22  6.4165318393E+00 1.0E+00    22 1.0E+00    4 T  T
    137   1    22  6.1575803640E+00 5.0E-01    21 2.8E-01    6 F  F
    138   1    22  5.9882325611E+00 5.0E-01    21 2.3E-01    3 F  F
    139   1    22  5.9833439106E+00 1.0E+00    22 4.4E-03      T  T
 
   Iter Phase Ninf   Infeasibility   RGmax    NSB   Step InItr MX OK
    140   1    21  5.5396376354E+00 1.0E+00    21 4.0E-01      T  T
    141   1    21  5.3353493902E+00 2.5E-01    20 2.0E+00      F  F
    142   1    21  5.3307688228E+00 2.5E-01    20 4.5E-02      T  T
    143   1    21  5.3187238021E+00 2.5E-01    19 1.2E-01      T  T
    144   1    21  5.2270047274E+00 2.5E-01    18 9.0E-01      T  T
    145   1    19  5.0389062424E+00 2.5E-01    15 1.0E+00    3 T  T
    146   1    13  2.4952533840E+00 9.1E-01    13 1.0E+00    8 T  T
    147   1     7  1.5281213521E+00 5.0E-01    13 1.0E+00    7 T  T
    148   1     7  1.5273063001E+00 2.4E-01    15 3.4E-03   14 F  F
    149   1     6  1.5186511076E+00 1.0E+00    17 1.0E+00    2 T  T
 
   Iter Phase Ninf   Infeasibility   RGmax    NSB   Step InItr MX OK
    150   1     5  1.3476237969E+00 1.0E+00    15 1.0E+00    9 T  T
    151   1     5  1.3473819821E+00 3.8E+03     9 7.0E-06    4 F  F
    152   1     3  1.3442527719E+00 1.0E+00     9 1.0E+00    2 T  T
    153   1     3  1.3368463930E+00 2.3E-03     7 3.0E-03    2 F  F
    154   1     3  1.3347310312E+00 8.1E-03    13 1.9E-01    2 F  F
    155   1     3  1.3346791714E+00 1.1E-02    14 1.7E-01      T  T
    156   1     3  1.3337127872E+00 1.1E-02    13 3.0E+00      F  F
    157   1     3  1.3304347052E+00 8.1E-03    13 1.5E+01      F  F
    158   1     3  1.3259832682E+00 1.1E-02    13 1.1E+01      F  F
    159   1     3  1.3182980958E+00 1.7E-02    63 6.3E+00      F  F
 
   Iter Phase Ninf   Infeasibility   RGmax    NSB   Step InItr MX OK
    160   1     3  1.2532597743E+00 5.2E-02    68 6.0E+00      T  T
    161   1     3  1.2464758496E+00 8.5E-02    67 6.2E-01      T  T
    162   1     3  1.2160174916E+00 8.9E-02    66 2.2E+00      T  T
    163   1     3  1.1306973906E+00 1.1E+00    65 1.9E-01    3 F  F
    164   1     2  1.9442762558E-01 8.1E-03    13 1.0E+00    1 T  T
    165   1     1  2.8176946258E-03 7.9E-03    17 1.0E+00    1 T  T
 
 ** Feasible solution. Value of objective =   -32.7354887942
 
   Iter Phase Ninf     Objective     RGmax    NSB   Step InItr MX OK
    166   3       -2.9604950620E+01 1.6E+01    73 3.3E-01    5 F  F
    167   3       -2.6882223784E+01 6.6E+00    73 1.0E+00    3 T  T
    168   3       -2.6246945938E+01 1.1E+00    70 1.0E+00    5 T  T
    169   3       -2.3731326951E+01 8.7E-01    65 5.3E-01    4 F  T
    170   3       -2.3014647512E+01 5.3E-01    65 4.5E-01    4 F  T
    171   3       -2.2974826535E+01 4.8E-01    65 6.8E-02      T  T
    172   3       -2.2897388221E+01 3.9E-01    64 1.9E-01      T  T
    173   3       -2.0822209965E+01 9.8E-01    66 1.1E+00      T  T
    174   3       -2.0495839754E+01 6.4E-01    65 7.7E-01      F  T
    175   3       -2.0165354542E+01 8.6E-01    65 3.4E-01      T  T
 
   Iter Phase Ninf     Objective     RGmax    NSB   Step InItr MX OK
    176   3       -1.9753611085E+01 7.6E-01    65 4.9E-01      T  T
    177   3       -1.8946311034E+01 4.2E-01    64 2.1E+00      F  T
    178   3       -1.8527149789E+01 2.9E-01    64 1.8E+00      F  T
    179   4       -1.7876468847E+01 3.0E-01    65 8.6E-01      T  T
    180   4       -1.7873939011E+01 2.1E+00    64 1.2E-03      T  T
    181   4       -1.7850114518E+01 2.1E+00    63 9.9E-03      T  T
    182   3       -1.7053638345E+01 2.1E+00    62 3.8E-01      F  T
    183   3       -1.6911074793E+01 3.3E-01    62 1.4E+00      F  T
    184   4       -1.6806949970E+01 4.6E-01    62 4.9E-01      F  T
    185   4       -1.5936153119E+01 2.2E+00    66 2.0E+00    2 F  T
 
   Iter Phase Ninf     Objective     RGmax    NSB   Step InItr MX OK
    186   4       -1.5876282393E+01 2.8E-01    66 6.5E-01      T  T
    187   4       -1.5744843805E+01 7.7E+00    65 1.0E+00    2 T  T
    188   3       -1.5733790787E+01 1.6E+00    64 9.3E-03      F  T
    189   4       -1.5680174813E+01 9.1E-01    70 1.1E+01      F  T
    190   4       -1.5527177045E+01 8.9E-01    70 1.0E+00    4 F  T
    191   4       -1.5164620045E+01 2.0E+03    70 1.0E+00    3 T  T
    192   3       -1.5140308714E+01 1.3E+00    69 2.3E-02      F  T
    193   4       -1.5112465625E+01 8.9E-01    69 2.6E+00      F  T
    194   4       -1.5037786059E+01 3.4E+00    79 3.1E+00    3 F  T
    195   4       -1.4998452181E+01 6.6E+00    77 1.0E+00    3 T  T
 
   Iter Phase Ninf     Objective     RGmax    NSB   Step InItr MX OK
    196   4       -1.4877468767E+01 1.1E+00    75 1.0E+00    5 T  T
    197   4       -1.2769294769E+01 8.9E-01    72 8.6E-01    9 F  T
    198   4       -1.1201543932E+01 1.9E+00    72 1.0E+00    4 F  T
    199   4       -1.0579616316E+01 3.9E+00    72 1.0E+00    7 F  T
    200   4       -1.0427583884E+01 2.6E+00    72 1.0E+00    7 F  T
    201   4       -1.0384496736E+01 1.9E+00    72 1.0E+00   10 F  T
    202   4       -1.0233713854E+01 6.0E+00    72 4.7E-01   12 F  T
    203   4       -1.0126560012E+01 6.1E+00    70 1.0E+00    5 F  T
    204   4       -1.0119013799E+01 2.0E+00    70 1.0E+00    6 F  T
    205   4       -9.6467277405E+00 5.3E+00    77 1.0E+00   11 T  T
 
   Iter Phase Ninf     Objective     RGmax    NSB   Step InItr MX OK
    206   4       -9.6110108237E+00 1.9E+01    73 1.0E+00    2 F  T
    207   4       -9.5344802956E+00 1.9E+00    73 1.0E+00   13 T  T
    208   4       -9.4562229682E+00 1.4E+01    72 1.0E+00   15 F  T
    209   4       -9.2953077844E+00 5.0E+00    69 1.0E+00   18 F  T
    210   4       -9.2845288348E+00 3.5E+01    65 1.0E+00    3 F  T
    211   4       -9.2723430896E+00 5.7E+02    65 1.0E+00    4 T  T
    212   3       -9.2723352072E+00 1.9E+00    65 4.0E-06      F  T
    213   4       -9.2721068885E+00 3.9E-01    65 2.8E+02      T  T
    214   4       -9.2711285091E+00 1.6E-01    64 5.9E+03      F  T
    215   4       -9.2595000016E+00 2.4E+01    64 1.1E+01      F  T
 
   Iter Phase Ninf     Objective     RGmax    NSB   Step InItr MX OK
    216   4       -9.2286604885E+00 7.6E+00    64 1.0E+00    4 F  T
    217   4       -9.1111431781E+00 3.8E-01    71 1.0E+00    8 F  T
    218   4       -9.0706277618E+00 4.3E+01    69 1.0E+00    7 T  T
    219   4       -8.9941641181E+00 1.1E+01    68 1.0E+00   14 F  T
    220   4       -8.9914023988E+00 7.2E+00    67 1.0E+00      F  T
    221   4       -8.9243164118E+00 4.4E-01    70 1.0E+00   16 F  T
    222   4       -8.8653705461E+00 8.2E+00    69 1.0E+00   14 F  T
    223   4       -8.8499642343E+00 5.1E+00    69 1.0E+00   11 F  T
    224   4       -8.8252324214E+00 4.7E-01    70 3.8E-01   20 F  T
    225   4       -8.8049624594E+00 1.7E+01    70 1.0E+00    5 F  T
 
   Iter Phase Ninf     Objective     RGmax    NSB   Step InItr MX OK
    226   4       -8.8048848337E+00 6.4E+00    70 1.0E+00    1 F  T
    227   4       -8.2194052932E+00 1.4E-01    83 1.6E+00    5 T  T
    228   4       -7.7847447201E+00 1.0E+01    82 1.0E+00    6 T  T
    229   4       -7.6740875574E+00 1.9E+01    80 2.2E+00      T  T
    230   4       -7.4152022855E+00 5.3E+00    79 6.5E-01   11 F  T
    231   4       -7.1627086146E+00 6.8E+00    74 1.0E+00   11 T  T
    232   4       -7.1627086146E+00 3.3E+01    73 0.0E+00   16 F  F
    233   4       -7.0459324074E+00 5.0E+00    71 1.0E+00    5 T  T
    234   4       -6.6977369456E+00 5.6E+00    70 1.0E+00   12 F  T
    235   4       -6.6601186104E+00 8.9E+00    70 1.0E+00   12 F  T
 
   Iter Phase Ninf     Objective     RGmax    NSB   Step InItr MX OK
    236   4       -6.6291124246E+00 1.0E+00    70 1.0E+00   19 T  T
    237   4       -6.6059659891E+00 5.3E+00    69 1.0E+00   15 T  T
    238   4       -6.5840551427E+00 3.1E+00    68 1.0E+00   18 F  T
    239   4       -6.5769423633E+00 4.8E+00    68 1.0E+00    8 T  T
    240   4       -6.5719476973E+00 4.8E+00    69 8.7E-01    4 F  T
    241   4       -6.5640643939E+00 5.5E+00    69 1.0E+00    6 F  T
    242   4       -6.5363687453E+00 3.6E+00    69 1.0E+00   10 T  T
    243   4       -6.5352584486E+00 1.1E+01    68 1.0E+00    3 F  T
    244   4       -6.4718355532E+00 4.5E-01    69 6.8E-01   13 F  T
    245   4       -6.4384324941E+00 5.7E+01    67 1.0E+00    6 T  T
 
   Iter Phase Ninf     Objective     RGmax    NSB   Step InItr MX OK
    246   4       -6.4095319861E+00 9.6E+00    66 1.0E+00    9 T  T
    247   4       -6.3610483784E+00 1.1E+00    65 1.0E+00   19 T  T
    248   4       -6.3113649132E+00 1.3E+00    63 2.5E-01   19 F  T
    249   4       -6.2802099385E+00 1.5E+00    60 1.0E+00    7 F  T
    250   4       -6.2139240297E+00 3.9E+00    60 1.0E+00   20 F  T
    251   4       -6.2109570255E+00 1.2E+00    60 1.0E+00   13 T  T
    252   4       -6.1577324450E+00 3.6E+00    66 6.0E-01   21 F  F
    253   4       -6.1504194708E+00 5.2E-01    64 4.3E-01      F  T
    254   4       -6.1213622718E+00 2.4E+00    64 1.0E+00    4 F  T
    255   4       -6.1172509452E+00 4.4E-01    64 1.0E+00   12 F  T
 
   Iter Phase Ninf     Objective     RGmax    NSB   Step InItr MX OK
    256   4       -6.1172500250E+00 1.2E+01    65 1.0E+00    1 F  T
    257   3       -6.1172424754E+00 1.0E+00    74 2.1E-05      F  T
    258   3       -6.1172295105E+00 4.6E+01    74 1.0E-08      F  T
    259   4       -6.1172275055E+00 9.0E+00    74 1.9E+00      F  T
    260   4       -6.0932968532E+00 8.8E+00    74 1.0E+00    1 F  T
    261   4       -6.0614861430E+00 3.4E+03    74 1.0E+00    1 F  T
    262   4       -5.9245628077E+00 9.5E+02    74 1.0E+00    3 T  T
    263   4       -5.8968157610E+00 1.6E+02    73 1.0E+00    3 T  T
    264   4       -5.0586468465E+00 6.5E+00    72 1.0E+00   11 T  T
    265   4       -5.0331809688E+00 1.7E+02    71 1.0E+00    4 F  T
 
   Iter Phase Ninf     Objective     RGmax    NSB   Step InItr MX OK
    266   4       -5.0331704897E+00 4.1E+01    71 1.0E+00    1 F  T
    267   4       -4.9326957053E+00 3.2E-01    72 1.0E+00   14 T  T
    268   4       -4.9304270209E+00 5.3E+01    71 1.0E+00    3 F  T
    269   4       -4.8951958590E+00 6.4E-01    71 1.0E+00   14 F  T
    270   4       -4.8949780170E+00 4.2E+01    71 1.0E+00    2 F  T
    271   4       -4.8810034374E+00 3.9E-01    71 1.0E+00   13 F  T
    272   4       -4.8750397866E+00 4.3E+01    71 1.0E+00    3 F  T
    273   4       -4.8491736992E+00 5.9E+00    71 1.0E+00   18 T  T
    274   4       -4.8458520298E+00 9.1E+01    70 1.0E+00    2 F  T
    275   4       -4.8171644371E+00 4.1E+00    70 1.0E+00   21 T  T
 
   Iter Phase Ninf     Objective     RGmax    NSB   Step InItr MX OK
    276   4       -4.8171513510E+00 4.9E+01    68 1.0E+00    1 F  T
    277   4       -4.8093384907E+00 4.3E-01    68 1.0E+00    8 F  T
    278   4       -4.8093170039E+00 1.8E+01    68 1.0E+00    2 F  T
    279   4       -4.7965200297E+00 6.4E-02    68 1.0E+00    9 T  T
    280   4       -4.7914986893E+00 7.5E+01    67 1.0E+00    3 F  T
    281   4       -4.7756781887E+00 6.7E+00    67 1.0E+00   11 F  T
    282   4       -4.7755173684E+00 4.7E+01    67 1.0E+00    3 F  T
    283   4       -4.7694661740E+00 7.2E-01    67 1.0E+00   17 F  T
    284   4       -4.7694021456E+00 4.6E+01    67 1.0E+00    3 F  T
    285   4       -4.7655209921E+00 7.9E-01    67 1.0E+00   14 F  T
 
   Iter Phase Ninf     Objective     RGmax    NSB   Step InItr MX OK
    286   4       -4.7655202929E+00 1.3E+01    67 1.0E+00    1 F  T
    287   4       -4.5648422114E+00 2.6E-02    72 1.0E+00   16 F  T
    288   4       -4.5221670292E+00 8.0E+02    69 1.0E+00   14 F  T
    289   4       -4.5200033685E+00 8.9E+01    69 1.0E+00   11 F  T
    290   4       -4.5192966509E+00 4.1E+00    69 1.0E+00   15 F  T
    291   4       -4.5192966085E+00 3.2E+00    69 1.0E+00    1 F  T
    292   4       -4.5186515092E+00 4.9E-02    70 1.0E+00    3 F  T
    293   4       -4.5179304129E+00 3.3E-02    70 1.0E+00   17 T  T
    294   4       -4.5178765215E+00 7.0E+00    69 1.0E+00    3 F  T
    295   4       -4.5177594552E+00 2.4E-01    69 1.0E+00    7 F  T
 
   Iter Phase Ninf     Objective     RGmax    NSB   Step InItr MX OK
    296   4       -4.5177594302E+00 2.8E+00    69 1.0E+00    1 F  T
    297   3       -4.5176795407E+00 4.1E-01    70 1.4E-03      F  T
    298   3       -4.5175241131E+00 2.1E+02    70 6.8E-09      F  T
    299   4       -4.5175237848E+00 4.9E+00    70 2.0E+00      F  T
    300   4       -4.5160881831E+00 5.3E+00    70 1.0E+00    1 F  T
    301   4       -4.5146137207E+00 7.2E+02    70 1.0E+00    1 F  T
    302   4       -4.4107328706E+00 6.0E+01    70 1.0E+00    5 T  T
    303   4       -4.4079391928E+00 9.9E+02    69 1.0E+00    1 F  T
    304   4       -4.4041149120E+00 1.0E+02    69 1.0E+00    5 T  T
    305   4       -4.3140639141E+00 1.9E+03    68 1.0E+00   15 T  T
 
   Iter Phase Ninf     Objective     RGmax    NSB   Step InItr MX OK
    306   4       -4.3138654444E+00 3.3E+02    65 1.0E+00    1 F  T
    307   4       -4.2514302169E+00 8.4E+00    65 1.0E+00   15 T  T
    308   4       -4.2505490193E+00 2.9E+02    63 1.0E+00    3 F  T
    309   4       -4.2505477136E+00 1.0E+01    63 1.0E+00    2 F  T
    310   4       -4.2460594231E+00 1.9E+01    65 1.0E+00   13 T  T
    311   4       -4.2460571340E+00 3.4E+01    64 1.0E+00    1 F  T
    312   4       -4.2140735176E+00 9.5E-02    64 1.0E+00   32 T  T
    313   4       -4.2136473770E+00 4.7E+02    61 1.0E+00    2 F  T
    314   4       -4.2131299739E+00 1.6E+01    61 1.0E+00    7 F  T
    315   4       -4.2105482822E+00 2.5E+00    61 1.0E+00   14 F  T
 
   Iter Phase Ninf     Objective     RGmax    NSB   Step InItr MX OK
    316   4       -4.2105420756E+00 6.1E+01    61 1.0E+00    1 F  T
    317   4       -4.2100720484E+00 2.8E-01    61 1.0E+00   12 F  T
    318   4       -4.2073661128E+00 1.3E+01    61 1.0E+00   17 F  T
    319   4       -4.2064203478E+00 2.3E+01    61 1.0E+00    6 F  T
    320   4       -4.2000085601E+00 1.5E+00    61 7.3E-01   27 F  T
    321   4       -4.1996687169E+00 1.2E+03    60 1.0E+00    1 F  T
    322   4       -4.1981722245E+00 3.8E+01    60 5.2E-01   13 F  T
    323   4       -4.1977252978E+00 2.7E-02    61 1.0E+00    6 F  T
    324   4       -4.1940508088E+00 1.1E-02    61 1.0E+00    8 T  T
    325   4       -4.1845443397E+00 7.5E-03    60 1.0E+00   18 T  T
 
   Iter Phase Ninf     Objective     RGmax    NSB   Step InItr MX OK
    326   4       -4.1735044303E+00 1.4E-02    59 1.0E+00   33 F  T
    327   4       -4.1728555843E+00 5.4E-03    59 1.0E+00   23 F  T
    328   4       -3.9867055033E+00 6.1E-02   108 1.0E+00   28 F  T
    329   4       -3.8938343861E+00 4.6E+00    88 4.3E-01      F  T
    330   4       -3.8246690511E+00 5.7E-01    88 1.0E+00   17 F  T
    331   4       -3.8024817705E+00 1.9E+00    85 1.0E+00    2 F  T
    332   4       -3.7965723692E+00 2.3E-01    85 1.0E+00   11 F  T
    333   4       -3.7916981866E+00 5.9E-02    85 1.0E+00   18 T  T
    334   4       -3.7909861243E+00 7.3E-02    82 1.0E+00   21 T  T
    335   4       -3.7906106243E+00 2.5E-02    81 1.0E+00   22 F  T
 
   Iter Phase Ninf     Objective     RGmax    NSB   Step InItr MX OK
    336   4       -3.7869526890E+00 1.3E-02    81 1.0E+00   24 F  T
    337   4       -3.7848820482E+00 1.0E-01    81 1.0E+00   23 F  T
    338   4       -3.7798555888E+00 5.6E-02    81 1.0E+00   30 F  T
    339   4       -3.7778106122E+00 1.3E-01    81 1.0E+00   11 F  T
    340   4       -3.7773464833E+00 4.4E-02    81 1.0E+00   11 F  T
    341   4       -3.7772764874E+00 1.5E-02    81 1.0E+00   15 F  T
    342   4       -3.6352692675E+00 4.3E-01    83 5.2E-01    9 F  T
    343   4       -3.6281497610E+00 2.6E-01    80 1.0E+00    5 F  T
    344   4       -3.6279575175E+00 4.6E-02    80 1.0E+00   12 F  T
    345   4       -3.6279573687E+00 9.2E-03    80 1.0E+00    2 F  T
 
   Iter Phase Ninf     Objective     RGmax    NSB   Step InItr MX OK
    346   4       -3.5982777274E+00 1.2E-02    94 1.0E+00   17 F  T
    347   4       -3.5796704976E+00 1.8E+00    91 1.0E+00    7 T  T
    348   4       -3.5767996180E+00 7.0E-01    89 1.0E+00    7 T  T
    349   4       -3.5767618778E+00 1.6E-01    88 1.0E+00    4 T  T
    350   3       -3.5767608273E+00 2.3E-01    91 5.3E-05      F  T
    351   3       -3.5767596115E+00 2.3E-01    91 3.7E-05      F  T
    352   4       -3.5695245803E+00 1.8E-01    91 1.1E+04      F  T
    353   4       -3.5650826541E+00 1.5E+00    91 1.0E+00    4 F  T
    354   4       -3.5393203044E+00 2.0E-01    91 9.2E-01    7 F  T
    355   3       -3.5447627136E+00 1.8E+00    90 7.8E-05      F  T
 
   Iter Phase Ninf     Objective     RGmax    NSB   Step InItr MX OK
    356   3       -3.5447581999E+00 2.4E-01    90 9.9E-05      F  T
    357   4       -3.5447557280E+00 5.0E-02    90 7.7E+00      F  T
    358   4       -3.5421196012E+00 1.6E-01    90 1.0E+00    1 F  T
    359   4       -3.5341669719E+00 3.7E+00    90 1.0E+00    5 F  T
    360   4       -3.5230177432E+00 3.5E-01    90 1.0E+00   11 F  T
    361   4       -3.5134907115E+00 9.1E+00    88 1.0E+00    1 F  T
    362   4       -3.5077912402E+00 1.4E-01    88 1.0E+00   13 F  T
    363   4       -3.5069266514E+00 5.4E-01    88 1.0E+00   11 F  T
    364   4       -3.5045240097E+00 2.0E-02    89 1.0E+00   18 F  T
    365   4       -3.5009791092E+00 2.3E-02    89 1.0E+00   28 T  T
 
   Iter Phase Ninf     Objective     RGmax    NSB   Step InItr MX OK
    366   4       -3.4971787654E+00 1.0E-01    88 1.0E+00   20 T  T
    367   4       -3.4939646852E+00 2.6E-01    87 1.0E+00   13 T  T
    368   4       -3.4939497876E+00 3.2E-01    86 1.0E+00    2 F  T
    369   4       -3.4793455776E+00 5.5E-03    92 1.0E+00    8 F  T
    370   4       -3.4730022171E+00 6.9E-01    92 1.0E+00   10 T  T
    371   4       -3.4701119644E+00 2.2E-01    91 1.0E+00   13 T  T
    372   4       -3.4677222056E+00 1.1E-01    89 1.0E+00   14 T  T
    373   4       -3.4591804382E+00 1.1E-01    88 1.0E+00   18 T  T
    374   4       -3.4140222216E+00 2.0E-01    85 1.0E+00   22 T  T
    375   4       -3.2982776136E+00 3.0E-02    81 8.0E-01   33 F  T
 
   Iter Phase Ninf     Objective     RGmax    NSB   Step InItr MX OK
    376   4       -3.0566514383E+00 1.0E-01    73 1.0E+00   22 T  T
    377   4       -2.9335217203E+00 1.6E-01    69 1.0E+00   25 T  T
    378   4       -2.8674849718E+00 8.1E-02    65 1.0E+00   27 T  T
    379   4       -2.6844407094E+00 3.2E-01    62 8.6E-01   30 F  T
    380   4       -2.6499083474E+00 2.0E-01    54 1.0E+00   17 T  T
    381   4       -2.5875708742E+00 1.6E-01    53 1.0E+00   21 F  T
    382   4       -2.5739835852E+00 9.2E-02    48 1.0E+00   18 F  T
    383   4       -2.5718144644E+00 1.2E-02    48 1.0E+00   16 F  T
    384   4       -2.5664396693E+00 2.2E-01    55 1.0E+00    7 T  T
    385   4       -2.5198219970E+00 3.2E-03    98 1.0E+00   18 T  T
 
   Iter Phase Ninf     Objective     RGmax    NSB   Step InItr MX OK
    386   4       -2.4593717505E+00 8.4E-03    93 1.0E+00   27 T  T
    387   4       -2.3472023899E+00 4.5E-03    85 1.0E+00   40 F  T
    388   4       -2.3390480481E+00 9.3E-03    79 1.0E+00   30 T  T
    389   3       -2.3390480481E+00 8.8E-03    81 0.0E+00      T  T
    390   3       -2.3390285089E+00 4.2E-03    80 1.6E+00      F  T
    391   3       -2.3390199039E+00 6.4E-04    80 6.0E+00      F  T
    392   4       -2.3389995065E+00 1.4E-03    80 8.3E-01      F  T
    393   4       -2.3389600493E+00 5.8E-04    80 1.0E+00    4 F  T
    394   4       -2.3389290756E+00 4.5E-04    80 1.0E+00   16 F  T
    395   4       -2.3337012288E+00 1.9E-04    85 1.0E+00   10 F  T
 
   Iter Phase Ninf     Objective     RGmax    NSB   Step InItr MX OK
    396   4       -2.3314246483E+00 5.2E-04    85 1.0E+00   53 F  T
    397   4       -2.3314023568E+00 2.1E-04    85 1.0E+00   22 F  T
    398   4       -2.3314016532E+00 1.6E-05    85 1.0E+00   17 F  T
    399   4       -2.3314016532E+00 8.9E-08    85 0.0E+00   17 F  T
    400   4       -2.3314016532E+00 8.9E-08    85
 
 ** Optimal solution. Reduced gradient less than tolerance.
 
--- Reading solution for model sdgfinance
--- SDG Egypt Model Grace.gms(324) 64 Mb  85 secs
--- Executing after solve: elapsed 0:02:38.587
--- SDG Egypt Model Grace.gms(325) 64 Mb
*** Status: Normal completion
--- Job SDG Egypt Model Grace.gms Stop 07/12/22 11:28:44 elapsed 0:02:38.648
